#
# A fatal error has been detected by the Java Runtime Environment:
#
#  EXCEPTION_ACCESS_VIOLATION (0xc0000005) at pc=0x00007ffa77bbe240, pid=13084, tid=20220
#
# JRE version: OpenJDK Runtime Environment AdoptOpenJDK-dcevm-11.0.11+1-202105021746 (11.0.11+1) (build 11.0.11+1-202105021746)
# Java VM: Dynamic Code Evolution 64-Bit Server VM AdoptOpenJDK-dcevm-11.0.11+1-202105021746 (11.0.11+1-202105021746, mixed mode, tiered, compressed oops, g1 gc, windows-amd64)
# Problematic frame:
# V  [jvm.dll+0x12e240]
#
# No core dump will be written. Minidumps are not enabled by default on client versions of Windows
#
# If you would like to submit a bug report, please visit:
#   https://github.com/AdoptOpenJDK/openjdk-support/issues
#

---------------  S U M M A R Y ------------

Command Line: -agentlib:jdwp=transport=dt_socket,address=127.0.0.1:55617,suspend=y,server=n -XX:HotswapAgent=core -Xlog:redefine+class*=info:file=src/main/java/reload_system/reload/reload.log -javaagent:C:\Users\tywal\AppData\Local\JetBrains\IdeaIC2021.3\captureAgent\debugger-agent.jar -Dfile.encoding=UTF-8 Main

Host: AMD Ryzen 7 2700X Eight-Core Processor         , 16 cores, 15G,  Windows 10 , 64 bit Build 19041 (10.0.19041.1466)
Time: Mon Feb  7 13:53:54 2022 Eastern Standard Time elapsed time: 14330.510124 seconds (0d 3h 58m 50s)

---------------  T H R E A D  ---------------

Current thread (0x000001a07759b000):  JavaThread "C1 CompilerThread3" daemon [_thread_in_native, id=20220, stack(0x0000001e5d300000,0x0000001e5d400000)]


Current CompileTask:
C1:14330510 29394       3       sun.reflect.annotation.AnnotationInvocationHandler::memberValueToString (356 bytes)

Stack: [0x0000001e5d300000,0x0000001e5d400000],  sp=0x0000001e5d3fe860,  free space=1018k
Native frames: (J=compiled Java code, j=interpreted, Vv=VM code, C=native code)
V  [jvm.dll+0x12e240]
V  [jvm.dll+0x1309c9]
V  [jvm.dll+0x12ee94]
V  [jvm.dll+0x128b18]
V  [jvm.dll+0x138bca]
V  [jvm.dll+0x123e39]
V  [jvm.dll+0x1241a0]
V  [jvm.dll+0x12445f]
V  [jvm.dll+0x123707]
V  [jvm.dll+0x125617]
V  [jvm.dll+0x2116e7]
V  [jvm.dll+0x20f8a9]
V  [jvm.dll+0x6fd339]
V  [jvm.dll+0x6f63a4]
V  [jvm.dll+0x5fded6]
C  [ucrtbase.dll+0x21bb2]
C  [KERNEL32.DLL+0x17034]
C  [ntdll.dll+0x52651]


siginfo: EXCEPTION_ACCESS_VIOLATION (0xc0000005), reading address 0x0000000000000000


Register to memory mapping:

RIP=0x00007ffa77bbe240 jvm.dll
RAX=0x000001a06da9a830 points into unknown readable memory: 0x000001a06da9a650 | 50 a6 a9 6d a0 01 00 00
RBX=0x000001a06eda1500 points into unknown readable memory: 0x0000000000000000 | 00 00 00 00 00 00 00 00
RCX=0x0 is NULL
RDX=0x0 is NULL
RSP=0x0000001e5d3fe860 is pointing into the stack for thread: 0x000001a07759b000
RBP=0x00000000000000b9 is an unknown value
RSI=0x0000001e5d3feb80 is pointing into the stack for thread: 0x000001a07759b000
RDI=0x000001a0767c87b0 points into unknown readable memory: 0x00007ffa782aa980 | 80 a9 2a 78 fa 7f 00 00
R8 =0x000001a06da9a770 points into unknown readable memory: 0x000001a07aaaf190 | 90 f1 aa 7a a0 01 00 00
R9 =0x0000000000000002 is an unknown value
R10=0x000001a07859dd40 points into unknown readable memory: 0x0000001e00000001 | 01 00 00 00 1e 00 00 00
R11=0x000001a06e47b138 is pointing into metadata
R12=0x0 is NULL
R13=0x0 is NULL
R14=0x0 is NULL
R15=0x0 is NULL


Registers:
RAX=0x000001a06da9a830, RBX=0x000001a06eda1500, RCX=0x0000000000000000, RDX=0x0000000000000000
RSP=0x0000001e5d3fe860, RBP=0x00000000000000b9, RSI=0x0000001e5d3feb80, RDI=0x000001a0767c87b0
R8 =0x000001a06da9a770, R9 =0x0000000000000002, R10=0x000001a07859dd40, R11=0x000001a06e47b138
R12=0x0000000000000000, R13=0x0000000000000000, R14=0x0000000000000000, R15=0x0000000000000000
RIP=0x00007ffa77bbe240, EFLAGS=0x0000000000010246

Top of Stack: (sp=0x0000001e5d3fe860)
0x0000001e5d3fe860:   000001a06e47b138 000001a07759b000
0x0000001e5d3fe870:   000001a06eda1500 0000001e5d3feb80
0x0000001e5d3fe880:   0000001e000000ba 0000000000000000
0x0000001e5d3fe890:   0000001e5d3feb80 0000001e5d3feb80
0x0000001e5d3fe8a0:   0000000000000000 000001a06d903510
0x0000001e5d3fe8b0:   000001a06d903510 000001a06eda1540
0x0000001e5d3fe8c0:   000001a06d903510 000001a0767c8890
0x0000001e5d3fe8d0:   000001a06d903510 00007ffa77bbbdce
0x0000001e5d3fe8e0:   0000000000000000 00000000000000b9
0x0000001e5d3fe8f0:   0000000000000000 0000000000000000
0x0000001e5d3fe900:   0000000000000000 0000001e5d3feb80
0x0000001e5d3fe910:   0000001e5d3fe990 00007ffa77bc09c9
0x0000001e5d3fe920:   000001a06eda5301 000001a06eda53b9
0x0000001e5d3fe930:   0000001e5d3fe900 0000001e00000000
0x0000001e5d3fe940:   000001a06eda15f0 000001a06eda1540
0x0000001e5d3fe950:   000001a06eda53b9 0000000000000000 

Instructions: (pc=0x00007ffa77bbe240)
0x00007ffa77bbe140:   89 78 10 eb 03 49 8b c6 41 b1 01 45 33 c0 48 8b
0x00007ffa77bbe150:   d0 48 8b cb e8 c7 09 ff ff 48 8d 05 18 a5 6d 00
0x00007ffa77bbe160:   48 89 03 eb 03 49 8b de 48 8b 06 48 8b d3 48 8b
0x00007ffa77bbe170:   48 20 44 8b 41 10 44 2b 41 28 48 8b ce e8 ae c8
0x00007ffa77bbe180:   ff ff 48 8b 5e 50 4c 8b f8 48 83 c3 38 8b 0b 3b
0x00007ffa77bbe190:   4b 04 75 0c 8b d1 48 8b cb e8 22 bd f9 ff 8b 0b
0x00007ffa77bbe1a0:   8d 41 01 48 63 c9 89 03 48 8b 43 18 32 db 88 9c
0x00007ffa77bbe1b0:   24 d0 00 00 00 4c 89 3c c8 44 89 b4 24 d8 00 00
0x00007ffa77bbe1c0:   00 4d 8b ee 4d 8b fe 4d 8b e6 4c 89 74 24 40 4c
0x00007ffa77bbe1d0:   39 77 10 75 11 48 8b 07 48 8b cf ff 50 20 84 c0
0x00007ffa77bbe1e0:   0f 84 cd 00 00 00 48 8b cf e8 e2 b7 07 00 84 c0
0x00007ffa77bbe1f0:   0f 85 bd 00 00 00 48 8b cf e8 82 b0 07 00 84 c0
0x00007ffa77bbe200:   0f 85 ad 00 00 00 84 db 0f 85 a5 00 00 00 44 38
0x00007ffa77bbe210:   a4 24 c0 00 00 00 74 72 8b 47 18 c1 e8 03 a8 01
0x00007ffa77bbe220:   75 68 4c 8b 46 50 48 8b 47 30 41 8b 48 38 2b 48
0x00007ffa77bbe230:   18 49 8b 40 50 48 63 d1 4c 8b 64 d0 f8 49 8b cc
0x00007ffa77bbe240:   49 8b 04 24 ff 90 d0 01 00 00 48 8b d8 48 85 c0
0x00007ffa77bbe250:   0f 84 1a 01 00 00 4c 39 68 10 75 0d 48 8b 10 48
0x00007ffa77bbe260:   8b c8 ff 52 20 84 c0 74 21 48 8b 03 48 8b cb ff
0x00007ffa77bbe270:   50 58 84 c0 74 14 48 8b 03 48 8b cb ff 90 c0 00
0x00007ffa77bbe280:   00 00 84 c0 0f 84 69 01 00 00 4c 8b 7c 24 48 81
0x00007ffa77bbe290:   fd b6 00 00 00 0f 85 d3 01 00 00 49 8b cf e8 fd
0x00007ffa77bbe2a0:   8b fd ff 84 c0 0f 85 e7 02 00 00 4d 8b e6 4c 8b
0x00007ffa77bbe2b0:   7c 24 40 44 38 35 92 26 88 00 0f 84 03 04 00 00
0x00007ffa77bbe2c0:   4c 39 77 10 75 11 48 8b 07 48 8b cf ff 50 20 84
0x00007ffa77bbe2d0:   c0 0f 84 ec 03 00 00 48 8b 5c 24 60 48 8b cb e8
0x00007ffa77bbe2e0:   bc 8b fd ff 84 c0 75 25 48 8b 03 48 8b cb ff 90
0x00007ffa77bbe2f0:   c0 00 00 00 84 c0 0f 84 c7 03 00 00 48 8b 4f 28
0x00007ffa77bbe300:   e8 9b 8b fd ff 84 c0 0f 84 b6 03 00 00 44 38 b4
0x00007ffa77bbe310:   24 d0 00 00 00 0f 85 a8 03 00 00 8d 85 49 ff ff
0x00007ffa77bbe320:   ff 83 f8 01 76 29 81 fd b6 00 00 00 0f 85 26 03
0x00007ffa77bbe330:   00 00 8b 47 18 c1 e8 04 a8 01 75 13 48 8b 47 28 


Stack slot to memory mapping:
stack at sp + 0 slots: 0x000001a06e47b138 is pointing into metadata
stack at sp + 1 slots: 0x000001a07759b000 is a thread
stack at sp + 2 slots: 0x000001a06eda1500 points into unknown readable memory: 0x0000000000000000 | 00 00 00 00 00 00 00 00
stack at sp + 3 slots: 0x0000001e5d3feb80 is pointing into the stack for thread: 0x000001a07759b000
stack at sp + 4 slots: 0x0000001e000000ba is an unknown value
stack at sp + 5 slots: 0x0 is NULL
stack at sp + 6 slots: 0x0000001e5d3feb80 is pointing into the stack for thread: 0x000001a07759b000
stack at sp + 7 slots: 0x0000001e5d3feb80 is pointing into the stack for thread: 0x000001a07759b000


---------------  P R O C E S S  ---------------

Threads class SMR info:
_java_thread_list=0x000001a06d9fdea0, length=82, elements={
0x000001a0475bd800, 0x000001a06c6e2000, 0x000001a06c6e3000, 0x000001a06c760800,
0x000001a06c761800, 0x000001a06c763800, 0x000001a06c768000, 0x000001a06c776800,
0x000001a06c778800, 0x000001a06ca09000, 0x000001a06cc1c000, 0x000001a06cc10800,
0x000001a06cc11000, 0x000001a06d22f000, 0x000001a06d3ea800, 0x000001a06d3eb000,
0x000001a06d3f7000, 0x000001a06dad9800, 0x000001a06e806800, 0x000001a06e807000,
0x000001a06d90d800, 0x000001a06d90e800, 0x000001a06e2b4800, 0x000001a06e2b5800,
0x000001a06e2b3800, 0x000001a06e2b6000, 0x000001a06e2b7000, 0x000001a06e2b1000,
0x000001a06e2b8000, 0x000001a06e2b2000, 0x000001a06e2b3000, 0x000001a06d635000,
0x000001a06d633800, 0x000001a06d634800, 0x000001a06d632800, 0x000001a06d62f800,
0x000001a06d636000, 0x000001a06d630000, 0x000001a06d637000, 0x000001a06d631000,
0x000001a06d637800, 0x000001a06d632000, 0x000001a06d63d800, 0x000001a06d639000,
0x000001a06d63a000, 0x000001a06d63e000, 0x000001a06d638800, 0x000001a06d63b800,
0x000001a06d63b000, 0x000001a06d63c800, 0x000001a070df9800, 0x000001a070df6000,
0x000001a070e00000, 0x000001a070e01000, 0x000001a070dfd800, 0x000001a070dfc800,
0x000001a070df4800, 0x000001a070df7000, 0x000001a070df8000, 0x000001a070df3800,
0x000001a07759c800, 0x000001a07759d800, 0x000001a0775a2000, 0x000001a0775a6800,
0x000001a0775a7000, 0x000001a07759e000, 0x000001a07759b800, 0x000001a0775a4800,
0x000001a070df8800, 0x000001a077599000, 0x000001a07759a000, 0x000001a0775a5800,
0x000001a0775a0000, 0x000001a0775a1800, 0x000001a0775a8000, 0x000001a0775a3000,
0x000001a0775a4000, 0x000001a07759f000, 0x000001a07759b000, 0x000001a070dfa000,
0x000001a070dfb000, 0x000001a070df5800
}

Java Threads: ( => current thread )
  0x000001a0475bd800 JavaThread "WebSocketSelector-1" [_thread_in_native, id=27928, stack(0x0000001e57e00000,0x0000001e57f00000)]
  0x000001a06c6e2000 JavaThread "Reference Handler" daemon [_thread_blocked, id=30140, stack(0x0000001e58500000,0x0000001e58600000)]
  0x000001a06c6e3000 JavaThread "Finalizer" daemon [_thread_blocked, id=30300, stack(0x0000001e58600000,0x0000001e58700000)]
  0x000001a06c760800 JavaThread "Signal Dispatcher" daemon [_thread_blocked, id=21932, stack(0x0000001e58700000,0x0000001e58800000)]
  0x000001a06c761800 JavaThread "Attach Listener" daemon [_thread_blocked, id=31712, stack(0x0000001e58800000,0x0000001e58900000)]
  0x000001a06c763800 JavaThread "Service Thread" daemon [_thread_blocked, id=27660, stack(0x0000001e58900000,0x0000001e58a00000)]
  0x000001a06c768000 JavaThread "C2 CompilerThread0" daemon [_thread_blocked, id=7372, stack(0x0000001e58a00000,0x0000001e58b00000)]
  0x000001a06c776800 JavaThread "C1 CompilerThread0" daemon [_thread_blocked, id=30732, stack(0x0000001e58b00000,0x0000001e58c00000)]
  0x000001a06c778800 JavaThread "Sweeper thread" daemon [_thread_blocked, id=30304, stack(0x0000001e58c00000,0x0000001e58d00000)]
  0x000001a06ca09000 JavaThread "Common-Cleaner" daemon [_thread_blocked, id=24492, stack(0x0000001e58d00000,0x0000001e58e00000)]
  0x000001a06cc1c000 JavaThread "JDWP Transport Listener: dt_socket" daemon [_thread_blocked, id=932, stack(0x0000001e59000000,0x0000001e59100000)]
  0x000001a06cc10800 JavaThread "JDWP Event Helper Thread" daemon [_thread_blocked, id=8904, stack(0x0000001e59100000,0x0000001e59200000)]
  0x000001a06cc11000 JavaThread "JDWP Command Reader" daemon [_thread_in_native, id=17084, stack(0x0000001e59200000,0x0000001e59300000)]
  0x000001a06d22f000 JavaThread "FileSystemWatchService" daemon [_thread_in_native, id=20720, stack(0x0000001e59600000,0x0000001e59700000)]
  0x000001a06d3ea800 JavaThread "HotSwap Watcher" daemon [_thread_blocked, id=29564, stack(0x0000001e59700000,0x0000001e59800000)]
  0x000001a06d3eb000 JavaThread "HotSwap Dispatcher" daemon [_thread_blocked, id=25688, stack(0x0000001e59800000,0x0000001e59900000)]
  0x000001a06d3f7000 JavaThread "Thread-2" daemon [_thread_blocked, id=26844, stack(0x0000001e59900000,0x0000001e59a00000)]
  0x000001a06dad9800 JavaThread "Thread-19" [_thread_blocked, id=30116, stack(0x0000001e5a200000,0x0000001e5a300000)]
  0x000001a06e806800 JavaThread "connectionLostChecker-1" [_thread_blocked, id=24068, stack(0x0000001e59b00000,0x0000001e59c00000)]
  0x000001a06e807000 JavaThread "WebSocketWorker-28" [_thread_blocked, id=29048, stack(0x0000001e5a300000,0x0000001e5a400000)]
  0x000001a06d90d800 JavaThread "WebSocketWorker-29" [_thread_blocked, id=30604, stack(0x0000001e5a400000,0x0000001e5a500000)]
  0x000001a06d90e800 JavaThread "WebSocketWorker-30" [_thread_blocked, id=2896, stack(0x0000001e5a500000,0x0000001e5a600000)]
  0x000001a06e2b4800 JavaThread "WebSocketWorker-31" [_thread_blocked, id=26028, stack(0x0000001e5a600000,0x0000001e5a700000)]
  0x000001a06e2b5800 JavaThread "WebSocketWorker-32" [_thread_blocked, id=19504, stack(0x0000001e5a700000,0x0000001e5a800000)]
  0x000001a06e2b3800 JavaThread "WebSocketWorker-33" [_thread_blocked, id=6412, stack(0x0000001e5a800000,0x0000001e5a900000)]
  0x000001a06e2b6000 JavaThread "WebSocketWorker-34" [_thread_blocked, id=8264, stack(0x0000001e5a900000,0x0000001e5aa00000)]
  0x000001a06e2b7000 JavaThread "WebSocketWorker-35" [_thread_blocked, id=28780, stack(0x0000001e5aa00000,0x0000001e5ab00000)]
  0x000001a06e2b1000 JavaThread "WebSocketWorker-36" [_thread_blocked, id=28900, stack(0x0000001e5ab00000,0x0000001e5ac00000)]
  0x000001a06e2b8000 JavaThread "WebSocketWorker-37" [_thread_blocked, id=13220, stack(0x0000001e5ac00000,0x0000001e5ad00000)]
  0x000001a06e2b2000 JavaThread "WebSocketWorker-38" [_thread_blocked, id=24440, stack(0x0000001e5ad00000,0x0000001e5ae00000)]
  0x000001a06e2b3000 JavaThread "WebSocketWorker-39" [_thread_blocked, id=29188, stack(0x0000001e5ae00000,0x0000001e5af00000)]
  0x000001a06d635000 JavaThread "WebSocketWorker-40" [_thread_blocked, id=30348, stack(0x0000001e5af00000,0x0000001e5b000000)]
  0x000001a06d633800 JavaThread "WebSocketWorker-41" [_thread_blocked, id=18768, stack(0x0000001e5b000000,0x0000001e5b100000)]
  0x000001a06d634800 JavaThread "WebSocketWorker-42" [_thread_blocked, id=13828, stack(0x0000001e5b100000,0x0000001e5b200000)]
  0x000001a06d632800 JavaThread "WebSocketWorker-43" [_thread_blocked, id=31648, stack(0x0000001e5b200000,0x0000001e5b300000)]
  0x000001a06d62f800 JavaThread "Gax-1" daemon [_thread_blocked, id=28936, stack(0x0000001e59500000,0x0000001e59600000)]
  0x000001a06d636000 JavaThread "Gax-2" daemon [_thread_blocked, id=30184, stack(0x0000001e57b00000,0x0000001e57c00000)]
  0x000001a06d630000 JavaThread "Gax-3" daemon [_thread_blocked, id=11108, stack(0x0000001e57c00000,0x0000001e57d00000)]
  0x000001a06d637000 JavaThread "Gax-4" daemon [_thread_blocked, id=30568, stack(0x0000001e57d00000,0x0000001e57e00000)]
  0x000001a06d631000 JavaThread "Gax-5" daemon [_thread_blocked, id=23904, stack(0x0000001e59300000,0x0000001e59400000)]
  0x000001a06d637800 JavaThread "Gax-6" daemon [_thread_blocked, id=5964, stack(0x0000001e59400000,0x0000001e59500000)]
  0x000001a06d632000 JavaThread "Gax-7" daemon [_thread_blocked, id=11460, stack(0x0000001e5bb00000,0x0000001e5bc00000)]
  0x000001a06d63d800 JavaThread "Gax-8" daemon [_thread_blocked, id=17684, stack(0x0000001e5bc00000,0x0000001e5bd00000)]
  0x000001a06d639000 JavaThread "Gax-9" daemon [_thread_blocked, id=10180, stack(0x0000001e5bd00000,0x0000001e5be00000)]
  0x000001a06d63a000 JavaThread "Gax-10" daemon [_thread_blocked, id=30700, stack(0x0000001e58e00000,0x0000001e58f00000)]
  0x000001a06d63e000 JavaThread "Gax-11" daemon [_thread_blocked, id=25308, stack(0x0000001e58f00000,0x0000001e59000000)]
  0x000001a06d638800 JavaThread "Gax-12" daemon [_thread_blocked, id=31724, stack(0x0000001e5be00000,0x0000001e5bf00000)]
  0x000001a06d63b800 JavaThread "Gax-13" daemon [_thread_blocked, id=31092, stack(0x0000001e5bf00000,0x0000001e5c000000)]
  0x000001a06d63b000 JavaThread "Gax-14" daemon [_thread_blocked, id=15484, stack(0x0000001e5c000000,0x0000001e5c100000)]
  0x000001a06d63c800 JavaThread "Gax-15" daemon [_thread_blocked, id=28520, stack(0x0000001e5c100000,0x0000001e5c200000)]
  0x000001a070df9800 JavaThread "Gax-16" daemon [_thread_blocked, id=29724, stack(0x0000001e5c200000,0x0000001e5c300000)]
  0x000001a070df6000 JavaThread "grpc-nio-worker-ELG-1-1" daemon [_thread_in_native, id=29628, stack(0x0000001e5cc00000,0x0000001e5cd00000)]
  0x000001a070e00000 JavaThread "grpc-nio-worker-ELG-1-2" daemon [_thread_in_native, id=6316, stack(0x0000001e5cf00000,0x0000001e5d000000)]
  0x000001a070e01000 JavaThread "Thread-43" daemon [_thread_in_native, id=28560, stack(0x0000001e5d000000,0x0000001e5d100000)]
  0x000001a070dfd800 JavaThread "grpc-nio-worker-ELG-1-3" daemon [_thread_in_native, id=4324, stack(0x0000001e5d100000,0x0000001e5d200000)]
  0x000001a070dfc800 JavaThread "grpc-nio-worker-ELG-1-4" daemon [_thread_in_native, id=1712, stack(0x0000001e5d200000,0x0000001e5d300000)]
  0x000001a070df4800 JavaThread "grpc-nio-worker-ELG-1-5" daemon [_thread_in_native, id=31580, stack(0x0000001e5c300000,0x0000001e5c400000)]
  0x000001a070df7000 JavaThread "grpc-nio-worker-ELG-1-6" daemon [_thread_in_native, id=18764, stack(0x0000001e5c400000,0x0000001e5c500000)]
  0x000001a070df8000 JavaThread "Java2D Disposer" daemon [_thread_blocked, id=30480, stack(0x0000001e5c700000,0x0000001e5c800000)]
  0x000001a070df3800 JavaThread "AWT-Windows" daemon [_thread_in_native, id=22596, stack(0x0000001e5c900000,0x0000001e5ca00000)]
  0x000001a07759c800 JavaThread "grpc-nio-worker-ELG-1-7" daemon [_thread_in_native, id=21576, stack(0x0000001e5c500000,0x0000001e5c600000)]
  0x000001a07759d800 JavaThread "grpc-nio-worker-ELG-1-8" daemon [_thread_in_native, id=7844, stack(0x0000001e5d900000,0x0000001e5da00000)]
  0x000001a0775a2000 JavaThread "grpc-nio-worker-ELG-1-9" daemon [_thread_in_native, id=15344, stack(0x0000001e5da00000,0x0000001e5db00000)]
  0x000001a0775a6800 JavaThread "grpc-nio-worker-ELG-1-10" daemon [_thread_in_native, id=10492, stack(0x0000001e5d800000,0x0000001e5d900000)]
  0x000001a0775a7000 JavaThread "grpc-nio-worker-ELG-1-11" daemon [_thread_in_native, id=4524, stack(0x0000001e5d500000,0x0000001e5d600000)]
  0x000001a07759e000 JavaThread "grpc-nio-worker-ELG-1-12" daemon [_thread_in_native, id=31104, stack(0x0000001e5ce00000,0x0000001e5cf00000)]
  0x000001a07759b800 JavaThread "grpc-nio-worker-ELG-1-13" daemon [_thread_in_native, id=26772, stack(0x0000001e5cb00000,0x0000001e5cc00000)]
  0x000001a0775a4800 JavaThread "grpc-nio-worker-ELG-1-14" daemon [_thread_in_native, id=11628, stack(0x0000001e5e100000,0x0000001e5e200000)]
  0x000001a070df8800 JavaThread "grpc-nio-worker-ELG-1-15" daemon [_thread_in_native, id=30364, stack(0x0000001e5df00000,0x0000001e5e000000)]
  0x000001a077599000 JavaThread "grpc-default-executor-4" daemon [_thread_blocked, id=2212, stack(0x0000001e5c600000,0x0000001e5c700000)]
  0x000001a07759a000 JavaThread "clojure-agent-send-off-pool-7" [_thread_blocked, id=28968, stack(0x0000001e5ca00000,0x0000001e5cb00000)]
  0x000001a0775a5800 JavaThread "C2 CompilerThread1" daemon [_thread_blocked, id=27716, stack(0x0000001e5c800000,0x0000001e5c900000)]
  0x000001a0775a0000 JavaThread "C2 CompilerThread2" daemon [_thread_blocked, id=20852, stack(0x0000001e5d400000,0x0000001e5d500000)]
  0x000001a0775a1800 JavaThread "C2 CompilerThread3" daemon [_thread_blocked, id=1124, stack(0x0000001e5d600000,0x0000001e5d700000)]
  0x000001a0775a8000 JavaThread "C2 CompilerThread4" daemon [_thread_blocked, id=28992, stack(0x0000001e5d700000,0x0000001e5d800000)]
  0x000001a0775a3000 JavaThread "C2 CompilerThread5" daemon [_thread_blocked, id=8704, stack(0x0000001e5db00000,0x0000001e5dc00000)]
  0x000001a0775a4000 JavaThread "C1 CompilerThread1" daemon [_thread_blocked, id=13556, stack(0x0000001e5dc00000,0x0000001e5dd00000)]
  0x000001a07759f000 JavaThread "C1 CompilerThread2" daemon [_thread_blocked, id=28588, stack(0x0000001e5cd00000,0x0000001e5ce00000)]
=>0x000001a07759b000 JavaThread "C1 CompilerThread3" daemon [_thread_in_native, id=20220, stack(0x0000001e5d300000,0x0000001e5d400000)]
  0x000001a070dfa000 JavaThread "Thread-113" daemon [_thread_blocked, id=20868, stack(0x0000001e5dd00000,0x0000001e5de00000)]
  0x000001a070dfb000 JavaThread "C2 CompilerThread6" daemon [_thread_blocked, id=16296, stack(0x0000001e5de00000,0x0000001e5df00000)]
  0x000001a070df5800 JavaThread "C2 CompilerThread7" daemon [_thread_blocked, id=31192, stack(0x0000001e5e000000,0x0000001e5e100000)]

Other Threads:
  0x000001a06c6e1000 VMThread "VM Thread" [stack: 0x0000001e58400000,0x0000001e58500000] [id=11164]
  0x000001a06cbb7800 WatcherThread [stack: 0x0000001e5a100000,0x0000001e5a200000] [id=2808]
  0x000001a0475d7000 GCTaskThread "GC Thread#0" [stack: 0x0000001e57f00000,0x0000001e58000000] [id=28356]
  0x000001a06e7af000 GCTaskThread "GC Thread#1" [stack: 0x0000001e59c00000,0x0000001e59d00000] [id=5464]
  0x000001a06daca000 GCTaskThread "GC Thread#2" [stack: 0x0000001e59d00000,0x0000001e59e00000] [id=11032]
  0x000001a06dacb000 GCTaskThread "GC Thread#3" [stack: 0x0000001e59e00000,0x0000001e59f00000] [id=24916]
  0x000001a06dacb800 GCTaskThread "GC Thread#4" [stack: 0x0000001e59f00000,0x0000001e5a000000] [id=23476]
  0x000001a06dacc800 GCTaskThread "GC Thread#5" [stack: 0x0000001e5a000000,0x0000001e5a100000] [id=28760]
  0x000001a06c92e000 GCTaskThread "GC Thread#6" [stack: 0x0000001e59a00000,0x0000001e59b00000] [id=23536]
  0x000001a06d707800 GCTaskThread "GC Thread#7" [stack: 0x0000001e5b300000,0x0000001e5b400000] [id=20412]
  0x000001a06d8bb000 GCTaskThread "GC Thread#8" [stack: 0x0000001e5b400000,0x0000001e5b500000] [id=30796]
  0x000001a06d724800 GCTaskThread "GC Thread#9" [stack: 0x0000001e5b500000,0x0000001e5b600000] [id=196]
  0x000001a06e2a7800 GCTaskThread "GC Thread#10" [stack: 0x0000001e5b600000,0x0000001e5b700000] [id=29520]
  0x000001a06e2a8800 GCTaskThread "GC Thread#11" [stack: 0x0000001e5b700000,0x0000001e5b800000] [id=24928]
  0x000001a06eb0a000 GCTaskThread "GC Thread#12" [stack: 0x0000001e5b800000,0x0000001e5b900000] [id=18656]
  0x000001a047631000 ConcurrentGCThread "G1 Main Marker" [stack: 0x0000001e58000000,0x0000001e58100000] [id=13280]
  0x000001a047634800 ConcurrentGCThread "G1 Conc#0" [stack: 0x0000001e58100000,0x0000001e58200000] [id=18760]
  0x000001a06e8d4000 ConcurrentGCThread "G1 Conc#1" [stack: 0x0000001e5b900000,0x0000001e5ba00000] [id=22908]
  0x000001a06de31800 ConcurrentGCThread "G1 Conc#2" [stack: 0x0000001e5ba00000,0x0000001e5bb00000] [id=2980]
  0x000001a06bd45800 ConcurrentGCThread "G1 Refine#0" [stack: 0x0000001e58200000,0x0000001e58300000] [id=29576]
  0x000001a06bd46800 ConcurrentGCThread "G1 Young RemSet Sampling" [stack: 0x0000001e58300000,0x0000001e58400000] [id=21560]

Threads with active compile tasks:
C2 CompilerThread014330572 29436       4       jdk.internal.org.objectweb.asm.Item::set (219 bytes)
C1 CompilerThread014330573 29627       2       java.lang.String::checkBoundsOffCount (61 bytes)
C2 CompilerThread114330573 29483 %     4       sun.nio.cs.UTF_8$Decoder::decodeArrayLoop @ 73 (691 bytes)
C2 CompilerThread214330573 29392       4       java.io.DataOutputStream::writeUTF (435 bytes)
C2 CompilerThread314330573 29602       4       java.lang.StringUTF16::compress (50 bytes)
C2 CompilerThread414330573 29534       4       java.lang.StringLatin1::replace (196 bytes)
C2 CompilerThread514330573 29549       4       java.io.ByteArrayOutputStream::ensureCapacity (16 bytes)
C1 CompilerThread114330573 29588       2       java.lang.String::rangeCheck (9 bytes)
C1 CompilerThread214330573 29639  s    2       java.io.ByteArrayOutputStream::write (43 bytes)
C1 CompilerThread314330573 29394       3       sun.reflect.annotation.AnnotationInvocationHandler::memberValueToString (356 bytes)
C2 CompilerThread614330573 29630       4       java.io.DataInputStream::readUTF (501 bytes)
C2 CompilerThread714330574 29466       4       jdk.internal.org.objectweb.asm.ClassWriter::newUTF8 (70 bytes)

VM state:at safepoint (normal execution)

VM Mutex/Monitor currently owned by a thread:  ([mutex/lock_event])
[0x000001a0475b9bd0] Threads_lock - owner thread: 0x000001a06c6e1000
[0x000001a0475b9e10] EnhancedRedefineClasses_lock - owner thread: 0x000001a070dfa000
[0x000001a0475b9000] Heap_lock - owner thread: 0x000001a070dfa000

Heap address: 0x0000000700c00000, size: 4084 MB, Compressed Oops mode: Zero based, Oop shift amount: 3
Narrow klass base: 0x0000000800000000, Narrow klass shift: 0
Compressed class space size: 1073741824 Address: 0x0000000800000000

Heap:
 garbage-first heap   total 262144K, used 135530K [0x0000000700c00000, 0x0000000800000000)
  region size 1024K, 100 young (102400K), 6 survivors (6144K)
 Metaspace       used 74047K, capacity 75957K, committed 76028K, reserved 1114112K
  class space    used 10917K, capacity 11569K, committed 11596K, reserved 1048576K
Heap Regions: E=young(eden), S=young(survivor), O=old, HS=humongous(starts), HC=humongous(continues), CS=collection set, F=free, A=archive, TAMS=top-at-mark-start (previous, next)
|   0|0x0000000700c00000, 0x0000000700d00000, 0x0000000700d00000|100%|HS|  |TAMS 0x0000000700d00000, 0x0000000700c00000| Complete 
|   1|0x0000000700d00000, 0x0000000700e00000, 0x0000000700e00000|100%| O|  |TAMS 0x0000000700e00000, 0x0000000700d00000| Untracked 
|   2|0x0000000700e00000, 0x0000000700f00000, 0x0000000700f00000|100%|HS|  |TAMS 0x0000000700f00000, 0x0000000700e00000| Complete 
|   3|0x0000000700f00000, 0x0000000701000000, 0x0000000701000000|100%|HS|  |TAMS 0x0000000701000000, 0x0000000700f00000| Complete 
|   4|0x0000000701000000, 0x0000000701100000, 0x0000000701100000|100%|HC|  |TAMS 0x0000000701100000, 0x0000000701000000| Complete 
|   5|0x0000000701100000, 0x0000000701200000, 0x0000000701200000|100%| O|  |TAMS 0x0000000701200000, 0x0000000701100000| Untracked 
|   6|0x0000000701200000, 0x0000000701300000, 0x0000000701300000|100%| O|  |TAMS 0x0000000701300000, 0x0000000701200000| Untracked 
|   7|0x0000000701300000, 0x0000000701400000, 0x0000000701400000|100%| O|  |TAMS 0x0000000701400000, 0x0000000701300000| Untracked 
|   8|0x0000000701400000, 0x0000000701500000, 0x0000000701500000|100%| O|  |TAMS 0x0000000701500000, 0x0000000701400000| Untracked 
|   9|0x0000000701500000, 0x0000000701600000, 0x0000000701600000|100%| O|  |TAMS 0x0000000701600000, 0x0000000701500000| Untracked 
|  10|0x0000000701600000, 0x0000000701700000, 0x0000000701700000|100%| O|  |TAMS 0x0000000701700000, 0x0000000701600000| Untracked 
|  11|0x0000000701700000, 0x0000000701800000, 0x0000000701800000|100%| O|  |TAMS 0x0000000701800000, 0x0000000701700000| Untracked 
|  12|0x0000000701800000, 0x0000000701900000, 0x0000000701900000|100%| O|  |TAMS 0x0000000701900000, 0x0000000701800000| Untracked 
|  13|0x0000000701900000, 0x0000000701a00000, 0x0000000701a00000|100%| O|  |TAMS 0x0000000701a00000, 0x0000000701900000| Untracked 
|  14|0x0000000701a00000, 0x0000000701b00000, 0x0000000701b00000|100%| O|  |TAMS 0x0000000701b00000, 0x0000000701a00000| Untracked 
|  15|0x0000000701b00000, 0x0000000701c00000, 0x0000000701c00000|100%| O|  |TAMS 0x0000000701c00000, 0x0000000701b00000| Untracked 
|  16|0x0000000701c00000, 0x0000000701d00000, 0x0000000701d00000|100%| O|  |TAMS 0x0000000701d00000, 0x0000000701c00000| Untracked 
|  17|0x0000000701d00000, 0x0000000701e00000, 0x0000000701e00000|100%| O|  |TAMS 0x0000000701e00000, 0x0000000701d00000| Untracked 
|  18|0x0000000701e00000, 0x0000000701f00000, 0x0000000701f00000|100%| O|  |TAMS 0x0000000701f00000, 0x0000000701e00000| Untracked 
|  19|0x0000000701f00000, 0x0000000702000000, 0x0000000702000000|100%| O|  |TAMS 0x0000000702000000, 0x0000000701f00000| Untracked 
|  20|0x0000000702000000, 0x0000000702100000, 0x0000000702100000|100%| O|  |TAMS 0x0000000702100000, 0x0000000702000000| Untracked 
|  21|0x0000000702100000, 0x0000000702200000, 0x0000000702200000|100%| O|  |TAMS 0x0000000702200000, 0x0000000702100000| Untracked 
|  22|0x0000000702200000, 0x0000000702300000, 0x0000000702300000|100%| O|  |TAMS 0x0000000702300000, 0x0000000702200000| Untracked 
|  23|0x0000000702300000, 0x0000000702400000, 0x0000000702400000|100%| O|  |TAMS 0x0000000702400000, 0x0000000702300000| Untracked 
|  24|0x0000000702400000, 0x0000000702500000, 0x0000000702500000|100%| O|  |TAMS 0x0000000702500000, 0x0000000702400000| Untracked 
|  25|0x0000000702500000, 0x0000000702600000, 0x0000000702600000|100%| O|  |TAMS 0x0000000702600000, 0x0000000702500000| Untracked 
|  26|0x0000000702600000, 0x0000000702700000, 0x0000000702700000|100%| O|  |TAMS 0x0000000702700000, 0x0000000702600000| Untracked 
|  27|0x0000000702700000, 0x0000000702800000, 0x0000000702800000|100%| O|  |TAMS 0x0000000702800000, 0x0000000702700000| Untracked 
|  28|0x0000000702800000, 0x0000000702900000, 0x0000000702900000|100%| O|  |TAMS 0x0000000702900000, 0x0000000702800000| Untracked 
|  29|0x0000000702900000, 0x0000000702a00000, 0x0000000702a00000|100%| O|  |TAMS 0x0000000702a00000, 0x0000000702900000| Untracked 
|  30|0x0000000702a00000, 0x0000000702b00000, 0x0000000702b00000|100%| O|  |TAMS 0x0000000702b00000, 0x0000000702a00000| Untracked 
|  31|0x0000000702b00000, 0x0000000702c00000, 0x0000000702c00000|100%| O|  |TAMS 0x0000000702c00000, 0x0000000702b00000| Untracked 
|  32|0x0000000702c00000, 0x0000000702d00000, 0x0000000702d00000|100%| O|  |TAMS 0x0000000702d00000, 0x0000000702c00000| Untracked 
|  33|0x0000000702d00000, 0x0000000702d5aa00, 0x0000000702e00000| 35%| O|  |TAMS 0x0000000702d57000, 0x0000000702d00000| Untracked 
|  34|0x0000000702e00000, 0x0000000702e00000, 0x0000000702f00000|  0%| F|  |TAMS 0x0000000702e00000, 0x0000000702e00000| Untracked 
|  35|0x0000000702f00000, 0x0000000702f00000, 0x0000000703000000|  0%| F|  |TAMS 0x0000000702f00000, 0x0000000702f00000| Untracked 
|  36|0x0000000703000000, 0x0000000703000000, 0x0000000703100000|  0%| F|  |TAMS 0x0000000703000000, 0x0000000703000000| Untracked 
|  37|0x0000000703100000, 0x0000000703100000, 0x0000000703200000|  0%| F|  |TAMS 0x0000000703100000, 0x0000000703100000| Untracked 
|  38|0x0000000703200000, 0x0000000703200000, 0x0000000703300000|  0%| F|  |TAMS 0x0000000703200000, 0x0000000703200000| Untracked 
|  39|0x0000000703300000, 0x0000000703300000, 0x0000000703400000|  0%| F|  |TAMS 0x0000000703300000, 0x0000000703300000| Untracked 
|  40|0x0000000703400000, 0x0000000703400000, 0x0000000703500000|  0%| F|  |TAMS 0x0000000703400000, 0x0000000703400000| Untracked 
|  41|0x0000000703500000, 0x0000000703500000, 0x0000000703600000|  0%| F|  |TAMS 0x0000000703500000, 0x0000000703500000| Untracked 
|  42|0x0000000703600000, 0x0000000703600000, 0x0000000703700000|  0%| F|  |TAMS 0x0000000703600000, 0x0000000703600000| Untracked 
|  43|0x0000000703700000, 0x0000000703700000, 0x0000000703800000|  0%| F|  |TAMS 0x0000000703700000, 0x0000000703700000| Untracked 
|  44|0x0000000703800000, 0x0000000703800000, 0x0000000703900000|  0%| F|  |TAMS 0x0000000703800000, 0x0000000703800000| Untracked 
|  45|0x0000000703900000, 0x0000000703900000, 0x0000000703a00000|  0%| F|  |TAMS 0x0000000703900000, 0x0000000703900000| Untracked 
|  46|0x0000000703a00000, 0x0000000703a00000, 0x0000000703b00000|  0%| F|  |TAMS 0x0000000703a00000, 0x0000000703a00000| Untracked 
|  47|0x0000000703b00000, 0x0000000703b00000, 0x0000000703c00000|  0%| F|  |TAMS 0x0000000703b00000, 0x0000000703b00000| Untracked 
|  48|0x0000000703c00000, 0x0000000703c00000, 0x0000000703d00000|  0%| F|  |TAMS 0x0000000703c00000, 0x0000000703c00000| Untracked 
|  49|0x0000000703d00000, 0x0000000703d00000, 0x0000000703e00000|  0%| F|  |TAMS 0x0000000703d00000, 0x0000000703d00000| Untracked 
|  50|0x0000000703e00000, 0x0000000703e00000, 0x0000000703f00000|  0%| F|  |TAMS 0x0000000703e00000, 0x0000000703e00000| Untracked 
|  51|0x0000000703f00000, 0x0000000703f00000, 0x0000000704000000|  0%| F|  |TAMS 0x0000000703f00000, 0x0000000703f00000| Untracked 
|  52|0x0000000704000000, 0x0000000704000000, 0x0000000704100000|  0%| F|  |TAMS 0x0000000704000000, 0x0000000704000000| Untracked 
|  53|0x0000000704100000, 0x0000000704100000, 0x0000000704200000|  0%| F|  |TAMS 0x0000000704100000, 0x0000000704100000| Untracked 
|  54|0x0000000704200000, 0x0000000704200000, 0x0000000704300000|  0%| F|  |TAMS 0x0000000704200000, 0x0000000704200000| Untracked 
|  55|0x0000000704300000, 0x0000000704300000, 0x0000000704400000|  0%| F|  |TAMS 0x0000000704300000, 0x0000000704300000| Untracked 
|  56|0x0000000704400000, 0x0000000704400000, 0x0000000704500000|  0%| F|  |TAMS 0x0000000704400000, 0x0000000704400000| Untracked 
|  57|0x0000000704500000, 0x0000000704500000, 0x0000000704600000|  0%| F|  |TAMS 0x0000000704500000, 0x0000000704500000| Untracked 
|  58|0x0000000704600000, 0x0000000704600000, 0x0000000704700000|  0%| F|  |TAMS 0x0000000704600000, 0x0000000704600000| Untracked 
|  59|0x0000000704700000, 0x0000000704700000, 0x0000000704800000|  0%| F|  |TAMS 0x0000000704700000, 0x0000000704700000| Untracked 
|  60|0x0000000704800000, 0x0000000704800000, 0x0000000704900000|  0%| F|  |TAMS 0x0000000704800000, 0x0000000704800000| Untracked 
|  61|0x0000000704900000, 0x0000000704900000, 0x0000000704a00000|  0%| F|  |TAMS 0x0000000704900000, 0x0000000704900000| Untracked 
|  62|0x0000000704a00000, 0x0000000704a00000, 0x0000000704b00000|  0%| F|  |TAMS 0x0000000704a00000, 0x0000000704a00000| Untracked 
|  63|0x0000000704b00000, 0x0000000704b00000, 0x0000000704c00000|  0%| F|  |TAMS 0x0000000704b00000, 0x0000000704b00000| Untracked 
|  64|0x0000000704c00000, 0x0000000704c00000, 0x0000000704d00000|  0%| F|  |TAMS 0x0000000704c00000, 0x0000000704c00000| Untracked 
|  65|0x0000000704d00000, 0x0000000704d00000, 0x0000000704e00000|  0%| F|  |TAMS 0x0000000704d00000, 0x0000000704d00000| Untracked 
|  66|0x0000000704e00000, 0x0000000704e00000, 0x0000000704f00000|  0%| F|  |TAMS 0x0000000704e00000, 0x0000000704e00000| Untracked 
|  67|0x0000000704f00000, 0x0000000704f00000, 0x0000000705000000|  0%| F|  |TAMS 0x0000000704f00000, 0x0000000704f00000| Untracked 
|  68|0x0000000705000000, 0x0000000705000000, 0x0000000705100000|  0%| F|  |TAMS 0x0000000705000000, 0x0000000705000000| Untracked 
|  69|0x0000000705100000, 0x0000000705100000, 0x0000000705200000|  0%| F|  |TAMS 0x0000000705100000, 0x0000000705100000| Untracked 
|  70|0x0000000705200000, 0x0000000705200000, 0x0000000705300000|  0%| F|  |TAMS 0x0000000705200000, 0x0000000705200000| Untracked 
|  71|0x0000000705300000, 0x0000000705300000, 0x0000000705400000|  0%| F|  |TAMS 0x0000000705300000, 0x0000000705300000| Untracked 
|  72|0x0000000705400000, 0x0000000705400000, 0x0000000705500000|  0%| F|  |TAMS 0x0000000705400000, 0x0000000705400000| Untracked 
|  73|0x0000000705500000, 0x0000000705500000, 0x0000000705600000|  0%| F|  |TAMS 0x0000000705500000, 0x0000000705500000| Untracked 
|  74|0x0000000705600000, 0x0000000705600000, 0x0000000705700000|  0%| F|  |TAMS 0x0000000705600000, 0x0000000705600000| Untracked 
|  75|0x0000000705700000, 0x0000000705700000, 0x0000000705800000|  0%| F|  |TAMS 0x0000000705700000, 0x0000000705700000| Untracked 
|  76|0x0000000705800000, 0x0000000705800000, 0x0000000705900000|  0%| F|  |TAMS 0x0000000705800000, 0x0000000705800000| Untracked 
|  77|0x0000000705900000, 0x0000000705900000, 0x0000000705a00000|  0%| F|  |TAMS 0x0000000705900000, 0x0000000705900000| Untracked 
|  78|0x0000000705a00000, 0x0000000705a00000, 0x0000000705b00000|  0%| F|  |TAMS 0x0000000705a00000, 0x0000000705a00000| Untracked 
|  79|0x0000000705b00000, 0x0000000705b00000, 0x0000000705c00000|  0%| F|  |TAMS 0x0000000705b00000, 0x0000000705b00000| Untracked 
|  80|0x0000000705c00000, 0x0000000705c00000, 0x0000000705d00000|  0%| F|  |TAMS 0x0000000705c00000, 0x0000000705c00000| Untracked 
|  81|0x0000000705d00000, 0x0000000705d00000, 0x0000000705e00000|  0%| F|  |TAMS 0x0000000705d00000, 0x0000000705d00000| Untracked 
|  82|0x0000000705e00000, 0x0000000705e00000, 0x0000000705f00000|  0%| F|  |TAMS 0x0000000705e00000, 0x0000000705e00000| Untracked 
|  83|0x0000000705f00000, 0x0000000705f00000, 0x0000000706000000|  0%| F|  |TAMS 0x0000000705f00000, 0x0000000705f00000| Untracked 
|  84|0x0000000706000000, 0x0000000706000000, 0x0000000706100000|  0%| F|  |TAMS 0x0000000706000000, 0x0000000706000000| Untracked 
|  85|0x0000000706100000, 0x0000000706100000, 0x0000000706200000|  0%| F|  |TAMS 0x0000000706100000, 0x0000000706100000| Untracked 
|  86|0x0000000706200000, 0x0000000706200000, 0x0000000706300000|  0%| F|  |TAMS 0x0000000706200000, 0x0000000706200000| Untracked 
|  87|0x0000000706300000, 0x0000000706300000, 0x0000000706400000|  0%| F|  |TAMS 0x0000000706300000, 0x0000000706300000| Untracked 
|  88|0x0000000706400000, 0x0000000706400000, 0x0000000706500000|  0%| F|  |TAMS 0x0000000706400000, 0x0000000706400000| Untracked 
|  89|0x0000000706500000, 0x0000000706500000, 0x0000000706600000|  0%| F|  |TAMS 0x0000000706500000, 0x0000000706500000| Untracked 
|  90|0x0000000706600000, 0x0000000706600000, 0x0000000706700000|  0%| F|  |TAMS 0x0000000706600000, 0x0000000706600000| Untracked 
|  91|0x0000000706700000, 0x0000000706700000, 0x0000000706800000|  0%| F|  |TAMS 0x0000000706700000, 0x0000000706700000| Untracked 
|  92|0x0000000706800000, 0x0000000706800000, 0x0000000706900000|  0%| F|  |TAMS 0x0000000706800000, 0x0000000706800000| Untracked 
|  93|0x0000000706900000, 0x0000000706900000, 0x0000000706a00000|  0%| F|  |TAMS 0x0000000706900000, 0x0000000706900000| Untracked 
|  94|0x0000000706a00000, 0x0000000706a00000, 0x0000000706b00000|  0%| F|  |TAMS 0x0000000706a00000, 0x0000000706a00000| Untracked 
|  95|0x0000000706b00000, 0x0000000706b00000, 0x0000000706c00000|  0%| F|  |TAMS 0x0000000706b00000, 0x0000000706b00000| Untracked 
|  96|0x0000000706c00000, 0x0000000706c00000, 0x0000000706d00000|  0%| F|  |TAMS 0x0000000706c00000, 0x0000000706c00000| Untracked 
|  97|0x0000000706d00000, 0x0000000706d00000, 0x0000000706e00000|  0%| F|  |TAMS 0x0000000706d00000, 0x0000000706d00000| Untracked 
|  98|0x0000000706e00000, 0x0000000706e00000, 0x0000000706f00000|  0%| F|  |TAMS 0x0000000706e00000, 0x0000000706e00000| Untracked 
|  99|0x0000000706f00000, 0x0000000707000000, 0x0000000707000000|100%| S|CS|TAMS 0x0000000706f00000, 0x0000000706f00000| Complete 
| 100|0x0000000707000000, 0x0000000707100000, 0x0000000707100000|100%| S|CS|TAMS 0x0000000707000000, 0x0000000707000000| Complete 
| 101|0x0000000707100000, 0x0000000707200000, 0x0000000707200000|100%| S|CS|TAMS 0x0000000707100000, 0x0000000707100000| Complete 
| 102|0x0000000707200000, 0x0000000707300000, 0x0000000707300000|100%| S|CS|TAMS 0x0000000707200000, 0x0000000707200000| Complete 
| 103|0x0000000707300000, 0x0000000707300000, 0x0000000707400000|  0%| F|  |TAMS 0x0000000707300000, 0x0000000707300000| Untracked 
| 104|0x0000000707400000, 0x0000000707400000, 0x0000000707500000|  0%| F|  |TAMS 0x0000000707400000, 0x0000000707400000| Untracked 
| 105|0x0000000707500000, 0x0000000707500000, 0x0000000707600000|  0%| F|  |TAMS 0x0000000707500000, 0x0000000707500000| Untracked 
| 106|0x0000000707600000, 0x0000000707600000, 0x0000000707700000|  0%| F|  |TAMS 0x0000000707600000, 0x0000000707600000| Untracked 
| 107|0x0000000707700000, 0x0000000707800000, 0x0000000707800000|100%| S|CS|TAMS 0x0000000707700000, 0x0000000707700000| Complete 
| 108|0x0000000707800000, 0x0000000707900000, 0x0000000707900000|100%| S|CS|TAMS 0x0000000707800000, 0x0000000707800000| Complete 
| 109|0x0000000707900000, 0x0000000707900000, 0x0000000707a00000|  0%| F|  |TAMS 0x0000000707900000, 0x0000000707900000| Untracked 
| 110|0x0000000707a00000, 0x0000000707a00000, 0x0000000707b00000|  0%| F|  |TAMS 0x0000000707a00000, 0x0000000707a00000| Untracked 
| 111|0x0000000707b00000, 0x0000000707b00000, 0x0000000707c00000|  0%| F|  |TAMS 0x0000000707b00000, 0x0000000707b00000| Untracked 
| 112|0x0000000707c00000, 0x0000000707c00000, 0x0000000707d00000|  0%| F|  |TAMS 0x0000000707c00000, 0x0000000707c00000| Untracked 
| 113|0x0000000707d00000, 0x0000000707d00000, 0x0000000707e00000|  0%| F|  |TAMS 0x0000000707d00000, 0x0000000707d00000| Untracked 
| 114|0x0000000707e00000, 0x0000000707e00000, 0x0000000707f00000|  0%| F|  |TAMS 0x0000000707e00000, 0x0000000707e00000| Untracked 
| 115|0x0000000707f00000, 0x0000000707f00000, 0x0000000708000000|  0%| F|  |TAMS 0x0000000707f00000, 0x0000000707f00000| Untracked 
| 116|0x0000000708000000, 0x0000000708000000, 0x0000000708100000|  0%| F|  |TAMS 0x0000000708000000, 0x0000000708000000| Untracked 
| 117|0x0000000708100000, 0x0000000708100000, 0x0000000708200000|  0%| F|  |TAMS 0x0000000708100000, 0x0000000708100000| Untracked 
| 118|0x0000000708200000, 0x0000000708200000, 0x0000000708300000|  0%| F|  |TAMS 0x0000000708200000, 0x0000000708200000| Untracked 
| 119|0x0000000708300000, 0x0000000708300000, 0x0000000708400000|  0%| F|  |TAMS 0x0000000708300000, 0x0000000708300000| Untracked 
| 120|0x0000000708400000, 0x0000000708400000, 0x0000000708500000|  0%| F|  |TAMS 0x0000000708400000, 0x0000000708400000| Untracked 
| 121|0x0000000708500000, 0x0000000708500000, 0x0000000708600000|  0%| F|  |TAMS 0x0000000708500000, 0x0000000708500000| Untracked 
| 122|0x0000000708600000, 0x0000000708600000, 0x0000000708700000|  0%| F|  |TAMS 0x0000000708600000, 0x0000000708600000| Untracked 
| 123|0x0000000708700000, 0x0000000708700000, 0x0000000708800000|  0%| F|  |TAMS 0x0000000708700000, 0x0000000708700000| Untracked 
| 124|0x0000000708800000, 0x0000000708800000, 0x0000000708900000|  0%| F|  |TAMS 0x0000000708800000, 0x0000000708800000| Untracked 
| 125|0x0000000708900000, 0x0000000708900000, 0x0000000708a00000|  0%| F|  |TAMS 0x0000000708900000, 0x0000000708900000| Untracked 
| 126|0x0000000708a00000, 0x0000000708a00000, 0x0000000708b00000|  0%| F|  |TAMS 0x0000000708a00000, 0x0000000708a00000| Untracked 
| 127|0x0000000708b00000, 0x0000000708b00000, 0x0000000708c00000|  0%| F|  |TAMS 0x0000000708b00000, 0x0000000708b00000| Untracked 
| 128|0x0000000708c00000, 0x0000000708c00000, 0x0000000708d00000|  0%| F|  |TAMS 0x0000000708c00000, 0x0000000708c00000| Untracked 
| 129|0x0000000708d00000, 0x0000000708d00000, 0x0000000708e00000|  0%| F|  |TAMS 0x0000000708d00000, 0x0000000708d00000| Untracked 
| 130|0x0000000708e00000, 0x0000000708e00000, 0x0000000708f00000|  0%| F|  |TAMS 0x0000000708e00000, 0x0000000708e00000| Untracked 
| 131|0x0000000708f00000, 0x0000000708f00000, 0x0000000709000000|  0%| F|  |TAMS 0x0000000708f00000, 0x0000000708f00000| Untracked 
| 132|0x0000000709000000, 0x0000000709000000, 0x0000000709100000|  0%| F|  |TAMS 0x0000000709000000, 0x0000000709000000| Untracked 
| 133|0x0000000709100000, 0x0000000709100000, 0x0000000709200000|  0%| F|  |TAMS 0x0000000709100000, 0x0000000709100000| Untracked 
| 134|0x0000000709200000, 0x0000000709200000, 0x0000000709300000|  0%| F|  |TAMS 0x0000000709200000, 0x0000000709200000| Untracked 
| 135|0x0000000709300000, 0x0000000709300000, 0x0000000709400000|  0%| F|  |TAMS 0x0000000709300000, 0x0000000709300000| Untracked 
| 136|0x0000000709400000, 0x0000000709400000, 0x0000000709500000|  0%| F|  |TAMS 0x0000000709400000, 0x0000000709400000| Untracked 
| 137|0x0000000709500000, 0x0000000709500000, 0x0000000709600000|  0%| F|  |TAMS 0x0000000709500000, 0x0000000709500000| Untracked 
| 138|0x0000000709600000, 0x0000000709600000, 0x0000000709700000|  0%| F|  |TAMS 0x0000000709600000, 0x0000000709600000| Untracked 
| 139|0x0000000709700000, 0x0000000709700000, 0x0000000709800000|  0%| F|  |TAMS 0x0000000709700000, 0x0000000709700000| Untracked 
| 140|0x0000000709800000, 0x0000000709800000, 0x0000000709900000|  0%| F|  |TAMS 0x0000000709800000, 0x0000000709800000| Untracked 
| 141|0x0000000709900000, 0x0000000709900000, 0x0000000709a00000|  0%| F|  |TAMS 0x0000000709900000, 0x0000000709900000| Untracked 
| 142|0x0000000709a00000, 0x0000000709a00000, 0x0000000709b00000|  0%| F|  |TAMS 0x0000000709a00000, 0x0000000709a00000| Untracked 
| 143|0x0000000709b00000, 0x0000000709b00000, 0x0000000709c00000|  0%| F|  |TAMS 0x0000000709b00000, 0x0000000709b00000| Untracked 
| 144|0x0000000709c00000, 0x0000000709c00000, 0x0000000709d00000|  0%| F|  |TAMS 0x0000000709c00000, 0x0000000709c00000| Untracked 
| 145|0x0000000709d00000, 0x0000000709d00000, 0x0000000709e00000|  0%| F|  |TAMS 0x0000000709d00000, 0x0000000709d00000| Untracked 
| 146|0x0000000709e00000, 0x0000000709e00000, 0x0000000709f00000|  0%| F|  |TAMS 0x0000000709e00000, 0x0000000709e00000| Untracked 
| 147|0x0000000709f00000, 0x0000000709f00000, 0x000000070a000000|  0%| F|  |TAMS 0x0000000709f00000, 0x0000000709f00000| Untracked 
| 148|0x000000070a000000, 0x000000070a000000, 0x000000070a100000|  0%| F|  |TAMS 0x000000070a000000, 0x000000070a000000| Untracked 
| 149|0x000000070a100000, 0x000000070a100000, 0x000000070a200000|  0%| F|  |TAMS 0x000000070a100000, 0x000000070a100000| Untracked 
| 150|0x000000070a200000, 0x000000070a200000, 0x000000070a300000|  0%| F|  |TAMS 0x000000070a200000, 0x000000070a200000| Untracked 
| 151|0x000000070a300000, 0x000000070a300000, 0x000000070a400000|  0%| F|  |TAMS 0x000000070a300000, 0x000000070a300000| Untracked 
| 152|0x000000070a400000, 0x000000070a400000, 0x000000070a500000|  0%| F|  |TAMS 0x000000070a400000, 0x000000070a400000| Untracked 
| 153|0x000000070a500000, 0x000000070a500000, 0x000000070a600000|  0%| F|  |TAMS 0x000000070a500000, 0x000000070a500000| Untracked 
| 154|0x000000070a600000, 0x000000070a600000, 0x000000070a700000|  0%| F|  |TAMS 0x000000070a600000, 0x000000070a600000| Untracked 
| 155|0x000000070a700000, 0x000000070a700000, 0x000000070a800000|  0%| F|  |TAMS 0x000000070a700000, 0x000000070a700000| Untracked 
| 156|0x000000070a800000, 0x000000070a800000, 0x000000070a900000|  0%| F|  |TAMS 0x000000070a800000, 0x000000070a800000| Untracked 
| 157|0x000000070a900000, 0x000000070a900000, 0x000000070aa00000|  0%| F|  |TAMS 0x000000070a900000, 0x000000070a900000| Untracked 
| 158|0x000000070aa00000, 0x000000070aa00000, 0x000000070ab00000|  0%| F|  |TAMS 0x000000070aa00000, 0x000000070aa00000| Untracked 
| 159|0x000000070ab00000, 0x000000070ab00000, 0x000000070ac00000|  0%| F|  |TAMS 0x000000070ab00000, 0x000000070ab00000| Untracked 
| 160|0x000000070ac00000, 0x000000070ac00000, 0x000000070ad00000|  0%| F|  |TAMS 0x000000070ac00000, 0x000000070ac00000| Untracked 
| 161|0x000000070ad00000, 0x000000070ad00000, 0x000000070ae00000|  0%| F|  |TAMS 0x000000070ad00000, 0x000000070ad00000| Untracked 
| 162|0x000000070ae00000, 0x000000070aef6060, 0x000000070af00000| 96%| E|  |TAMS 0x000000070ae00000, 0x000000070ae00000| Complete 
| 163|0x000000070af00000, 0x000000070b000000, 0x000000070b000000|100%| E|CS|TAMS 0x000000070af00000, 0x000000070af00000| Complete 
| 164|0x000000070b000000, 0x000000070b100000, 0x000000070b100000|100%| E|CS|TAMS 0x000000070b000000, 0x000000070b000000| Complete 
| 165|0x000000070b100000, 0x000000070b200000, 0x000000070b200000|100%| E|CS|TAMS 0x000000070b100000, 0x000000070b100000| Complete 
| 166|0x000000070b200000, 0x000000070b300000, 0x000000070b300000|100%| E|CS|TAMS 0x000000070b200000, 0x000000070b200000| Complete 
| 167|0x000000070b300000, 0x000000070b400000, 0x000000070b400000|100%| E|CS|TAMS 0x000000070b300000, 0x000000070b300000| Complete 
| 168|0x000000070b400000, 0x000000070b500000, 0x000000070b500000|100%| E|CS|TAMS 0x000000070b400000, 0x000000070b400000| Complete 
| 169|0x000000070b500000, 0x000000070b600000, 0x000000070b600000|100%| E|CS|TAMS 0x000000070b500000, 0x000000070b500000| Complete 
| 170|0x000000070b600000, 0x000000070b700000, 0x000000070b700000|100%| E|CS|TAMS 0x000000070b600000, 0x000000070b600000| Complete 
| 171|0x000000070b700000, 0x000000070b800000, 0x000000070b800000|100%| E|CS|TAMS 0x000000070b700000, 0x000000070b700000| Complete 
| 172|0x000000070b800000, 0x000000070b900000, 0x000000070b900000|100%| E|CS|TAMS 0x000000070b800000, 0x000000070b800000| Complete 
| 173|0x000000070b900000, 0x000000070ba00000, 0x000000070ba00000|100%| E|CS|TAMS 0x000000070b900000, 0x000000070b900000| Complete 
| 174|0x000000070ba00000, 0x000000070bb00000, 0x000000070bb00000|100%| E|CS|TAMS 0x000000070ba00000, 0x000000070ba00000| Complete 
| 175|0x000000070bb00000, 0x000000070bc00000, 0x000000070bc00000|100%| E|CS|TAMS 0x000000070bb00000, 0x000000070bb00000| Complete 
| 176|0x000000070bc00000, 0x000000070bd00000, 0x000000070bd00000|100%| E|CS|TAMS 0x000000070bc00000, 0x000000070bc00000| Complete 
| 177|0x000000070bd00000, 0x000000070be00000, 0x000000070be00000|100%| E|CS|TAMS 0x000000070bd00000, 0x000000070bd00000| Complete 
| 178|0x000000070be00000, 0x000000070bf00000, 0x000000070bf00000|100%| E|CS|TAMS 0x000000070be00000, 0x000000070be00000| Complete 
| 179|0x000000070bf00000, 0x000000070c000000, 0x000000070c000000|100%| E|CS|TAMS 0x000000070bf00000, 0x000000070bf00000| Complete 
| 180|0x000000070c000000, 0x000000070c100000, 0x000000070c100000|100%| E|CS|TAMS 0x000000070c000000, 0x000000070c000000| Complete 
| 181|0x000000070c100000, 0x000000070c200000, 0x000000070c200000|100%| E|CS|TAMS 0x000000070c100000, 0x000000070c100000| Complete 
| 182|0x000000070c200000, 0x000000070c300000, 0x000000070c300000|100%| E|CS|TAMS 0x000000070c200000, 0x000000070c200000| Complete 
| 183|0x000000070c300000, 0x000000070c400000, 0x000000070c400000|100%| E|CS|TAMS 0x000000070c300000, 0x000000070c300000| Complete 
| 184|0x000000070c400000, 0x000000070c500000, 0x000000070c500000|100%| E|CS|TAMS 0x000000070c400000, 0x000000070c400000| Complete 
| 185|0x000000070c500000, 0x000000070c600000, 0x000000070c600000|100%| E|CS|TAMS 0x000000070c500000, 0x000000070c500000| Complete 
| 186|0x000000070c600000, 0x000000070c700000, 0x000000070c700000|100%| E|CS|TAMS 0x000000070c600000, 0x000000070c600000| Complete 
| 187|0x000000070c700000, 0x000000070c800000, 0x000000070c800000|100%| E|CS|TAMS 0x000000070c700000, 0x000000070c700000| Complete 
| 188|0x000000070c800000, 0x000000070c900000, 0x000000070c900000|100%| E|CS|TAMS 0x000000070c800000, 0x000000070c800000| Complete 
| 189|0x000000070c900000, 0x000000070ca00000, 0x000000070ca00000|100%| E|CS|TAMS 0x000000070c900000, 0x000000070c900000| Complete 
| 190|0x000000070ca00000, 0x000000070cb00000, 0x000000070cb00000|100%| E|CS|TAMS 0x000000070ca00000, 0x000000070ca00000| Complete 
| 191|0x000000070cb00000, 0x000000070cc00000, 0x000000070cc00000|100%| E|CS|TAMS 0x000000070cb00000, 0x000000070cb00000| Complete 
| 192|0x000000070cc00000, 0x000000070cd00000, 0x000000070cd00000|100%| E|CS|TAMS 0x000000070cc00000, 0x000000070cc00000| Complete 
| 193|0x000000070cd00000, 0x000000070ce00000, 0x000000070ce00000|100%| E|CS|TAMS 0x000000070cd00000, 0x000000070cd00000| Complete 
| 194|0x000000070ce00000, 0x000000070cf00000, 0x000000070cf00000|100%| E|CS|TAMS 0x000000070ce00000, 0x000000070ce00000| Complete 
| 195|0x000000070cf00000, 0x000000070d000000, 0x000000070d000000|100%| E|CS|TAMS 0x000000070cf00000, 0x000000070cf00000| Complete 
| 196|0x000000070d000000, 0x000000070d100000, 0x000000070d100000|100%| E|CS|TAMS 0x000000070d000000, 0x000000070d000000| Complete 
| 197|0x000000070d100000, 0x000000070d200000, 0x000000070d200000|100%| E|CS|TAMS 0x000000070d100000, 0x000000070d100000| Complete 
| 198|0x000000070d200000, 0x000000070d300000, 0x000000070d300000|100%| E|CS|TAMS 0x000000070d200000, 0x000000070d200000| Complete 
| 199|0x000000070d300000, 0x000000070d400000, 0x000000070d400000|100%| E|CS|TAMS 0x000000070d300000, 0x000000070d300000| Complete 
| 200|0x000000070d400000, 0x000000070d500000, 0x000000070d500000|100%| E|CS|TAMS 0x000000070d400000, 0x000000070d400000| Complete 
| 201|0x000000070d500000, 0x000000070d600000, 0x000000070d600000|100%| E|CS|TAMS 0x000000070d500000, 0x000000070d500000| Complete 
| 202|0x000000070d600000, 0x000000070d700000, 0x000000070d700000|100%| E|CS|TAMS 0x000000070d600000, 0x000000070d600000| Complete 
| 203|0x000000070d700000, 0x000000070d800000, 0x000000070d800000|100%| E|CS|TAMS 0x000000070d700000, 0x000000070d700000| Complete 
| 204|0x000000070d800000, 0x000000070d900000, 0x000000070d900000|100%| E|CS|TAMS 0x000000070d800000, 0x000000070d800000| Complete 
| 205|0x000000070d900000, 0x000000070da00000, 0x000000070da00000|100%| E|CS|TAMS 0x000000070d900000, 0x000000070d900000| Complete 
| 206|0x000000070da00000, 0x000000070db00000, 0x000000070db00000|100%| E|CS|TAMS 0x000000070da00000, 0x000000070da00000| Complete 
| 207|0x000000070db00000, 0x000000070dc00000, 0x000000070dc00000|100%| E|CS|TAMS 0x000000070db00000, 0x000000070db00000| Complete 
| 208|0x000000070dc00000, 0x000000070dd00000, 0x000000070dd00000|100%| E|CS|TAMS 0x000000070dc00000, 0x000000070dc00000| Complete 
| 209|0x000000070dd00000, 0x000000070de00000, 0x000000070de00000|100%| E|CS|TAMS 0x000000070dd00000, 0x000000070dd00000| Complete 
| 210|0x000000070de00000, 0x000000070df00000, 0x000000070df00000|100%| E|CS|TAMS 0x000000070de00000, 0x000000070de00000| Complete 
| 211|0x000000070df00000, 0x000000070e000000, 0x000000070e000000|100%| E|CS|TAMS 0x000000070df00000, 0x000000070df00000| Complete 
| 212|0x000000070e000000, 0x000000070e100000, 0x000000070e100000|100%| E|CS|TAMS 0x000000070e000000, 0x000000070e000000| Complete 
| 213|0x000000070e100000, 0x000000070e200000, 0x000000070e200000|100%| E|CS|TAMS 0x000000070e100000, 0x000000070e100000| Complete 
| 214|0x000000070e200000, 0x000000070e300000, 0x000000070e300000|100%| E|CS|TAMS 0x000000070e200000, 0x000000070e200000| Complete 
| 215|0x000000070e300000, 0x000000070e400000, 0x000000070e400000|100%| E|CS|TAMS 0x000000070e300000, 0x000000070e300000| Complete 
| 216|0x000000070e400000, 0x000000070e500000, 0x000000070e500000|100%| E|CS|TAMS 0x000000070e400000, 0x000000070e400000| Complete 
| 217|0x000000070e500000, 0x000000070e600000, 0x000000070e600000|100%| E|CS|TAMS 0x000000070e500000, 0x000000070e500000| Complete 
| 218|0x000000070e600000, 0x000000070e700000, 0x000000070e700000|100%| E|CS|TAMS 0x000000070e600000, 0x000000070e600000| Complete 
| 219|0x000000070e700000, 0x000000070e800000, 0x000000070e800000|100%| E|CS|TAMS 0x000000070e700000, 0x000000070e700000| Complete 
| 220|0x000000070e800000, 0x000000070e900000, 0x000000070e900000|100%| E|CS|TAMS 0x000000070e800000, 0x000000070e800000| Complete 
| 221|0x000000070e900000, 0x000000070ea00000, 0x000000070ea00000|100%| E|CS|TAMS 0x000000070e900000, 0x000000070e900000| Complete 
| 222|0x000000070ea00000, 0x000000070eb00000, 0x000000070eb00000|100%| E|CS|TAMS 0x000000070ea00000, 0x000000070ea00000| Complete 
| 223|0x000000070eb00000, 0x000000070ec00000, 0x000000070ec00000|100%| E|CS|TAMS 0x000000070eb00000, 0x000000070eb00000| Complete 
| 224|0x000000070ec00000, 0x000000070ed00000, 0x000000070ed00000|100%| E|CS|TAMS 0x000000070ec00000, 0x000000070ec00000| Complete 
| 225|0x000000070ed00000, 0x000000070ee00000, 0x000000070ee00000|100%| E|CS|TAMS 0x000000070ed00000, 0x000000070ed00000| Complete 
| 226|0x000000070ee00000, 0x000000070ef00000, 0x000000070ef00000|100%| E|CS|TAMS 0x000000070ee00000, 0x000000070ee00000| Complete 
| 227|0x000000070ef00000, 0x000000070f000000, 0x000000070f000000|100%| E|CS|TAMS 0x000000070ef00000, 0x000000070ef00000| Complete 
| 228|0x000000070f000000, 0x000000070f100000, 0x000000070f100000|100%| E|CS|TAMS 0x000000070f000000, 0x000000070f000000| Complete 
| 229|0x000000070f100000, 0x000000070f200000, 0x000000070f200000|100%| E|CS|TAMS 0x000000070f100000, 0x000000070f100000| Complete 
| 230|0x000000070f200000, 0x000000070f300000, 0x000000070f300000|100%| E|CS|TAMS 0x000000070f200000, 0x000000070f200000| Complete 
| 231|0x000000070f300000, 0x000000070f400000, 0x000000070f400000|100%| E|CS|TAMS 0x000000070f300000, 0x000000070f300000| Complete 
| 232|0x000000070f400000, 0x000000070f500000, 0x000000070f500000|100%| E|CS|TAMS 0x000000070f400000, 0x000000070f400000| Complete 
| 233|0x000000070f500000, 0x000000070f600000, 0x000000070f600000|100%| E|CS|TAMS 0x000000070f500000, 0x000000070f500000| Complete 
| 234|0x000000070f600000, 0x000000070f700000, 0x000000070f700000|100%| E|CS|TAMS 0x000000070f600000, 0x000000070f600000| Complete 
| 235|0x000000070f700000, 0x000000070f800000, 0x000000070f800000|100%| E|CS|TAMS 0x000000070f700000, 0x000000070f700000| Complete 
| 236|0x000000070f800000, 0x000000070f900000, 0x000000070f900000|100%| E|CS|TAMS 0x000000070f800000, 0x000000070f800000| Complete 
| 237|0x000000070f900000, 0x000000070fa00000, 0x000000070fa00000|100%| E|CS|TAMS 0x000000070f900000, 0x000000070f900000| Complete 
| 238|0x000000070fa00000, 0x000000070fb00000, 0x000000070fb00000|100%| E|CS|TAMS 0x000000070fa00000, 0x000000070fa00000| Complete 
| 239|0x000000070fb00000, 0x000000070fc00000, 0x000000070fc00000|100%| E|CS|TAMS 0x000000070fb00000, 0x000000070fb00000| Complete 
| 240|0x000000070fc00000, 0x000000070fd00000, 0x000000070fd00000|100%| E|CS|TAMS 0x000000070fc00000, 0x000000070fc00000| Complete 
| 241|0x000000070fd00000, 0x000000070fe00000, 0x000000070fe00000|100%| E|CS|TAMS 0x000000070fd00000, 0x000000070fd00000| Complete 
| 242|0x000000070fe00000, 0x000000070ff00000, 0x000000070ff00000|100%| E|CS|TAMS 0x000000070fe00000, 0x000000070fe00000| Complete 
| 243|0x000000070ff00000, 0x0000000710000000, 0x0000000710000000|100%| E|CS|TAMS 0x000000070ff00000, 0x000000070ff00000| Complete 
| 244|0x0000000710000000, 0x0000000710100000, 0x0000000710100000|100%| E|CS|TAMS 0x0000000710000000, 0x0000000710000000| Complete 
| 245|0x0000000710100000, 0x0000000710200000, 0x0000000710200000|100%| E|CS|TAMS 0x0000000710100000, 0x0000000710100000| Complete 
| 246|0x0000000710200000, 0x0000000710300000, 0x0000000710300000|100%| E|CS|TAMS 0x0000000710200000, 0x0000000710200000| Complete 
| 247|0x0000000710300000, 0x0000000710400000, 0x0000000710400000|100%| E|CS|TAMS 0x0000000710300000, 0x0000000710300000| Complete 
| 248|0x0000000710400000, 0x0000000710500000, 0x0000000710500000|100%| E|CS|TAMS 0x0000000710400000, 0x0000000710400000| Complete 
| 249|0x0000000710500000, 0x0000000710600000, 0x0000000710600000|100%| E|CS|TAMS 0x0000000710500000, 0x0000000710500000| Complete 
| 250|0x0000000710600000, 0x0000000710700000, 0x0000000710700000|100%| E|CS|TAMS 0x0000000710600000, 0x0000000710600000| Complete 
| 251|0x0000000710700000, 0x0000000710800000, 0x0000000710800000|100%| E|CS|TAMS 0x0000000710700000, 0x0000000710700000| Complete 
| 252|0x0000000710800000, 0x0000000710900000, 0x0000000710900000|100%| E|CS|TAMS 0x0000000710800000, 0x0000000710800000| Complete 
| 253|0x0000000710900000, 0x0000000710a00000, 0x0000000710a00000|100%| E|CS|TAMS 0x0000000710900000, 0x0000000710900000| Complete 
| 254|0x0000000710a00000, 0x0000000710b00000, 0x0000000710b00000|100%| E|CS|TAMS 0x0000000710a00000, 0x0000000710a00000| Complete 
| 255|0x0000000710b00000, 0x0000000710c00000, 0x0000000710c00000|100%| E|CS|TAMS 0x0000000710b00000, 0x0000000710b00000| Complete 

Card table byte_map: [0x000001a05fd30000,0x000001a060530000] _byte_map_base: 0x000001a05c52a000

Marking Bits (Prev, Next): (CMBitMap*) 0x000001a047620718, (CMBitMap*) 0x000001a047620750
 Prev Bits: [0x000001a060d30000, 0x000001a064d00000)
 Next Bits: [0x000001a064d00000, 0x000001a068cd0000)

Polling page: 0x000001a045510000

Metaspace:

Usage:
  Non-class:     62.88 MB capacity,    61.65 MB ( 98%) used,     1.01 MB (  2%) free+waste,   228.13 KB ( <1%) overhead. 
      Class:     11.30 MB capacity,    10.66 MB ( 94%) used,   546.05 KB (  5%) free+waste,   105.50 KB ( <1%) overhead. 
       Both:     74.18 MB capacity,    72.31 MB ( 97%) used,     1.54 MB (  2%) free+waste,   333.63 KB ( <1%) overhead. 

Virtual space:
  Non-class space:       64.00 MB reserved,      62.92 MB ( 98%) committed 
      Class space:        1.00 GB reserved,      11.32 MB (  1%) committed 
             Both:        1.06 GB reserved,      74.25 MB (  7%) committed 

Chunk freelists:
   Non-Class:  0 bytes
       Class:  0 bytes
        Both:  0 bytes

MaxMetaspaceSize: 17179869184.00 GB
CompressedClassSpaceSize: 1.00 GB

CodeHeap 'non-profiled nmethods': size=119168Kb used=8219Kb max_used=10719Kb free=110948Kb
 bounds [0x000001a057840000, 0x000001a0582c0000, 0x000001a05eca0000]
CodeHeap 'profiled nmethods': size=119168Kb used=7284Kb max_used=16352Kb free=111883Kb
 bounds [0x000001a0503e0000, 0x000001a0513f0000, 0x000001a057840000]
CodeHeap 'non-nmethods': size=7424Kb used=3072Kb max_used=3231Kb free=4351Kb
 bounds [0x000001a04fca0000, 0x000001a050010000, 0x000001a0503e0000]
 total_blobs=6775 nmethods=6074 adapters=617
 compilation: enabled
              stopped_count=0, restarted_count=0
 full_count=0

Compilation events (20 events):
Event: 14330.500 Thread 0x000001a0775a4000 29419       2       sun.nio.ch.NativeDispatcher::<init> (5 bytes)
Event: 14330.500 Thread 0x000001a07759f000 29422       3       java.lang.invoke.AbstractValidatingLambdaMetafactory::<init> (474 bytes)
Event: 14330.500 Thread 0x000001a0775a8000 nmethod 29355 0x000001a057c20f90 code [0x000001a057c211e0, 0x000001a057c22120]
Event: 14330.500 Thread 0x000001a0775a8000 29421       4       java.lang.Object::<init> (1 bytes)
Event: 14330.500 Thread 0x000001a0775a4000 nmethod 29419 0x000001a050a78610 code [0x000001a050a787c0, 0x000001a050a788b8]
Event: 14330.500 Thread 0x000001a0775a4000 29409       1       java.lang.Class::getClassLoader0 (5 bytes)
Event: 14330.500 Thread 0x000001a06c768000 nmethod 29353 0x000001a057c1f310 code [0x000001a057c1f520, 0x000001a057c208e8]
Event: 14330.500 Thread 0x000001a0775a4000 nmethod 29409 0x000001a057c04910 code [0x000001a057c04ac0, 0x000001a057c04b78]
Event: 14330.500 Thread 0x000001a070dfb000 29415       4       java.lang.String::isLatin1 (19 bytes)
Event: 14330.500 Thread 0x000001a06c768000 29426       4       java.lang.String::charAt (25 bytes)
Event: 14330.500 Thread 0x000001a070df5800 29429       4       jdk.internal.org.objectweb.asm.ClassWriter::get (49 bytes)
Event: 14330.500 Thread 0x000001a070dfb000 nmethod 29415 0x000001a057c04690 code [0x000001a057c04820, 0x000001a057c04898]
Event: 14330.500 Thread 0x000001a070dfb000 29430 %     4       jdk.internal.org.objectweb.asm.ByteVector::putUTF8 @ 74 (142 bytes)
Event: 14330.501 Thread 0x000001a0775a8000 nmethod 29421 0x000001a057c04310 code [0x000001a057c044a0, 0x000001a057c04538]
Event: 14330.501 Thread 0x000001a0775a8000 29413       4       java.lang.StringLatin1::charAt (28 bytes)
Event: 14330.501 Thread 0x000001a06c776800 nmethod 29367 0x000001a050a76210 code [0x000001a050a765e0, 0x000001a050a77d78]
Event: 14330.501 Thread 0x000001a0775a4000 29432       3       java.lang.invoke.MethodHandles$Lookup::maybeBindCaller (47 bytes)
Event: 14330.501 Thread 0x000001a0775a8000 nmethod 29413 0x000001a057c1ef90 code [0x000001a057c1f120, 0x000001a057c1f1d8]
Event: 14330.501 Thread 0x000001a06c776800 29433       2       java.lang.invoke.MethodType::equals (31 bytes)
Event: 14330.501 Thread 0x000001a0775a8000 29427       4       java.lang.String::hashCode (49 bytes)

GC Heap History (20 events):
Event: 8700.450 GC heap before
{Heap before GC invocations=40 (full 0):
 garbage-first heap   total 262144K, used 190516K [0x0000000700c00000, 0x0000000800000000)
  region size 1024K, 153 young (156672K), 7 survivors (7168K)
 Metaspace       used 68631K, capacity 69195K, committed 69372K, reserved 1107968K
  class space    used 10063K, capacity 10291K, committed 10316K, reserved 1048576K
}
Event: 8700.456 GC heap after
{Heap after GC invocations=41 (full 0):
 garbage-first heap   total 262144K, used 41136K [0x0000000700c00000, 0x0000000800000000)
  region size 1024K, 7 young (7168K), 7 survivors (7168K)
 Metaspace       used 68631K, capacity 69195K, committed 69372K, reserved 1107968K
  class space    used 10063K, capacity 10291K, committed 10316K, reserved 1048576K
}
Event: 9310.097 GC heap before
{Heap before GC invocations=41 (full 0):
 garbage-first heap   total 262144K, used 190640K [0x0000000700c00000, 0x0000000800000000)
  region size 1024K, 153 young (156672K), 7 survivors (7168K)
 Metaspace       used 68632K, capacity 69195K, committed 69372K, reserved 1107968K
  class space    used 10063K, capacity 10291K, committed 10316K, reserved 1048576K
}
Event: 9310.103 GC heap after
{Heap after GC invocations=42 (full 0):
 garbage-first heap   total 262144K, used 41169K [0x0000000700c00000, 0x0000000800000000)
  region size 1024K, 7 young (7168K), 7 survivors (7168K)
 Metaspace       used 68632K, capacity 69195K, committed 69372K, reserved 1107968K
  class space    used 10063K, capacity 10291K, committed 10316K, reserved 1048576K
}
Event: 9921.557 GC heap before
{Heap before GC invocations=42 (full 0):
 garbage-first heap   total 262144K, used 190673K [0x0000000700c00000, 0x0000000800000000)
  region size 1024K, 153 young (156672K), 7 survivors (7168K)
 Metaspace       used 68632K, capacity 69195K, committed 69372K, reserved 1107968K
  class space    used 10063K, capacity 10291K, committed 10316K, reserved 1048576K
}
Event: 9921.562 GC heap after
{Heap after GC invocations=43 (full 0):
 garbage-first heap   total 262144K, used 41010K [0x0000000700c00000, 0x0000000800000000)
  region size 1024K, 7 young (7168K), 7 survivors (7168K)
 Metaspace       used 68632K, capacity 69195K, committed 69372K, reserved 1107968K
  class space    used 10063K, capacity 10291K, committed 10316K, reserved 1048576K
}
Event: 10532.542 GC heap before
{Heap before GC invocations=43 (full 0):
 garbage-first heap   total 262144K, used 190514K [0x0000000700c00000, 0x0000000800000000)
  region size 1024K, 153 young (156672K), 7 survivors (7168K)
 Metaspace       used 68632K, capacity 69195K, committed 69372K, reserved 1107968K
  class space    used 10063K, capacity 10291K, committed 10316K, reserved 1048576K
}
Event: 10532.548 GC heap after
{Heap after GC invocations=44 (full 0):
 garbage-first heap   total 262144K, used 41131K [0x0000000700c00000, 0x0000000800000000)
  region size 1024K, 7 young (7168K), 7 survivors (7168K)
 Metaspace       used 68632K, capacity 69195K, committed 69372K, reserved 1107968K
  class space    used 10063K, capacity 10291K, committed 10316K, reserved 1048576K
}
Event: 11142.183 GC heap before
{Heap before GC invocations=44 (full 0):
 garbage-first heap   total 262144K, used 190635K [0x0000000700c00000, 0x0000000800000000)
  region size 1024K, 153 young (156672K), 7 survivors (7168K)
 Metaspace       used 68633K, capacity 69195K, committed 69372K, reserved 1107968K
  class space    used 10063K, capacity 10291K, committed 10316K, reserved 1048576K
}
Event: 11142.189 GC heap after
{Heap after GC invocations=45 (full 0):
 garbage-first heap   total 262144K, used 41301K [0x0000000700c00000, 0x0000000800000000)
  region size 1024K, 7 young (7168K), 7 survivors (7168K)
 Metaspace       used 68633K, capacity 69195K, committed 69372K, reserved 1107968K
  class space    used 10063K, capacity 10291K, committed 10316K, reserved 1048576K
}
Event: 11754.186 GC heap before
{Heap before GC invocations=45 (full 0):
 garbage-first heap   total 262144K, used 190805K [0x0000000700c00000, 0x0000000800000000)
  region size 1024K, 153 young (156672K), 7 survivors (7168K)
 Metaspace       used 68635K, capacity 69195K, committed 69372K, reserved 1107968K
  class space    used 10063K, capacity 10291K, committed 10316K, reserved 1048576K
}
Event: 11754.191 GC heap after
{Heap after GC invocations=46 (full 0):
 garbage-first heap   total 262144K, used 38629K [0x0000000700c00000, 0x0000000800000000)
  region size 1024K, 5 young (5120K), 5 survivors (5120K)
 Metaspace       used 68635K, capacity 69195K, committed 69372K, reserved 1107968K
  class space    used 10063K, capacity 10291K, committed 10316K, reserved 1048576K
}
Event: 12339.934 GC heap before
{Heap before GC invocations=46 (full 0):
 garbage-first heap   total 262144K, used 189157K [0x0000000700c00000, 0x0000000800000000)
  region size 1024K, 153 young (156672K), 5 survivors (5120K)
 Metaspace       used 70738K, capacity 71424K, committed 71804K, reserved 1110016K
  class space    used 10282K, capacity 10565K, committed 10700K, reserved 1048576K
}
Event: 12339.939 GC heap after
{Heap after GC invocations=47 (full 0):
 garbage-first heap   total 262144K, used 38750K [0x0000000700c00000, 0x0000000800000000)
  region size 1024K, 5 young (5120K), 5 survivors (5120K)
 Metaspace       used 70738K, capacity 71424K, committed 71804K, reserved 1110016K
  class space    used 10282K, capacity 10565K, committed 10700K, reserved 1048576K
}
Event: 12956.163 GC heap before
{Heap before GC invocations=47 (full 0):
 garbage-first heap   total 262144K, used 190302K [0x0000000700c00000, 0x0000000800000000)
  region size 1024K, 153 young (156672K), 5 survivors (5120K)
 Metaspace       used 70838K, capacity 71554K, committed 71804K, reserved 1110016K
  class space    used 10282K, capacity 10565K, committed 10700K, reserved 1048576K
}
Event: 12956.169 GC heap after
{Heap after GC invocations=48 (full 0):
 garbage-first heap   total 262144K, used 38809K [0x0000000700c00000, 0x0000000800000000)
  region size 1024K, 5 young (5120K), 5 survivors (5120K)
 Metaspace       used 70838K, capacity 71554K, committed 71804K, reserved 1110016K
  class space    used 10282K, capacity 10565K, committed 10700K, reserved 1048576K
}
Event: 13456.183 GC heap before
{Heap before GC invocations=48 (full 0):
 garbage-first heap   total 262144K, used 189337K [0x0000000700c00000, 0x0000000800000000)
  region size 1024K, 153 young (156672K), 5 survivors (5120K)
 Metaspace       used 72605K, capacity 73929K, committed 73980K, reserved 1112064K
  class space    used 10599K, capacity 11071K, committed 11084K, reserved 1048576K
}
Event: 13456.188 GC heap after
{Heap after GC invocations=49 (full 0):
 garbage-first heap   total 262144K, used 39372K [0x0000000700c00000, 0x0000000800000000)
  region size 1024K, 6 young (6144K), 6 survivors (6144K)
 Metaspace       used 72605K, capacity 73929K, committed 73980K, reserved 1112064K
  class space    used 10599K, capacity 11071K, committed 11084K, reserved 1048576K
}
Event: 13999.603 GC heap before
{Heap before GC invocations=49 (full 0):
 garbage-first heap   total 262144K, used 188876K [0x0000000700c00000, 0x0000000800000000)
  region size 1024K, 153 young (156672K), 6 survivors (6144K)
 Metaspace       used 73296K, capacity 74814K, committed 75004K, reserved 1114112K
  class space    used 10727K, capacity 11249K, committed 11340K, reserved 1048576K
}
Event: 13999.609 GC heap after
{Heap after GC invocations=50 (full 0):
 garbage-first heap   total 262144K, used 40298K [0x0000000700c00000, 0x0000000800000000)
  region size 1024K, 6 young (6144K), 6 survivors (6144K)
 Metaspace       used 73296K, capacity 74814K, committed 75004K, reserved 1114112K
  class space    used 10727K, capacity 11249K, committed 11340K, reserved 1048576K
}

Deoptimization events (20 events):
Event: 14325.936 Thread 0x000001a06dad9800 DEOPT PACKING pc=0x000001a050993164 sp=0x0000001e5a2fdc00
Event: 14325.936 Thread 0x000001a06dad9800 DEOPT UNPACKING pc=0x000001a04fcdbb5e sp=0x0000001e5a2fd118 mode 1
Event: 14325.936 Thread 0x000001a06dad9800 DEOPT PACKING pc=0x000001a05098c49c sp=0x0000001e5a2fdcd0
Event: 14325.936 Thread 0x000001a06dad9800 DEOPT UNPACKING pc=0x000001a04fcdbb5e sp=0x0000001e5a2fd210 mode 1
Event: 14325.936 Thread 0x000001a06dad9800 DEOPT PACKING pc=0x000001a050993164 sp=0x0000001e5a2fd980
Event: 14325.936 Thread 0x000001a06dad9800 DEOPT UNPACKING pc=0x000001a04fcdbb5e sp=0x0000001e5a2fce98 mode 1
Event: 14325.936 Thread 0x000001a06dad9800 DEOPT PACKING pc=0x000001a05098c49c sp=0x0000001e5a2fda50
Event: 14325.936 Thread 0x000001a06dad9800 DEOPT UNPACKING pc=0x000001a04fcdbb5e sp=0x0000001e5a2fcf90 mode 1
Event: 14325.936 Thread 0x000001a06dad9800 DEOPT PACKING pc=0x000001a050993164 sp=0x0000001e5a2fd980
Event: 14325.936 Thread 0x000001a06dad9800 DEOPT UNPACKING pc=0x000001a04fcdbb5e sp=0x0000001e5a2fce98 mode 1
Event: 14325.936 Thread 0x000001a06dad9800 DEOPT PACKING pc=0x000001a05098c49c sp=0x0000001e5a2fda50
Event: 14325.936 Thread 0x000001a06dad9800 DEOPT UNPACKING pc=0x000001a04fcdbb5e sp=0x0000001e5a2fcf90 mode 1
Event: 14330.433 Thread 0x000001a06cc1c000 DEOPT PACKING pc=0x000001a050993164 sp=0x0000001e590fda10
Event: 14330.433 Thread 0x000001a06cc1c000 DEOPT UNPACKING pc=0x000001a04fcdbb5e sp=0x0000001e590fcf38 mode 1
Event: 14330.498 Thread 0x000001a06d3ea800 DEOPT PACKING pc=0x000001a057bdb890 sp=0x0000001e597fef50
Event: 14330.498 Thread 0x000001a06d3ea800 DEOPT UNPACKING pc=0x000001a04fcdbb5e sp=0x0000001e597fe328 mode 0
Event: 14330.499 Thread 0x000001a06d3ea800 DEOPT PACKING pc=0x000001a057bd75b0 sp=0x0000001e597ff040
Event: 14330.499 Thread 0x000001a06d3ea800 DEOPT UNPACKING pc=0x000001a04fcdbb5e sp=0x0000001e597fe480 mode 0
Event: 14330.499 Thread 0x000001a06d3ea800 DEOPT PACKING pc=0x000001a057bcb35c sp=0x0000001e597ff160
Event: 14330.499 Thread 0x000001a06d3ea800 DEOPT UNPACKING pc=0x000001a04fcdbb5e sp=0x0000001e597fe5e8 mode 0

Classes redefined (20 events):
Event: 13481.034 Thread 0x000001a06c6e1000 redefined class name=genspark.assignments.section1.AddOne, count=2
Event: 13541.221 Thread 0x000001a06c6e1000 redefined class name=genspark.assignments.section1.AddTwoTogether, count=1
Event: 13541.312 Thread 0x000001a06c6e1000 redefined class name=genspark.assignments.section1.AddTwoTogether, count=2
Event: 13575.827 Thread 0x000001a06c6e1000 redefined class name=genspark.assignments.section1.Decrement, count=1
Event: 13575.916 Thread 0x000001a06c6e1000 redefined class name=genspark.assignments.section1.Decrement, count=2
Event: 13928.082 Thread 0x000001a06c6e1000 redefined class name=genspark.assignments.section1.SquareANumber, count=1
Event: 13928.204 Thread 0x000001a06c6e1000 redefined class name=genspark.assignments.section1.SquareANumber, count=2
Event: 14072.096 Thread 0x000001a06c6e1000 redefined class name=genspark.assignments.section1.CubeANumber, count=1
Event: 14072.176 Thread 0x000001a06c6e1000 redefined class name=genspark.assignments.section1.CubeANumber, count=2
Event: 14121.160 Thread 0x000001a06c6e1000 redefined class name=genspark.assignments.section1.DivideByTwo, count=1
Event: 14121.253 Thread 0x000001a06c6e1000 redefined class name=genspark.assignments.section1.DivideByTwo, count=2
Event: 14141.240 Thread 0x000001a06c6e1000 redefined class name=genspark.assignments.section1.DivideByTwo, count=3
Event: 14141.328 Thread 0x000001a06c6e1000 redefined class name=genspark.assignments.section1.DivideByTwo, count=4
Event: 14171.377 Thread 0x000001a06c6e1000 redefined class name=genspark.assignments.section1.DivideByTwo, count=5
Event: 14171.469 Thread 0x000001a06c6e1000 redefined class name=genspark.assignments.section1.DivideByTwo, count=6
Event: 14192.281 Thread 0x000001a06c6e1000 redefined class name=genspark.assignments.section1.DivideByTwo, count=7
Event: 14192.371 Thread 0x000001a06c6e1000 redefined class name=genspark.assignments.section1.DivideByTwo, count=8
Event: 14325.728 Thread 0x000001a06c6e1000 redefined class name=genspark.assignments.section1.DivideByTwo, count=9
Event: 14325.816 Thread 0x000001a06c6e1000 redefined class name=genspark.assignments.section1.DivideByTwo, count=10
Event: 14330.436 Thread 0x000001a06c6e1000 redefined class name=genspark.assignments.section1.DivideByTwo, count=11

Internal exceptions (20 events):
Event: 14169.967 Thread 0x000001a06d3eb000 Exception <a 'sun/nio/fs/WindowsException'{0x000000070da07588}> (0x000000070da07588) thrown at [./src/hotspot/share/prims/jni.cpp, line 616]
Event: 14169.968 Thread 0x000001a06d3eb000 Exception <a 'sun/nio/fs/WindowsException'{0x000000070da079b0}> (0x000000070da079b0) thrown at [./src/hotspot/share/prims/jni.cpp, line 616]
Event: 14171.544 Thread 0x000001a06dad9800 Exception <a 'java/lang/NoSuchMethodError'{0x000000070da86e88}: <clinit>> (0x000000070da86e88) thrown at [./src/hotspot/share/prims/jni.cpp, line 1363]
Event: 14190.766 Thread 0x000001a06d3eb000 Exception <a 'sun/nio/fs/WindowsException'{0x000000070d481208}> (0x000000070d481208) thrown at [./src/hotspot/share/prims/jni.cpp, line 616]
Event: 14190.766 Thread 0x000001a06d3eb000 Exception <a 'sun/nio/fs/WindowsException'{0x000000070d481600}> (0x000000070d481600) thrown at [./src/hotspot/share/prims/jni.cpp, line 616]
Event: 14190.766 Thread 0x000001a06d3eb000 Exception <a 'sun/nio/fs/WindowsException'{0x000000070d481bb8}> (0x000000070d481bb8) thrown at [./src/hotspot/share/prims/jni.cpp, line 616]
Event: 14190.766 Thread 0x000001a06d3eb000 Exception <a 'sun/nio/fs/WindowsException'{0x000000070d4821a8}> (0x000000070d4821a8) thrown at [./src/hotspot/share/prims/jni.cpp, line 616]
Event: 14190.766 Thread 0x000001a06d3eb000 Exception <a 'sun/nio/fs/WindowsException'{0x000000070d4825d0}> (0x000000070d4825d0) thrown at [./src/hotspot/share/prims/jni.cpp, line 616]
Event: 14192.482 Thread 0x000001a06dad9800 Exception <a 'java/lang/NoSuchMethodError'{0x000000070d20cdf8}: <clinit>> (0x000000070d20cdf8) thrown at [./src/hotspot/share/prims/jni.cpp, line 1363]
Event: 14324.296 Thread 0x000001a06d3eb000 Exception <a 'sun/nio/fs/WindowsException'{0x000000070b483448}> (0x000000070b483448) thrown at [./src/hotspot/share/prims/jni.cpp, line 616]
Event: 14324.296 Thread 0x000001a06d3eb000 Exception <a 'sun/nio/fs/WindowsException'{0x000000070b483840}> (0x000000070b483840) thrown at [./src/hotspot/share/prims/jni.cpp, line 616]
Event: 14324.296 Thread 0x000001a06d3eb000 Exception <a 'sun/nio/fs/WindowsException'{0x000000070b284580}> (0x000000070b284580) thrown at [./src/hotspot/share/prims/jni.cpp, line 616]
Event: 14324.296 Thread 0x000001a06d3eb000 Exception <a 'sun/nio/fs/WindowsException'{0x000000070b284b70}> (0x000000070b284b70) thrown at [./src/hotspot/share/prims/jni.cpp, line 616]
Event: 14324.296 Thread 0x000001a06d3eb000 Exception <a 'sun/nio/fs/WindowsException'{0x000000070b284f98}> (0x000000070b284f98) thrown at [./src/hotspot/share/prims/jni.cpp, line 616]
Event: 14325.903 Thread 0x000001a06dad9800 Exception <a 'java/lang/NoSuchMethodError'{0x000000070b2f5c50}: <clinit>> (0x000000070b2f5c50) thrown at [./src/hotspot/share/prims/jni.cpp, line 1363]
Event: 14329.032 Thread 0x000001a06d3eb000 Exception <a 'sun/nio/fs/WindowsException'{0x000000070af06e20}> (0x000000070af06e20) thrown at [./src/hotspot/share/prims/jni.cpp, line 616]
Event: 14329.032 Thread 0x000001a06d3eb000 Exception <a 'sun/nio/fs/WindowsException'{0x000000070af07218}> (0x000000070af07218) thrown at [./src/hotspot/share/prims/jni.cpp, line 616]
Event: 14329.032 Thread 0x000001a06d3eb000 Exception <a 'sun/nio/fs/WindowsException'{0x000000070af077d0}> (0x000000070af077d0) thrown at [./src/hotspot/share/prims/jni.cpp, line 616]
Event: 14329.032 Thread 0x000001a06d3eb000 Exception <a 'sun/nio/fs/WindowsException'{0x000000070af07dc0}> (0x000000070af07dc0) thrown at [./src/hotspot/share/prims/jni.cpp, line 616]
Event: 14329.032 Thread 0x000001a06d3eb000 Exception <a 'sun/nio/fs/WindowsException'{0x000000070af081e8}> (0x000000070af081e8) thrown at [./src/hotspot/share/prims/jni.cpp, line 616]

Events (20 events):
Event: 14330.336 Thread 0x000001a0775a0000 Thread exited: 0x000001a0775a0000
Event: 14330.337 Thread 0x000001a0775a5800 Thread added: 0x000001a0775a5800
Event: 14330.337 Thread 0x000001a0775a0000 Thread added: 0x000001a0775a0000
Event: 14330.337 Thread 0x000001a0775a1800 Thread added: 0x000001a0775a1800
Event: 14330.337 Thread 0x000001a0775a8000 Thread added: 0x000001a0775a8000
Event: 14330.338 Thread 0x000001a0775a3000 Thread added: 0x000001a0775a3000
Event: 14330.338 Thread 0x000001a0775a4000 Thread added: 0x000001a0775a4000
Event: 14330.338 Executing VM operation: RevokeBias
Event: 14330.338 Executing VM operation: RevokeBias done
Event: 14330.339 Thread 0x000001a07759f000 Thread exited: 0x000001a07759f000
Event: 14330.339 Executing VM operation: RevokeBias
Event: 14330.339 Executing VM operation: RevokeBias done
Event: 14330.339 Thread 0x000001a07759b000 Thread exited: 0x000001a07759b000
Event: 14330.430 Thread 0x000001a07759f000 Thread added: 0x000001a07759f000
Event: 14330.430 Thread 0x000001a07759b000 Thread added: 0x000001a07759b000
Event: 14330.436 Executing VM operation: RedefineClasses
Event: 14330.498 Executing VM operation: RedefineClasses done
Event: 14330.499 Thread 0x000001a070dfa000 Thread added: 0x000001a070dfa000
Event: 14330.499 Thread 0x000001a070dfb000 Thread added: 0x000001a070dfb000
Event: 14330.500 Thread 0x000001a070df5800 Thread added: 0x000001a070df5800


Dynamic libraries:
0x00007ff7c33b0000 - 0x00007ff7c33bd000 	C:\Genspark\dcevm-11.0.11+1\bin\java.exe
0x00007ffaf7c30000 - 0x00007ffaf7e25000 	C:\Windows\SYSTEM32\ntdll.dll
0x00007ffaf67e0000 - 0x00007ffaf689e000 	C:\Windows\System32\KERNEL32.DLL
0x00007ffaf5540000 - 0x00007ffaf5808000 	C:\Windows\System32\KERNELBASE.dll
0x00007ffaf2760000 - 0x00007ffaf27f0000 	C:\Windows\SYSTEM32\apphelp.dll
0x00007ffaf5860000 - 0x00007ffaf5960000 	C:\Windows\System32\ucrtbase.dll
0x00007ffae5590000 - 0x00007ffae55a5000 	C:\Genspark\dcevm-11.0.11+1\bin\VCRUNTIME140.dll
0x00007ffadb530000 - 0x00007ffadb547000 	C:\Genspark\dcevm-11.0.11+1\bin\jli.dll
0x00007ffaf6630000 - 0x00007ffaf67d1000 	C:\Windows\System32\USER32.dll
0x00007ffaf5480000 - 0x00007ffaf54a2000 	C:\Windows\System32\win32u.dll
0x00007ffaf7480000 - 0x00007ffaf74ab000 	C:\Windows\System32\GDI32.dll
0x00007ffadc110000 - 0x00007ffadc3aa000 	C:\Windows\WinSxS\amd64_microsoft.windows.common-controls_6595b64144ccf1df_6.0.19041.1110_none_60b5254171f9507e\COMCTL32.dll
0x00007ffaf5b60000 - 0x00007ffaf5c6d000 	C:\Windows\System32\gdi32full.dll
0x00007ffaf5ac0000 - 0x00007ffaf5b5d000 	C:\Windows\System32\msvcp_win.dll
0x00007ffaf7360000 - 0x00007ffaf73fe000 	C:\Windows\System32\msvcrt.dll
0x00007ffaf6a90000 - 0x00007ffaf6ac0000 	C:\Windows\System32\IMM32.DLL
0x00007ffa7e810000 - 0x00007ffa7e8ab000 	C:\Genspark\dcevm-11.0.11+1\bin\msvcp140.dll
0x00007ffa77a90000 - 0x00007ffa78574000 	C:\Genspark\dcevm-11.0.11+1\bin\server\jvm.dll
0x00007ffaf68a0000 - 0x00007ffaf694e000 	C:\Windows\System32\ADVAPI32.dll
0x00007ffaf6460000 - 0x00007ffaf64fc000 	C:\Windows\System32\sechost.dll
0x00007ffaf6500000 - 0x00007ffaf6625000 	C:\Windows\System32\RPCRT4.dll
0x00007ffaf6a80000 - 0x00007ffaf6a88000 	C:\Windows\System32\PSAPI.DLL
0x00007ffadc470000 - 0x00007ffadc479000 	C:\Windows\SYSTEM32\WSOCK32.dll
0x00007ffaebc80000 - 0x00007ffaebc8a000 	C:\Windows\SYSTEM32\VERSION.dll
0x00007ffaeb580000 - 0x00007ffaeb5a7000 	C:\Windows\SYSTEM32\WINMM.dll
0x00007ffaf7ad0000 - 0x00007ffaf7b3b000 	C:\Windows\System32\WS2_32.dll
0x00007ffaf3c10000 - 0x00007ffaf3c22000 	C:\Windows\SYSTEM32\kernel.appcore.dll
0x00007ffae6130000 - 0x00007ffae6140000 	C:\Genspark\dcevm-11.0.11+1\bin\verify.dll
0x00007ffaf3860000 - 0x00007ffaf3a44000 	C:\Windows\SYSTEM32\DBGHELP.DLL
0x00007ffaeb6e0000 - 0x00007ffaeb70c000 	C:\Windows\SYSTEM32\dbgcore.DLL
0x00007ffaf53f0000 - 0x00007ffaf5472000 	C:\Windows\System32\bcryptPrimitives.dll
0x00007ffadb500000 - 0x00007ffadb528000 	C:\Genspark\dcevm-11.0.11+1\bin\java.dll
0x00007ffae5580000 - 0x00007ffae558a000 	C:\Genspark\dcevm-11.0.11+1\bin\jimage.dll
0x00007ffad9a90000 - 0x00007ffad9ac8000 	C:\Genspark\dcevm-11.0.11+1\bin\jdwp.dll
0x00007ffada8c0000 - 0x00007ffada8ce000 	C:\Genspark\dcevm-11.0.11+1\bin\instrument.dll
0x00007ffad9c40000 - 0x00007ffad9c57000 	C:\Genspark\dcevm-11.0.11+1\bin\zip.dll
0x00007ffaf5d10000 - 0x00007ffaf6454000 	C:\Windows\System32\SHELL32.dll
0x00007ffaf3000000 - 0x00007ffaf3795000 	C:\Windows\SYSTEM32\windows.storage.dll
0x00007ffaf6ee0000 - 0x00007ffaf7235000 	C:\Windows\System32\combase.dll
0x00007ffaf4d90000 - 0x00007ffaf4dbe000 	C:\Windows\SYSTEM32\Wldp.dll
0x00007ffaf7b40000 - 0x00007ffaf7bed000 	C:\Windows\System32\SHCORE.dll
0x00007ffaf6b20000 - 0x00007ffaf6b75000 	C:\Windows\System32\shlwapi.dll
0x00007ffaf5280000 - 0x00007ffaf529f000 	C:\Windows\SYSTEM32\profapi.dll
0x00007ffad9bf0000 - 0x00007ffad9bfa000 	C:\Genspark\dcevm-11.0.11+1\bin\dt_socket.dll
0x00007ffaf4af0000 - 0x00007ffaf4b5a000 	C:\Windows\system32\mswsock.dll
0x00007ffad9c20000 - 0x00007ffad9c39000 	C:\Genspark\dcevm-11.0.11+1\bin\net.dll
0x00007ffaec5d0000 - 0x00007ffaec6dc000 	C:\Windows\SYSTEM32\WINHTTP.dll
0x00007ffad9c00000 - 0x00007ffad9c12000 	C:\Genspark\dcevm-11.0.11+1\bin\nio.dll
0x00007ffaf47e0000 - 0x00007ffaf48ab000 	C:\Windows\SYSTEM32\DNSAPI.dll
0x00007ffaf4790000 - 0x00007ffaf47cb000 	C:\Windows\SYSTEM32\IPHLPAPI.DLL
0x00007ffaf74b0000 - 0x00007ffaf74b8000 	C:\Windows\System32\NSI.dll
0x0000000069d20000 - 0x0000000069d46000 	C:\Program Files\Bonjour\mdnsNSP.dll
0x00007ffaebd30000 - 0x00007ffaebd3a000 	C:\Windows\System32\rasadhlp.dll
0x00007ffaebb60000 - 0x00007ffaebbdf000 	C:\Windows\System32\fwpuclnt.dll
0x00007ffaf5510000 - 0x00007ffaf5537000 	C:\Windows\System32\bcrypt.dll
0x00007ffaf4ce0000 - 0x00007ffaf4cf8000 	C:\Windows\SYSTEM32\CRYPTSP.dll
0x00007ffaf4400000 - 0x00007ffaf4434000 	C:\Windows\system32\rsaenh.dll
0x00007ffaf5240000 - 0x00007ffaf526e000 	C:\Windows\SYSTEM32\USERENV.dll
0x00007ffaf4d00000 - 0x00007ffaf4d0c000 	C:\Windows\SYSTEM32\CRYPTBASE.dll
0x00007ffaee370000 - 0x00007ffaee387000 	C:\Windows\SYSTEM32\dhcpcsvc6.DLL
0x00007ffaee260000 - 0x00007ffaee27d000 	C:\Windows\SYSTEM32\dhcpcsvc.DLL
0x00007ffad8b80000 - 0x00007ffad8ba5000 	C:\Genspark\dcevm-11.0.11+1\bin\sunec.dll
0x0000000066f40000 - 0x0000000066f6d000 	C:\Users\tywal\AppData\Local\Temp\liblz4-java3901923640813562110.so
0x00007ffadc3f0000 - 0x00007ffadc3f9000 	C:\Genspark\dcevm-11.0.11+1\bin\management.dll
0x00007ffadb4f0000 - 0x00007ffadb4fb000 	C:\Genspark\dcevm-11.0.11+1\bin\management_ext.dll
0x00007ffa77830000 - 0x00007ffa77a89000 	C:\Users\tywal\AppData\Local\Temp\io_grpc_netty_shaded_netty_tcnative_windows_x86_6417779049152994519992.dll
0x00007ffaca870000 - 0x00007ffaca887000 	C:\Windows\system32\napinsp.dll
0x00007ffac93e0000 - 0x00007ffac93fb000 	C:\Windows\system32\pnrpnsp.dll
0x00007ffaefdf0000 - 0x00007ffaefe05000 	C:\Windows\system32\wshbth.dll
0x00007ffaee520000 - 0x00007ffaee53d000 	C:\Windows\system32\NLAapi.dll
0x00007ffac93c0000 - 0x00007ffac93d2000 	C:\Windows\System32\winrnr.dll
0x00007ffad9be0000 - 0x00007ffad9bee000 	C:\Genspark\dcevm-11.0.11+1\bin\sunmscapi.dll
0x00007ffaf5960000 - 0x00007ffaf5ab6000 	C:\Windows\System32\CRYPT32.dll
0x00007ffaf4e00000 - 0x00007ffaf4e27000 	C:\Windows\SYSTEM32\ncrypt.dll
0x00007ffaf4dc0000 - 0x00007ffaf4dfb000 	C:\Windows\SYSTEM32\NTASN1.dll
0x00007ffa7e290000 - 0x00007ffa7e429000 	C:\Genspark\dcevm-11.0.11+1\bin\awt.dll
0x00007ffaf6b80000 - 0x00007ffaf6c4d000 	C:\Windows\System32\OLEAUT32.dll
0x00007ffaf28a0000 - 0x00007ffaf293e000 	C:\Windows\system32\uxtheme.dll
0x00007ffa81820000 - 0x00007ffa8192e000 	C:\Program Files (x86)\Razer\Razer Cortex\x64\k_fps64.dll
0x00007ffac5780000 - 0x00007ffac57d7000 	C:\Program Files (x86)\Razer\Razer Cortex\x64\EasyHook64.dll
0x00007ffa81530000 - 0x00007ffa815af000 	C:\Program Files (x86)\Razer\Razer Cortex\x64\d3dx10_43.dll
0x00007ffa815b0000 - 0x00007ffa8181f000 	C:\Program Files (x86)\Razer\Razer Cortex\x64\D3DCOMPILER_43.dll
0x00007ffab04e0000 - 0x00007ffab0605000 	C:\Windows\SYSTEM32\OPENGL32.dll
0x00007ffaf74c0000 - 0x00007ffaf75ea000 	C:\Windows\System32\ole32.dll
0x00007ffad4a80000 - 0x00007ffad4aac000 	C:\Windows\SYSTEM32\GLU32.dll
0x00007ffa812c0000 - 0x00007ffa81523000 	C:\Program Files (x86)\Razer\Razer Cortex\x64\d3dx9_43.dll
0x00007ffaf7240000 - 0x00007ffaf7355000 	C:\Windows\System32\MSCTF.dll
0x00007ffaf0c10000 - 0x00007ffaf0c24000 	C:\Windows\system32\Wtsapi32.dll
0x00007ffaf40a0000 - 0x00007ffaf40fa000 	C:\Windows\SYSTEM32\WINSTA.dll
0x00007ffaf09e0000 - 0x00007ffaf0ad6000 	C:\Windows\SYSTEM32\PROPSYS.dll
0x00007ffae3720000 - 0x00007ffae390b000 	C:\Windows\SYSTEM32\urlmon.dll
0x00007ffaf47d0000 - 0x00007ffaf47dc000 	C:\Windows\SYSTEM32\netutils.dll
0x00007ffae36f0000 - 0x00007ffae3718000 	C:\Windows\SYSTEM32\srvcli.dll
0x00007ffae3a80000 - 0x00007ffae3d30000 	C:\Windows\SYSTEM32\iertutil.dll
0x00007ffaf6950000 - 0x00007ffaf69f9000 	C:\Windows\System32\clbcatq.dll
0x00007ffaef6a0000 - 0x00007ffaef6bd000 	C:\Windows\System32\Windows.Shell.ServiceHostBuilder.dll
0x00007ffaebde0000 - 0x00007ffaec579000 	C:\Windows\System32\OneCoreUAPCommonProxyStub.dll
0x00007ffae2540000 - 0x00007ffae2686000 	C:\Windows\System32\Windows.StateRepositoryPS.dll
0x00007ffaf0e60000 - 0x00007ffaf0fb4000 	C:\Windows\System32\WinTypes.dll
0x00007ffad8960000 - 0x00007ffad8984000 	C:\Windows\SYSTEM32\edputil.dll
0x00007ffae18f0000 - 0x00007ffae18fc000 	C:\Windows\SYSTEM32\Secur32.dll
0x00007ffaf5200000 - 0x00007ffaf5231000 	C:\Windows\SYSTEM32\SSPICLI.DLL
0x00007ffac7ab0000 - 0x00007ffac7af2000 	C:\Windows\SYSTEM32\MLANG.dll
0x00007ffae5960000 - 0x00007ffae5e38000 	C:\Windows\SYSTEM32\WININET.dll
0x00007ffae64c0000 - 0x00007ffae650c000 	C:\Windows\System32\Windows.UI.AppDefaults.dll
0x00007ffaee010000 - 0x00007ffaee0b0000 	C:\Windows\SYSTEM32\policymanager.dll
0x00007ffaf4490000 - 0x00007ffaf451a000 	C:\Windows\SYSTEM32\msvcp110_win.dll
0x00007ffaf5810000 - 0x00007ffaf585e000 	C:\Windows\System32\CFGMGR32.dll
0x00007ffad7e50000 - 0x00007ffad7ecd000 	C:\Windows\System32\OneCoreCommonProxyStub.dll

dbghelp: loaded successfully - version: 4.0.5 - missing functions: none
symbol engine: initialized successfully - sym options: 0x614 - pdb path: .;C:\Genspark\dcevm-11.0.11+1\bin;C:\Windows\SYSTEM32;C:\Windows\WinSxS\amd64_microsoft.windows.common-controls_6595b64144ccf1df_6.0.19041.1110_none_60b5254171f9507e;C:\Genspark\dcevm-11.0.11+1\bin\server;C:\Program Files\Bonjour;C:\Users\tywal\AppData\Local\Temp;C:\Program Files (x86)\Razer\Razer Cortex\x64

VM Arguments:
jvm_args: -agentlib:jdwp=transport=dt_socket,address=127.0.0.1:55617,suspend=y,server=n -XX:HotswapAgent=core -Xlog:redefine+class*=info:file=src/main/java/reload_system/reload/reload.log -javaagent:C:\Users\tywal\AppData\Local\JetBrains\IdeaIC2021.3\captureAgent\debugger-agent.jar -Dfile.encoding=UTF-8 
java_command: Main
java_class_path (initial): C:\Genspark\genspark-java-core\genspark-java-core\target\classes;C:\Users\tywal\.m2\repository\genspark-backend\genspark-backend\1.4.4\genspark-backend-1.4.4.jar;C:\Users\tywal\.m2\repository\com\cognitect\transit-java\0.8.332\transit-java-0.8.332.jar;C:\Users\tywal\.m2\repository\com\google\cloud\google-cloud-firestore\2.6.1\google-cloud-firestore-2.6.1.jar;C:\Users\tywal\.m2\repository\org\clojure\data.json\0.2.6\data.json-0.2.6.jar;C:\Users\tywal\.m2\repository\org\clojure\clojure\1.11.0-alpha2\clojure-1.11.0-alpha2.jar;C:\Users\tywal\.m2\repository\commons-codec\commons-codec\1.15\commons-codec-1.15.jar;C:\Users\tywal\.m2\repository\org\eclipse\collections\eclipse-collections\11.0.0\eclipse-collections-11.0.0.jar;C:\Users\tywal\.m2\repository\com\google\errorprone\error_prone_annotations\2.7.1\error_prone_annotations-2.7.1.jar;C:\Users\tywal\.m2\repository\org\eclipse\collections\eclipse-collections-forkjoin\11.0.0\eclipse-collections-forkjoin-11.0.0.jar;C:\Users\tywal\.m2\repository\org\clojure\core.specs.alpha\0.2.62\core.specs.alpha-0.2.62.jar;C:\Users\tywal\.m2\repository\com\google\cloud\google-cloud-core-http\1.95.4\google-cloud-core-http-1.95.4.jar;C:\Users\tywal\.m2\repository\javax\annotation\javax.annotation-api\1.3.2\javax.annotation-api-1.3.2.jar;C:\Users\tywal\.m2\repository\com\google\oauth-client\google-oauth-client\1.31.5\google-oauth-client-1.31.5.jar;C:\Users\tywal\.m2\repository\com\google\auto\value\auto-value-annotations\1.8.1\auto-value-annotations-1.8.1.jar;C:\Users\tywal\.m2\repository\io\netty\netty-common\4.1.67.Final\netty-common-4.1.67.Final.jar;C:\Users\tywal\.m2\repository\com\google\auth\google-auth-library-credentials\0.26.0\google-auth-library-credentials-0.26.0.jar;C:\Users\tywal\.m2\repository\org\eclipse\collections\eclipse-collections-api\11.0.0\eclipse-collections-api-11.0.0.jar;C:\Users\tywal\.m2\repository\org\clojure\spec.alpha\0.2.194\spec.alpha-0.2.194.jar;C:\Users\tywal\.m2\repository\com\g
Launcher Type: SUN_STANDARD

[Global flags]
     intx CICompilerCount                          = 12                                        {product} {ergonomic}
     uint ConcGCThreads                            = 3                                         {product} {ergonomic}
     uint G1ConcRefinementThreads                  = 13                                        {product} {ergonomic}
   size_t G1HeapRegionSize                         = 1048576                                   {product} {ergonomic}
    uintx GCDrainStackTargetSize                   = 64                                        {product} {ergonomic}
    ccstr HotswapAgent                             = core                                      {product} {command line}
   size_t InitialHeapSize                          = 268435456                                 {product} {ergonomic}
   size_t MarkStackSize                            = 4194304                                   {product} {ergonomic}
   size_t MaxHeapSize                              = 4282384384                                {product} {ergonomic}
   size_t MaxNewSize                               = 2569011200                                {product} {ergonomic}
   size_t MinHeapDeltaBytes                        = 1048576                                   {product} {ergonomic}
    uintx NonNMethodCodeHeapSize                   = 7594288                                {pd product} {ergonomic}
    uintx NonProfiledCodeHeapSize                  = 122031976                              {pd product} {ergonomic}
    uintx ProfiledCodeHeapSize                     = 122031976                              {pd product} {ergonomic}
    uintx ReservedCodeCacheSize                    = 251658240                              {pd product} {ergonomic}
     bool SegmentedCodeCache                       = true                                      {product} {ergonomic}
     bool UseCompressedClassPointers               = true                                 {lp64_product} {ergonomic}
     bool UseCompressedOops                        = true                                 {lp64_product} {ergonomic}
     bool UseG1GC                                  = true                                      {product} {ergonomic}
     bool UseLargePagesIndividualAllocation        = false                                  {pd product} {ergonomic}

Logging:
Log output configuration:
 #0: stdout all=warning uptime,level,tags
 #1: stderr all=off uptime,level,tags
 #2: file=src/main/java/reload_system/reload/reload.log all=off,redefine*=info uptime,level,tags filecount=5,filesize=20480K

Environment Variables:
PATH=C:\Program Files\Common Files\Oracle\Java\javapath;C:\Program Files (x86)\Razer Chroma SDK\bin;C:\Program Files\Razer Chroma SDK\bin;C:\Program Files (x86)\Razer\ChromaBroadcast\bin;C:\Program Files\Razer\ChromaBroadcast\bin;C:\Program Files (x86)\Common Files\Intel\Shared Libraries\redist\intel64\compiler;C:\Windows\system32;C:\Windows;C:\Windows\System32\Wbem;C:\Windows\System32\WindowsPowerShell\v1.0\;C:\Windows\System32\OpenSSH\;C:\Program Files\NVIDIA Corporation\NVIDIA NvDLISR;C:\Program Files (x86)\NVIDIA Corporation\PhysX\Common;C:\Windows\system32\config\systemprofile\AppData\Local\Microsoft\WindowsApps;C:\Users\tywal\AppData\Local\Microsoft\WindowsApps;C:\Program Files\dotnet\;C:\Program Files\Git\cmd;C:\Program Files\nodejs\;C:\Users\tywal\AppData\Local\Programs\Microsoft VS Code\bin;C:\Program Files\Win7TaskManager";C:\Users\tywal\AppData\Roaming\npm
USERNAME=tywal
OS=Windows_NT
PROCESSOR_IDENTIFIER=AMD64 Family 23 Model 8 Stepping 2, AuthenticAMD



---------------  S Y S T E M  ---------------

OS: Windows 10 , 64 bit Build 19041 (10.0.19041.1466)
OS uptime: 0 days 6:40 hours

CPU:total 16 (initial active 16) (16 cores per cpu, 2 threads per core) family 23 model 8 stepping 2 microcode 0x0, cmov, cx8, fxsr, mmx, sse, sse2, sse3, ssse3, sse4.1, sse4.2, popcnt, avx, avx2, aes, clmul, mmxext, 3dnowpref, lzcnt, sse4a, ht, tsc, tscinvbit, tscinv, bmi1, bmi2, adx, s

Memory: 4k page, system-wide physical 16333M (5773M free)
TotalPageFile size 29645M (AvailPageFile size 10314M)
current process WorkingSet (physical memory assigned to process): 496M, peak: 584M
current process commit charge ("private bytes"): 652M, peak: 744M

vm_info: Dynamic Code Evolution 64-Bit Server VM (11.0.11+1-202105021746) for windows-amd64 JRE (11.0.11+1-202105021746), built on May  2 2021 18:05:20 by "" with MS VC++ 15.9 (VS2017)

END.
