#
# A fatal error has been detected by the Java Runtime Environment:
#
#  EXCEPTION_ACCESS_VIOLATION (0xc0000005) at pc=0x00007fff83c5b405, pid=16560, tid=28700
#
# JRE version: OpenJDK Runtime Environment AdoptOpenJDK-dcevm-11.0.11+1-202105021746 (11.0.11+1) (build 11.0.11+1-202105021746)
# Java VM: Dynamic Code Evolution 64-Bit Server VM AdoptOpenJDK-dcevm-11.0.11+1-202105021746 (11.0.11+1-202105021746, mixed mode, tiered, compressed oops, g1 gc, windows-amd64)
# Problematic frame:
# V  [jvm.dll+0x46b405]
#
# No core dump will be written. Minidumps are not enabled by default on client versions of Windows
#
# If you would like to submit a bug report, please visit:
#   https://github.com/AdoptOpenJDK/openjdk-support/issues
#

---------------  S U M M A R Y ------------

Command Line: -agentlib:jdwp=transport=dt_socket,address=127.0.0.1:63893,suspend=y,server=n -XX:HotswapAgent=core -Xlog:redefine+class*=info:file=src/main/java/reload_system/reload/reload.log -javaagent:C:\Users\tywal\AppData\Local\JetBrains\IdeaIC2021.3\captureAgent\debugger-agent.jar -Dfile.encoding=UTF-8 Main

Host: AMD Ryzen 7 2700X Eight-Core Processor         , 16 cores, 15G,  Windows 10 , 64 bit Build 19041 (10.0.19041.1503)
Time: Tue Mar  8 08:58:19 2022 Eastern Standard Time elapsed time: 19676.238574 seconds (0d 5h 27m 56s)

---------------  T H R E A D  ---------------

Current thread (0x000002d075ff3000):  JavaThread "Thread-120" daemon [_thread_in_vm, id=28700, stack(0x000000fdd3b00000,0x000000fdd3c00000)]

Stack: [0x000000fdd3b00000,0x000000fdd3c00000],  sp=0x000000fdd3bfe9c0,  free space=1018k
Native frames: (J=compiled Java code, j=interpreted, Vv=VM code, C=native code)
V  [jvm.dll+0x46b405]
V  [jvm.dll+0x1d3f1f]
V  [jvm.dll+0x46d794]
V  [jvm.dll+0x46cfa4]
V  [jvm.dll+0x7404b7]
V  [jvm.dll+0x4adc27]
V  [jvm.dll+0x4767c2]
C  [instrument.dll+0x408c]

Java frames: (J=compiled Java code, j=interpreted, Vv=VM code)
j  sun.instrument.InstrumentationImpl.redefineClasses0(J[Ljava/lang/instrument/ClassDefinition;)V+0 java.instrument@11.0.11
j  sun.instrument.InstrumentationImpl.redefineClasses([Ljava/lang/instrument/ClassDefinition;)V+73 java.instrument@11.0.11
j  org.hotswap.agent.config.PluginManager.hotswap(Ljava/util/Map;)V+168
j  org.hotswap.agent.plugin.hotswapper.HotswapperPlugin$1.executeCommand()V+14
j  org.hotswap.agent.command.impl.CommandExecutor.run()V+23
v  ~StubRoutines::call_stub

siginfo: EXCEPTION_ACCESS_VIOLATION (0xc0000005), reading address 0x0000000000000000


Register to memory mapping:

RIP=0x00007fff83c5b405 jvm.dll
RAX=0x0 is NULL
RBX=0x0000000800afc840 is a pointer to class: 
java.util.stream.Collectors$$Lambda$842/0x0000000800afc840 {0x0000000800afc848}
RCX=0x000000fdd3bfea70 is pointing into the stack for thread: 0x000002d075ff3000
RDX=0x0 is NULL
RSP=0x000000fdd3bfe9c0 is pointing into the stack for thread: 0x000002d075ff3000
RBP=0x000000fdd3bfeb20 is pointing into the stack for thread: 0x000002d075ff3000
RSI=0x000000fdd3bfea70 is pointing into the stack for thread: 0x000002d075ff3000
RDI=0x000000fdd3bfea70 is pointing into the stack for thread: 0x000002d075ff3000
R8 =0x0 is NULL
R9 =0x0 is NULL
R10=0x0 is NULL
R11=0xf310140000000001 is an unknown value
R12=0x000002d06dc53c20 points into unknown readable memory: 0x000002d07316bf38 | 38 bf 16 73 d0 02 00 00
R13=0x000000fdd3bfeec0 is pointing into the stack for thread: 0x000002d075ff3000
R14=0x000002d075ff3000 is a thread
R15=0x0 is NULL


Registers:
RAX=0x0000000000000000, RBX=0x0000000800afc840, RCX=0x000000fdd3bfea70, RDX=0x0000000000000000
RSP=0x000000fdd3bfe9c0, RBP=0x000000fdd3bfeb20, RSI=0x000000fdd3bfea70, RDI=0x000000fdd3bfea70
R8 =0x0000000000000000, R9 =0x0000000000000000, R10=0x0000000000000000, R11=0xf310140000000001
R12=0x000002d06dc53c20, R13=0x000000fdd3bfeec0, R14=0x000002d075ff3000, R15=0x0000000000000000
RIP=0x00007fff83c5b405, EFLAGS=0x0000000000010246

Top of Stack: (sp=0x000000fdd3bfe9c0)
0x000000fdd3bfe9c0:   000002d06c8f9d10 000000080001ff50
0x000000fdd3bfe9d0:   0000000000000000 0000000000000000
0x000000fdd3bfe9e0:   000002d072b562d0 00007fff839c3f1f
0x000000fdd3bfe9f0:   0000000800afc840 0000000800afc840
0x000000fdd3bfea00:   000000fdd3bfeb20 000000070c141708
0x000000fdd3bfea10:   000002d075ff3000 00007fff83c5d794
0x000000fdd3bfea20:   0000000000000018 000000fdd3bfeb20
0x000000fdd3bfea30:   000000070c141708 0000000000000001
0x000000fdd3bfea40:   000002d075ff3000 0000000000000000
0x000000fdd3bfea50:   000000fd00000001 00007fff83e7013d
0x000000fdd3bfea60:   000000fdd3bfeb78 000002d07bfa4390
0x000000fdd3bfea70:   00007fff84054d38 000002d07ad55e20
0x000000fdd3bfea80:   000002d07bfa4390 00007fff83ab5882
0x000000fdd3bfea90:   000002d06eedbb01 0000000000000300
0x000000fdd3bfeaa0:   000002d06eedb7c0 00000000000003d8
0x000000fdd3bfeab0:   000002d06eedb7d0 000002d06eedbba8 

Instructions: (pc=0x00007fff83c5b405)
0x00007fff83c5b305:   48 03 15 c4 09 56 00 eb 04 48 8b 53 08 0f b6 82
0x00007fff83c5b315:   5a 01 00 00 24 03 3c 03 75 3e 48 8b cb e8 49 7c
0x00007fff83c5b325:   f0 ff 48 85 c0 74 31 83 78 08 00 7e 2b 48 8b 88
0x00007fff83c5b335:   d0 00 00 00 48 85 c9 74 1f e8 7d b8 06 00 48 8b
0x00007fff83c5b345:   cd 48 8b d8 e8 72 e8 d0 ff 48 63 d0 4c 8b c3 49
0x00007fff83c5b355:   8b ce ff 15 2b 45 54 00 48 8d 4c 24 28 e8 09 e4
0x00007fff83c5b365:   ec ff 48 8b 5c 24 60 48 8b 6c 24 68 48 8b 74 24
0x00007fff83c5b375:   70 48 83 c4 40 41 5f 41 5e 5f c3 48 89 5c 24 08
0x00007fff83c5b385:   48 89 54 24 10 57 48 83 ec 20 48 83 ba d0 00 00
0x00007fff83c5b395:   00 00 48 8b da 48 8b f9 0f 85 e5 00 00 00 8b 82
0x00007fff83c5b3a5:   d8 00 00 00 c1 e8 05 a8 01 74 09 48 8b 49 08 e9
0x00007fff83c5b3b5:   c5 00 00 00 8b 42 10 83 f8 20 75 07 b8 08 00 00
0x00007fff83c5b3c5:   00 eb 06 83 c0 d0 c1 e8 03 33 d2 44 8b c8 85 c0
0x00007fff83c5b3d5:   74 2a 8b ca 4c 8d 43 30 0f 1f 00 49 8b 00 48 85
0x00007fff83c5b3e5:   c0 74 19 8b 80 d8 00 00 00 c1 e8 05 a8 01 75 53
0x00007fff83c5b3f5:   48 ff c1 49 83 c0 08 49 3b c9 7c df 4c 8b 43 28
0x00007fff83c5b405:   49 63 00 85 c0 7e 7c 4c 8b c8 49 83 c0 08 0f 1f
0x00007fff83c5b415:   40 00 66 0f 1f 84 00 00 00 00 00 49 8b 00 8b 88
0x00007fff83c5b425:   d8 00 00 00 c1 e9 05 f6 c1 01 75 20 48 ff c2 49
0x00007fff83c5b435:   83 c0 08 49 3b d1 7c e3 48 8b 5c 24 30 48 83 c4
0x00007fff83c5b445:   20 5f c3 48 39 15 31 7f 5a 00 eb 08 48 83 3d 27
0x00007fff83c5b455:   7f 5a 00 00 74 18 48 8b 4b 18 e8 bc c5 25 00 48
0x00007fff83c5b465:   8b d0 48 8d 0d d2 98 3f 00 e8 4d e0 dd ff 83 8b
0x00007fff83c5b475:   d8 00 00 00 20 48 8b 4f 08 48 8d 54 24 38 e8 18
0x00007fff83c5b485:   db c5 ff 48 8b 5c 24 30 48 83 c4 20 5f c3 cc cc
0x00007fff83c5b495:   cc cc cc cc cc cc cc cc cc cc cc 40 57 48 81 ec
0x00007fff83c5b4a5:   80 00 00 00 83 7a 08 00 48 8b fa 0f 8e 40 02 00
0x00007fff83c5b4b5:   00 48 8b 51 08 48 8d 4c 24 30 48 89 9c 24 90 00
0x00007fff83c5b4c5:   00 00 e8 54 e3 ec ff 48 8b 97 08 01 00 00 33 db
0x00007fff83c5b4d5:   48 89 54 24 20 48 89 5c 24 28 48 85 d2 74 3e 8b
0x00007fff83c5b4e5:   0d 62 59 5e 00 65 48 8b 04 25 58 00 00 00 41 b8
0x00007fff83c5b4f5:   08 00 00 00 48 89 94 24 a8 00 00 00 48 8d 94 24 


Stack slot to memory mapping:
stack at sp + 0 slots: 0x000002d06c8f9d10 points into unknown readable memory: 0x0055005c995fe776 | 76 e7 5f 99 5c 00 55 00
stack at sp + 1 slots: 0x000000080001ff50 is a pointer to class: 
java.util.Properties$EntrySet {0x000000080001ff58}
stack at sp + 2 slots: 0x0 is NULL
stack at sp + 3 slots: 0x0 is NULL
stack at sp + 4 slots: 0x000002d072b562d0 points into unknown readable memory: 0x000002d0765f6920 | 20 69 5f 76 d0 02 00 00
stack at sp + 5 slots: 0x00007fff839c3f1f jvm.dll
stack at sp + 6 slots: 0x0000000800afc840 is a pointer to class: 
java.util.stream.Collectors$$Lambda$842/0x0000000800afc840 {0x0000000800afc848}
stack at sp + 7 slots: 0x0000000800afc840 is a pointer to class: 
java.util.stream.Collectors$$Lambda$842/0x0000000800afc840 {0x0000000800afc848}


---------------  P R O C E S S  ---------------

Threads class SMR info:
_java_thread_list=0x000002d073153300, length=74, elements={
0x000002d0477b8000, 0x000002d06c8c1800, 0x000002d06c8ee800, 0x000002d06c944800,
0x000002d06c946800, 0x000002d06c947000, 0x000002d06c94c000, 0x000002d06c952800,
0x000002d06c958800, 0x000002d06c8b0800, 0x000002d06cd92000, 0x000002d06ce4c800,
0x000002d06ce4d000, 0x000002d06d53e800, 0x000002d06d53f000, 0x000002d06d540000,
0x000002d06d512800, 0x000002d06df76000, 0x000002d06e9cf800, 0x000002d06da20000,
0x000002d06da20800, 0x000002d06da21800, 0x000002d06d7e8000, 0x000002d06d7e7000,
0x000002d06d7e8800, 0x000002d06d7e9800, 0x000002d06d7e3800, 0x000002d06d7ea000,
0x000002d06d7e4800, 0x000002d06d7e5800, 0x000002d06d7e6000, 0x000002d06dea2800,
0x000002d06dea3800, 0x000002d06dea1000, 0x000002d06dea1800, 0x000002d06dea8800,
0x000002d06dea6800, 0x000002d06deaa000, 0x000002d06dea9000, 0x000002d06dea6000,
0x000002d06deaa800, 0x000002d06deac800, 0x000002d06dea7800, 0x000002d06dead000,
0x000002d06deae000, 0x000002d0719cb000, 0x000002d0719cc800, 0x000002d0719cd800,
0x000002d0719d0000, 0x000002d0719ce000, 0x000002d0719ca000, 0x000002d0719cc000,
0x000002d0719cf000, 0x000002d0719d0800, 0x000002d06dea4000, 0x000002d06de9f800,
0x000002d06dea5000, 0x000002d06deab800, 0x000002d075ffc000, 0x000002d075ff8000,
0x000002d075ff2000, 0x000002d075ffd800, 0x000002d075ffc800, 0x000002d075ffa800,
0x000002d075ff6000, 0x000002d075ff7000, 0x000002d075ff9800, 0x000002d075ff8800,
0x000002d075ff4800, 0x000002d075ffe800, 0x000002d075ff3000, 0x000002d075ff3800,
0x000002d075ffb000, 0x000002d075ff5800
}

Java Threads: ( => current thread )
  0x000002d0477b8000 JavaThread "WebSocketSelector-1" [_thread_in_native, id=25204, stack(0x000000fdcee00000,0x000000fdcef00000)]
  0x000002d06c8c1800 JavaThread "Reference Handler" daemon [_thread_blocked, id=20468, stack(0x000000fdcf500000,0x000000fdcf600000)]
  0x000002d06c8ee800 JavaThread "Finalizer" daemon [_thread_blocked, id=18848, stack(0x000000fdcf600000,0x000000fdcf700000)]
  0x000002d06c944800 JavaThread "Signal Dispatcher" daemon [_thread_blocked, id=13220, stack(0x000000fdcf700000,0x000000fdcf800000)]
  0x000002d06c946800 JavaThread "Attach Listener" daemon [_thread_blocked, id=39720, stack(0x000000fdcf800000,0x000000fdcf900000)]
  0x000002d06c947000 JavaThread "Service Thread" daemon [_thread_blocked, id=50772, stack(0x000000fdcf900000,0x000000fdcfa00000)]
  0x000002d06c94c000 JavaThread "C2 CompilerThread0" daemon [_thread_blocked, id=48280, stack(0x000000fdcfa00000,0x000000fdcfb00000)]
  0x000002d06c952800 JavaThread "C1 CompilerThread0" daemon [_thread_blocked, id=33780, stack(0x000000fdcfb00000,0x000000fdcfc00000)]
  0x000002d06c958800 JavaThread "Sweeper thread" daemon [_thread_blocked, id=9212, stack(0x000000fdcfc00000,0x000000fdcfd00000)]
  0x000002d06c8b0800 JavaThread "Common-Cleaner" daemon [_thread_blocked, id=45280, stack(0x000000fdcfd00000,0x000000fdcfe00000)]
  0x000002d06cd92000 JavaThread "JDWP Transport Listener: dt_socket" daemon [_thread_blocked, id=35448, stack(0x000000fdd0000000,0x000000fdd0100000)]
  0x000002d06ce4c800 JavaThread "JDWP Event Helper Thread" daemon [_thread_blocked, id=36224, stack(0x000000fdd0100000,0x000000fdd0200000)]
  0x000002d06ce4d000 JavaThread "JDWP Command Reader" daemon [_thread_in_native, id=41480, stack(0x000000fdd0200000,0x000000fdd0300000)]
  0x000002d06d53e800 JavaThread "FileSystemWatchService" daemon [_thread_in_native, id=13768, stack(0x000000fdd0600000,0x000000fdd0700000)]
  0x000002d06d53f000 JavaThread "HotSwap Watcher" daemon [_thread_blocked, id=13716, stack(0x000000fdd0700000,0x000000fdd0800000)]
  0x000002d06d540000 JavaThread "HotSwap Dispatcher" daemon [_thread_blocked, id=30772, stack(0x000000fdd0800000,0x000000fdd0900000)]
  0x000002d06d512800 JavaThread "Thread-2" daemon [_thread_blocked, id=36392, stack(0x000000fdd0900000,0x000000fdd0a00000)]
  0x000002d06df76000 JavaThread "Thread-19" [_thread_blocked, id=1220, stack(0x000000fdd0a00000,0x000000fdd0b00000)]
  0x000002d06e9cf800 JavaThread "connectionLostChecker-1" [_thread_blocked, id=34920, stack(0x000000fdd0b00000,0x000000fdd0c00000)]
  0x000002d06da20000 JavaThread "WebSocketWorker-28" [_thread_blocked, id=34060, stack(0x000000fdd1200000,0x000000fdd1300000)]
  0x000002d06da20800 JavaThread "WebSocketWorker-29" [_thread_blocked, id=7364, stack(0x000000fdd1300000,0x000000fdd1400000)]
  0x000002d06da21800 JavaThread "WebSocketWorker-30" [_thread_blocked, id=14444, stack(0x000000fdd1400000,0x000000fdd1500000)]
  0x000002d06d7e8000 JavaThread "WebSocketWorker-31" [_thread_blocked, id=8284, stack(0x000000fdd1500000,0x000000fdd1600000)]
  0x000002d06d7e7000 JavaThread "WebSocketWorker-32" [_thread_blocked, id=10556, stack(0x000000fdd1600000,0x000000fdd1700000)]
  0x000002d06d7e8800 JavaThread "WebSocketWorker-33" [_thread_blocked, id=28712, stack(0x000000fdd1700000,0x000000fdd1800000)]
  0x000002d06d7e9800 JavaThread "WebSocketWorker-34" [_thread_blocked, id=48864, stack(0x000000fdd1800000,0x000000fdd1900000)]
  0x000002d06d7e3800 JavaThread "WebSocketWorker-35" [_thread_blocked, id=34884, stack(0x000000fdd1900000,0x000000fdd1a00000)]
  0x000002d06d7ea000 JavaThread "WebSocketWorker-36" [_thread_blocked, id=39020, stack(0x000000fdd1a00000,0x000000fdd1b00000)]
  0x000002d06d7e4800 JavaThread "WebSocketWorker-37" [_thread_blocked, id=9468, stack(0x000000fdd1b00000,0x000000fdd1c00000)]
  0x000002d06d7e5800 JavaThread "WebSocketWorker-38" [_thread_blocked, id=49180, stack(0x000000fdd1c00000,0x000000fdd1d00000)]
  0x000002d06d7e6000 JavaThread "WebSocketWorker-39" [_thread_blocked, id=13416, stack(0x000000fdd1d00000,0x000000fdd1e00000)]
  0x000002d06dea2800 JavaThread "WebSocketWorker-40" [_thread_blocked, id=7512, stack(0x000000fdd1e00000,0x000000fdd1f00000)]
  0x000002d06dea3800 JavaThread "WebSocketWorker-41" [_thread_blocked, id=7476, stack(0x000000fdd1f00000,0x000000fdd2000000)]
  0x000002d06dea1000 JavaThread "WebSocketWorker-42" [_thread_blocked, id=49972, stack(0x000000fdd2000000,0x000000fdd2100000)]
  0x000002d06dea1800 JavaThread "WebSocketWorker-43" [_thread_blocked, id=46480, stack(0x000000fdd2100000,0x000000fdd2200000)]
  0x000002d06dea8800 JavaThread "Gax-1" daemon [_thread_blocked, id=49904, stack(0x000000fdd2c00000,0x000000fdd2d00000)]
  0x000002d06dea6800 JavaThread "grpc-nio-worker-ELG-1-1" daemon [_thread_in_native, id=40620, stack(0x000000fdd2f00000,0x000000fdd3000000)]
  0x000002d06deaa000 JavaThread "grpc-nio-worker-ELG-1-2" daemon [_thread_in_native, id=42736, stack(0x000000fdd3100000,0x000000fdd3200000)]
  0x000002d06dea9000 JavaThread "Thread-24" daemon [_thread_in_native, id=44580, stack(0x000000fdd2e00000,0x000000fdd2f00000)]
  0x000002d06dea6000 JavaThread "Gax-2" daemon [_thread_blocked, id=19004, stack(0x000000fdd3200000,0x000000fdd3300000)]
  0x000002d06deaa800 JavaThread "grpc-nio-worker-ELG-1-3" daemon [_thread_in_native, id=14564, stack(0x000000fdd3300000,0x000000fdd3400000)]
  0x000002d06deac800 JavaThread "Gax-3" daemon [_thread_blocked, id=31928, stack(0x000000fdd3400000,0x000000fdd3500000)]
  0x000002d06dea7800 JavaThread "grpc-nio-worker-ELG-1-4" daemon [_thread_in_native, id=19784, stack(0x000000fdd2b00000,0x000000fdd2c00000)]
  0x000002d06dead000 JavaThread "Gax-4" daemon [_thread_blocked, id=36976, stack(0x000000fdd3600000,0x000000fdd3700000)]
  0x000002d06deae000 JavaThread "Gax-5" daemon [_thread_blocked, id=5132, stack(0x000000fdd3700000,0x000000fdd3800000)]
  0x000002d0719cb000 JavaThread "Gax-6" daemon [_thread_blocked, id=36824, stack(0x000000fdd2600000,0x000000fdd2700000)]
  0x000002d0719cc800 JavaThread "Gax-7" daemon [_thread_blocked, id=10516, stack(0x000000fdd2a00000,0x000000fdd2b00000)]
  0x000002d0719cd800 JavaThread "Gax-8" daemon [_thread_blocked, id=37104, stack(0x000000fdd3500000,0x000000fdd3600000)]
  0x000002d0719d0000 JavaThread "Gax-9" daemon [_thread_blocked, id=47540, stack(0x000000fdd2900000,0x000000fdd2a00000)]
  0x000002d0719ce000 JavaThread "Gax-10" daemon [_thread_blocked, id=16516, stack(0x000000fdd3800000,0x000000fdd3900000)]
  0x000002d0719ca000 JavaThread "Gax-11" daemon [_thread_blocked, id=34964, stack(0x000000fdceb00000,0x000000fdcec00000)]
  0x000002d0719cc000 JavaThread "Gax-12" daemon [_thread_blocked, id=16940, stack(0x000000fdcec00000,0x000000fdced00000)]
  0x000002d0719cf000 JavaThread "Gax-13" daemon [_thread_blocked, id=45232, stack(0x000000fdced00000,0x000000fdcee00000)]
  0x000002d0719d0800 JavaThread "Gax-14" daemon [_thread_blocked, id=50044, stack(0x000000fdd3000000,0x000000fdd3100000)]
  0x000002d06dea4000 JavaThread "Gax-15" daemon [_thread_blocked, id=22696, stack(0x000000fdcfe00000,0x000000fdcff00000)]
  0x000002d06de9f800 JavaThread "Gax-16" daemon [_thread_blocked, id=18476, stack(0x000000fdd3900000,0x000000fdd3a00000)]
  0x000002d06dea5000 JavaThread "grpc-nio-worker-ELG-1-5" daemon [_thread_in_native, id=50032, stack(0x000000fdcff00000,0x000000fdd0000000)]
  0x000002d06deab800 JavaThread "grpc-nio-worker-ELG-1-6" daemon [_thread_in_native, id=26052, stack(0x000000fdd2d00000,0x000000fdd2e00000)]
  0x000002d075ffc000 JavaThread "clojure-agent-send-off-pool-11" [_thread_blocked, id=36516, stack(0x000000fdd4500000,0x000000fdd4600000)]
  0x000002d075ff8000 JavaThread "grpc-nio-worker-ELG-1-7" daemon [_thread_in_native, id=32888, stack(0x000000fdd3a00000,0x000000fdd3b00000)]
  0x000002d075ff2000 JavaThread "grpc-default-executor-2" daemon [_thread_blocked, id=47984, stack(0x000000fdd4600000,0x000000fdd4700000)]
  0x000002d075ffd800 JavaThread "grpc-nio-worker-ELG-1-8" daemon [_thread_in_native, id=21548, stack(0x000000fdd4700000,0x000000fdd4800000)]
  0x000002d075ffc800 JavaThread "grpc-nio-worker-ELG-1-9" daemon [_thread_in_native, id=46840, stack(0x000000fdd4800000,0x000000fdd4900000)]
  0x000002d075ffa800 JavaThread "C2 CompilerThread1" daemon [_thread_blocked, id=20796, stack(0x000000fdd3e00000,0x000000fdd3f00000)]
  0x000002d075ff6000 JavaThread "C2 CompilerThread2" daemon [_thread_blocked, id=1848, stack(0x000000fdd3f00000,0x000000fdd4000000)]
  0x000002d075ff7000 JavaThread "C2 CompilerThread3" daemon [_thread_blocked, id=26068, stack(0x000000fdd4000000,0x000000fdd4100000)]
  0x000002d075ff9800 JavaThread "C1 CompilerThread1" daemon [_thread_blocked, id=41908, stack(0x000000fdd4100000,0x000000fdd4200000)]
  0x000002d075ff8800 JavaThread "C2 CompilerThread4" daemon [_thread_blocked, id=9636, stack(0x000000fdd4200000,0x000000fdd4300000)]
  0x000002d075ff4800 JavaThread "C2 CompilerThread5" daemon [_thread_blocked, id=9260, stack(0x000000fdd4300000,0x000000fdd4400000)]
  0x000002d075ffe800 JavaThread "C2 CompilerThread6" daemon [_thread_blocked, id=15956, stack(0x000000fdd4400000,0x000000fdd4500000)]
=>0x000002d075ff3000 JavaThread "Thread-120" daemon [_thread_in_vm, id=28700, stack(0x000000fdd3b00000,0x000000fdd3c00000)]
  0x000002d075ff3800 JavaThread "C2 CompilerThread7" daemon [_thread_blocked, id=14216, stack(0x000000fdd3c00000,0x000000fdd3d00000)]
  0x000002d075ffb000 JavaThread "C1 CompilerThread2" daemon [_thread_blocked, id=21644, stack(0x000000fdd3d00000,0x000000fdd3e00000)]
  0x000002d075ff5800 JavaThread "C1 CompilerThread3" daemon [_thread_blocked, id=40572, stack(0x000000fdd4a00000,0x000000fdd4b00000)]

Other Threads:
  0x000002d06c8c0800 VMThread "VM Thread" [stack: 0x000000fdcf400000,0x000000fdcf500000] [id=33604]
  0x000002d06cd95000 WatcherThread [stack: 0x000000fdd1100000,0x000000fdd1200000] [id=29880]
  0x000002d0477d5000 GCTaskThread "GC Thread#0" [stack: 0x000000fdcef00000,0x000000fdcf000000] [id=32836]
  0x000002d06d991000 GCTaskThread "GC Thread#1" [stack: 0x000000fdd0c00000,0x000000fdd0d00000] [id=30236]
  0x000002d06e140000 GCTaskThread "GC Thread#2" [stack: 0x000000fdd0d00000,0x000000fdd0e00000] [id=48236]
  0x000002d06d50a000 GCTaskThread "GC Thread#3" [stack: 0x000000fdd0e00000,0x000000fdd0f00000] [id=49948]
  0x000002d06dc7b000 GCTaskThread "GC Thread#4" [stack: 0x000000fdd0f00000,0x000000fdd1000000] [id=2956]
  0x000002d06e3cf000 GCTaskThread "GC Thread#5" [stack: 0x000000fdd1000000,0x000000fdd1100000] [id=43732]
  0x000002d06e3ce800 GCTaskThread "GC Thread#6" [stack: 0x000000fdd0300000,0x000000fdd0400000] [id=672]
  0x000002d06e3d0000 GCTaskThread "GC Thread#7" [stack: 0x000000fdd0400000,0x000000fdd0500000] [id=46180]
  0x000002d06e3c9800 GCTaskThread "GC Thread#8" [stack: 0x000000fdd0500000,0x000000fdd0600000] [id=24332]
  0x000002d06e3ce000 GCTaskThread "GC Thread#9" [stack: 0x000000fdd2200000,0x000000fdd2300000] [id=15536]
  0x000002d06e3cb000 GCTaskThread "GC Thread#10" [stack: 0x000000fdd2300000,0x000000fdd2400000] [id=33276]
  0x000002d06e3d0800 GCTaskThread "GC Thread#11" [stack: 0x000000fdd2400000,0x000000fdd2500000] [id=47940]
  0x000002d06e3cd000 GCTaskThread "GC Thread#12" [stack: 0x000000fdd2500000,0x000000fdd2600000] [id=39852]
  0x000002d047834800 ConcurrentGCThread "G1 Main Marker" [stack: 0x000000fdcf000000,0x000000fdcf100000] [id=15224]
  0x000002d047836000 ConcurrentGCThread "G1 Conc#0" [stack: 0x000000fdcf100000,0x000000fdcf200000] [id=44260]
  0x000002d06e3ca000 ConcurrentGCThread "G1 Conc#1" [stack: 0x000000fdd2700000,0x000000fdd2800000] [id=18348]
  0x000002d06e3cb800 ConcurrentGCThread "G1 Conc#2" [stack: 0x000000fdd2800000,0x000000fdd2900000] [id=24508]
  0x000002d06bf25800 ConcurrentGCThread "G1 Refine#0" [stack: 0x000000fdcf200000,0x000000fdcf300000] [id=20620]
  0x000002d06bf28800 ConcurrentGCThread "G1 Young RemSet Sampling" [stack: 0x000000fdcf300000,0x000000fdcf400000] [id=29552]

Threads with active compile tasks:
C2 CompilerThread019676266 27953 %     4       java.lang.StringLatin1::replace @ 77 (196 bytes)
C1 CompilerThread019676266 27910       3       java.lang.invoke.AbstractValidatingLambdaMetafactory::isAdaptableToAsReturnStrict (34 bytes)
C2 CompilerThread119676266 27955       4       jdk.internal.org.objectweb.asm.ClassWriter::put (152 bytes)
C2 CompilerThread219676266 27963       4       java.lang.reflect.Method::<init> (68 bytes)
C2 CompilerThread319676266 27947       4       java.lang.reflect.Method::copy (84 bytes)
C1 CompilerThread119676266 27912       3       java.lang.invoke.InnerClassLambdaMetafactory::generateConstructor (151 bytes)
C2 CompilerThread419676266 27922       4       jdk.internal.org.objectweb.asm.ByteVector::putUTF8 (142 bytes)
C2 CompilerThread519676266 27882   !   4       sun.nio.fs.WindowsNativeDispatcher::CreateFile (41 bytes)
C2 CompilerThread619676266 27927       4       jdk.internal.org.objectweb.asm.Type::getArgumentsAndReturnSizes (151 bytes)
C2 CompilerThread719676266 27918       4       jdk.internal.org.objectweb.asm.Item::set (219 bytes)
C1 CompilerThread219676267 27915       3       java.lang.invoke.MethodType::dropParameterTypes (162 bytes)
C1 CompilerThread319676267 27951       3       java.lang.invoke.MethodHandles$Lookup::checkAccess (226 bytes)

VM state:synchronizing (normal execution)

VM Mutex/Monitor currently owned by a thread:  ([mutex/lock_event])
[0x000002d0477b3ea0] Threads_lock - owner thread: 0x000002d06c8c0800
[0x000002d0477b4170] EnhancedRedefineClasses_lock - owner thread: 0x000002d075ff3000
[0x000002d0477b3bd0] CompiledIC_lock - owner thread: 0x000002d06c958800

Heap address: 0x0000000700c00000, size: 4084 MB, Compressed Oops mode: Zero based, Oop shift amount: 3
Narrow klass base: 0x0000000800000000, Narrow klass shift: 0
Compressed class space size: 1073741824 Address: 0x0000000800000000

Heap:
 garbage-first heap   total 262144K, used 112976K [0x0000000700c00000, 0x0000000800000000)
  region size 1024K, 77 young (78848K), 2 survivors (2048K)
 Metaspace       used 71939K, capacity 73731K, committed 73892K, reserved 1112064K
  class space    used 10678K, capacity 11290K, committed 11392K, reserved 1048576K
Heap Regions: E=young(eden), S=young(survivor), O=old, HS=humongous(starts), HC=humongous(continues), CS=collection set, F=free, A=archive, TAMS=top-at-mark-start (previous, next)
|   0|0x0000000700c00000, 0x0000000700d00000, 0x0000000700d00000|100%|HS|  |TAMS 0x0000000700d00000, 0x0000000700c00000| Complete 
|   1|0x0000000700d00000, 0x0000000700e00000, 0x0000000700e00000|100%| O|  |TAMS 0x0000000700e00000, 0x0000000700d00000| Untracked 
|   2|0x0000000700e00000, 0x0000000700f00000, 0x0000000700f00000|100%|HS|  |TAMS 0x0000000700f00000, 0x0000000700e00000| Complete 
|   3|0x0000000700f00000, 0x0000000701000000, 0x0000000701000000|100%|HS|  |TAMS 0x0000000701000000, 0x0000000700f00000| Complete 
|   4|0x0000000701000000, 0x0000000701100000, 0x0000000701100000|100%|HC|  |TAMS 0x0000000701100000, 0x0000000701000000| Complete 
|   5|0x0000000701100000, 0x0000000701200000, 0x0000000701200000|100%| O|  |TAMS 0x0000000701200000, 0x0000000701100000| Untracked 
|   6|0x0000000701200000, 0x0000000701300000, 0x0000000701300000|100%| O|  |TAMS 0x0000000701300000, 0x0000000701200000| Untracked 
|   7|0x0000000701300000, 0x0000000701400000, 0x0000000701400000|100%| O|  |TAMS 0x0000000701400000, 0x0000000701300000| Untracked 
|   8|0x0000000701400000, 0x0000000701500000, 0x0000000701500000|100%| O|  |TAMS 0x0000000701500000, 0x0000000701400000| Untracked 
|   9|0x0000000701500000, 0x0000000701600000, 0x0000000701600000|100%| O|  |TAMS 0x0000000701600000, 0x0000000701500000| Untracked 
|  10|0x0000000701600000, 0x0000000701700000, 0x0000000701700000|100%| O|  |TAMS 0x0000000701700000, 0x0000000701600000| Untracked 
|  11|0x0000000701700000, 0x0000000701800000, 0x0000000701800000|100%| O|  |TAMS 0x0000000701800000, 0x0000000701700000| Untracked 
|  12|0x0000000701800000, 0x0000000701900000, 0x0000000701900000|100%| O|  |TAMS 0x0000000701900000, 0x0000000701800000| Untracked 
|  13|0x0000000701900000, 0x0000000701a00000, 0x0000000701a00000|100%| O|  |TAMS 0x0000000701a00000, 0x0000000701900000| Untracked 
|  14|0x0000000701a00000, 0x0000000701b00000, 0x0000000701b00000|100%| O|  |TAMS 0x0000000701ab6200, 0x0000000701a00000| Untracked 
|  15|0x0000000701b00000, 0x0000000701c00000, 0x0000000701c00000|100%| O|  |TAMS 0x0000000701b00000, 0x0000000701b00000| Untracked 
|  16|0x0000000701c00000, 0x0000000701d00000, 0x0000000701d00000|100%| O|  |TAMS 0x0000000701c00000, 0x0000000701c00000| Untracked 
|  17|0x0000000701d00000, 0x0000000701e00000, 0x0000000701e00000|100%| O|  |TAMS 0x0000000701e00000, 0x0000000701d00000| Untracked 
|  18|0x0000000701e00000, 0x0000000701f00000, 0x0000000701f00000|100%| O|  |TAMS 0x0000000701f00000, 0x0000000701e00000| Untracked 
|  19|0x0000000701f00000, 0x0000000702000000, 0x0000000702000000|100%| O|  |TAMS 0x0000000702000000, 0x0000000701f00000| Untracked 
|  20|0x0000000702000000, 0x0000000702100000, 0x0000000702100000|100%| O|  |TAMS 0x0000000702000000, 0x0000000702000000| Untracked 
|  21|0x0000000702100000, 0x0000000702200000, 0x0000000702200000|100%| O|  |TAMS 0x0000000702100000, 0x0000000702100000| Untracked 
|  22|0x0000000702200000, 0x0000000702300000, 0x0000000702300000|100%| O|  |TAMS 0x0000000702200000, 0x0000000702200000| Untracked 
|  23|0x0000000702300000, 0x0000000702400000, 0x0000000702400000|100%| O|  |TAMS 0x0000000702300000, 0x0000000702300000| Untracked 
|  24|0x0000000702400000, 0x0000000702500000, 0x0000000702500000|100%| O|  |TAMS 0x0000000702400000, 0x0000000702400000| Untracked 
|  25|0x0000000702500000, 0x0000000702600000, 0x0000000702600000|100%| O|  |TAMS 0x0000000702500000, 0x0000000702500000| Untracked 
|  26|0x0000000702600000, 0x0000000702700000, 0x0000000702700000|100%| O|  |TAMS 0x0000000702600000, 0x0000000702600000| Untracked 
|  27|0x0000000702700000, 0x0000000702800000, 0x0000000702800000|100%| O|  |TAMS 0x0000000702700000, 0x0000000702700000| Untracked 
|  28|0x0000000702800000, 0x0000000702900000, 0x0000000702900000|100%| O|  |TAMS 0x0000000702800000, 0x0000000702800000| Untracked 
|  29|0x0000000702900000, 0x0000000702a00000, 0x0000000702a00000|100%| O|  |TAMS 0x0000000702900000, 0x0000000702900000| Untracked 
|  30|0x0000000702a00000, 0x0000000702b00000, 0x0000000702b00000|100%| O|  |TAMS 0x0000000702a00000, 0x0000000702a00000| Untracked 
|  31|0x0000000702b00000, 0x0000000702c00000, 0x0000000702c00000|100%| O|  |TAMS 0x0000000702b00000, 0x0000000702b00000| Untracked 
|  32|0x0000000702c00000, 0x0000000702d00000, 0x0000000702d00000|100%| O|  |TAMS 0x0000000702c00000, 0x0000000702c00000| Untracked 
|  33|0x0000000702d00000, 0x0000000702e00000, 0x0000000702e00000|100%| O|  |TAMS 0x0000000702d00000, 0x0000000702d00000| Untracked 
|  34|0x0000000702e00000, 0x0000000702f00000, 0x0000000702f00000|100%| O|  |TAMS 0x0000000702e00000, 0x0000000702e00000| Untracked 
|  35|0x0000000702f00000, 0x0000000703000000, 0x0000000703000000|100%| O|  |TAMS 0x0000000702f00000, 0x0000000702f00000| Untracked 
|  36|0x0000000703000000, 0x000000070304cc00, 0x0000000703100000| 29%| O|  |TAMS 0x0000000703000000, 0x0000000703000000| Untracked 
|  37|0x0000000703100000, 0x0000000703100000, 0x0000000703200000|  0%| F|  |TAMS 0x0000000703100000, 0x0000000703100000| Untracked 
|  38|0x0000000703200000, 0x0000000703200000, 0x0000000703300000|  0%| F|  |TAMS 0x0000000703200000, 0x0000000703200000| Untracked 
|  39|0x0000000703300000, 0x0000000703300000, 0x0000000703400000|  0%| F|  |TAMS 0x0000000703300000, 0x0000000703300000| Untracked 
|  40|0x0000000703400000, 0x0000000703400000, 0x0000000703500000|  0%| F|  |TAMS 0x0000000703400000, 0x0000000703400000| Untracked 
|  41|0x0000000703500000, 0x0000000703500000, 0x0000000703600000|  0%| F|  |TAMS 0x0000000703500000, 0x0000000703500000| Untracked 
|  42|0x0000000703600000, 0x0000000703600000, 0x0000000703700000|  0%| F|  |TAMS 0x0000000703600000, 0x0000000703600000| Untracked 
|  43|0x0000000703700000, 0x0000000703700000, 0x0000000703800000|  0%| F|  |TAMS 0x0000000703700000, 0x0000000703700000| Untracked 
|  44|0x0000000703800000, 0x0000000703800000, 0x0000000703900000|  0%| F|  |TAMS 0x0000000703800000, 0x0000000703800000| Untracked 
|  45|0x0000000703900000, 0x0000000703900000, 0x0000000703a00000|  0%| F|  |TAMS 0x0000000703900000, 0x0000000703900000| Untracked 
|  46|0x0000000703a00000, 0x0000000703a00000, 0x0000000703b00000|  0%| F|  |TAMS 0x0000000703a00000, 0x0000000703a00000| Untracked 
|  47|0x0000000703b00000, 0x0000000703b00000, 0x0000000703c00000|  0%| F|  |TAMS 0x0000000703b00000, 0x0000000703b00000| Untracked 
|  48|0x0000000703c00000, 0x0000000703c00000, 0x0000000703d00000|  0%| F|  |TAMS 0x0000000703c00000, 0x0000000703c00000| Untracked 
|  49|0x0000000703d00000, 0x0000000703d00000, 0x0000000703e00000|  0%| F|  |TAMS 0x0000000703d00000, 0x0000000703d00000| Untracked 
|  50|0x0000000703e00000, 0x0000000703e00000, 0x0000000703f00000|  0%| F|  |TAMS 0x0000000703e00000, 0x0000000703e00000| Untracked 
|  51|0x0000000703f00000, 0x0000000703f00000, 0x0000000704000000|  0%| F|  |TAMS 0x0000000703f00000, 0x0000000703f00000| Untracked 
|  52|0x0000000704000000, 0x0000000704000000, 0x0000000704100000|  0%| F|  |TAMS 0x0000000704000000, 0x0000000704000000| Untracked 
|  53|0x0000000704100000, 0x0000000704100000, 0x0000000704200000|  0%| F|  |TAMS 0x0000000704100000, 0x0000000704100000| Untracked 
|  54|0x0000000704200000, 0x0000000704200000, 0x0000000704300000|  0%| F|  |TAMS 0x0000000704200000, 0x0000000704200000| Untracked 
|  55|0x0000000704300000, 0x0000000704300000, 0x0000000704400000|  0%| F|  |TAMS 0x0000000704300000, 0x0000000704300000| Untracked 
|  56|0x0000000704400000, 0x0000000704400000, 0x0000000704500000|  0%| F|  |TAMS 0x0000000704400000, 0x0000000704400000| Untracked 
|  57|0x0000000704500000, 0x0000000704500000, 0x0000000704600000|  0%| F|  |TAMS 0x0000000704500000, 0x0000000704500000| Untracked 
|  58|0x0000000704600000, 0x0000000704600000, 0x0000000704700000|  0%| F|  |TAMS 0x0000000704600000, 0x0000000704600000| Untracked 
|  59|0x0000000704700000, 0x0000000704700000, 0x0000000704800000|  0%| F|  |TAMS 0x0000000704700000, 0x0000000704700000| Untracked 
|  60|0x0000000704800000, 0x0000000704800000, 0x0000000704900000|  0%| F|  |TAMS 0x0000000704800000, 0x0000000704800000| Untracked 
|  61|0x0000000704900000, 0x0000000704900000, 0x0000000704a00000|  0%| F|  |TAMS 0x0000000704900000, 0x0000000704900000| Untracked 
|  62|0x0000000704a00000, 0x0000000704a00000, 0x0000000704b00000|  0%| F|  |TAMS 0x0000000704a00000, 0x0000000704a00000| Untracked 
|  63|0x0000000704b00000, 0x0000000704b00000, 0x0000000704c00000|  0%| F|  |TAMS 0x0000000704b00000, 0x0000000704b00000| Untracked 
|  64|0x0000000704c00000, 0x0000000704c00000, 0x0000000704d00000|  0%| F|  |TAMS 0x0000000704c00000, 0x0000000704c00000| Untracked 
|  65|0x0000000704d00000, 0x0000000704d00000, 0x0000000704e00000|  0%| F|  |TAMS 0x0000000704d00000, 0x0000000704d00000| Untracked 
|  66|0x0000000704e00000, 0x0000000704e00000, 0x0000000704f00000|  0%| F|  |TAMS 0x0000000704e00000, 0x0000000704e00000| Untracked 
|  67|0x0000000704f00000, 0x0000000704f00000, 0x0000000705000000|  0%| F|  |TAMS 0x0000000704f00000, 0x0000000704f00000| Untracked 
|  68|0x0000000705000000, 0x0000000705000000, 0x0000000705100000|  0%| F|  |TAMS 0x0000000705000000, 0x0000000705000000| Untracked 
|  69|0x0000000705100000, 0x0000000705100000, 0x0000000705200000|  0%| F|  |TAMS 0x0000000705100000, 0x0000000705100000| Untracked 
|  70|0x0000000705200000, 0x0000000705200000, 0x0000000705300000|  0%| F|  |TAMS 0x0000000705200000, 0x0000000705200000| Untracked 
|  71|0x0000000705300000, 0x0000000705300000, 0x0000000705400000|  0%| F|  |TAMS 0x0000000705300000, 0x0000000705300000| Untracked 
|  72|0x0000000705400000, 0x0000000705400000, 0x0000000705500000|  0%| F|  |TAMS 0x0000000705400000, 0x0000000705400000| Untracked 
|  73|0x0000000705500000, 0x0000000705500000, 0x0000000705600000|  0%| F|  |TAMS 0x0000000705500000, 0x0000000705500000| Untracked 
|  74|0x0000000705600000, 0x0000000705600000, 0x0000000705700000|  0%| F|  |TAMS 0x0000000705600000, 0x0000000705600000| Untracked 
|  75|0x0000000705700000, 0x0000000705700000, 0x0000000705800000|  0%| F|  |TAMS 0x0000000705700000, 0x0000000705700000| Untracked 
|  76|0x0000000705800000, 0x0000000705800000, 0x0000000705900000|  0%| F|  |TAMS 0x0000000705800000, 0x0000000705800000| Untracked 
|  77|0x0000000705900000, 0x0000000705900000, 0x0000000705a00000|  0%| F|  |TAMS 0x0000000705900000, 0x0000000705900000| Untracked 
|  78|0x0000000705a00000, 0x0000000705a00000, 0x0000000705b00000|  0%| F|  |TAMS 0x0000000705a00000, 0x0000000705a00000| Untracked 
|  79|0x0000000705b00000, 0x0000000705b00000, 0x0000000705c00000|  0%| F|  |TAMS 0x0000000705b00000, 0x0000000705b00000| Untracked 
|  80|0x0000000705c00000, 0x0000000705c00000, 0x0000000705d00000|  0%| F|  |TAMS 0x0000000705c00000, 0x0000000705c00000| Untracked 
|  81|0x0000000705d00000, 0x0000000705d00000, 0x0000000705e00000|  0%| F|  |TAMS 0x0000000705d00000, 0x0000000705d00000| Untracked 
|  82|0x0000000705e00000, 0x0000000705e00000, 0x0000000705f00000|  0%| F|  |TAMS 0x0000000705e00000, 0x0000000705e00000| Untracked 
|  83|0x0000000705f00000, 0x0000000705f00000, 0x0000000706000000|  0%| F|  |TAMS 0x0000000705f00000, 0x0000000705f00000| Untracked 
|  84|0x0000000706000000, 0x0000000706000000, 0x0000000706100000|  0%| F|  |TAMS 0x0000000706000000, 0x0000000706000000| Untracked 
|  85|0x0000000706100000, 0x0000000706100000, 0x0000000706200000|  0%| F|  |TAMS 0x0000000706100000, 0x0000000706100000| Untracked 
|  86|0x0000000706200000, 0x0000000706200000, 0x0000000706300000|  0%| F|  |TAMS 0x0000000706200000, 0x0000000706200000| Untracked 
|  87|0x0000000706300000, 0x0000000706300000, 0x0000000706400000|  0%| F|  |TAMS 0x0000000706300000, 0x0000000706300000| Untracked 
|  88|0x0000000706400000, 0x0000000706400000, 0x0000000706500000|  0%| F|  |TAMS 0x0000000706400000, 0x0000000706400000| Untracked 
|  89|0x0000000706500000, 0x0000000706500000, 0x0000000706600000|  0%| F|  |TAMS 0x0000000706500000, 0x0000000706500000| Untracked 
|  90|0x0000000706600000, 0x0000000706600000, 0x0000000706700000|  0%| F|  |TAMS 0x0000000706600000, 0x0000000706600000| Untracked 
|  91|0x0000000706700000, 0x0000000706700000, 0x0000000706800000|  0%| F|  |TAMS 0x0000000706700000, 0x0000000706700000| Untracked 
|  92|0x0000000706800000, 0x0000000706800000, 0x0000000706900000|  0%| F|  |TAMS 0x0000000706800000, 0x0000000706800000| Untracked 
|  93|0x0000000706900000, 0x0000000706900000, 0x0000000706a00000|  0%| F|  |TAMS 0x0000000706900000, 0x0000000706900000| Untracked 
|  94|0x0000000706a00000, 0x0000000706a00000, 0x0000000706b00000|  0%| F|  |TAMS 0x0000000706a00000, 0x0000000706a00000| Untracked 
|  95|0x0000000706b00000, 0x0000000706b00000, 0x0000000706c00000|  0%| F|  |TAMS 0x0000000706b00000, 0x0000000706b00000| Untracked 
|  96|0x0000000706c00000, 0x0000000706c00000, 0x0000000706d00000|  0%| F|  |TAMS 0x0000000706c00000, 0x0000000706c00000| Untracked 
|  97|0x0000000706d00000, 0x0000000706d00000, 0x0000000706e00000|  0%| F|  |TAMS 0x0000000706d00000, 0x0000000706d00000| Untracked 
|  98|0x0000000706e00000, 0x0000000706e00000, 0x0000000706f00000|  0%| F|  |TAMS 0x0000000706e00000, 0x0000000706e00000| Untracked 
|  99|0x0000000706f00000, 0x0000000706f00000, 0x0000000707000000|  0%| F|  |TAMS 0x0000000706f00000, 0x0000000706f00000| Untracked 
| 100|0x0000000707000000, 0x0000000707000000, 0x0000000707100000|  0%| F|  |TAMS 0x0000000707000000, 0x0000000707000000| Untracked 
| 101|0x0000000707100000, 0x00000007071075e0, 0x0000000707200000|  2%| S|CS|TAMS 0x0000000707100000, 0x0000000707100000| Complete 
| 102|0x0000000707200000, 0x0000000707200000, 0x0000000707300000|  0%| F|  |TAMS 0x0000000707200000, 0x0000000707200000| Untracked 
| 103|0x0000000707300000, 0x0000000707400000, 0x0000000707400000|100%| S|CS|TAMS 0x0000000707300000, 0x0000000707300000| Complete 
| 104|0x0000000707400000, 0x0000000707400000, 0x0000000707500000|  0%| F|  |TAMS 0x0000000707400000, 0x0000000707400000| Untracked 
| 105|0x0000000707500000, 0x0000000707500000, 0x0000000707600000|  0%| F|  |TAMS 0x0000000707500000, 0x0000000707500000| Untracked 
| 106|0x0000000707600000, 0x0000000707600000, 0x0000000707700000|  0%| F|  |TAMS 0x0000000707600000, 0x0000000707600000| Untracked 
| 107|0x0000000707700000, 0x0000000707700000, 0x0000000707800000|  0%| F|  |TAMS 0x0000000707700000, 0x0000000707700000| Untracked 
| 108|0x0000000707800000, 0x0000000707800000, 0x0000000707900000|  0%| F|  |TAMS 0x0000000707800000, 0x0000000707800000| Untracked 
| 109|0x0000000707900000, 0x0000000707900000, 0x0000000707a00000|  0%| F|  |TAMS 0x0000000707900000, 0x0000000707900000| Untracked 
| 110|0x0000000707a00000, 0x0000000707a00000, 0x0000000707b00000|  0%| F|  |TAMS 0x0000000707a00000, 0x0000000707a00000| Untracked 
| 111|0x0000000707b00000, 0x0000000707b00000, 0x0000000707c00000|  0%| F|  |TAMS 0x0000000707b00000, 0x0000000707b00000| Untracked 
| 112|0x0000000707c00000, 0x0000000707c00000, 0x0000000707d00000|  0%| F|  |TAMS 0x0000000707c00000, 0x0000000707c00000| Untracked 
| 113|0x0000000707d00000, 0x0000000707d00000, 0x0000000707e00000|  0%| F|  |TAMS 0x0000000707d00000, 0x0000000707d00000| Untracked 
| 114|0x0000000707e00000, 0x0000000707e00000, 0x0000000707f00000|  0%| F|  |TAMS 0x0000000707e00000, 0x0000000707e00000| Untracked 
| 115|0x0000000707f00000, 0x0000000707f00000, 0x0000000708000000|  0%| F|  |TAMS 0x0000000707f00000, 0x0000000707f00000| Untracked 
| 116|0x0000000708000000, 0x0000000708000000, 0x0000000708100000|  0%| F|  |TAMS 0x0000000708000000, 0x0000000708000000| Untracked 
| 117|0x0000000708100000, 0x0000000708100000, 0x0000000708200000|  0%| F|  |TAMS 0x0000000708100000, 0x0000000708100000| Untracked 
| 118|0x0000000708200000, 0x0000000708200000, 0x0000000708300000|  0%| F|  |TAMS 0x0000000708200000, 0x0000000708200000| Untracked 
| 119|0x0000000708300000, 0x0000000708300000, 0x0000000708400000|  0%| F|  |TAMS 0x0000000708300000, 0x0000000708300000| Untracked 
| 120|0x0000000708400000, 0x0000000708400000, 0x0000000708500000|  0%| F|  |TAMS 0x0000000708400000, 0x0000000708400000| Untracked 
| 121|0x0000000708500000, 0x0000000708500000, 0x0000000708600000|  0%| F|  |TAMS 0x0000000708500000, 0x0000000708500000| Untracked 
| 122|0x0000000708600000, 0x0000000708600000, 0x0000000708700000|  0%| F|  |TAMS 0x0000000708600000, 0x0000000708600000| Untracked 
| 123|0x0000000708700000, 0x0000000708700000, 0x0000000708800000|  0%| F|  |TAMS 0x0000000708700000, 0x0000000708700000| Untracked 
| 124|0x0000000708800000, 0x0000000708800000, 0x0000000708900000|  0%| F|  |TAMS 0x0000000708800000, 0x0000000708800000| Untracked 
| 125|0x0000000708900000, 0x0000000708900000, 0x0000000708a00000|  0%| F|  |TAMS 0x0000000708900000, 0x0000000708900000| Untracked 
| 126|0x0000000708a00000, 0x0000000708a00000, 0x0000000708b00000|  0%| F|  |TAMS 0x0000000708a00000, 0x0000000708a00000| Untracked 
| 127|0x0000000708b00000, 0x0000000708b00000, 0x0000000708c00000|  0%| F|  |TAMS 0x0000000708b00000, 0x0000000708b00000| Untracked 
| 128|0x0000000708c00000, 0x0000000708c00000, 0x0000000708d00000|  0%| F|  |TAMS 0x0000000708c00000, 0x0000000708c00000| Untracked 
| 129|0x0000000708d00000, 0x0000000708d00000, 0x0000000708e00000|  0%| F|  |TAMS 0x0000000708d00000, 0x0000000708d00000| Untracked 
| 130|0x0000000708e00000, 0x0000000708e00000, 0x0000000708f00000|  0%| F|  |TAMS 0x0000000708e00000, 0x0000000708e00000| Untracked 
| 131|0x0000000708f00000, 0x0000000708f00000, 0x0000000709000000|  0%| F|  |TAMS 0x0000000708f00000, 0x0000000708f00000| Untracked 
| 132|0x0000000709000000, 0x0000000709000000, 0x0000000709100000|  0%| F|  |TAMS 0x0000000709000000, 0x0000000709000000| Untracked 
| 133|0x0000000709100000, 0x0000000709100000, 0x0000000709200000|  0%| F|  |TAMS 0x0000000709100000, 0x0000000709100000| Untracked 
| 134|0x0000000709200000, 0x0000000709200000, 0x0000000709300000|  0%| F|  |TAMS 0x0000000709200000, 0x0000000709200000| Untracked 
| 135|0x0000000709300000, 0x0000000709300000, 0x0000000709400000|  0%| F|  |TAMS 0x0000000709300000, 0x0000000709300000| Untracked 
| 136|0x0000000709400000, 0x0000000709400000, 0x0000000709500000|  0%| F|  |TAMS 0x0000000709400000, 0x0000000709400000| Untracked 
| 137|0x0000000709500000, 0x0000000709500000, 0x0000000709600000|  0%| F|  |TAMS 0x0000000709500000, 0x0000000709500000| Untracked 
| 138|0x0000000709600000, 0x0000000709600000, 0x0000000709700000|  0%| F|  |TAMS 0x0000000709600000, 0x0000000709600000| Untracked 
| 139|0x0000000709700000, 0x0000000709700000, 0x0000000709800000|  0%| F|  |TAMS 0x0000000709700000, 0x0000000709700000| Untracked 
| 140|0x0000000709800000, 0x0000000709800000, 0x0000000709900000|  0%| F|  |TAMS 0x0000000709800000, 0x0000000709800000| Untracked 
| 141|0x0000000709900000, 0x0000000709900000, 0x0000000709a00000|  0%| F|  |TAMS 0x0000000709900000, 0x0000000709900000| Untracked 
| 142|0x0000000709a00000, 0x0000000709a00000, 0x0000000709b00000|  0%| F|  |TAMS 0x0000000709a00000, 0x0000000709a00000| Untracked 
| 143|0x0000000709b00000, 0x0000000709b00000, 0x0000000709c00000|  0%| F|  |TAMS 0x0000000709b00000, 0x0000000709b00000| Untracked 
| 144|0x0000000709c00000, 0x0000000709c00000, 0x0000000709d00000|  0%| F|  |TAMS 0x0000000709c00000, 0x0000000709c00000| Untracked 
| 145|0x0000000709d00000, 0x0000000709d00000, 0x0000000709e00000|  0%| F|  |TAMS 0x0000000709d00000, 0x0000000709d00000| Untracked 
| 146|0x0000000709e00000, 0x0000000709e00000, 0x0000000709f00000|  0%| F|  |TAMS 0x0000000709e00000, 0x0000000709e00000| Untracked 
| 147|0x0000000709f00000, 0x0000000709f00000, 0x000000070a000000|  0%| F|  |TAMS 0x0000000709f00000, 0x0000000709f00000| Untracked 
| 148|0x000000070a000000, 0x000000070a000000, 0x000000070a100000|  0%| F|  |TAMS 0x000000070a000000, 0x000000070a000000| Untracked 
| 149|0x000000070a100000, 0x000000070a100000, 0x000000070a200000|  0%| F|  |TAMS 0x000000070a100000, 0x000000070a100000| Untracked 
| 150|0x000000070a200000, 0x000000070a200000, 0x000000070a300000|  0%| F|  |TAMS 0x000000070a200000, 0x000000070a200000| Untracked 
| 151|0x000000070a300000, 0x000000070a300000, 0x000000070a400000|  0%| F|  |TAMS 0x000000070a300000, 0x000000070a300000| Untracked 
| 152|0x000000070a400000, 0x000000070a400000, 0x000000070a500000|  0%| F|  |TAMS 0x000000070a400000, 0x000000070a400000| Untracked 
| 153|0x000000070a500000, 0x000000070a500000, 0x000000070a600000|  0%| F|  |TAMS 0x000000070a500000, 0x000000070a500000| Untracked 
| 154|0x000000070a600000, 0x000000070a600000, 0x000000070a700000|  0%| F|  |TAMS 0x000000070a600000, 0x000000070a600000| Untracked 
| 155|0x000000070a700000, 0x000000070a700000, 0x000000070a800000|  0%| F|  |TAMS 0x000000070a700000, 0x000000070a700000| Untracked 
| 156|0x000000070a800000, 0x000000070a800000, 0x000000070a900000|  0%| F|  |TAMS 0x000000070a800000, 0x000000070a800000| Untracked 
| 157|0x000000070a900000, 0x000000070a900000, 0x000000070aa00000|  0%| F|  |TAMS 0x000000070a900000, 0x000000070a900000| Untracked 
| 158|0x000000070aa00000, 0x000000070aa00000, 0x000000070ab00000|  0%| F|  |TAMS 0x000000070aa00000, 0x000000070aa00000| Untracked 
| 159|0x000000070ab00000, 0x000000070ab00000, 0x000000070ac00000|  0%| F|  |TAMS 0x000000070ab00000, 0x000000070ab00000| Untracked 
| 160|0x000000070ac00000, 0x000000070ac00000, 0x000000070ad00000|  0%| F|  |TAMS 0x000000070ac00000, 0x000000070ac00000| Untracked 
| 161|0x000000070ad00000, 0x000000070ad00000, 0x000000070ae00000|  0%| F|  |TAMS 0x000000070ad00000, 0x000000070ad00000| Untracked 
| 162|0x000000070ae00000, 0x000000070ae00000, 0x000000070af00000|  0%| F|  |TAMS 0x000000070ae00000, 0x000000070ae00000| Untracked 
| 163|0x000000070af00000, 0x000000070af00000, 0x000000070b000000|  0%| F|  |TAMS 0x000000070af00000, 0x000000070af00000| Untracked 
| 164|0x000000070b000000, 0x000000070b000000, 0x000000070b100000|  0%| F|  |TAMS 0x000000070b000000, 0x000000070b000000| Untracked 
| 165|0x000000070b100000, 0x000000070b100000, 0x000000070b200000|  0%| F|  |TAMS 0x000000070b100000, 0x000000070b100000| Untracked 
| 166|0x000000070b200000, 0x000000070b200000, 0x000000070b300000|  0%| F|  |TAMS 0x000000070b200000, 0x000000070b200000| Untracked 
| 167|0x000000070b300000, 0x000000070b300000, 0x000000070b400000|  0%| F|  |TAMS 0x000000070b300000, 0x000000070b300000| Untracked 
| 168|0x000000070b400000, 0x000000070b400000, 0x000000070b500000|  0%| F|  |TAMS 0x000000070b400000, 0x000000070b400000| Untracked 
| 169|0x000000070b500000, 0x000000070b500000, 0x000000070b600000|  0%| F|  |TAMS 0x000000070b500000, 0x000000070b500000| Untracked 
| 170|0x000000070b600000, 0x000000070b600000, 0x000000070b700000|  0%| F|  |TAMS 0x000000070b600000, 0x000000070b600000| Untracked 
| 171|0x000000070b700000, 0x000000070b700000, 0x000000070b800000|  0%| F|  |TAMS 0x000000070b700000, 0x000000070b700000| Untracked 
| 172|0x000000070b800000, 0x000000070b800000, 0x000000070b900000|  0%| F|  |TAMS 0x000000070b800000, 0x000000070b800000| Untracked 
| 173|0x000000070b900000, 0x000000070b900000, 0x000000070ba00000|  0%| F|  |TAMS 0x000000070b900000, 0x000000070b900000| Untracked 
| 174|0x000000070ba00000, 0x000000070ba00000, 0x000000070bb00000|  0%| F|  |TAMS 0x000000070ba00000, 0x000000070ba00000| Untracked 
| 175|0x000000070bb00000, 0x000000070bb00000, 0x000000070bc00000|  0%| F|  |TAMS 0x000000070bb00000, 0x000000070bb00000| Untracked 
| 176|0x000000070bc00000, 0x000000070bc00000, 0x000000070bd00000|  0%| F|  |TAMS 0x000000070bc00000, 0x000000070bc00000| Untracked 
| 177|0x000000070bd00000, 0x000000070bd00000, 0x000000070be00000|  0%| F|  |TAMS 0x000000070bd00000, 0x000000070bd00000| Untracked 
| 178|0x000000070be00000, 0x000000070be00000, 0x000000070bf00000|  0%| F|  |TAMS 0x000000070be00000, 0x000000070be00000| Untracked 
| 179|0x000000070bf00000, 0x000000070bf00000, 0x000000070c000000|  0%| F|  |TAMS 0x000000070bf00000, 0x000000070bf00000| Untracked 
| 180|0x000000070c000000, 0x000000070c000000, 0x000000070c100000|  0%| F|  |TAMS 0x000000070c000000, 0x000000070c000000| Untracked 
| 181|0x000000070c100000, 0x000000070c167ab8, 0x000000070c200000| 40%| E|  |TAMS 0x000000070c100000, 0x000000070c100000| Complete 
| 182|0x000000070c200000, 0x000000070c300000, 0x000000070c300000|100%| E|CS|TAMS 0x000000070c200000, 0x000000070c200000| Complete 
| 183|0x000000070c300000, 0x000000070c400000, 0x000000070c400000|100%| E|CS|TAMS 0x000000070c300000, 0x000000070c300000| Complete 
| 184|0x000000070c400000, 0x000000070c500000, 0x000000070c500000|100%| E|CS|TAMS 0x000000070c400000, 0x000000070c400000| Complete 
| 185|0x000000070c500000, 0x000000070c600000, 0x000000070c600000|100%| E|CS|TAMS 0x000000070c500000, 0x000000070c500000| Complete 
| 186|0x000000070c600000, 0x000000070c700000, 0x000000070c700000|100%| E|CS|TAMS 0x000000070c600000, 0x000000070c600000| Complete 
| 187|0x000000070c700000, 0x000000070c800000, 0x000000070c800000|100%| E|CS|TAMS 0x000000070c700000, 0x000000070c700000| Complete 
| 188|0x000000070c800000, 0x000000070c900000, 0x000000070c900000|100%| E|CS|TAMS 0x000000070c800000, 0x000000070c800000| Complete 
| 189|0x000000070c900000, 0x000000070c9fffe0, 0x000000070ca00000| 99%| E|  |TAMS 0x000000070c900000, 0x000000070c900000| Complete 
| 190|0x000000070ca00000, 0x000000070cb00000, 0x000000070cb00000|100%| E|CS|TAMS 0x000000070ca00000, 0x000000070ca00000| Complete 
| 191|0x000000070cb00000, 0x000000070cc00000, 0x000000070cc00000|100%| E|CS|TAMS 0x000000070cb00000, 0x000000070cb00000| Complete 
| 192|0x000000070cc00000, 0x000000070cd00000, 0x000000070cd00000|100%| E|CS|TAMS 0x000000070cc00000, 0x000000070cc00000| Complete 
| 193|0x000000070cd00000, 0x000000070ce00000, 0x000000070ce00000|100%| E|CS|TAMS 0x000000070cd00000, 0x000000070cd00000| Complete 
| 194|0x000000070ce00000, 0x000000070cf00000, 0x000000070cf00000|100%| E|CS|TAMS 0x000000070ce00000, 0x000000070ce00000| Complete 
| 195|0x000000070cf00000, 0x000000070d000000, 0x000000070d000000|100%| E|CS|TAMS 0x000000070cf00000, 0x000000070cf00000| Complete 
| 196|0x000000070d000000, 0x000000070d100000, 0x000000070d100000|100%| E|CS|TAMS 0x000000070d000000, 0x000000070d000000| Complete 
| 197|0x000000070d100000, 0x000000070d200000, 0x000000070d200000|100%| E|CS|TAMS 0x000000070d100000, 0x000000070d100000| Complete 
| 198|0x000000070d200000, 0x000000070d300000, 0x000000070d300000|100%| E|CS|TAMS 0x000000070d200000, 0x000000070d200000| Complete 
| 199|0x000000070d300000, 0x000000070d400000, 0x000000070d400000|100%| E|CS|TAMS 0x000000070d300000, 0x000000070d300000| Complete 
| 200|0x000000070d400000, 0x000000070d500000, 0x000000070d500000|100%| E|CS|TAMS 0x000000070d400000, 0x000000070d400000| Complete 
| 201|0x000000070d500000, 0x000000070d600000, 0x000000070d600000|100%| E|CS|TAMS 0x000000070d500000, 0x000000070d500000| Complete 
| 202|0x000000070d600000, 0x000000070d700000, 0x000000070d700000|100%| E|CS|TAMS 0x000000070d600000, 0x000000070d600000| Complete 
| 203|0x000000070d700000, 0x000000070d800000, 0x000000070d800000|100%| E|CS|TAMS 0x000000070d700000, 0x000000070d700000| Complete 
| 204|0x000000070d800000, 0x000000070d900000, 0x000000070d900000|100%| E|CS|TAMS 0x000000070d800000, 0x000000070d800000| Complete 
| 205|0x000000070d900000, 0x000000070da00000, 0x000000070da00000|100%| E|CS|TAMS 0x000000070d900000, 0x000000070d900000| Complete 
| 206|0x000000070da00000, 0x000000070db00000, 0x000000070db00000|100%| E|CS|TAMS 0x000000070da00000, 0x000000070da00000| Complete 
| 207|0x000000070db00000, 0x000000070dc00000, 0x000000070dc00000|100%| E|CS|TAMS 0x000000070db00000, 0x000000070db00000| Complete 
| 208|0x000000070dc00000, 0x000000070dd00000, 0x000000070dd00000|100%| E|CS|TAMS 0x000000070dc00000, 0x000000070dc00000| Complete 
| 209|0x000000070dd00000, 0x000000070de00000, 0x000000070de00000|100%| E|CS|TAMS 0x000000070dd00000, 0x000000070dd00000| Complete 
| 210|0x000000070de00000, 0x000000070df00000, 0x000000070df00000|100%| E|CS|TAMS 0x000000070de00000, 0x000000070de00000| Complete 
| 211|0x000000070df00000, 0x000000070e000000, 0x000000070e000000|100%| E|CS|TAMS 0x000000070df00000, 0x000000070df00000| Complete 
| 212|0x000000070e000000, 0x000000070e100000, 0x000000070e100000|100%| E|CS|TAMS 0x000000070e000000, 0x000000070e000000| Complete 
| 213|0x000000070e100000, 0x000000070e200000, 0x000000070e200000|100%| E|CS|TAMS 0x000000070e100000, 0x000000070e100000| Complete 
| 214|0x000000070e200000, 0x000000070e300000, 0x000000070e300000|100%| E|CS|TAMS 0x000000070e200000, 0x000000070e200000| Complete 
| 215|0x000000070e300000, 0x000000070e400000, 0x000000070e400000|100%| E|CS|TAMS 0x000000070e300000, 0x000000070e300000| Complete 
| 216|0x000000070e400000, 0x000000070e500000, 0x000000070e500000|100%| E|CS|TAMS 0x000000070e400000, 0x000000070e400000| Complete 
| 217|0x000000070e500000, 0x000000070e600000, 0x000000070e600000|100%| E|CS|TAMS 0x000000070e500000, 0x000000070e500000| Complete 
| 218|0x000000070e600000, 0x000000070e700000, 0x000000070e700000|100%| E|CS|TAMS 0x000000070e600000, 0x000000070e600000| Complete 
| 219|0x000000070e700000, 0x000000070e800000, 0x000000070e800000|100%| E|CS|TAMS 0x000000070e700000, 0x000000070e700000| Complete 
| 220|0x000000070e800000, 0x000000070e900000, 0x000000070e900000|100%| E|CS|TAMS 0x000000070e800000, 0x000000070e800000| Complete 
| 221|0x000000070e900000, 0x000000070ea00000, 0x000000070ea00000|100%| E|CS|TAMS 0x000000070e900000, 0x000000070e900000| Complete 
| 222|0x000000070ea00000, 0x000000070eb00000, 0x000000070eb00000|100%| E|CS|TAMS 0x000000070ea00000, 0x000000070ea00000| Complete 
| 223|0x000000070eb00000, 0x000000070ec00000, 0x000000070ec00000|100%| E|CS|TAMS 0x000000070eb00000, 0x000000070eb00000| Complete 
| 224|0x000000070ec00000, 0x000000070ed00000, 0x000000070ed00000|100%| E|CS|TAMS 0x000000070ec00000, 0x000000070ec00000| Complete 
| 225|0x000000070ed00000, 0x000000070ee00000, 0x000000070ee00000|100%| E|CS|TAMS 0x000000070ed00000, 0x000000070ed00000| Complete 
| 226|0x000000070ee00000, 0x000000070ef00000, 0x000000070ef00000|100%| E|CS|TAMS 0x000000070ee00000, 0x000000070ee00000| Complete 
| 227|0x000000070ef00000, 0x000000070f000000, 0x000000070f000000|100%| E|CS|TAMS 0x000000070ef00000, 0x000000070ef00000| Complete 
| 228|0x000000070f000000, 0x000000070f100000, 0x000000070f100000|100%| E|CS|TAMS 0x000000070f000000, 0x000000070f000000| Complete 
| 229|0x000000070f100000, 0x000000070f200000, 0x000000070f200000|100%| E|CS|TAMS 0x000000070f100000, 0x000000070f100000| Complete 
| 230|0x000000070f200000, 0x000000070f300000, 0x000000070f300000|100%| E|CS|TAMS 0x000000070f200000, 0x000000070f200000| Complete 
| 231|0x000000070f300000, 0x000000070f400000, 0x000000070f400000|100%| E|CS|TAMS 0x000000070f300000, 0x000000070f300000| Complete 
| 232|0x000000070f400000, 0x000000070f500000, 0x000000070f500000|100%| E|CS|TAMS 0x000000070f400000, 0x000000070f400000| Complete 
| 233|0x000000070f500000, 0x000000070f600000, 0x000000070f600000|100%| E|CS|TAMS 0x000000070f500000, 0x000000070f500000| Complete 
| 234|0x000000070f600000, 0x000000070f700000, 0x000000070f700000|100%| E|CS|TAMS 0x000000070f600000, 0x000000070f600000| Complete 
| 235|0x000000070f700000, 0x000000070f800000, 0x000000070f800000|100%| E|CS|TAMS 0x000000070f700000, 0x000000070f700000| Complete 
| 236|0x000000070f800000, 0x000000070f900000, 0x000000070f900000|100%| E|CS|TAMS 0x000000070f800000, 0x000000070f800000| Complete 
| 237|0x000000070f900000, 0x000000070fa00000, 0x000000070fa00000|100%| E|CS|TAMS 0x000000070f900000, 0x000000070f900000| Complete 
| 238|0x000000070fa00000, 0x000000070fb00000, 0x000000070fb00000|100%| E|CS|TAMS 0x000000070fa00000, 0x000000070fa00000| Complete 
| 239|0x000000070fb00000, 0x000000070fc00000, 0x000000070fc00000|100%| E|CS|TAMS 0x000000070fb00000, 0x000000070fb00000| Complete 
| 240|0x000000070fc00000, 0x000000070fd00000, 0x000000070fd00000|100%| E|CS|TAMS 0x000000070fc00000, 0x000000070fc00000| Complete 
| 241|0x000000070fd00000, 0x000000070fe00000, 0x000000070fe00000|100%| E|CS|TAMS 0x000000070fd00000, 0x000000070fd00000| Complete 
| 242|0x000000070fe00000, 0x000000070ff00000, 0x000000070ff00000|100%| E|CS|TAMS 0x000000070fe00000, 0x000000070fe00000| Complete 
| 243|0x000000070ff00000, 0x0000000710000000, 0x0000000710000000|100%| E|CS|TAMS 0x000000070ff00000, 0x000000070ff00000| Complete 
| 244|0x0000000710000000, 0x0000000710100000, 0x0000000710100000|100%| E|CS|TAMS 0x0000000710000000, 0x0000000710000000| Complete 
| 245|0x0000000710100000, 0x0000000710200000, 0x0000000710200000|100%| E|CS|TAMS 0x0000000710100000, 0x0000000710100000| Complete 
| 246|0x0000000710200000, 0x0000000710300000, 0x0000000710300000|100%| E|CS|TAMS 0x0000000710200000, 0x0000000710200000| Complete 
| 247|0x0000000710300000, 0x0000000710400000, 0x0000000710400000|100%| E|CS|TAMS 0x0000000710300000, 0x0000000710300000| Complete 
| 248|0x0000000710400000, 0x0000000710500000, 0x0000000710500000|100%| E|CS|TAMS 0x0000000710400000, 0x0000000710400000| Complete 
| 249|0x0000000710500000, 0x0000000710600000, 0x0000000710600000|100%| E|CS|TAMS 0x0000000710500000, 0x0000000710500000| Complete 
| 250|0x0000000710600000, 0x0000000710700000, 0x0000000710700000|100%| E|CS|TAMS 0x0000000710600000, 0x0000000710600000| Complete 
| 251|0x0000000710700000, 0x0000000710800000, 0x0000000710800000|100%| E|CS|TAMS 0x0000000710700000, 0x0000000710700000| Complete 
| 252|0x0000000710800000, 0x0000000710900000, 0x0000000710900000|100%| E|CS|TAMS 0x0000000710800000, 0x0000000710800000| Complete 
| 253|0x0000000710900000, 0x0000000710a00000, 0x0000000710a00000|100%| E|CS|TAMS 0x0000000710900000, 0x0000000710900000| Complete 
| 254|0x0000000710a00000, 0x0000000710b00000, 0x0000000710b00000|100%| E|CS|TAMS 0x0000000710a00000, 0x0000000710a00000| Complete 
| 255|0x0000000710b00000, 0x0000000710c00000, 0x0000000710c00000|100%| E|CS|TAMS 0x0000000710b00000, 0x0000000710b00000| Complete 

Card table byte_map: [0x000002d05ff30000,0x000002d060730000] _byte_map_base: 0x000002d05c72a000

Marking Bits (Prev, Next): (CMBitMap*) 0x000002d047823a90, (CMBitMap*) 0x000002d047823a58
 Prev Bits: [0x000002d064f00000, 0x000002d068ed0000)
 Next Bits: [0x000002d060f30000, 0x000002d064f00000)

Polling page: 0x000002d046f80000

Metaspace:

Usage:
  Non-class:     60.98 MB capacity,    59.82 MB ( 98%) used,   969.74 KB (  2%) free+waste,   210.69 KB ( <1%) overhead. 
      Class:     11.03 MB capacity,    10.43 MB ( 95%) used,   513.78 KB (  5%) free+waste,    97.75 KB ( <1%) overhead. 
       Both:     72.00 MB capacity,    70.25 MB ( 98%) used,     1.45 MB (  2%) free+waste,   308.44 KB ( <1%) overhead. 

Virtual space:
  Non-class space:       62.00 MB reserved,      61.04 MB ( 98%) committed 
      Class space:        1.00 GB reserved,      11.13 MB (  1%) committed 
             Both:        1.06 GB reserved,      72.16 MB (  7%) committed 

Chunk freelists:
   Non-Class:  0 bytes
       Class:  6.00 KB
        Both:  6.00 KB

MaxMetaspaceSize: 17179869184.00 GB
CompressedClassSpaceSize: 1.00 GB

CodeHeap 'non-profiled nmethods': size=119168Kb used=6083Kb max_used=9065Kb free=113084Kb
 bounds [0x000002d057a50000, 0x000002d058340000, 0x000002d05eeb0000]
CodeHeap 'profiled nmethods': size=119168Kb used=12119Kb max_used=14705Kb free=107048Kb
 bounds [0x000002d0505f0000, 0x000002d051460000, 0x000002d057a50000]
CodeHeap 'non-nmethods': size=7424Kb used=3039Kb max_used=3162Kb free=4384Kb
 bounds [0x000002d04feb0000, 0x000002d050220000, 0x000002d0505f0000]
 total_blobs=7492 nmethods=6840 adapters=568
 compilation: enabled
              stopped_count=0, restarted_count=0
 full_count=0

Compilation events (20 events):
Event: 19676.231 Thread 0x000002d075ff9800 nmethod 27931 0x000002d051199f90 code [0x000002d05119a180, 0x000002d05119a4a8]
Event: 19676.231 Thread 0x000002d075ff9800 27959       3       jdk.internal.org.objectweb.asm.Label::resolve (214 bytes)
Event: 19676.232 Thread 0x000002d075ffb000 nmethod 27954 0x000002d051198910 code [0x000002d051198bc0, 0x000002d051199a48]
Event: 19676.232 Thread 0x000002d075ffb000 27960       3       jdk.internal.org.objectweb.asm.ClassWriter::newFieldItem (77 bytes)
Event: 19676.232 Thread 0x000002d075ff9800 nmethod 27959 0x000002d050660b90 code [0x000002d050660d80, 0x000002d050661278]
Event: 19676.232 Thread 0x000002d075ff6000 nmethod 27906 0x000002d057c63090 code [0x000002d057c63260, 0x000002d057c639e8]
Event: 19676.232 Thread 0x000002d075ff6000 27961       4       java.lang.reflect.AccessibleObject::<init> (5 bytes)
Event: 19676.232 Thread 0x000002d075ff6000 nmethod 27961 0x000002d057bf1790 code [0x000002d057bf1920, 0x000002d057bf1978]
Event: 19676.232 Thread 0x000002d075ff6000 27963       4       java.lang.reflect.Method::<init> (68 bytes)
Event: 19676.232 Thread 0x000002d075ffb000 nmethod 27960 0x000002d0506a1590 code [0x000002d0506a17e0, 0x000002d0506a1d38]
Event: 19676.232 Thread 0x000002d075ff9800 27945       3       java.lang.reflect.ReflectAccess::copyConstructor (5 bytes)
Event: 19676.232 Thread 0x000002d075ffb000 27915       3       java.lang.invoke.MethodType::dropParameterTypes (162 bytes)
Event: 19676.232 Thread 0x000002d075ff9800 nmethod 27945 0x000002d0505f5710 code [0x000002d0505f58c0, 0x000002d0505f5a08]
Event: 19676.232 Thread 0x000002d075ff9800 27924       3       java.lang.reflect.Modifier::isAbstract (14 bytes)
Event: 19676.232 Thread 0x000002d075ff9800 nmethod 27924 0x000002d050637e90 code [0x000002d050638040, 0x000002d050638178]
Event: 19676.233 Thread 0x000002d075ff9800 27921       3       jdk.internal.org.objectweb.asm.MethodVisitor::visitVarInsn (17 bytes)
Event: 19676.233 Thread 0x000002d06c952800 nmethod 27958 0x000002d0506bcd10 code [0x000002d0506bcf80, 0x000002d0506bdb48]
Event: 19676.233 Thread 0x000002d075ff9800 nmethod 27921 0x000002d051198410 code [0x000002d0511985c0, 0x000002d0511987e8]
Event: 19676.233 Thread 0x000002d06c952800 27910       3       java.lang.invoke.AbstractValidatingLambdaMetafactory::isAdaptableToAsReturnStrict (34 bytes)
Event: 19676.233 Thread 0x000002d075ff9800 27912       3       java.lang.invoke.InnerClassLambdaMetafactory::generateConstructor (151 bytes)

GC Heap History (20 events):
Event: 13886.194 GC heap before
{Heap before GC invocations=32 (full 0):
 garbage-first heap   total 262144K, used 192809K [0x0000000700c00000, 0x0000000800000000)
  region size 1024K, 153 young (156672K), 2 survivors (2048K)
 Metaspace       used 69990K, capacity 71672K, committed 71844K, reserved 1110016K
  class space    used 10468K, capacity 11042K, committed 11136K, reserved 1048576K
}
Event: 13886.200 GC heap after
{Heap after GC invocations=33 (full 0):
 garbage-first heap   total 262144K, used 38149K [0x0000000700c00000, 0x0000000800000000)
  region size 1024K, 2 young (2048K), 2 survivors (2048K)
 Metaspace       used 69990K, capacity 71672K, committed 71844K, reserved 1110016K
  class space    used 10468K, capacity 11042K, committed 11136K, reserved 1048576K
}
Event: 14521.217 GC heap before
{Heap before GC invocations=33 (full 0):
 garbage-first heap   total 262144K, used 192773K [0x0000000700c00000, 0x0000000800000000)
  region size 1024K, 153 young (156672K), 2 survivors (2048K)
 Metaspace       used 69992K, capacity 71672K, committed 71844K, reserved 1110016K
  class space    used 10468K, capacity 11042K, committed 11136K, reserved 1048576K
}
Event: 14521.223 GC heap after
{Heap after GC invocations=34 (full 0):
 garbage-first heap   total 262144K, used 38127K [0x0000000700c00000, 0x0000000800000000)
  region size 1024K, 2 young (2048K), 2 survivors (2048K)
 Metaspace       used 69992K, capacity 71672K, committed 71844K, reserved 1110016K
  class space    used 10468K, capacity 11042K, committed 11136K, reserved 1048576K
}
Event: 15155.991 GC heap before
{Heap before GC invocations=34 (full 0):
 garbage-first heap   total 262144K, used 192751K [0x0000000700c00000, 0x0000000800000000)
  region size 1024K, 153 young (156672K), 2 survivors (2048K)
 Metaspace       used 70011K, capacity 71672K, committed 71844K, reserved 1110016K
  class space    used 10468K, capacity 11042K, committed 11136K, reserved 1048576K
}
Event: 15155.997 GC heap after
{Heap after GC invocations=35 (full 0):
 garbage-first heap   total 262144K, used 38139K [0x0000000700c00000, 0x0000000800000000)
  region size 1024K, 2 young (2048K), 2 survivors (2048K)
 Metaspace       used 70011K, capacity 71672K, committed 71844K, reserved 1110016K
  class space    used 10468K, capacity 11042K, committed 11136K, reserved 1048576K
}
Event: 15791.002 GC heap before
{Heap before GC invocations=35 (full 0):
 garbage-first heap   total 262144K, used 192763K [0x0000000700c00000, 0x0000000800000000)
  region size 1024K, 153 young (156672K), 2 survivors (2048K)
 Metaspace       used 70018K, capacity 71672K, committed 71844K, reserved 1110016K
  class space    used 10468K, capacity 11042K, committed 11136K, reserved 1048576K
}
Event: 15791.009 GC heap after
{Heap after GC invocations=36 (full 0):
 garbage-first heap   total 262144K, used 38144K [0x0000000700c00000, 0x0000000800000000)
  region size 1024K, 2 young (2048K), 2 survivors (2048K)
 Metaspace       used 70018K, capacity 71672K, committed 71844K, reserved 1110016K
  class space    used 10468K, capacity 11042K, committed 11136K, reserved 1048576K
}
Event: 16425.752 GC heap before
{Heap before GC invocations=36 (full 0):
 garbage-first heap   total 262144K, used 192768K [0x0000000700c00000, 0x0000000800000000)
  region size 1024K, 153 young (156672K), 2 survivors (2048K)
 Metaspace       used 70018K, capacity 71672K, committed 71844K, reserved 1110016K
  class space    used 10468K, capacity 11042K, committed 11136K, reserved 1048576K
}
Event: 16425.758 GC heap after
{Heap after GC invocations=37 (full 0):
 garbage-first heap   total 262144K, used 38144K [0x0000000700c00000, 0x0000000800000000)
  region size 1024K, 2 young (2048K), 2 survivors (2048K)
 Metaspace       used 70018K, capacity 71672K, committed 71844K, reserved 1110016K
  class space    used 10468K, capacity 11042K, committed 11136K, reserved 1048576K
}
Event: 17060.707 GC heap before
{Heap before GC invocations=37 (full 0):
 garbage-first heap   total 262144K, used 192768K [0x0000000700c00000, 0x0000000800000000)
  region size 1024K, 153 young (156672K), 2 survivors (2048K)
 Metaspace       used 70018K, capacity 71672K, committed 71844K, reserved 1110016K
  class space    used 10468K, capacity 11042K, committed 11136K, reserved 1048576K
}
Event: 17060.713 GC heap after
{Heap after GC invocations=38 (full 0):
 garbage-first heap   total 262144K, used 38141K [0x0000000700c00000, 0x0000000800000000)
  region size 1024K, 2 young (2048K), 2 survivors (2048K)
 Metaspace       used 70018K, capacity 71672K, committed 71844K, reserved 1110016K
  class space    used 10468K, capacity 11042K, committed 11136K, reserved 1048576K
}
Event: 17695.678 GC heap before
{Heap before GC invocations=38 (full 0):
 garbage-first heap   total 262144K, used 192765K [0x0000000700c00000, 0x0000000800000000)
  region size 1024K, 153 young (156672K), 2 survivors (2048K)
 Metaspace       used 70018K, capacity 71672K, committed 71844K, reserved 1110016K
  class space    used 10468K, capacity 11042K, committed 11136K, reserved 1048576K
}
Event: 17695.684 GC heap after
{Heap after GC invocations=39 (full 0):
 garbage-first heap   total 262144K, used 38150K [0x0000000700c00000, 0x0000000800000000)
  region size 1024K, 2 young (2048K), 2 survivors (2048K)
 Metaspace       used 70018K, capacity 71672K, committed 71844K, reserved 1110016K
  class space    used 10468K, capacity 11042K, committed 11136K, reserved 1048576K
}
Event: 18330.804 GC heap before
{Heap before GC invocations=39 (full 0):
 garbage-first heap   total 262144K, used 192774K [0x0000000700c00000, 0x0000000800000000)
  region size 1024K, 153 young (156672K), 2 survivors (2048K)
 Metaspace       used 70018K, capacity 71672K, committed 71844K, reserved 1110016K
  class space    used 10468K, capacity 11042K, committed 11136K, reserved 1048576K
}
Event: 18330.810 GC heap after
{Heap after GC invocations=40 (full 0):
 garbage-first heap   total 262144K, used 38126K [0x0000000700c00000, 0x0000000800000000)
  region size 1024K, 2 young (2048K), 2 survivors (2048K)
 Metaspace       used 70018K, capacity 71672K, committed 71844K, reserved 1110016K
  class space    used 10468K, capacity 11042K, committed 11136K, reserved 1048576K
}
Event: 18965.641 GC heap before
{Heap before GC invocations=40 (full 0):
 garbage-first heap   total 262144K, used 192750K [0x0000000700c00000, 0x0000000800000000)
  region size 1024K, 153 young (156672K), 2 survivors (2048K)
 Metaspace       used 70022K, capacity 71672K, committed 71844K, reserved 1110016K
  class space    used 10468K, capacity 11042K, committed 11136K, reserved 1048576K
}
Event: 18965.648 GC heap after
{Heap after GC invocations=41 (full 0):
 garbage-first heap   total 262144K, used 38158K [0x0000000700c00000, 0x0000000800000000)
  region size 1024K, 1 young (1024K), 1 survivors (1024K)
 Metaspace       used 70022K, capacity 71672K, committed 71844K, reserved 1110016K
  class space    used 10468K, capacity 11042K, committed 11136K, reserved 1048576K
}
Event: 19604.470 GC heap before
{Heap before GC invocations=41 (full 0):
 garbage-first heap   total 262144K, used 193806K [0x0000000700c00000, 0x0000000800000000)
  region size 1024K, 153 young (156672K), 1 survivors (1024K)
 Metaspace       used 70022K, capacity 71672K, committed 71844K, reserved 1110016K
  class space    used 10468K, capacity 11042K, committed 11136K, reserved 1048576K
}
Event: 19604.478 GC heap after
{Heap after GC invocations=42 (full 0):
 garbage-first heap   total 262144K, used 38224K [0x0000000700c00000, 0x0000000800000000)
  region size 1024K, 2 young (2048K), 2 survivors (2048K)
 Metaspace       used 70022K, capacity 71672K, committed 71844K, reserved 1110016K
  class space    used 10468K, capacity 11042K, committed 11136K, reserved 1048576K
}

Deoptimization events (20 events):
Event: 19665.436 Thread 0x000002d06da20800 DEOPT PACKING pc=0x000002d0508ca164 sp=0x000000fdd13fccb0
Event: 19665.436 Thread 0x000002d06da20800 DEOPT UNPACKING pc=0x000002d04feebb5e sp=0x000000fdd13fc1c8 mode 1
Event: 19665.436 Thread 0x000002d06da20800 DEOPT PACKING pc=0x000002d05127a64c sp=0x000000fdd13fcd80
Event: 19665.436 Thread 0x000002d06da20800 DEOPT UNPACKING pc=0x000002d04feebb5e sp=0x000000fdd13fc2c0 mode 1
Event: 19665.436 Thread 0x000002d06da20800 DEOPT PACKING pc=0x000002d0508ca164 sp=0x000000fdd13fccb0
Event: 19665.436 Thread 0x000002d06da20800 DEOPT UNPACKING pc=0x000002d04feebb5e sp=0x000000fdd13fc1c8 mode 1
Event: 19665.436 Thread 0x000002d06da20800 DEOPT PACKING pc=0x000002d05127a64c sp=0x000000fdd13fcd80
Event: 19665.436 Thread 0x000002d06da20800 DEOPT UNPACKING pc=0x000002d04feebb5e sp=0x000000fdd13fc2c0 mode 1
Event: 19675.266 Thread 0x000002d0719ce000 DEOPT PACKING pc=0x000002d05082e544 sp=0x000000fdd38ff170
Event: 19675.266 Thread 0x000002d0719ce000 DEOPT UNPACKING pc=0x000002d04feebb5e sp=0x000000fdd38fe630 mode 0
Event: 19675.266 Thread 0x000002d0719ce000 DEOPT PACKING pc=0x000002d0507938d4 sp=0x000000fdd38ff250
Event: 19675.266 Thread 0x000002d0719ce000 DEOPT UNPACKING pc=0x000002d04feebb5e sp=0x000000fdd38fe778 mode 0
Event: 19676.222 Thread 0x000002d06d53f000 DEOPT PACKING pc=0x000002d057e07880 sp=0x000000fdd07fedf0
Event: 19676.222 Thread 0x000002d06d53f000 DEOPT UNPACKING pc=0x000002d04feebb5e sp=0x000000fdd07fe240 mode 0
Event: 19676.223 Thread 0x000002d06d53f000 DEOPT PACKING pc=0x000002d0582a2810 sp=0x000000fdd07feeb0
Event: 19676.223 Thread 0x000002d06d53f000 DEOPT UNPACKING pc=0x000002d04feebb5e sp=0x000000fdd07fe360 mode 0
Event: 19676.223 Thread 0x000002d06d53f000 DEOPT PACKING pc=0x000002d05828cc2c sp=0x000000fdd07fefc0
Event: 19676.223 Thread 0x000002d06d53f000 DEOPT UNPACKING pc=0x000002d04feebb5e sp=0x000000fdd07fe478 mode 0
Event: 19676.223 Thread 0x000002d06d53f000 DEOPT PACKING pc=0x000002d057e279dc sp=0x000000fdd07ff0e0
Event: 19676.223 Thread 0x000002d06d53f000 DEOPT UNPACKING pc=0x000002d04feebb5e sp=0x000000fdd07fe568 mode 0

Classes redefined (20 events):
Event: 8183.565 Thread 0x000002d06c8c0800 redefined class name=genspark.assignments.section7.MapReduce, count=18
Event: 8195.915 Thread 0x000002d06c8c0800 redefined class name=genspark.assignments.section7.MapReduce, count=19
Event: 8196.026 Thread 0x000002d06c8c0800 redefined class name=genspark.assignments.section7.MapReduce, count=20
Event: 8403.708 Thread 0x000002d06c8c0800 redefined class name=genspark.assignments.section7.MapReduce, count=21
Event: 8403.814 Thread 0x000002d06c8c0800 redefined class name=genspark.assignments.section7.MapReduce, count=22
Event: 8450.153 Thread 0x000002d06c8c0800 redefined class name=genspark.assignments.section7.MapReduce, count=23
Event: 8450.248 Thread 0x000002d06c8c0800 redefined class name=genspark.assignments.section7.MapReduce, count=24
Event: 8654.941 Thread 0x000002d06c8c0800 redefined class name=genspark.assignments.section7.MapReduce, count=25
Event: 8655.039 Thread 0x000002d06c8c0800 redefined class name=genspark.assignments.section7.MapReduce, count=26
Event: 8929.688 Thread 0x000002d06c8c0800 redefined class name=genspark.assignments.section7.MapReduce, count=27
Event: 8929.791 Thread 0x000002d06c8c0800 redefined class name=genspark.assignments.section7.MapReduce, count=28
Event: 9206.039 Thread 0x000002d06c8c0800 redefined class name=genspark.assignments.section7.MapReduce, count=29
Event: 9206.148 Thread 0x000002d06c8c0800 redefined class name=genspark.assignments.section7.MapReduce, count=30
Event: 9239.274 Thread 0x000002d06c8c0800 redefined class name=genspark.assignments.section7.MapReduce, count=31
Event: 9239.386 Thread 0x000002d06c8c0800 redefined class name=genspark.assignments.section7.MapReduce, count=32
Event: 9643.234 Thread 0x000002d06c8c0800 redefined class name=genspark.assignments.section7.MapReduce, count=33
Event: 9643.370 Thread 0x000002d06c8c0800 redefined class name=genspark.assignments.section7.MapReduce, count=34
Event: 19656.303 Thread 0x000002d06c8c0800 redefined class name=genspark.assignments.section7.MapReduce, count=35
Event: 19656.460 Thread 0x000002d06c8c0800 redefined class name=genspark.assignments.section7.MapReduce, count=36
Event: 19676.151 Thread 0x000002d06c8c0800 redefined class name=genspark.assignments.section7.MapReduce, count=37

Internal exceptions (20 events):
Event: 9641.348 Thread 0x000002d06d540000 Exception <a 'sun/nio/fs/WindowsException'{0x000000070e489e08}> (0x000000070e489e08) thrown at [./src/hotspot/share/prims/jni.cpp, line 616]
Event: 9641.349 Thread 0x000002d06d540000 Exception <a 'sun/nio/fs/WindowsException'{0x000000070e48a200}> (0x000000070e48a200) thrown at [./src/hotspot/share/prims/jni.cpp, line 616]
Event: 9641.349 Thread 0x000002d06d540000 Exception <a 'sun/nio/fs/WindowsException'{0x000000070e48a7a0}> (0x000000070e48a7a0) thrown at [./src/hotspot/share/prims/jni.cpp, line 616]
Event: 9641.349 Thread 0x000002d06d540000 Exception <a 'sun/nio/fs/WindowsException'{0x000000070e48ad78}> (0x000000070e48ad78) thrown at [./src/hotspot/share/prims/jni.cpp, line 616]
Event: 9641.349 Thread 0x000002d06d540000 Exception <a 'sun/nio/fs/WindowsException'{0x000000070e48b1a0}> (0x000000070e48b1a0) thrown at [./src/hotspot/share/prims/jni.cpp, line 616]
Event: 9643.502 Thread 0x000002d06df76000 Exception <a 'java/lang/NoSuchMethodError'{0x000000070e28da10}: <clinit>> (0x000000070e28da10) thrown at [./src/hotspot/share/prims/jni.cpp, line 1363]
Event: 19654.247 Thread 0x000002d06d540000 Exception <a 'sun/nio/fs/WindowsException'{0x000000070ff0eb98}> (0x000000070ff0eb98) thrown at [./src/hotspot/share/prims/jni.cpp, line 616]
Event: 19654.247 Thread 0x000002d06d540000 Exception <a 'sun/nio/fs/WindowsException'{0x000000070ff0ef90}> (0x000000070ff0ef90) thrown at [./src/hotspot/share/prims/jni.cpp, line 616]
Event: 19654.248 Thread 0x000002d06d540000 Exception <a 'sun/nio/fs/WindowsException'{0x000000070ff0f530}> (0x000000070ff0f530) thrown at [./src/hotspot/share/prims/jni.cpp, line 616]
Event: 19654.248 Thread 0x000002d06d540000 Exception <a 'sun/nio/fs/WindowsException'{0x000000070ff0fb08}> (0x000000070ff0fb08) thrown at [./src/hotspot/share/prims/jni.cpp, line 616]
Event: 19654.248 Thread 0x000002d06d540000 Exception <a 'sun/nio/fs/WindowsException'{0x000000070ff0ff30}> (0x000000070ff0ff30) thrown at [./src/hotspot/share/prims/jni.cpp, line 616]
Event: 19656.300 Thread 0x000002d075ff8000 Implicit null exception at 0x000002d058156269 to 0x000002d058156c34
Event: 19656.550 Thread 0x000002d075ffc000 Exception <a 'java/lang/NoSuchMethodError'{0x000000070fda31f0}: 'void java.lang.invoke.DirectMethodHandle$Holder.invokeStatic(java.lang.Object, java.lang.Object, int)'> (0x000000070fda31f0) thrown at [./src/hotspot/share/interpreter/linkResolver.cpp, line 779]
Event: 19656.758 Thread 0x000002d06df76000 Exception <a 'java/lang/NoSuchMethodError'{0x000000070d8e1a78}: <clinit>> (0x000000070d8e1a78) thrown at [./src/hotspot/share/prims/jni.cpp, line 1363]
Event: 19657.632 Thread 0x000002d06dea6000 Exception <a 'java/lang/NullPointerException'{0x000000070c996170}> (0x000000070c996170) thrown at [./src/hotspot/share/interpreter/linkResolver.cpp, line 1448]
Event: 19674.397 Thread 0x000002d06d540000 Exception <a 'sun/nio/fs/WindowsException'{0x000000070c7b1828}> (0x000000070c7b1828) thrown at [./src/hotspot/share/prims/jni.cpp, line 616]
Event: 19674.398 Thread 0x000002d06d540000 Exception <a 'sun/nio/fs/WindowsException'{0x000000070c7b1c20}> (0x000000070c7b1c20) thrown at [./src/hotspot/share/prims/jni.cpp, line 616]
Event: 19674.398 Thread 0x000002d06d540000 Exception <a 'sun/nio/fs/WindowsException'{0x000000070c20b278}> (0x000000070c20b278) thrown at [./src/hotspot/share/prims/jni.cpp, line 616]
Event: 19674.398 Thread 0x000002d06d540000 Exception <a 'sun/nio/fs/WindowsException'{0x000000070c20b850}> (0x000000070c20b850) thrown at [./src/hotspot/share/prims/jni.cpp, line 616]
Event: 19674.398 Thread 0x000002d06d540000 Exception <a 'sun/nio/fs/WindowsException'{0x000000070c20bc78}> (0x000000070c20bc78) thrown at [./src/hotspot/share/prims/jni.cpp, line 616]

Events (20 events):
Event: 19676.230 Thread 0x000002d06c958800 flushing nmethod 0x000002d05804b590
Event: 19676.230 Thread 0x000002d06c958800 flushing nmethod 0x000002d05804bd10
Event: 19676.230 Thread 0x000002d06c958800 flushing nmethod 0x000002d058054110
Event: 19676.230 Thread 0x000002d06c958800 flushing nmethod 0x000002d058079310
Event: 19676.230 Thread 0x000002d06c958800 flushing nmethod 0x000002d05807cf10
Event: 19676.230 Thread 0x000002d06c958800 flushing nmethod 0x000002d05807f790
Event: 19676.230 Thread 0x000002d06c958800 flushing nmethod 0x000002d058080d90
Event: 19676.231 Thread 0x000002d06c958800 flushing nmethod 0x000002d0582c6190
Event: 19676.231 Thread 0x000002d06c958800 flushing nmethod 0x000002d0582cc710
Event: 19676.231 Thread 0x000002d06c958800 flushing nmethod 0x000002d0582d2610
Event: 19676.231 Thread 0x000002d06c958800 flushing nmethod 0x000002d0582d7490
Event: 19676.231 Thread 0x000002d06c958800 flushing nmethod 0x000002d0505f5710
Event: 19676.231 Thread 0x000002d06c958800 flushing nmethod 0x000002d050618e10
Event: 19676.231 Thread 0x000002d06c958800 flushing nmethod 0x000002d050637c90
Event: 19676.231 Thread 0x000002d06c958800 flushing nmethod 0x000002d050657290
Event: 19676.232 Thread 0x000002d06c958800 flushing nmethod 0x000002d050660710
Event: 19676.232 Thread 0x000002d06c958800 flushing nmethod 0x000002d050661310
Event: 19676.232 Thread 0x000002d06c958800 flushing nmethod 0x000002d0506a1590
Event: 19676.232 Thread 0x000002d06c958800 flushing nmethod 0x000002d0506bcd10
Event: 19676.233 Executing VM operation: ICBufferFull


Dynamic libraries:
0x00007ff71cfe0000 - 0x00007ff71cfed000 	C:\Genspark\dcevm-11.0.11+1\bin\java.exe
0x00007ff813770000 - 0x00007ff813965000 	C:\Windows\SYSTEM32\ntdll.dll
0x00007ff812120000 - 0x00007ff8121de000 	C:\Windows\System32\KERNEL32.DLL
0x00007ff810f40000 - 0x00007ff811208000 	C:\Windows\System32\KERNELBASE.dll
0x00007ff811630000 - 0x00007ff811730000 	C:\Windows\System32\ucrtbase.dll
0x00007ffffc090000 - 0x00007ffffc0a5000 	C:\Genspark\dcevm-11.0.11+1\bin\VCRUNTIME140.dll
0x00007ff80be20000 - 0x00007ff80be37000 	C:\Genspark\dcevm-11.0.11+1\bin\jli.dll
0x00007ff812340000 - 0x00007ff8124e0000 	C:\Windows\System32\USER32.dll
0x00007ff8112f0000 - 0x00007ff811312000 	C:\Windows\System32\win32u.dll
0x00007ff8118d0000 - 0x00007ff8118fb000 	C:\Windows\System32\GDI32.dll
0x00007ff811320000 - 0x00007ff81142d000 	C:\Windows\System32\gdi32full.dll
0x00007ff811590000 - 0x00007ff81162d000 	C:\Windows\System32\msvcp_win.dll
0x00007ffffd240000 - 0x00007ffffd4da000 	C:\Windows\WinSxS\amd64_microsoft.windows.common-controls_6595b64144ccf1df_6.0.19041.1110_none_60b5254171f9507e\COMCTL32.dll
0x00007ff812e50000 - 0x00007ff812eee000 	C:\Windows\System32\msvcrt.dll
0x00007ff811d90000 - 0x00007ff811dc0000 	C:\Windows\System32\IMM32.DLL
0x00007fffee760000 - 0x00007fffee7fb000 	C:\Genspark\dcevm-11.0.11+1\bin\msvcp140.dll
0x00007fff837f0000 - 0x00007fff842d4000 	C:\Genspark\dcevm-11.0.11+1\bin\server\jvm.dll
0x00007ff8121e0000 - 0x00007ff81228e000 	C:\Windows\System32\ADVAPI32.dll
0x00007ff812cc0000 - 0x00007ff812d5c000 	C:\Windows\System32\sechost.dll
0x00007ff812ef0000 - 0x00007ff813015000 	C:\Windows\System32\RPCRT4.dll
0x00007ff812e40000 - 0x00007ff812e48000 	C:\Windows\System32\PSAPI.DLL
0x00007ff804230000 - 0x00007ff804239000 	C:\Windows\SYSTEM32\WSOCK32.dll
0x00007ff8078b0000 - 0x00007ff8078ba000 	C:\Windows\SYSTEM32\VERSION.dll
0x00007ff807900000 - 0x00007ff807927000 	C:\Windows\SYSTEM32\WINMM.dll
0x00007ff812c50000 - 0x00007ff812cbb000 	C:\Windows\System32\WS2_32.dll
0x00007ff80f720000 - 0x00007ff80f732000 	C:\Windows\SYSTEM32\kernel.appcore.dll
0x00007ff80be10000 - 0x00007ff80be20000 	C:\Genspark\dcevm-11.0.11+1\bin\verify.dll
0x00007ff80f390000 - 0x00007ff80f574000 	C:\Windows\SYSTEM32\DBGHELP.DLL
0x00007ffffb410000 - 0x00007ffffb43c000 	C:\Windows\SYSTEM32\dbgcore.DLL
0x00007ff811730000 - 0x00007ff8117b2000 	C:\Windows\System32\bcryptPrimitives.dll
0x00007ffffa310000 - 0x00007ffffa338000 	C:\Genspark\dcevm-11.0.11+1\bin\java.dll
0x00007ff8035f0000 - 0x00007ff8035fa000 	C:\Genspark\dcevm-11.0.11+1\bin\jimage.dll
0x00007fffefe30000 - 0x00007fffefe68000 	C:\Genspark\dcevm-11.0.11+1\bin\jdwp.dll
0x00007ffff1e60000 - 0x00007ffff1e6e000 	C:\Genspark\dcevm-11.0.11+1\bin\instrument.dll
0x00007ffff0fa0000 - 0x00007ffff0fb7000 	C:\Genspark\dcevm-11.0.11+1\bin\zip.dll
0x00007ff8124f0000 - 0x00007ff812c34000 	C:\Windows\System32\SHELL32.dll
0x00007ff80ebf0000 - 0x00007ff80f384000 	C:\Windows\SYSTEM32\windows.storage.dll
0x00007ff811dc0000 - 0x00007ff812115000 	C:\Windows\System32\combase.dll
0x00007ff8108d0000 - 0x00007ff8108fe000 	C:\Windows\SYSTEM32\Wldp.dll
0x00007ff812290000 - 0x00007ff81233d000 	C:\Windows\System32\SHCORE.dll
0x00007ff811900000 - 0x00007ff811955000 	C:\Windows\System32\shlwapi.dll
0x00007ff810dc0000 - 0x00007ff810ddf000 	C:\Windows\SYSTEM32\profapi.dll
0x00007ffff1a60000 - 0x00007ffff1a6a000 	C:\Genspark\dcevm-11.0.11+1\bin\dt_socket.dll
0x00007ff810630000 - 0x00007ff81069a000 	C:\Windows\system32\mswsock.dll
0x00007ffff0f80000 - 0x00007ffff0f99000 	C:\Genspark\dcevm-11.0.11+1\bin\net.dll
0x00007ff807340000 - 0x00007ff80744c000 	C:\Windows\SYSTEM32\WINHTTP.dll
0x00007ffff0f60000 - 0x00007ffff0f72000 	C:\Genspark\dcevm-11.0.11+1\bin\nio.dll
0x00007ff810320000 - 0x00007ff8103eb000 	C:\Windows\SYSTEM32\DNSAPI.dll
0x00007ff8102d0000 - 0x00007ff81030b000 	C:\Windows\SYSTEM32\IPHLPAPI.DLL
0x00007ff812c40000 - 0x00007ff812c48000 	C:\Windows\System32\NSI.dll
0x00000000559a0000 - 0x00000000559c6000 	C:\Program Files\Bonjour\mdnsNSP.dll
0x00007ff804830000 - 0x00007ff80483a000 	C:\Windows\System32\rasadhlp.dll
0x00007ff804380000 - 0x00007ff8043ff000 	C:\Windows\System32\fwpuclnt.dll
0x00007ff811210000 - 0x00007ff811237000 	C:\Windows\System32\bcrypt.dll
0x00007ff810820000 - 0x00007ff810838000 	C:\Windows\SYSTEM32\CRYPTSP.dll
0x00007ff80ff40000 - 0x00007ff80ff74000 	C:\Windows\system32\rsaenh.dll
0x00007ff810d80000 - 0x00007ff810dae000 	C:\Windows\SYSTEM32\USERENV.dll
0x00007ff810840000 - 0x00007ff81084c000 	C:\Windows\SYSTEM32\CRYPTBASE.dll
0x00007ff809810000 - 0x00007ff809827000 	C:\Windows\SYSTEM32\dhcpcsvc6.DLL
0x00007ff8097f0000 - 0x00007ff80980d000 	C:\Windows\SYSTEM32\dhcpcsvc.DLL
0x00007ffffd610000 - 0x00007ffffd61e000 	C:\Genspark\dcevm-11.0.11+1\bin\sunmscapi.dll
0x00007ff811430000 - 0x00007ff811586000 	C:\Windows\System32\CRYPT32.dll
0x00007ff810940000 - 0x00007ff810967000 	C:\Windows\SYSTEM32\ncrypt.dll
0x00007ff810900000 - 0x00007ff81093b000 	C:\Windows\SYSTEM32\NTASN1.dll
0x00007fffee6f0000 - 0x00007fffee715000 	C:\Genspark\dcevm-11.0.11+1\bin\sunec.dll
0x0000000066f40000 - 0x0000000066f6d000 	C:\Users\tywal\AppData\Local\Temp\liblz4-java725317827856249638.so
0x00007ffff6160000 - 0x00007ffff6169000 	C:\Genspark\dcevm-11.0.11+1\bin\management.dll
0x00007ffff4a20000 - 0x00007ffff4a2b000 	C:\Genspark\dcevm-11.0.11+1\bin\management_ext.dll
0x00007fffe37a0000 - 0x00007fffe39f9000 	C:\Users\tywal\AppData\Local\Temp\io_grpc_netty_shaded_netty_tcnative_windows_x86_6415014907403855867987.dll
0x00007ffffa130000 - 0x00007ffffa147000 	C:\Windows\system32\napinsp.dll
0x00007ffffa0b0000 - 0x00007ffffa0cb000 	C:\Windows\system32\pnrpnsp.dll
0x00007ff80b030000 - 0x00007ff80b045000 	C:\Windows\system32\wshbth.dll
0x00007ff80c820000 - 0x00007ff80c83d000 	C:\Windows\system32\NLAapi.dll
0x00007ffff9f90000 - 0x00007ffff9fa2000 	C:\Windows\System32\winrnr.dll

dbghelp: loaded successfully - version: 4.0.5 - missing functions: none
symbol engine: initialized successfully - sym options: 0x614 - pdb path: .;C:\Genspark\dcevm-11.0.11+1\bin;C:\Windows\SYSTEM32;C:\Windows\WinSxS\amd64_microsoft.windows.common-controls_6595b64144ccf1df_6.0.19041.1110_none_60b5254171f9507e;C:\Genspark\dcevm-11.0.11+1\bin\server;C:\Program Files\Bonjour;C:\Users\tywal\AppData\Local\Temp

VM Arguments:
jvm_args: -agentlib:jdwp=transport=dt_socket,address=127.0.0.1:63893,suspend=y,server=n -XX:HotswapAgent=core -Xlog:redefine+class*=info:file=src/main/java/reload_system/reload/reload.log -javaagent:C:\Users\tywal\AppData\Local\JetBrains\IdeaIC2021.3\captureAgent\debugger-agent.jar -Dfile.encoding=UTF-8 
java_command: Main
java_class_path (initial): C:\Genspark\genspark-java-core\genspark-java-core\target\classes;C:\Users\tywal\.m2\repository\genspark-backend\genspark-backend\1.4.4\genspark-backend-1.4.4.jar;C:\Users\tywal\.m2\repository\com\cognitect\transit-java\0.8.332\transit-java-0.8.332.jar;C:\Users\tywal\.m2\repository\com\google\cloud\google-cloud-firestore\2.6.1\google-cloud-firestore-2.6.1.jar;C:\Users\tywal\.m2\repository\org\clojure\data.json\0.2.6\data.json-0.2.6.jar;C:\Users\tywal\.m2\repository\org\clojure\clojure\1.11.0-alpha2\clojure-1.11.0-alpha2.jar;C:\Users\tywal\.m2\repository\commons-codec\commons-codec\1.15\commons-codec-1.15.jar;C:\Users\tywal\.m2\repository\org\eclipse\collections\eclipse-collections\11.0.0\eclipse-collections-11.0.0.jar;C:\Users\tywal\.m2\repository\com\google\errorprone\error_prone_annotations\2.7.1\error_prone_annotations-2.7.1.jar;C:\Users\tywal\.m2\repository\org\eclipse\collections\eclipse-collections-forkjoin\11.0.0\eclipse-collections-forkjoin-11.0.0.jar;C:\Users\tywal\.m2\repository\org\clojure\core.specs.alpha\0.2.62\core.specs.alpha-0.2.62.jar;C:\Users\tywal\.m2\repository\com\google\cloud\google-cloud-core-http\1.95.4\google-cloud-core-http-1.95.4.jar;C:\Users\tywal\.m2\repository\javax\annotation\javax.annotation-api\1.3.2\javax.annotation-api-1.3.2.jar;C:\Users\tywal\.m2\repository\com\google\oauth-client\google-oauth-client\1.31.5\google-oauth-client-1.31.5.jar;C:\Users\tywal\.m2\repository\com\google\auto\value\auto-value-annotations\1.8.1\auto-value-annotations-1.8.1.jar;C:\Users\tywal\.m2\repository\io\netty\netty-common\4.1.67.Final\netty-common-4.1.67.Final.jar;C:\Users\tywal\.m2\repository\com\google\auth\google-auth-library-credentials\0.26.0\google-auth-library-credentials-0.26.0.jar;C:\Users\tywal\.m2\repository\org\eclipse\collections\eclipse-collections-api\11.0.0\eclipse-collections-api-11.0.0.jar;C:\Users\tywal\.m2\repository\org\clojure\spec.alpha\0.2.194\spec.alpha-0.2.194.jar;C:\Users\tywal\.m2\repository\com\g
Launcher Type: SUN_STANDARD

[Global flags]
     intx CICompilerCount                          = 12                                        {product} {ergonomic}
     uint ConcGCThreads                            = 3                                         {product} {ergonomic}
     uint G1ConcRefinementThreads                  = 13                                        {product} {ergonomic}
   size_t G1HeapRegionSize                         = 1048576                                   {product} {ergonomic}
    uintx GCDrainStackTargetSize                   = 64                                        {product} {ergonomic}
    ccstr HotswapAgent                             = core                                      {product} {command line}
   size_t InitialHeapSize                          = 268435456                                 {product} {ergonomic}
   size_t MarkStackSize                            = 4194304                                   {product} {ergonomic}
   size_t MaxHeapSize                              = 4282384384                                {product} {ergonomic}
   size_t MaxNewSize                               = 2569011200                                {product} {ergonomic}
   size_t MinHeapDeltaBytes                        = 1048576                                   {product} {ergonomic}
    uintx NonNMethodCodeHeapSize                   = 7594288                                {pd product} {ergonomic}
    uintx NonProfiledCodeHeapSize                  = 122031976                              {pd product} {ergonomic}
    uintx ProfiledCodeHeapSize                     = 122031976                              {pd product} {ergonomic}
    uintx ReservedCodeCacheSize                    = 251658240                              {pd product} {ergonomic}
     bool SegmentedCodeCache                       = true                                      {product} {ergonomic}
     bool UseCompressedClassPointers               = true                                 {lp64_product} {ergonomic}
     bool UseCompressedOops                        = true                                 {lp64_product} {ergonomic}
     bool UseG1GC                                  = true                                      {product} {ergonomic}
     bool UseLargePagesIndividualAllocation        = false                                  {pd product} {ergonomic}

Logging:
Log output configuration:
 #0: stdout all=warning uptime,level,tags
 #1: stderr all=off uptime,level,tags
 #2: file=src/main/java/reload_system/reload/reload.log all=off,redefine*=info uptime,level,tags filecount=5,filesize=20480K

Environment Variables:
PATH=C:\Program Files\Common Files\Oracle\Java\javapath;C:\Program Files (x86)\Razer Chroma SDK\bin;C:\Program Files\Razer Chroma SDK\bin;C:\Program Files (x86)\Razer\ChromaBroadcast\bin;C:\Program Files\Razer\ChromaBroadcast\bin;C:\Program Files (x86)\Common Files\Intel\Shared Libraries\redist\intel64\compiler;C:\Windows\system32;C:\Windows;C:\Windows\System32\Wbem;C:\Windows\System32\WindowsPowerShell\v1.0\;C:\Windows\System32\OpenSSH\;C:\Program Files\NVIDIA Corporation\NVIDIA NvDLISR;C:\Program Files (x86)\NVIDIA Corporation\PhysX\Common;C:\Windows\system32\config\systemprofile\AppData\Local\Microsoft\WindowsApps;C:\Users\tywal\AppData\Local\Microsoft\WindowsApps;C:\Program Files\dotnet\;C:\Program Files\Git\cmd;C:\Program Files\nodejs\;C:\Program Files (x86)\Razer Chroma SDK\bin;C:\Program Files\Razer Chroma SDK\bin;C:\Program Files (x86)\Razer\ChromaBroadcast\bin;C:\Program Files\Razer\ChromaBroadcast\bin;C:\Program Files (x86)\Common Files\Intel\Shared Libraries\redist\intel64\compiler;C:\Windows\system32;C:\Windows;C:\Windows\System32\Wbem;C:\Windows\System32\WindowsPowerShell\v1.0\;C:\Windows\System32\OpenSSH\;C:\Program Files\NVIDIA Corporation\NVIDIA NvDLISR;C:\Program Files (x86)\NVIDIA Corporation\PhysX\Common;C:\Windows\system32\config\systemprofile\AppData\Local\Microsoft\WindowsApps;C:\Users\tywal\AppData\Local\Microsoft\WindowsApps;C:\Program Files\dotnet\;C:\Users\tywal\AppData\Local\Programs\Microsoft VS Code\bin;C:\Program Files\Win7TaskManager";C:\Users\tywal\AppData\Roaming\npm;C:\Users\tywal\AppData\Local\gitkraken\bin
USERNAME=tywal
OS=Windows_NT
PROCESSOR_IDENTIFIER=AMD64 Family 23 Model 8 Stepping 2, AuthenticAMD



---------------  S Y S T E M  ---------------

OS: Windows 10 , 64 bit Build 19041 (10.0.19041.1503)
OS uptime: 1 days 2:37 hours

CPU:total 16 (initial active 16) (16 cores per cpu, 2 threads per core) family 23 model 8 stepping 2 microcode 0x0, cmov, cx8, fxsr, mmx, sse, sse2, sse3, ssse3, sse4.1, sse4.2, popcnt, avx, avx2, aes, clmul, mmxext, 3dnowpref, lzcnt, sse4a, ht, tsc, tscinvbit, tscinv, bmi1, bmi2, adx, s

Memory: 4k page, system-wide physical 16333M (4233M free)
TotalPageFile size 35086M (AvailPageFile size 15334M)
current process WorkingSet (physical memory assigned to process): 421M, peak: 480M
current process commit charge ("private bytes"): 593M, peak: 659M

vm_info: Dynamic Code Evolution 64-Bit Server VM (11.0.11+1-202105021746) for windows-amd64 JRE (11.0.11+1-202105021746), built on May  2 2021 18:05:20 by "" with MS VC++ 15.9 (VS2017)

END.
