#
# A fatal error has been detected by the Java Runtime Environment:
#
#  EXCEPTION_ACCESS_VIOLATION (0xc0000005) at pc=0x00007ffa30d4b405, pid=1884, tid=15904
#
# JRE version: OpenJDK Runtime Environment AdoptOpenJDK-dcevm-11.0.11+1-202105021746 (11.0.11+1) (build 11.0.11+1-202105021746)
# Java VM: Dynamic Code Evolution 64-Bit Server VM AdoptOpenJDK-dcevm-11.0.11+1-202105021746 (11.0.11+1-202105021746, mixed mode, tiered, compressed oops, g1 gc, windows-amd64)
# Problematic frame:
# V  [jvm.dll+0x46b405]
#
# No core dump will be written. Minidumps are not enabled by default on client versions of Windows
#
# If you would like to submit a bug report, please visit:
#   https://github.com/AdoptOpenJDK/openjdk-support/issues
#

---------------  S U M M A R Y ------------

Command Line: -agentlib:jdwp=transport=dt_socket,address=127.0.0.1:63899,suspend=y,server=n -XX:HotswapAgent=core -Xlog:redefine+class*=info:file=src/main/java/reload_system/reload/reload.log -javaagent:C:\Users\tywal\AppData\Local\JetBrains\IdeaIC2021.3\captureAgent\debugger-agent.jar -Dfile.encoding=UTF-8 Main

Host: AMD Ryzen 7 2700X Eight-Core Processor         , 16 cores, 15G,  Windows 10 , 64 bit Build 19041 (10.0.19041.1466)
Time: Wed Feb  9 11:55:37 2022 Eastern Standard Time elapsed time: 11669.431861 seconds (0d 3h 14m 29s)

---------------  T H R E A D  ---------------

Current thread (0x000001aaffd7e000):  JavaThread "JDWP Transport Listener: dt_socket" daemon [_thread_in_vm, id=15904, stack(0x0000003dd9500000,0x0000003dd9600000)]

Stack: [0x0000003dd9500000,0x0000003dd9600000],  sp=0x0000003dd95feed0,  free space=1019k
Native frames: (J=compiled Java code, j=interpreted, Vv=VM code, C=native code)
V  [jvm.dll+0x46b405]
V  [jvm.dll+0x1d3f1f]
V  [jvm.dll+0x46d794]
V  [jvm.dll+0x46cfa4]
V  [jvm.dll+0x7404b7]
V  [jvm.dll+0x4adc27]
V  [jvm.dll+0x4767c2]
C  [jdwp.dll+0xa1c8]


siginfo: EXCEPTION_ACCESS_VIOLATION (0xc0000005), reading address 0x0000000000000000


Register to memory mapping:

RIP=0x00007ffa30d4b405 jvm.dll
RAX=0x0 is NULL
RBX=0x0000000800cf3840 is a pointer to class: 
java.util.stream.Collectors$$Lambda$2535/0x0000000800cf3840 {0x0000000800cf3848}
RCX=0x0000003dd95fef80 is pointing into the stack for thread: 0x000001aaffd7e000
RDX=0x0 is NULL
RSP=0x0000003dd95feed0 is pointing into the stack for thread: 0x000001aaffd7e000
RBP=0x0000003dd95ff030 is pointing into the stack for thread: 0x000001aaffd7e000
RSI=0x0000003dd95fef80 is pointing into the stack for thread: 0x000001aaffd7e000
RDI=0x0000003dd95fef80 is pointing into the stack for thread: 0x000001aaffd7e000
R8 =0x0 is NULL
R9 =0x0 is NULL
R10=0x0 is NULL
R11=0x0340e000000000c6 is an unknown value
R12=0x0000000000000630 is an unknown value
R13=0x0000003dd95ff3d0 is pointing into the stack for thread: 0x000001aaffd7e000
R14=0x000001aaffd7e000 is a thread
R15=0x0 is NULL


Registers:
RAX=0x0000000000000000, RBX=0x0000000800cf3840, RCX=0x0000003dd95fef80, RDX=0x0000000000000000
RSP=0x0000003dd95feed0, RBP=0x0000003dd95ff030, RSI=0x0000003dd95fef80, RDI=0x0000003dd95fef80
R8 =0x0000000000000000, R9 =0x0000000000000000, R10=0x0000000000000000, R11=0x0340e000000000c6
R12=0x0000000000000630, R13=0x0000003dd95ff3d0, R14=0x000001aaffd7e000, R15=0x0000000000000000
RIP=0x00007ffa30d4b405, EFLAGS=0x0000000000010246

Top of Stack: (sp=0x0000003dd95feed0)
0x0000003dd95feed0:   000001aa98ff2d90 000000080007d1f8
0x0000003dd95feee0:   0000000000000000 0000000000000000
0x0000003dd95feef0:   000001aaa45adec0 00007ffa30ab3f1f
0x0000003dd95fef00:   0000000800cf3840 0000000800cf3840
0x0000003dd95fef10:   0000003dd95ff030 000000070ef9f9f0
0x0000003dd95fef20:   000001aaffd7e000 00007ffa30d4d794
0x0000003dd95fef30:   0000000000000018 0000003dd95ff030
0x0000003dd95fef40:   000000070ef9f9f0 0000000000000001
0x0000003dd95fef50:   0000003dd95ff028 0000000000000001
0x0000003dd95fef60:   0000000000000000 000001aa98fe27e0
0x0000003dd95fef70:   0000000000000000 0000000000000000
0x0000003dd95fef80:   00007ffa31144d38 000001aa9d01fcf0
0x0000003dd95fef90:   000001aa990fd1f0 0000003dd95ff0c0
0x0000003dd95fefa0:   0000000000000000 0000000000000000
0x0000003dd95fefb0:   000001aaffacf5c0 00000000000003d8
0x0000003dd95fefc0:   000001aaffacf5d0 000001aaffacf9a8 

Instructions: (pc=0x00007ffa30d4b405)
0x00007ffa30d4b305:   48 03 15 c4 09 56 00 eb 04 48 8b 53 08 0f b6 82
0x00007ffa30d4b315:   5a 01 00 00 24 03 3c 03 75 3e 48 8b cb e8 49 7c
0x00007ffa30d4b325:   f0 ff 48 85 c0 74 31 83 78 08 00 7e 2b 48 8b 88
0x00007ffa30d4b335:   d0 00 00 00 48 85 c9 74 1f e8 7d b8 06 00 48 8b
0x00007ffa30d4b345:   cd 48 8b d8 e8 72 e8 d0 ff 48 63 d0 4c 8b c3 49
0x00007ffa30d4b355:   8b ce ff 15 2b 45 54 00 48 8d 4c 24 28 e8 09 e4
0x00007ffa30d4b365:   ec ff 48 8b 5c 24 60 48 8b 6c 24 68 48 8b 74 24
0x00007ffa30d4b375:   70 48 83 c4 40 41 5f 41 5e 5f c3 48 89 5c 24 08
0x00007ffa30d4b385:   48 89 54 24 10 57 48 83 ec 20 48 83 ba d0 00 00
0x00007ffa30d4b395:   00 00 48 8b da 48 8b f9 0f 85 e5 00 00 00 8b 82
0x00007ffa30d4b3a5:   d8 00 00 00 c1 e8 05 a8 01 74 09 48 8b 49 08 e9
0x00007ffa30d4b3b5:   c5 00 00 00 8b 42 10 83 f8 20 75 07 b8 08 00 00
0x00007ffa30d4b3c5:   00 eb 06 83 c0 d0 c1 e8 03 33 d2 44 8b c8 85 c0
0x00007ffa30d4b3d5:   74 2a 8b ca 4c 8d 43 30 0f 1f 00 49 8b 00 48 85
0x00007ffa30d4b3e5:   c0 74 19 8b 80 d8 00 00 00 c1 e8 05 a8 01 75 53
0x00007ffa30d4b3f5:   48 ff c1 49 83 c0 08 49 3b c9 7c df 4c 8b 43 28
0x00007ffa30d4b405:   49 63 00 85 c0 7e 7c 4c 8b c8 49 83 c0 08 0f 1f
0x00007ffa30d4b415:   40 00 66 0f 1f 84 00 00 00 00 00 49 8b 00 8b 88
0x00007ffa30d4b425:   d8 00 00 00 c1 e9 05 f6 c1 01 75 20 48 ff c2 49
0x00007ffa30d4b435:   83 c0 08 49 3b d1 7c e3 48 8b 5c 24 30 48 83 c4
0x00007ffa30d4b445:   20 5f c3 48 39 15 31 7f 5a 00 eb 08 48 83 3d 27
0x00007ffa30d4b455:   7f 5a 00 00 74 18 48 8b 4b 18 e8 bc c5 25 00 48
0x00007ffa30d4b465:   8b d0 48 8d 0d d2 98 3f 00 e8 4d e0 dd ff 83 8b
0x00007ffa30d4b475:   d8 00 00 00 20 48 8b 4f 08 48 8d 54 24 38 e8 18
0x00007ffa30d4b485:   db c5 ff 48 8b 5c 24 30 48 83 c4 20 5f c3 cc cc
0x00007ffa30d4b495:   cc cc cc cc cc cc cc cc cc cc cc 40 57 48 81 ec
0x00007ffa30d4b4a5:   80 00 00 00 83 7a 08 00 48 8b fa 0f 8e 40 02 00
0x00007ffa30d4b4b5:   00 48 8b 51 08 48 8d 4c 24 30 48 89 9c 24 90 00
0x00007ffa30d4b4c5:   00 00 e8 54 e3 ec ff 48 8b 97 08 01 00 00 33 db
0x00007ffa30d4b4d5:   48 89 54 24 20 48 89 5c 24 28 48 85 d2 74 3e 8b
0x00007ffa30d4b4e5:   0d 62 59 5e 00 65 48 8b 04 25 58 00 00 00 41 b8
0x00007ffa30d4b4f5:   08 00 00 00 48 89 94 24 a8 00 00 00 48 8d 94 24 


Stack slot to memory mapping:
stack at sp + 0 slots: 0x000001aa98ff2d90 points into unknown readable memory: 0x0000000044dc0825 | 25 08 dc 44 00 00 00 00
stack at sp + 1 slots: 0x000000080007d1f8 is a pointer to class: 
sun.nio.fs.WindowsFileAttributeViews {0x000000080007d200}
stack at sp + 2 slots: 0x0 is NULL
stack at sp + 3 slots: 0x0 is NULL
stack at sp + 4 slots: 0x000001aaa45adec0 points into unknown readable memory: 0x000001aa9a559f10 | 10 9f 55 9a aa 01 00 00
stack at sp + 5 slots: 0x00007ffa30ab3f1f jvm.dll
stack at sp + 6 slots: 0x0000000800cf3840 is a pointer to class: 
java.util.stream.Collectors$$Lambda$2535/0x0000000800cf3840 {0x0000000800cf3848}
stack at sp + 7 slots: 0x0000000800cf3840 is a pointer to class: 
java.util.stream.Collectors$$Lambda$2535/0x0000000800cf3840 {0x0000000800cf3848}


---------------  P R O C E S S  ---------------

Threads class SMR info:
_java_thread_list=0x000001aaa0b5d270, length=78, elements={
0x000001aaf1965800, 0x000001aaffa34000, 0x000001aaffa3c800, 0x000001aaffa90800,
0x000001aaffa91800, 0x000001aaffa94000, 0x000001aaffaa0000, 0x000001aaffaa8800,
0x000001aaffab6800, 0x000001aaff149800, 0x000001aaffd7e000, 0x000001aa9911a800,
0x000001aa9901e800, 0x000001aa995fe000, 0x000001aa99600000, 0x000001aa99601000,
0x000001aa99606000, 0x000001aa9a08a800, 0x000001aa9a360000, 0x000001aa9a361000,
0x000001aa9a354000, 0x000001aa9a355000, 0x000001aaffaa7000, 0x000001aaffaab000,
0x000001aaffaa6000, 0x000001aa9a232800, 0x000001aa9a22e800, 0x000001aa9a233800,
0x000001aa9a234800, 0x000001aa9a232000, 0x000001aa9a235000, 0x000001aa9a22f800,
0x000001aa9a231000, 0x000001aa9a236000, 0x000001aa9a230000, 0x000001aa9a237000,
0x000001aaffaa8000, 0x000001aaffaa9800, 0x000001aaffaa4800, 0x000001aaffaa5800,
0x000001aa9a23a000, 0x000001aa9d051800, 0x000001aa9d053800, 0x000001aa9d04f800,
0x000001aa9d052000, 0x000001aa9d056000, 0x000001aa9d054800, 0x000001aa9d055800,
0x000001aa9d053000, 0x000001aa9d050800, 0x000001aa9a238800, 0x000001aa9a23b000,
0x000001aa9a23d800, 0x000001aa9a23c800, 0x000001aa9a239000, 0x000001aa9a237800,
0x000001aa99ea3800, 0x000001aa99e9e800, 0x000001aa99ea2800, 0x000001aa99ea5000,
0x000001aa99ea6000, 0x000001aa99e9d800, 0x000001aa99e9f000, 0x000001aa99e9d000,
0x000001aaffaaa800, 0x000001aa9d983000, 0x000001aa99ea4000, 0x000001aa99eaa000,
0x000001aa99ea1000, 0x000001aa99e9c000, 0x000001aa99ea1800, 0x000001aa99ea0000,
0x000001aa99ea8000, 0x000001aa99eaa800, 0x000001aa9d983800, 0x000001aa9d986000,
0x000001aa9d980800, 0x000001aa9d984800
}

Java Threads: ( => current thread )
  0x000001aaf1965800 JavaThread "WebSocketSelector-1" [_thread_in_native, id=10992, stack(0x0000003dd8300000,0x0000003dd8400000)]
  0x000001aaffa34000 JavaThread "Reference Handler" daemon [_thread_blocked, id=7428, stack(0x0000003dd8a00000,0x0000003dd8b00000)]
  0x000001aaffa3c800 JavaThread "Finalizer" daemon [_thread_blocked, id=16288, stack(0x0000003dd8b00000,0x0000003dd8c00000)]
  0x000001aaffa90800 JavaThread "Signal Dispatcher" daemon [_thread_blocked, id=11888, stack(0x0000003dd8c00000,0x0000003dd8d00000)]
  0x000001aaffa91800 JavaThread "Attach Listener" daemon [_thread_blocked, id=10512, stack(0x0000003dd8d00000,0x0000003dd8e00000)]
  0x000001aaffa94000 JavaThread "Service Thread" daemon [_thread_blocked, id=12040, stack(0x0000003dd8e00000,0x0000003dd8f00000)]
  0x000001aaffaa0000 JavaThread "C2 CompilerThread0" daemon [_thread_in_native, id=9596, stack(0x0000003dd8f00000,0x0000003dd9000000)]
  0x000001aaffaa8800 JavaThread "C1 CompilerThread0" daemon [_thread_in_vm, id=12684, stack(0x0000003dd9000000,0x0000003dd9100000)]
  0x000001aaffab6800 JavaThread "Sweeper thread" daemon [_thread_blocked, id=13484, stack(0x0000003dd9100000,0x0000003dd9200000)]
  0x000001aaff149800 JavaThread "Common-Cleaner" daemon [_thread_blocked, id=4228, stack(0x0000003dd9200000,0x0000003dd9300000)]
=>0x000001aaffd7e000 JavaThread "JDWP Transport Listener: dt_socket" daemon [_thread_in_vm, id=15904, stack(0x0000003dd9500000,0x0000003dd9600000)]
  0x000001aa9911a800 JavaThread "JDWP Event Helper Thread" daemon [_thread_blocked, id=920, stack(0x0000003dd9600000,0x0000003dd9700000)]
  0x000001aa9901e800 JavaThread "JDWP Command Reader" daemon [_thread_in_native, id=7852, stack(0x0000003dd9700000,0x0000003dd9800000)]
  0x000001aa995fe000 JavaThread "FileSystemWatchService" daemon [_thread_in_native, id=12468, stack(0x0000003dd9a00000,0x0000003dd9b00000)]
  0x000001aa99600000 JavaThread "HotSwap Watcher" daemon [_thread_blocked, id=13560, stack(0x0000003dd9b00000,0x0000003dd9c00000)]
  0x000001aa99601000 JavaThread "HotSwap Dispatcher" daemon [_thread_blocked, id=10540, stack(0x0000003dd9c00000,0x0000003dd9d00000)]
  0x000001aa99606000 JavaThread "Thread-2" daemon [_thread_blocked, id=8300, stack(0x0000003dd9d00000,0x0000003dd9e00000)]
  0x000001aa9a08a800 JavaThread "Thread-19" [_thread_in_vm, id=8472, stack(0x0000003dda600000,0x0000003dda700000)]
  0x000001aa9a360000 JavaThread "connectionLostChecker-1" [_thread_blocked, id=1828, stack(0x0000003dd9f00000,0x0000003dda000000)]
  0x000001aa9a361000 JavaThread "WebSocketWorker-28" [_thread_blocked, id=8144, stack(0x0000003dda700000,0x0000003dda800000)]
  0x000001aa9a354000 JavaThread "WebSocketWorker-29" [_thread_blocked, id=7184, stack(0x0000003dda800000,0x0000003dda900000)]
  0x000001aa9a355000 JavaThread "WebSocketWorker-30" [_thread_blocked, id=14288, stack(0x0000003dda900000,0x0000003ddaa00000)]
  0x000001aaffaa7000 JavaThread "WebSocketWorker-31" [_thread_blocked, id=5924, stack(0x0000003ddaa00000,0x0000003ddab00000)]
  0x000001aaffaab000 JavaThread "WebSocketWorker-32" [_thread_blocked, id=3264, stack(0x0000003ddab00000,0x0000003ddac00000)]
  0x000001aaffaa6000 JavaThread "WebSocketWorker-33" [_thread_blocked, id=8668, stack(0x0000003ddac00000,0x0000003ddad00000)]
  0x000001aa9a232800 JavaThread "WebSocketWorker-34" [_thread_blocked, id=6892, stack(0x0000003ddad00000,0x0000003ddae00000)]
  0x000001aa9a22e800 JavaThread "WebSocketWorker-35" [_thread_blocked, id=15652, stack(0x0000003ddae00000,0x0000003ddaf00000)]
  0x000001aa9a233800 JavaThread "WebSocketWorker-36" [_thread_blocked, id=12108, stack(0x0000003ddaf00000,0x0000003ddb000000)]
  0x000001aa9a234800 JavaThread "WebSocketWorker-37" [_thread_blocked, id=12348, stack(0x0000003ddb000000,0x0000003ddb100000)]
  0x000001aa9a232000 JavaThread "WebSocketWorker-38" [_thread_blocked, id=4284, stack(0x0000003ddb100000,0x0000003ddb200000)]
  0x000001aa9a235000 JavaThread "WebSocketWorker-39" [_thread_blocked, id=9232, stack(0x0000003ddb200000,0x0000003ddb300000)]
  0x000001aa9a22f800 JavaThread "WebSocketWorker-40" [_thread_blocked, id=2456, stack(0x0000003ddb300000,0x0000003ddb400000)]
  0x000001aa9a231000 JavaThread "WebSocketWorker-41" [_thread_blocked, id=16368, stack(0x0000003ddb400000,0x0000003ddb500000)]
  0x000001aa9a236000 JavaThread "WebSocketWorker-42" [_thread_blocked, id=1236, stack(0x0000003ddb500000,0x0000003ddb600000)]
  0x000001aa9a230000 JavaThread "WebSocketWorker-43" [_thread_blocked, id=15700, stack(0x0000003ddb600000,0x0000003ddb700000)]
  0x000001aa9a237000 JavaThread "Gax-1" daemon [_thread_blocked, id=9404, stack(0x0000003ddc000000,0x0000003ddc100000)]
  0x000001aaffaa8000 JavaThread "grpc-nio-worker-ELG-1-1" daemon [_thread_in_native, id=6908, stack(0x0000003ddc400000,0x0000003ddc500000)]
  0x000001aaffaa9800 JavaThread "grpc-nio-worker-ELG-1-2" daemon [_thread_in_native, id=2228, stack(0x0000003ddc600000,0x0000003ddc700000)]
  0x000001aaffaa4800 JavaThread "Thread-24" daemon [_thread_in_native, id=15488, stack(0x0000003ddc300000,0x0000003ddc400000)]
  0x000001aaffaa5800 JavaThread "Gax-2" daemon [_thread_blocked, id=7940, stack(0x0000003ddc700000,0x0000003ddc800000)]
  0x000001aa9a23a000 JavaThread "grpc-nio-worker-ELG-1-3" daemon [_thread_in_native, id=15036, stack(0x0000003ddc800000,0x0000003ddc900000)]
  0x000001aa9d051800 JavaThread "Gax-3" daemon [_thread_blocked, id=16808, stack(0x0000003ddc900000,0x0000003ddca00000)]
  0x000001aa9d053800 JavaThread "grpc-nio-worker-ELG-1-4" daemon [_thread_in_native, id=14188, stack(0x0000003ddbb00000,0x0000003ddbc00000)]
  0x000001aa9d04f800 JavaThread "Gax-4" daemon [_thread_blocked, id=2704, stack(0x0000003ddc100000,0x0000003ddc200000)]
  0x000001aa9d052000 JavaThread "Gax-5" daemon [_thread_blocked, id=13400, stack(0x0000003ddc200000,0x0000003ddc300000)]
  0x000001aa9d056000 JavaThread "Gax-6" daemon [_thread_blocked, id=1524, stack(0x0000003ddca00000,0x0000003ddcb00000)]
  0x000001aa9d054800 JavaThread "Gax-7" daemon [_thread_blocked, id=2496, stack(0x0000003ddcb00000,0x0000003ddcc00000)]
  0x000001aa9d055800 JavaThread "Gax-8" daemon [_thread_blocked, id=14028, stack(0x0000003ddb700000,0x0000003ddb800000)]
  0x000001aa9d053000 JavaThread "Gax-9" daemon [_thread_blocked, id=1984, stack(0x0000003ddb800000,0x0000003ddb900000)]
  0x000001aa9d050800 JavaThread "Gax-10" daemon [_thread_blocked, id=11756, stack(0x0000003ddbf00000,0x0000003ddc000000)]
  0x000001aa9a238800 JavaThread "Gax-11" daemon [_thread_blocked, id=14604, stack(0x0000003ddce00000,0x0000003ddcf00000)]
  0x000001aa9a23b000 JavaThread "Gax-12" daemon [_thread_blocked, id=16628, stack(0x0000003ddcf00000,0x0000003ddd000000)]
  0x000001aa9a23d800 JavaThread "Gax-13" daemon [_thread_blocked, id=9324, stack(0x0000003ddbc00000,0x0000003ddbd00000)]
  0x000001aa9a23c800 JavaThread "Gax-14" daemon [_thread_blocked, id=5376, stack(0x0000003ddbd00000,0x0000003ddbe00000)]
  0x000001aa9a239000 JavaThread "Gax-15" daemon [_thread_blocked, id=14044, stack(0x0000003ddc500000,0x0000003ddc600000)]
  0x000001aa9a237800 JavaThread "Gax-16" daemon [_thread_blocked, id=11340, stack(0x0000003ddd100000,0x0000003ddd200000)]
  0x000001aa99ea3800 JavaThread "grpc-nio-worker-ELG-1-5" daemon [_thread_in_native, id=16180, stack(0x0000003ddbe00000,0x0000003ddbf00000)]
  0x000001aa99e9e800 JavaThread "grpc-nio-worker-ELG-1-6" daemon [_thread_in_native, id=8184, stack(0x0000003ddda00000,0x0000003dddb00000)]
  0x000001aa99ea2800 JavaThread "grpc-nio-worker-ELG-1-7" daemon [_thread_in_native, id=12600, stack(0x0000003ddd600000,0x0000003ddd700000)]
  0x000001aa99ea5000 JavaThread "grpc-nio-worker-ELG-1-8" daemon [_thread_in_native, id=17336, stack(0x0000003ddd700000,0x0000003ddd800000)]
  0x000001aa99ea6000 JavaThread "grpc-nio-worker-ELG-1-9" daemon [_thread_in_native, id=16028, stack(0x0000003ddd800000,0x0000003ddd900000)]
  0x000001aa99e9d800 JavaThread "grpc-nio-worker-ELG-1-10" daemon [_thread_in_native, id=11744, stack(0x0000003ddcc00000,0x0000003ddcd00000)]
  0x000001aa99e9f000 JavaThread "grpc-nio-worker-ELG-1-11" daemon [_thread_in_native, id=14204, stack(0x0000003dddf00000,0x0000003dde000000)]
  0x000001aa99e9d000 JavaThread "grpc-nio-worker-ELG-1-12" daemon [_thread_in_native, id=18812, stack(0x0000003ddd400000,0x0000003ddd500000)]
  0x000001aaffaaa800 JavaThread "grpc-nio-worker-ELG-1-13" daemon [_thread_in_native, id=15000, stack(0x0000003dde300000,0x0000003dde400000)]
  0x000001aa9d983000 JavaThread "grpc-nio-worker-ELG-1-14" daemon [_thread_in_native, id=18800, stack(0x0000003ddcd00000,0x0000003ddce00000)]
  0x000001aa99ea4000 JavaThread "grpc-nio-worker-ELG-1-15" daemon [_thread_in_native, id=20292, stack(0x0000003dddd00000,0x0000003ddde00000)]
  0x000001aa99eaa000 JavaThread "grpc-nio-worker-ELG-1-16" daemon [_thread_in_native, id=24264, stack(0x0000003ddd200000,0x0000003ddd300000)]
  0x000001aa99ea1000 JavaThread "clojure-agent-send-off-pool-22" [_thread_blocked, id=22564, stack(0x0000003ddd000000,0x0000003ddd100000)]
  0x000001aa99e9c000 JavaThread "C2 CompilerThread1" daemon [_thread_in_native, id=24836, stack(0x0000003ddd300000,0x0000003ddd400000)]
  0x000001aa99ea1800 JavaThread "C2 CompilerThread2" daemon [_thread_in_native, id=25100, stack(0x0000003ddd500000,0x0000003ddd600000)]
  0x000001aa99ea0000 JavaThread "C2 CompilerThread3" daemon [_thread_in_native, id=24904, stack(0x0000003ddd900000,0x0000003ddda00000)]
  0x000001aa99ea8000 JavaThread "C1 CompilerThread1" daemon [_thread_in_native, id=22792, stack(0x0000003dde000000,0x0000003dde100000)]
  0x000001aa99eaa800 JavaThread "C1 CompilerThread2" daemon [_thread_blocked, id=9776, stack(0x0000003dde100000,0x0000003dde200000)]
  0x000001aa9d983800 JavaThread "C1 CompilerThread3" daemon [_thread_in_native, id=22744, stack(0x0000003dde200000,0x0000003dde300000)]
  0x000001aa9d986000 JavaThread "C2 CompilerThread4" daemon [_thread_in_native, id=14180, stack(0x0000003dde400000,0x0000003dde500000)]
  0x000001aa9d980800 JavaThread "Thread-273" daemon [_thread_blocked, id=28056, stack(0x0000003dddb00000,0x0000003dddc00000)]
  0x000001aa9d984800 JavaThread "C2 CompilerThread5" daemon [_thread_in_native, id=24696, stack(0x0000003dddc00000,0x0000003dddd00000)]

Other Threads:
  0x000001aaffa0f800 VMThread "VM Thread" [stack: 0x0000003dd8900000,0x0000003dd8a00000] [id=9144]
  0x000001aa996cf800 WatcherThread [stack: 0x0000003dda500000,0x0000003dda600000] [id=6748]
  0x000001aaf1980800 GCTaskThread "GC Thread#0" [stack: 0x0000003dd8400000,0x0000003dd8500000] [id=5300]
  0x000001aa99e0d800 GCTaskThread "GC Thread#1" [stack: 0x0000003dda000000,0x0000003dda100000] [id=7540]
  0x000001aa99b3e800 GCTaskThread "GC Thread#2" [stack: 0x0000003dda100000,0x0000003dda200000] [id=9356]
  0x000001aa9ab2a000 GCTaskThread "GC Thread#3" [stack: 0x0000003dda200000,0x0000003dda300000] [id=6236]
  0x000001aa9a755000 GCTaskThread "GC Thread#4" [stack: 0x0000003dda300000,0x0000003dda400000] [id=11720]
  0x000001aa9a08b800 GCTaskThread "GC Thread#5" [stack: 0x0000003dda400000,0x0000003dda500000] [id=10864]
  0x000001aaffb1e800 GCTaskThread "GC Thread#6" [stack: 0x0000003dd8000000,0x0000003dd8100000] [id=10296]
  0x000001aaffb1f000 GCTaskThread "GC Thread#7" [stack: 0x0000003dd8100000,0x0000003dd8200000] [id=14524]
  0x000001aaffb1f800 GCTaskThread "GC Thread#8" [stack: 0x0000003dd8200000,0x0000003dd8300000] [id=15496]
  0x000001aaffb20800 GCTaskThread "GC Thread#9" [stack: 0x0000003dd9300000,0x0000003dd9400000] [id=9508]
  0x000001aaffb21000 GCTaskThread "GC Thread#10" [stack: 0x0000003dd9400000,0x0000003dd9500000] [id=11596]
  0x000001aaffb22000 GCTaskThread "GC Thread#11" [stack: 0x0000003dd9800000,0x0000003dd9900000] [id=8928]
  0x000001aaffb22800 GCTaskThread "GC Thread#12" [stack: 0x0000003dd9900000,0x0000003dd9a00000] [id=2732]
  0x000001aaf19e0000 ConcurrentGCThread "G1 Main Marker" [stack: 0x0000003dd8500000,0x0000003dd8600000] [id=3576]
  0x000001aaf19e3800 ConcurrentGCThread "G1 Conc#0" [stack: 0x0000003dd8600000,0x0000003dd8700000] [id=17104]
  0x000001aa99f35000 ConcurrentGCThread "G1 Conc#1" [stack: 0x0000003ddb900000,0x0000003ddba00000] [id=12084]
  0x000001aa9a526800 ConcurrentGCThread "G1 Conc#2" [stack: 0x0000003ddba00000,0x0000003ddbb00000] [id=11952]
  0x000001aaff076800 ConcurrentGCThread "G1 Refine#0" [stack: 0x0000003dd8700000,0x0000003dd8800000] [id=16584]
  0x000001aa9a4c6800 ConcurrentGCThread "G1 Refine#1" [stack: 0x0000003dd9e00000,0x0000003dd9f00000] [id=7868]
  0x000001aaff077800 ConcurrentGCThread "G1 Young RemSet Sampling" [stack: 0x0000003dd8800000,0x0000003dd8900000] [id=13516]

Threads with active compile tasks:
C2 CompilerThread011669469 71948 %     4       sun.nio.cs.UTF_8$Decoder::decodeArrayLoop @ 73 (691 bytes)
C1 CompilerThread011669469 72206  s!   2       org.mapdb.volume.RandomAccessFileVol::getLong (26 bytes)
C2 CompilerThread111669469 71812       4       sun.invoke.util.BytecodeDescriptor::unparse (37 bytes)
C2 CompilerThread211669469 72100       4       jdk.internal.reflect.UTF8::utf8Length (81 bytes)
C2 CompilerThread311669469 72099   !   4       jdk.internal.reflect.UTF8::encode (191 bytes)
C1 CompilerThread211669469 72220       2       java.lang.Class::forName (47 bytes)
C1 CompilerThread311669469 72218       2       java.util.HashMap::resize (356 bytes)
C2 CompilerThread411669469 71764       4       org.hotswap.agent.javassist.bytecode.ConstPool::readOne (403 bytes)
C2 CompilerThread511669469 72083 %     4       java.io.DataOutputStream::writeUTF @ 211 (435 bytes)

VM state:not at safepoint (normal execution)

VM Mutex/Monitor currently owned by a thread:  ([mutex/lock_event])
[0x000001aaf195ba60] CodeCache_lock - owner thread: 0x0000000000000000
[0x000001aaf19632b0] EnhancedRedefineClasses_lock - owner thread: 0x000001aaffd7e000

Heap address: 0x0000000700c00000, size: 4084 MB, Compressed Oops mode: Zero based, Oop shift amount: 3
Narrow klass base: 0x0000000800000000, Narrow klass shift: 0
Compressed class space size: 1073741824 Address: 0x0000000800000000

Heap:
 garbage-first heap   total 262144K, used 71620K [0x0000000700c00000, 0x0000000800000000)
  region size 1024K, 34 young (34816K), 4 survivors (4096K)
 Metaspace       used 76755K, capacity 81187K, committed 81444K, reserved 1118208K
  class space    used 11904K, capacity 13275K, committed 13312K, reserved 1048576K
Heap Regions: E=young(eden), S=young(survivor), O=old, HS=humongous(starts), HC=humongous(continues), CS=collection set, F=free, A=archive, TAMS=top-at-mark-start (previous, next)
|   0|0x0000000700c00000, 0x0000000700d00000, 0x0000000700d00000|100%|HS|  |TAMS 0x0000000700d00000, 0x0000000700c00000| Complete 
|   1|0x0000000700d00000, 0x0000000700e00000, 0x0000000700e00000|100%| O|  |TAMS 0x0000000700e00000, 0x0000000700d00000| Untracked 
|   2|0x0000000700e00000, 0x0000000700f00000, 0x0000000700f00000|100%|HS|  |TAMS 0x0000000700f00000, 0x0000000700e00000| Complete 
|   3|0x0000000700f00000, 0x0000000701000000, 0x0000000701000000|100%|HS|  |TAMS 0x0000000701000000, 0x0000000700f00000| Complete 
|   4|0x0000000701000000, 0x0000000701100000, 0x0000000701100000|100%|HC|  |TAMS 0x0000000701100000, 0x0000000701000000| Complete 
|   5|0x0000000701100000, 0x0000000701200000, 0x0000000701200000|100%| O|  |TAMS 0x0000000701200000, 0x0000000701100000| Untracked 
|   6|0x0000000701200000, 0x0000000701300000, 0x0000000701300000|100%| O|  |TAMS 0x0000000701300000, 0x0000000701200000| Untracked 
|   7|0x0000000701300000, 0x0000000701400000, 0x0000000701400000|100%| O|  |TAMS 0x0000000701400000, 0x0000000701300000| Untracked 
|   8|0x0000000701400000, 0x0000000701500000, 0x0000000701500000|100%| O|  |TAMS 0x0000000701500000, 0x0000000701400000| Untracked 
|   9|0x0000000701500000, 0x0000000701600000, 0x0000000701600000|100%| O|  |TAMS 0x0000000701600000, 0x0000000701500000| Untracked 
|  10|0x0000000701600000, 0x0000000701700000, 0x0000000701700000|100%| O|  |TAMS 0x0000000701700000, 0x0000000701600000| Untracked 
|  11|0x0000000701700000, 0x0000000701800000, 0x0000000701800000|100%| O|  |TAMS 0x0000000701800000, 0x0000000701700000| Untracked 
|  12|0x0000000701800000, 0x0000000701900000, 0x0000000701900000|100%| O|  |TAMS 0x0000000701900000, 0x0000000701800000| Untracked 
|  13|0x0000000701900000, 0x0000000701a00000, 0x0000000701a00000|100%| O|  |TAMS 0x0000000701a00000, 0x0000000701900000| Untracked 
|  14|0x0000000701a00000, 0x0000000701b00000, 0x0000000701b00000|100%| O|  |TAMS 0x0000000701b00000, 0x0000000701a00000| Untracked 
|  15|0x0000000701b00000, 0x0000000701c00000, 0x0000000701c00000|100%| O|  |TAMS 0x0000000701c00000, 0x0000000701b00000| Untracked 
|  16|0x0000000701c00000, 0x0000000701d00000, 0x0000000701d00000|100%| O|  |TAMS 0x0000000701d00000, 0x0000000701c00000| Untracked 
|  17|0x0000000701d00000, 0x0000000701e00000, 0x0000000701e00000|100%| O|  |TAMS 0x0000000701e00000, 0x0000000701d00000| Untracked 
|  18|0x0000000701e00000, 0x0000000701f00000, 0x0000000701f00000|100%| O|  |TAMS 0x0000000701f00000, 0x0000000701e00000| Untracked 
|  19|0x0000000701f00000, 0x0000000702000000, 0x0000000702000000|100%| O|  |TAMS 0x0000000702000000, 0x0000000701f00000| Untracked 
|  20|0x0000000702000000, 0x0000000702100000, 0x0000000702100000|100%| O|  |TAMS 0x000000070200e600, 0x0000000702000000| Untracked 
|  21|0x0000000702100000, 0x0000000702200000, 0x0000000702200000|100%| O|  |TAMS 0x0000000702100000, 0x0000000702100000| Untracked 
|  22|0x0000000702200000, 0x0000000702300000, 0x0000000702300000|100%| O|  |TAMS 0x0000000702200000, 0x0000000702200000| Untracked 
|  23|0x0000000702300000, 0x0000000702400000, 0x0000000702400000|100%| O|  |TAMS 0x0000000702300000, 0x0000000702300000| Untracked 
|  24|0x0000000702400000, 0x0000000702500000, 0x0000000702500000|100%| O|  |TAMS 0x0000000702400000, 0x0000000702400000| Untracked 
|  25|0x0000000702500000, 0x0000000702600000, 0x0000000702600000|100%| O|  |TAMS 0x0000000702500000, 0x0000000702500000| Untracked 
|  26|0x0000000702600000, 0x0000000702700000, 0x0000000702700000|100%| O|  |TAMS 0x0000000702600000, 0x0000000702600000| Untracked 
|  27|0x0000000702700000, 0x0000000702800000, 0x0000000702800000|100%| O|  |TAMS 0x0000000702700000, 0x0000000702700000| Untracked 
|  28|0x0000000702800000, 0x0000000702900000, 0x0000000702900000|100%| O|  |TAMS 0x0000000702800000, 0x0000000702800000| Untracked 
|  29|0x0000000702900000, 0x0000000702a00000, 0x0000000702a00000|100%| O|  |TAMS 0x0000000702900000, 0x0000000702900000| Untracked 
|  30|0x0000000702a00000, 0x0000000702b00000, 0x0000000702b00000|100%| O|  |TAMS 0x0000000702a00000, 0x0000000702a00000| Untracked 
|  31|0x0000000702b00000, 0x0000000702c00000, 0x0000000702c00000|100%| O|  |TAMS 0x0000000702b00000, 0x0000000702b00000| Untracked 
|  32|0x0000000702c00000, 0x0000000702d00000, 0x0000000702d00000|100%| O|  |TAMS 0x0000000702c00000, 0x0000000702c00000| Untracked 
|  33|0x0000000702d00000, 0x0000000702e00000, 0x0000000702e00000|100%| O|  |TAMS 0x0000000702d00000, 0x0000000702d00000| Untracked 
|  34|0x0000000702e00000, 0x0000000702f00000, 0x0000000702f00000|100%| O|  |TAMS 0x0000000702e00000, 0x0000000702e00000| Untracked 
|  35|0x0000000702f00000, 0x0000000703000000, 0x0000000703000000|100%| O|  |TAMS 0x0000000702f00000, 0x0000000702f00000| Untracked 
|  36|0x0000000703000000, 0x0000000703100000, 0x0000000703100000|100%| O|  |TAMS 0x0000000703000000, 0x0000000703000000| Untracked 
|  37|0x0000000703100000, 0x000000070314b600, 0x0000000703200000| 29%| O|  |TAMS 0x0000000703100000, 0x0000000703100000| Untracked 
|  38|0x0000000703200000, 0x0000000703200000, 0x0000000703300000|  0%| F|  |TAMS 0x0000000703200000, 0x0000000703200000| Untracked 
|  39|0x0000000703300000, 0x0000000703300000, 0x0000000703400000|  0%| F|  |TAMS 0x0000000703300000, 0x0000000703300000| Untracked 
|  40|0x0000000703400000, 0x0000000703400000, 0x0000000703500000|  0%| F|  |TAMS 0x0000000703400000, 0x0000000703400000| Untracked 
|  41|0x0000000703500000, 0x0000000703500000, 0x0000000703600000|  0%| F|  |TAMS 0x0000000703500000, 0x0000000703500000| Untracked 
|  42|0x0000000703600000, 0x0000000703600000, 0x0000000703700000|  0%| F|  |TAMS 0x0000000703600000, 0x0000000703600000| Untracked 
|  43|0x0000000703700000, 0x0000000703700000, 0x0000000703800000|  0%| F|  |TAMS 0x0000000703700000, 0x0000000703700000| Untracked 
|  44|0x0000000703800000, 0x0000000703800000, 0x0000000703900000|  0%| F|  |TAMS 0x0000000703800000, 0x0000000703800000| Untracked 
|  45|0x0000000703900000, 0x0000000703900000, 0x0000000703a00000|  0%| F|  |TAMS 0x0000000703900000, 0x0000000703900000| Untracked 
|  46|0x0000000703a00000, 0x0000000703a00000, 0x0000000703b00000|  0%| F|  |TAMS 0x0000000703a00000, 0x0000000703a00000| Untracked 
|  47|0x0000000703b00000, 0x0000000703b00000, 0x0000000703c00000|  0%| F|  |TAMS 0x0000000703b00000, 0x0000000703b00000| Untracked 
|  48|0x0000000703c00000, 0x0000000703c00000, 0x0000000703d00000|  0%| F|  |TAMS 0x0000000703c00000, 0x0000000703c00000| Untracked 
|  49|0x0000000703d00000, 0x0000000703d00000, 0x0000000703e00000|  0%| F|  |TAMS 0x0000000703d00000, 0x0000000703d00000| Untracked 
|  50|0x0000000703e00000, 0x0000000703e00000, 0x0000000703f00000|  0%| F|  |TAMS 0x0000000703e00000, 0x0000000703e00000| Untracked 
|  51|0x0000000703f00000, 0x0000000703f00000, 0x0000000704000000|  0%| F|  |TAMS 0x0000000703f00000, 0x0000000703f00000| Untracked 
|  52|0x0000000704000000, 0x0000000704000000, 0x0000000704100000|  0%| F|  |TAMS 0x0000000704000000, 0x0000000704000000| Untracked 
|  53|0x0000000704100000, 0x0000000704100000, 0x0000000704200000|  0%| F|  |TAMS 0x0000000704100000, 0x0000000704100000| Untracked 
|  54|0x0000000704200000, 0x0000000704200000, 0x0000000704300000|  0%| F|  |TAMS 0x0000000704200000, 0x0000000704200000| Untracked 
|  55|0x0000000704300000, 0x0000000704300000, 0x0000000704400000|  0%| F|  |TAMS 0x0000000704300000, 0x0000000704300000| Untracked 
|  56|0x0000000704400000, 0x0000000704400000, 0x0000000704500000|  0%| F|  |TAMS 0x0000000704400000, 0x0000000704400000| Untracked 
|  57|0x0000000704500000, 0x0000000704500000, 0x0000000704600000|  0%| F|  |TAMS 0x0000000704500000, 0x0000000704500000| Untracked 
|  58|0x0000000704600000, 0x0000000704600000, 0x0000000704700000|  0%| F|  |TAMS 0x0000000704600000, 0x0000000704600000| Untracked 
|  59|0x0000000704700000, 0x0000000704700000, 0x0000000704800000|  0%| F|  |TAMS 0x0000000704700000, 0x0000000704700000| Untracked 
|  60|0x0000000704800000, 0x0000000704800000, 0x0000000704900000|  0%| F|  |TAMS 0x0000000704800000, 0x0000000704800000| Untracked 
|  61|0x0000000704900000, 0x0000000704900000, 0x0000000704a00000|  0%| F|  |TAMS 0x0000000704900000, 0x0000000704900000| Untracked 
|  62|0x0000000704a00000, 0x0000000704a00000, 0x0000000704b00000|  0%| F|  |TAMS 0x0000000704a00000, 0x0000000704a00000| Untracked 
|  63|0x0000000704b00000, 0x0000000704b00000, 0x0000000704c00000|  0%| F|  |TAMS 0x0000000704b00000, 0x0000000704b00000| Untracked 
|  64|0x0000000704c00000, 0x0000000704c00000, 0x0000000704d00000|  0%| F|  |TAMS 0x0000000704c00000, 0x0000000704c00000| Untracked 
|  65|0x0000000704d00000, 0x0000000704d00000, 0x0000000704e00000|  0%| F|  |TAMS 0x0000000704d00000, 0x0000000704d00000| Untracked 
|  66|0x0000000704e00000, 0x0000000704e00000, 0x0000000704f00000|  0%| F|  |TAMS 0x0000000704e00000, 0x0000000704e00000| Untracked 
|  67|0x0000000704f00000, 0x0000000704f00000, 0x0000000705000000|  0%| F|  |TAMS 0x0000000704f00000, 0x0000000704f00000| Untracked 
|  68|0x0000000705000000, 0x0000000705000000, 0x0000000705100000|  0%| F|  |TAMS 0x0000000705000000, 0x0000000705000000| Untracked 
|  69|0x0000000705100000, 0x0000000705100000, 0x0000000705200000|  0%| F|  |TAMS 0x0000000705100000, 0x0000000705100000| Untracked 
|  70|0x0000000705200000, 0x0000000705200000, 0x0000000705300000|  0%| F|  |TAMS 0x0000000705200000, 0x0000000705200000| Untracked 
|  71|0x0000000705300000, 0x0000000705300000, 0x0000000705400000|  0%| F|  |TAMS 0x0000000705300000, 0x0000000705300000| Untracked 
|  72|0x0000000705400000, 0x0000000705400000, 0x0000000705500000|  0%| F|  |TAMS 0x0000000705400000, 0x0000000705400000| Untracked 
|  73|0x0000000705500000, 0x0000000705500000, 0x0000000705600000|  0%| F|  |TAMS 0x0000000705500000, 0x0000000705500000| Untracked 
|  74|0x0000000705600000, 0x0000000705600000, 0x0000000705700000|  0%| F|  |TAMS 0x0000000705600000, 0x0000000705600000| Untracked 
|  75|0x0000000705700000, 0x0000000705700000, 0x0000000705800000|  0%| F|  |TAMS 0x0000000705700000, 0x0000000705700000| Untracked 
|  76|0x0000000705800000, 0x0000000705800000, 0x0000000705900000|  0%| F|  |TAMS 0x0000000705800000, 0x0000000705800000| Untracked 
|  77|0x0000000705900000, 0x0000000705900000, 0x0000000705a00000|  0%| F|  |TAMS 0x0000000705900000, 0x0000000705900000| Untracked 
|  78|0x0000000705a00000, 0x0000000705a00000, 0x0000000705b00000|  0%| F|  |TAMS 0x0000000705a00000, 0x0000000705a00000| Untracked 
|  79|0x0000000705b00000, 0x0000000705b00000, 0x0000000705c00000|  0%| F|  |TAMS 0x0000000705b00000, 0x0000000705b00000| Untracked 
|  80|0x0000000705c00000, 0x0000000705c00000, 0x0000000705d00000|  0%| F|  |TAMS 0x0000000705c00000, 0x0000000705c00000| Untracked 
|  81|0x0000000705d00000, 0x0000000705d00000, 0x0000000705e00000|  0%| F|  |TAMS 0x0000000705d00000, 0x0000000705d00000| Untracked 
|  82|0x0000000705e00000, 0x0000000705e00000, 0x0000000705f00000|  0%| F|  |TAMS 0x0000000705e00000, 0x0000000705e00000| Untracked 
|  83|0x0000000705f00000, 0x0000000705f00000, 0x0000000706000000|  0%| F|  |TAMS 0x0000000705f00000, 0x0000000705f00000| Untracked 
|  84|0x0000000706000000, 0x0000000706000000, 0x0000000706100000|  0%| F|  |TAMS 0x0000000706000000, 0x0000000706000000| Untracked 
|  85|0x0000000706100000, 0x0000000706100000, 0x0000000706200000|  0%| F|  |TAMS 0x0000000706100000, 0x0000000706100000| Untracked 
|  86|0x0000000706200000, 0x0000000706200000, 0x0000000706300000|  0%| F|  |TAMS 0x0000000706200000, 0x0000000706200000| Untracked 
|  87|0x0000000706300000, 0x0000000706300000, 0x0000000706400000|  0%| F|  |TAMS 0x0000000706300000, 0x0000000706300000| Untracked 
|  88|0x0000000706400000, 0x0000000706400000, 0x0000000706500000|  0%| F|  |TAMS 0x0000000706400000, 0x0000000706400000| Untracked 
|  89|0x0000000706500000, 0x0000000706500000, 0x0000000706600000|  0%| F|  |TAMS 0x0000000706500000, 0x0000000706500000| Untracked 
|  90|0x0000000706600000, 0x0000000706600000, 0x0000000706700000|  0%| F|  |TAMS 0x0000000706600000, 0x0000000706600000| Untracked 
|  91|0x0000000706700000, 0x0000000706700000, 0x0000000706800000|  0%| F|  |TAMS 0x0000000706700000, 0x0000000706700000| Untracked 
|  92|0x0000000706800000, 0x0000000706800000, 0x0000000706900000|  0%| F|  |TAMS 0x0000000706800000, 0x0000000706800000| Untracked 
|  93|0x0000000706900000, 0x0000000706900000, 0x0000000706a00000|  0%| F|  |TAMS 0x0000000706900000, 0x0000000706900000| Untracked 
|  94|0x0000000706a00000, 0x0000000706a00000, 0x0000000706b00000|  0%| F|  |TAMS 0x0000000706a00000, 0x0000000706a00000| Untracked 
|  95|0x0000000706b00000, 0x0000000706b00000, 0x0000000706c00000|  0%| F|  |TAMS 0x0000000706b00000, 0x0000000706b00000| Untracked 
|  96|0x0000000706c00000, 0x0000000706c00000, 0x0000000706d00000|  0%| F|  |TAMS 0x0000000706c00000, 0x0000000706c00000| Untracked 
|  97|0x0000000706d00000, 0x0000000706d00000, 0x0000000706e00000|  0%| F|  |TAMS 0x0000000706d00000, 0x0000000706d00000| Untracked 
|  98|0x0000000706e00000, 0x0000000706e00000, 0x0000000706f00000|  0%| F|  |TAMS 0x0000000706e00000, 0x0000000706e00000| Untracked 
|  99|0x0000000706f00000, 0x0000000706f00000, 0x0000000707000000|  0%| F|  |TAMS 0x0000000706f00000, 0x0000000706f00000| Untracked 
| 100|0x0000000707000000, 0x0000000707000000, 0x0000000707100000|  0%| F|  |TAMS 0x0000000707000000, 0x0000000707000000| Untracked 
| 101|0x0000000707100000, 0x0000000707100000, 0x0000000707200000|  0%| F|  |TAMS 0x0000000707100000, 0x0000000707100000| Untracked 
| 102|0x0000000707200000, 0x0000000707200000, 0x0000000707300000|  0%| F|  |TAMS 0x0000000707200000, 0x0000000707200000| Untracked 
| 103|0x0000000707300000, 0x00000007073a5c60, 0x0000000707400000| 64%| S|CS|TAMS 0x0000000707300000, 0x0000000707300000| Complete 
| 104|0x0000000707400000, 0x0000000707500000, 0x0000000707500000|100%| S|CS|TAMS 0x0000000707400000, 0x0000000707400000| Complete 
| 105|0x0000000707500000, 0x0000000707600000, 0x0000000707600000|100%| S|CS|TAMS 0x0000000707500000, 0x0000000707500000| Complete 
| 106|0x0000000707600000, 0x0000000707700000, 0x0000000707700000|100%| S|CS|TAMS 0x0000000707600000, 0x0000000707600000| Complete 
| 107|0x0000000707700000, 0x0000000707700000, 0x0000000707800000|  0%| F|  |TAMS 0x0000000707700000, 0x0000000707700000| Untracked 
| 108|0x0000000707800000, 0x0000000707800000, 0x0000000707900000|  0%| F|  |TAMS 0x0000000707800000, 0x0000000707800000| Untracked 
| 109|0x0000000707900000, 0x0000000707900000, 0x0000000707a00000|  0%| F|  |TAMS 0x0000000707900000, 0x0000000707900000| Untracked 
| 110|0x0000000707a00000, 0x0000000707a00000, 0x0000000707b00000|  0%| F|  |TAMS 0x0000000707a00000, 0x0000000707a00000| Untracked 
| 111|0x0000000707b00000, 0x0000000707b00000, 0x0000000707c00000|  0%| F|  |TAMS 0x0000000707b00000, 0x0000000707b00000| Untracked 
| 112|0x0000000707c00000, 0x0000000707c00000, 0x0000000707d00000|  0%| F|  |TAMS 0x0000000707c00000, 0x0000000707c00000| Untracked 
| 113|0x0000000707d00000, 0x0000000707d00000, 0x0000000707e00000|  0%| F|  |TAMS 0x0000000707d00000, 0x0000000707d00000| Untracked 
| 114|0x0000000707e00000, 0x0000000707e00000, 0x0000000707f00000|  0%| F|  |TAMS 0x0000000707e00000, 0x0000000707e00000| Untracked 
| 115|0x0000000707f00000, 0x0000000707f00000, 0x0000000708000000|  0%| F|  |TAMS 0x0000000707f00000, 0x0000000707f00000| Untracked 
| 116|0x0000000708000000, 0x0000000708000000, 0x0000000708100000|  0%| F|  |TAMS 0x0000000708000000, 0x0000000708000000| Untracked 
| 117|0x0000000708100000, 0x0000000708100000, 0x0000000708200000|  0%| F|  |TAMS 0x0000000708100000, 0x0000000708100000| Untracked 
| 118|0x0000000708200000, 0x0000000708200000, 0x0000000708300000|  0%| F|  |TAMS 0x0000000708200000, 0x0000000708200000| Untracked 
| 119|0x0000000708300000, 0x0000000708300000, 0x0000000708400000|  0%| F|  |TAMS 0x0000000708300000, 0x0000000708300000| Untracked 
| 120|0x0000000708400000, 0x0000000708400000, 0x0000000708500000|  0%| F|  |TAMS 0x0000000708400000, 0x0000000708400000| Untracked 
| 121|0x0000000708500000, 0x0000000708500000, 0x0000000708600000|  0%| F|  |TAMS 0x0000000708500000, 0x0000000708500000| Untracked 
| 122|0x0000000708600000, 0x0000000708600000, 0x0000000708700000|  0%| F|  |TAMS 0x0000000708600000, 0x0000000708600000| Untracked 
| 123|0x0000000708700000, 0x0000000708700000, 0x0000000708800000|  0%| F|  |TAMS 0x0000000708700000, 0x0000000708700000| Untracked 
| 124|0x0000000708800000, 0x0000000708800000, 0x0000000708900000|  0%| F|  |TAMS 0x0000000708800000, 0x0000000708800000| Untracked 
| 125|0x0000000708900000, 0x0000000708900000, 0x0000000708a00000|  0%| F|  |TAMS 0x0000000708900000, 0x0000000708900000| Untracked 
| 126|0x0000000708a00000, 0x0000000708a00000, 0x0000000708b00000|  0%| F|  |TAMS 0x0000000708a00000, 0x0000000708a00000| Untracked 
| 127|0x0000000708b00000, 0x0000000708b00000, 0x0000000708c00000|  0%| F|  |TAMS 0x0000000708b00000, 0x0000000708b00000| Untracked 
| 128|0x0000000708c00000, 0x0000000708c00000, 0x0000000708d00000|  0%| F|  |TAMS 0x0000000708c00000, 0x0000000708c00000| Untracked 
| 129|0x0000000708d00000, 0x0000000708d00000, 0x0000000708e00000|  0%| F|  |TAMS 0x0000000708d00000, 0x0000000708d00000| Untracked 
| 130|0x0000000708e00000, 0x0000000708e00000, 0x0000000708f00000|  0%| F|  |TAMS 0x0000000708e00000, 0x0000000708e00000| Untracked 
| 131|0x0000000708f00000, 0x0000000708f00000, 0x0000000709000000|  0%| F|  |TAMS 0x0000000708f00000, 0x0000000708f00000| Untracked 
| 132|0x0000000709000000, 0x0000000709000000, 0x0000000709100000|  0%| F|  |TAMS 0x0000000709000000, 0x0000000709000000| Untracked 
| 133|0x0000000709100000, 0x0000000709100000, 0x0000000709200000|  0%| F|  |TAMS 0x0000000709100000, 0x0000000709100000| Untracked 
| 134|0x0000000709200000, 0x0000000709200000, 0x0000000709300000|  0%| F|  |TAMS 0x0000000709200000, 0x0000000709200000| Untracked 
| 135|0x0000000709300000, 0x0000000709300000, 0x0000000709400000|  0%| F|  |TAMS 0x0000000709300000, 0x0000000709300000| Untracked 
| 136|0x0000000709400000, 0x0000000709400000, 0x0000000709500000|  0%| F|  |TAMS 0x0000000709400000, 0x0000000709400000| Untracked 
| 137|0x0000000709500000, 0x0000000709500000, 0x0000000709600000|  0%| F|  |TAMS 0x0000000709500000, 0x0000000709500000| Untracked 
| 138|0x0000000709600000, 0x0000000709600000, 0x0000000709700000|  0%| F|  |TAMS 0x0000000709600000, 0x0000000709600000| Untracked 
| 139|0x0000000709700000, 0x0000000709700000, 0x0000000709800000|  0%| F|  |TAMS 0x0000000709700000, 0x0000000709700000| Untracked 
| 140|0x0000000709800000, 0x0000000709800000, 0x0000000709900000|  0%| F|  |TAMS 0x0000000709800000, 0x0000000709800000| Untracked 
| 141|0x0000000709900000, 0x0000000709900000, 0x0000000709a00000|  0%| F|  |TAMS 0x0000000709900000, 0x0000000709900000| Untracked 
| 142|0x0000000709a00000, 0x0000000709a00000, 0x0000000709b00000|  0%| F|  |TAMS 0x0000000709a00000, 0x0000000709a00000| Untracked 
| 143|0x0000000709b00000, 0x0000000709b00000, 0x0000000709c00000|  0%| F|  |TAMS 0x0000000709b00000, 0x0000000709b00000| Untracked 
| 144|0x0000000709c00000, 0x0000000709c00000, 0x0000000709d00000|  0%| F|  |TAMS 0x0000000709c00000, 0x0000000709c00000| Untracked 
| 145|0x0000000709d00000, 0x0000000709d00000, 0x0000000709e00000|  0%| F|  |TAMS 0x0000000709d00000, 0x0000000709d00000| Untracked 
| 146|0x0000000709e00000, 0x0000000709e00000, 0x0000000709f00000|  0%| F|  |TAMS 0x0000000709e00000, 0x0000000709e00000| Untracked 
| 147|0x0000000709f00000, 0x0000000709f00000, 0x000000070a000000|  0%| F|  |TAMS 0x0000000709f00000, 0x0000000709f00000| Untracked 
| 148|0x000000070a000000, 0x000000070a000000, 0x000000070a100000|  0%| F|  |TAMS 0x000000070a000000, 0x000000070a000000| Untracked 
| 149|0x000000070a100000, 0x000000070a100000, 0x000000070a200000|  0%| F|  |TAMS 0x000000070a100000, 0x000000070a100000| Untracked 
| 150|0x000000070a200000, 0x000000070a200000, 0x000000070a300000|  0%| F|  |TAMS 0x000000070a200000, 0x000000070a200000| Untracked 
| 151|0x000000070a300000, 0x000000070a300000, 0x000000070a400000|  0%| F|  |TAMS 0x000000070a300000, 0x000000070a300000| Untracked 
| 152|0x000000070a400000, 0x000000070a400000, 0x000000070a500000|  0%| F|  |TAMS 0x000000070a400000, 0x000000070a400000| Untracked 
| 153|0x000000070a500000, 0x000000070a500000, 0x000000070a600000|  0%| F|  |TAMS 0x000000070a500000, 0x000000070a500000| Untracked 
| 154|0x000000070a600000, 0x000000070a600000, 0x000000070a700000|  0%| F|  |TAMS 0x000000070a600000, 0x000000070a600000| Untracked 
| 155|0x000000070a700000, 0x000000070a700000, 0x000000070a800000|  0%| F|  |TAMS 0x000000070a700000, 0x000000070a700000| Untracked 
| 156|0x000000070a800000, 0x000000070a800000, 0x000000070a900000|  0%| F|  |TAMS 0x000000070a800000, 0x000000070a800000| Untracked 
| 157|0x000000070a900000, 0x000000070a900000, 0x000000070aa00000|  0%| F|  |TAMS 0x000000070a900000, 0x000000070a900000| Untracked 
| 158|0x000000070aa00000, 0x000000070aa00000, 0x000000070ab00000|  0%| F|  |TAMS 0x000000070aa00000, 0x000000070aa00000| Untracked 
| 159|0x000000070ab00000, 0x000000070ab00000, 0x000000070ac00000|  0%| F|  |TAMS 0x000000070ab00000, 0x000000070ab00000| Untracked 
| 160|0x000000070ac00000, 0x000000070ac00000, 0x000000070ad00000|  0%| F|  |TAMS 0x000000070ac00000, 0x000000070ac00000| Untracked 
| 161|0x000000070ad00000, 0x000000070ad00000, 0x000000070ae00000|  0%| F|  |TAMS 0x000000070ad00000, 0x000000070ad00000| Untracked 
| 162|0x000000070ae00000, 0x000000070ae00000, 0x000000070af00000|  0%| F|  |TAMS 0x000000070ae00000, 0x000000070ae00000| Untracked 
| 163|0x000000070af00000, 0x000000070af00000, 0x000000070b000000|  0%| F|  |TAMS 0x000000070af00000, 0x000000070af00000| Untracked 
| 164|0x000000070b000000, 0x000000070b000000, 0x000000070b100000|  0%| F|  |TAMS 0x000000070b000000, 0x000000070b000000| Untracked 
| 165|0x000000070b100000, 0x000000070b100000, 0x000000070b200000|  0%| F|  |TAMS 0x000000070b100000, 0x000000070b100000| Untracked 
| 166|0x000000070b200000, 0x000000070b200000, 0x000000070b300000|  0%| F|  |TAMS 0x000000070b200000, 0x000000070b200000| Untracked 
| 167|0x000000070b300000, 0x000000070b300000, 0x000000070b400000|  0%| F|  |TAMS 0x000000070b300000, 0x000000070b300000| Untracked 
| 168|0x000000070b400000, 0x000000070b400000, 0x000000070b500000|  0%| F|  |TAMS 0x000000070b400000, 0x000000070b400000| Untracked 
| 169|0x000000070b500000, 0x000000070b500000, 0x000000070b600000|  0%| F|  |TAMS 0x000000070b500000, 0x000000070b500000| Untracked 
| 170|0x000000070b600000, 0x000000070b600000, 0x000000070b700000|  0%| F|  |TAMS 0x000000070b600000, 0x000000070b600000| Untracked 
| 171|0x000000070b700000, 0x000000070b700000, 0x000000070b800000|  0%| F|  |TAMS 0x000000070b700000, 0x000000070b700000| Untracked 
| 172|0x000000070b800000, 0x000000070b800000, 0x000000070b900000|  0%| F|  |TAMS 0x000000070b800000, 0x000000070b800000| Untracked 
| 173|0x000000070b900000, 0x000000070b900000, 0x000000070ba00000|  0%| F|  |TAMS 0x000000070b900000, 0x000000070b900000| Untracked 
| 174|0x000000070ba00000, 0x000000070ba00000, 0x000000070bb00000|  0%| F|  |TAMS 0x000000070ba00000, 0x000000070ba00000| Untracked 
| 175|0x000000070bb00000, 0x000000070bb00000, 0x000000070bc00000|  0%| F|  |TAMS 0x000000070bb00000, 0x000000070bb00000| Untracked 
| 176|0x000000070bc00000, 0x000000070bc00000, 0x000000070bd00000|  0%| F|  |TAMS 0x000000070bc00000, 0x000000070bc00000| Untracked 
| 177|0x000000070bd00000, 0x000000070bd00000, 0x000000070be00000|  0%| F|  |TAMS 0x000000070bd00000, 0x000000070bd00000| Untracked 
| 178|0x000000070be00000, 0x000000070be00000, 0x000000070bf00000|  0%| F|  |TAMS 0x000000070be00000, 0x000000070be00000| Untracked 
| 179|0x000000070bf00000, 0x000000070bf00000, 0x000000070c000000|  0%| F|  |TAMS 0x000000070bf00000, 0x000000070bf00000| Untracked 
| 180|0x000000070c000000, 0x000000070c000000, 0x000000070c100000|  0%| F|  |TAMS 0x000000070c000000, 0x000000070c000000| Untracked 
| 181|0x000000070c100000, 0x000000070c100000, 0x000000070c200000|  0%| F|  |TAMS 0x000000070c100000, 0x000000070c100000| Untracked 
| 182|0x000000070c200000, 0x000000070c200000, 0x000000070c300000|  0%| F|  |TAMS 0x000000070c200000, 0x000000070c200000| Untracked 
| 183|0x000000070c300000, 0x000000070c300000, 0x000000070c400000|  0%| F|  |TAMS 0x000000070c300000, 0x000000070c300000| Untracked 
| 184|0x000000070c400000, 0x000000070c400000, 0x000000070c500000|  0%| F|  |TAMS 0x000000070c400000, 0x000000070c400000| Untracked 
| 185|0x000000070c500000, 0x000000070c500000, 0x000000070c600000|  0%| F|  |TAMS 0x000000070c500000, 0x000000070c500000| Untracked 
| 186|0x000000070c600000, 0x000000070c600000, 0x000000070c700000|  0%| F|  |TAMS 0x000000070c600000, 0x000000070c600000| Untracked 
| 187|0x000000070c700000, 0x000000070c700000, 0x000000070c800000|  0%| F|  |TAMS 0x000000070c700000, 0x000000070c700000| Untracked 
| 188|0x000000070c800000, 0x000000070c800000, 0x000000070c900000|  0%| F|  |TAMS 0x000000070c800000, 0x000000070c800000| Untracked 
| 189|0x000000070c900000, 0x000000070c900000, 0x000000070ca00000|  0%| F|  |TAMS 0x000000070c900000, 0x000000070c900000| Untracked 
| 190|0x000000070ca00000, 0x000000070ca00000, 0x000000070cb00000|  0%| F|  |TAMS 0x000000070ca00000, 0x000000070ca00000| Untracked 
| 191|0x000000070cb00000, 0x000000070cb00000, 0x000000070cc00000|  0%| F|  |TAMS 0x000000070cb00000, 0x000000070cb00000| Untracked 
| 192|0x000000070cc00000, 0x000000070cc00000, 0x000000070cd00000|  0%| F|  |TAMS 0x000000070cc00000, 0x000000070cc00000| Untracked 
| 193|0x000000070cd00000, 0x000000070cd00000, 0x000000070ce00000|  0%| F|  |TAMS 0x000000070cd00000, 0x000000070cd00000| Untracked 
| 194|0x000000070ce00000, 0x000000070ce00000, 0x000000070cf00000|  0%| F|  |TAMS 0x000000070ce00000, 0x000000070ce00000| Untracked 
| 195|0x000000070cf00000, 0x000000070cf00000, 0x000000070d000000|  0%| F|  |TAMS 0x000000070cf00000, 0x000000070cf00000| Untracked 
| 196|0x000000070d000000, 0x000000070d000000, 0x000000070d100000|  0%| F|  |TAMS 0x000000070d000000, 0x000000070d000000| Untracked 
| 197|0x000000070d100000, 0x000000070d100000, 0x000000070d200000|  0%| F|  |TAMS 0x000000070d100000, 0x000000070d100000| Untracked 
| 198|0x000000070d200000, 0x000000070d200000, 0x000000070d300000|  0%| F|  |TAMS 0x000000070d200000, 0x000000070d200000| Untracked 
| 199|0x000000070d300000, 0x000000070d300000, 0x000000070d400000|  0%| F|  |TAMS 0x000000070d300000, 0x000000070d300000| Untracked 
| 200|0x000000070d400000, 0x000000070d400000, 0x000000070d500000|  0%| F|  |TAMS 0x000000070d400000, 0x000000070d400000| Untracked 
| 201|0x000000070d500000, 0x000000070d500000, 0x000000070d600000|  0%| F|  |TAMS 0x000000070d500000, 0x000000070d500000| Untracked 
| 202|0x000000070d600000, 0x000000070d600000, 0x000000070d700000|  0%| F|  |TAMS 0x000000070d600000, 0x000000070d600000| Untracked 
| 203|0x000000070d700000, 0x000000070d700000, 0x000000070d800000|  0%| F|  |TAMS 0x000000070d700000, 0x000000070d700000| Untracked 
| 204|0x000000070d800000, 0x000000070d800000, 0x000000070d900000|  0%| F|  |TAMS 0x000000070d800000, 0x000000070d800000| Untracked 
| 205|0x000000070d900000, 0x000000070d900000, 0x000000070da00000|  0%| F|  |TAMS 0x000000070d900000, 0x000000070d900000| Untracked 
| 206|0x000000070da00000, 0x000000070da00000, 0x000000070db00000|  0%| F|  |TAMS 0x000000070da00000, 0x000000070da00000| Untracked 
| 207|0x000000070db00000, 0x000000070db00000, 0x000000070dc00000|  0%| F|  |TAMS 0x000000070db00000, 0x000000070db00000| Untracked 
| 208|0x000000070dc00000, 0x000000070dc00000, 0x000000070dd00000|  0%| F|  |TAMS 0x000000070dc00000, 0x000000070dc00000| Untracked 
| 209|0x000000070dd00000, 0x000000070dd00000, 0x000000070de00000|  0%| F|  |TAMS 0x000000070dd00000, 0x000000070dd00000| Untracked 
| 210|0x000000070de00000, 0x000000070de00000, 0x000000070df00000|  0%| F|  |TAMS 0x000000070de00000, 0x000000070de00000| Untracked 
| 211|0x000000070df00000, 0x000000070df00000, 0x000000070e000000|  0%| F|  |TAMS 0x000000070df00000, 0x000000070df00000| Untracked 
| 212|0x000000070e000000, 0x000000070e000000, 0x000000070e100000|  0%| F|  |TAMS 0x000000070e000000, 0x000000070e000000| Untracked 
| 213|0x000000070e100000, 0x000000070e100000, 0x000000070e200000|  0%| F|  |TAMS 0x000000070e100000, 0x000000070e100000| Untracked 
| 214|0x000000070e200000, 0x000000070e200000, 0x000000070e300000|  0%| F|  |TAMS 0x000000070e200000, 0x000000070e200000| Untracked 
| 215|0x000000070e300000, 0x000000070e300000, 0x000000070e400000|  0%| F|  |TAMS 0x000000070e300000, 0x000000070e300000| Untracked 
| 216|0x000000070e400000, 0x000000070e400000, 0x000000070e500000|  0%| F|  |TAMS 0x000000070e400000, 0x000000070e400000| Untracked 
| 217|0x000000070e500000, 0x000000070e500000, 0x000000070e600000|  0%| F|  |TAMS 0x000000070e500000, 0x000000070e500000| Untracked 
| 218|0x000000070e600000, 0x000000070e600000, 0x000000070e700000|  0%| F|  |TAMS 0x000000070e600000, 0x000000070e600000| Untracked 
| 219|0x000000070e700000, 0x000000070e700000, 0x000000070e800000|  0%| F|  |TAMS 0x000000070e700000, 0x000000070e700000| Untracked 
| 220|0x000000070e800000, 0x000000070e800000, 0x000000070e900000|  0%| F|  |TAMS 0x000000070e800000, 0x000000070e800000| Untracked 
| 221|0x000000070e900000, 0x000000070e900000, 0x000000070ea00000|  0%| F|  |TAMS 0x000000070e900000, 0x000000070e900000| Untracked 
| 222|0x000000070ea00000, 0x000000070ea00000, 0x000000070eb00000|  0%| F|  |TAMS 0x000000070ea00000, 0x000000070ea00000| Untracked 
| 223|0x000000070eb00000, 0x000000070eb00000, 0x000000070ec00000|  0%| F|  |TAMS 0x000000070eb00000, 0x000000070eb00000| Untracked 
| 224|0x000000070ec00000, 0x000000070ec00000, 0x000000070ed00000|  0%| F|  |TAMS 0x000000070ec00000, 0x000000070ec00000| Untracked 
| 225|0x000000070ed00000, 0x000000070ed00000, 0x000000070ee00000|  0%| F|  |TAMS 0x000000070ed00000, 0x000000070ed00000| Untracked 
| 226|0x000000070ee00000, 0x000000070ee80800, 0x000000070ef00000| 50%| E|  |TAMS 0x000000070ee00000, 0x000000070ee00000| Complete 
| 227|0x000000070ef00000, 0x000000070f000000, 0x000000070f000000|100%| E|CS|TAMS 0x000000070ef00000, 0x000000070ef00000| Complete 
| 228|0x000000070f000000, 0x000000070f100000, 0x000000070f100000|100%| E|CS|TAMS 0x000000070f000000, 0x000000070f000000| Complete 
| 229|0x000000070f100000, 0x000000070f200000, 0x000000070f200000|100%| E|CS|TAMS 0x000000070f100000, 0x000000070f100000| Complete 
| 230|0x000000070f200000, 0x000000070f300000, 0x000000070f300000|100%| E|CS|TAMS 0x000000070f200000, 0x000000070f200000| Complete 
| 231|0x000000070f300000, 0x000000070f400000, 0x000000070f400000|100%| E|CS|TAMS 0x000000070f300000, 0x000000070f300000| Complete 
| 232|0x000000070f400000, 0x000000070f500000, 0x000000070f500000|100%| E|CS|TAMS 0x000000070f400000, 0x000000070f400000| Complete 
| 233|0x000000070f500000, 0x000000070f600000, 0x000000070f600000|100%| E|CS|TAMS 0x000000070f500000, 0x000000070f500000| Complete 
| 234|0x000000070f600000, 0x000000070f700000, 0x000000070f700000|100%| E|CS|TAMS 0x000000070f600000, 0x000000070f600000| Complete 
| 235|0x000000070f700000, 0x000000070f800000, 0x000000070f800000|100%| E|CS|TAMS 0x000000070f700000, 0x000000070f700000| Complete 
| 236|0x000000070f800000, 0x000000070f900000, 0x000000070f900000|100%| E|CS|TAMS 0x000000070f800000, 0x000000070f800000| Complete 
| 237|0x000000070f900000, 0x000000070fa00000, 0x000000070fa00000|100%| E|CS|TAMS 0x000000070f900000, 0x000000070f900000| Complete 
| 238|0x000000070fa00000, 0x000000070fb00000, 0x000000070fb00000|100%| E|CS|TAMS 0x000000070fa00000, 0x000000070fa00000| Complete 
| 239|0x000000070fb00000, 0x000000070fc00000, 0x000000070fc00000|100%| E|CS|TAMS 0x000000070fb00000, 0x000000070fb00000| Complete 
| 240|0x000000070fc00000, 0x000000070fd00000, 0x000000070fd00000|100%| E|CS|TAMS 0x000000070fc00000, 0x000000070fc00000| Complete 
| 241|0x000000070fd00000, 0x000000070fe00000, 0x000000070fe00000|100%| E|CS|TAMS 0x000000070fd00000, 0x000000070fd00000| Complete 
| 242|0x000000070fe00000, 0x000000070ff00000, 0x000000070ff00000|100%| E|CS|TAMS 0x000000070fe00000, 0x000000070fe00000| Complete 
| 243|0x000000070ff00000, 0x0000000710000000, 0x0000000710000000|100%| E|CS|TAMS 0x000000070ff00000, 0x000000070ff00000| Complete 
| 244|0x0000000710000000, 0x0000000710100000, 0x0000000710100000|100%| E|CS|TAMS 0x0000000710000000, 0x0000000710000000| Complete 
| 245|0x0000000710100000, 0x0000000710200000, 0x0000000710200000|100%| E|CS|TAMS 0x0000000710100000, 0x0000000710100000| Complete 
| 246|0x0000000710200000, 0x0000000710300000, 0x0000000710300000|100%| E|CS|TAMS 0x0000000710200000, 0x0000000710200000| Complete 
| 247|0x0000000710300000, 0x0000000710400000, 0x0000000710400000|100%| E|CS|TAMS 0x0000000710300000, 0x0000000710300000| Complete 
| 248|0x0000000710400000, 0x0000000710500000, 0x0000000710500000|100%| E|CS|TAMS 0x0000000710400000, 0x0000000710400000| Complete 
| 249|0x0000000710500000, 0x0000000710600000, 0x0000000710600000|100%| E|CS|TAMS 0x0000000710500000, 0x0000000710500000| Complete 
| 250|0x0000000710600000, 0x0000000710700000, 0x0000000710700000|100%| E|CS|TAMS 0x0000000710600000, 0x0000000710600000| Complete 
| 251|0x0000000710700000, 0x0000000710800000, 0x0000000710800000|100%| E|CS|TAMS 0x0000000710700000, 0x0000000710700000| Complete 
| 252|0x0000000710800000, 0x0000000710900000, 0x0000000710900000|100%| E|CS|TAMS 0x0000000710800000, 0x0000000710800000| Complete 
| 253|0x0000000710900000, 0x0000000710a00000, 0x0000000710a00000|100%| E|CS|TAMS 0x0000000710900000, 0x0000000710900000| Complete 
| 254|0x0000000710a00000, 0x0000000710b00000, 0x0000000710b00000|100%| E|CS|TAMS 0x0000000710a00000, 0x0000000710a00000| Complete 
| 255|0x0000000710b00000, 0x0000000710c00000, 0x0000000710c00000|100%| E|CS|TAMS 0x0000000710b00000, 0x0000000710b00000| Complete 

Card table byte_map: [0x000001aafd010000,0x000001aafd810000] _byte_map_base: 0x000001aaf980a000

Marking Bits (Prev, Next): (CMBitMap*) 0x000001aaf19cf740, (CMBitMap*) 0x000001aaf19cf708
 Prev Bits: [0x000001aa92fd0000, 0x000001aa96fa0000)
 Next Bits: [0x000001aa8f000000, 0x000001aa92fd0000)

Polling page: 0x000001aaf1a30000

Metaspace:

Usage:
  Non-class:     66.33 MB capacity,    63.34 MB ( 95%) used,     2.54 MB (  4%) free+waste,   461.19 KB ( <1%) overhead. 
      Class:     12.97 MB capacity,    11.63 MB ( 90%) used,     1.12 MB (  9%) free+waste,   221.94 KB (  2%) overhead. 
       Both:     79.30 MB capacity,    74.96 MB ( 95%) used,     3.67 MB (  5%) free+waste,   683.13 KB ( <1%) overhead. 

Virtual space:
  Non-class space:       68.00 MB reserved,      66.54 MB ( 98%) committed 
      Class space:        1.00 GB reserved,      13.00 MB (  1%) committed 
             Both:        1.07 GB reserved,      79.54 MB (  7%) committed 

Chunk freelists:
   Non-Class:  2.00 KB
       Class:  0 bytes
        Both:  2.00 KB

MaxMetaspaceSize: 17179869184.00 GB
CompressedClassSpaceSize: 1.00 GB

CodeHeap 'non-profiled nmethods': size=119168Kb used=9857Kb max_used=11499Kb free=109310Kb
 bounds [0x000001aa87ba0000, 0x000001aa886f0000, 0x000001aa8f000000]
CodeHeap 'profiled nmethods': size=119168Kb used=7683Kb max_used=15459Kb free=111484Kb
 bounds [0x000001aa80740000, 0x000001aa81670000, 0x000001aa87ba0000]
CodeHeap 'non-nmethods': size=7424Kb used=3045Kb max_used=3181Kb free=4378Kb
 bounds [0x000001aa80000000, 0x000001aa80380000, 0x000001aa80740000]
 total_blobs=7429 nmethods=6768 adapters=577
 compilation: enabled
              stopped_count=0, restarted_count=0
 full_count=0

Compilation events (20 events):
Event: 11669.422 Thread 0x000001aa9d983800 71943       2       java.nio.ByteBuffer::rewind (7 bytes)
Event: 11669.422 Thread 0x000001aa9d983800 nmethod 71943 0x000001aa80970e90 code [0x000001aa80971040, 0x000001aa80971158]
Event: 11669.422 Thread 0x000001aaffaa8800 nmethod 71941 0x000001aa80970990 code [0x000001aa80970b80, 0x000001aa80970d78]
Event: 11669.422 Thread 0x000001aa99ea8000 71953       2       java.util.regex.Pattern$BmpCharPredicate$$Lambda$26/0x00000008000ad840::is (13 bytes)
Event: 11669.422 Thread 0x000001aa99eaa800 71954       2       java.util.regex.Pattern$BmpCharPredicate::lambda$union$2 (26 bytes)
Event: 11669.423 Thread 0x000001aa99eaa800 nmethod 71954 0x000001aa80970590 code [0x000001aa80970760, 0x000001aa809708f8]
Event: 11669.423 Thread 0x000001aa99ea8000 nmethod 71953 0x000001aa80970090 code [0x000001aa80970260, 0x000001aa80970478]
Event: 11669.423 Thread 0x000001aaffaa8800 71956       2       java.lang.Class::privateGetDeclaredMethods (64 bytes)
Event: 11669.423 Thread 0x000001aa99ea8000 71958       2       java.lang.PublicMethods$MethodList::length (24 bytes)
Event: 11669.423 Thread 0x000001aa9d983800 71959       2       java.lang.PublicMethods$Key::hashCode (19 bytes)
Event: 11669.423 Thread 0x000001aaffaa8800 nmethod 71956 0x000001aa8096f890 code [0x000001aa8096fa80, 0x000001aa8096fe38]
Event: 11669.423 Thread 0x000001aa99ea8000 nmethod 71958 0x000001aa8096f490 code [0x000001aa8096f640, 0x000001aa8096f7b8]
Event: 11669.423 Thread 0x000001aa9d983800 nmethod 71959 0x000001aa8096f090 code [0x000001aa8096f260, 0x000001aa8096f3b8]
Event: 11669.424 Thread 0x000001aaffaa8800 71966       2       java.lang.invoke.Invokers::callSiteForm (306 bytes)
Event: 11669.424 Thread 0x000001aa9d983800 71971       1       java.lang.reflect.Method::getName (5 bytes)
Event: 11669.424 Thread 0x000001aa9d983800 nmethod 71971 0x000001aa87e7f390 code [0x000001aa87e7f540, 0x000001aa87e7f5f8]
Event: 11669.425 Thread 0x000001aa99eaa800 71973       2       clojure.lang.Util::hasheq (56 bytes)
Event: 11669.425 Thread 0x000001aa9d983800 71975       2       java.lang.invoke.MethodType::makeImpl (108 bytes)
Event: 11669.425 Thread 0x000001aa99ea8000 71979       2       java.lang.invoke.MemberName::initResolved (53 bytes)
Event: 11669.426 Thread 0x000001aaffaa8800 nmethod 71966 0x000001aa8096d810 code [0x000001aa8096dac0, 0x000001aa8096e788]

GC Heap History (20 events):
Event: 6323.877 GC heap before
{Heap before GC invocations=19 (full 0):
 garbage-first heap   total 262144K, used 191452K [0x0000000700c00000, 0x0000000800000000)
  region size 1024K, 153 young (156672K), 6 survivors (6144K)
 Metaspace       used 73566K, capacity 76312K, committed 76580K, reserved 1114112K
  class space    used 11126K, capacity 12007K, committed 12032K, reserved 1048576K
}
Event: 6323.884 GC heap after
{Heap after GC invocations=20 (full 0):
 garbage-first heap   total 262144K, used 40868K [0x0000000700c00000, 0x0000000800000000)
  region size 1024K, 6 young (6144K), 6 survivors (6144K)
 Metaspace       used 73566K, capacity 76312K, committed 76580K, reserved 1114112K
  class space    used 11126K, capacity 12007K, committed 12032K, reserved 1048576K
}
Event: 6954.287 GC heap before
{Heap before GC invocations=20 (full 0):
 garbage-first heap   total 262144K, used 191396K [0x0000000700c00000, 0x0000000800000000)
  region size 1024K, 153 young (156672K), 6 survivors (6144K)
 Metaspace       used 73572K, capacity 76312K, committed 76580K, reserved 1114112K
  class space    used 11126K, capacity 12007K, committed 12032K, reserved 1048576K
}
Event: 6954.292 GC heap after
{Heap after GC invocations=21 (full 0):
 garbage-first heap   total 262144K, used 40994K [0x0000000700c00000, 0x0000000800000000)
  region size 1024K, 6 young (6144K), 6 survivors (6144K)
 Metaspace       used 73572K, capacity 76312K, committed 76580K, reserved 1114112K
  class space    used 11126K, capacity 12007K, committed 12032K, reserved 1048576K
}
Event: 7512.405 GC heap before
{Heap before GC invocations=21 (full 0):
 garbage-first heap   total 262144K, used 190498K [0x0000000700c00000, 0x0000000800000000)
  region size 1024K, 153 young (156672K), 6 survivors (6144K)
 Metaspace       used 74011K, capacity 76930K, committed 76964K, reserved 1114112K
  class space    used 11201K, capacity 12153K, committed 12160K, reserved 1048576K
}
Event: 7512.410 GC heap after
{Heap after GC invocations=22 (full 0):
 garbage-first heap   total 262144K, used 41263K [0x0000000700c00000, 0x0000000800000000)
  region size 1024K, 7 young (7168K), 7 survivors (7168K)
 Metaspace       used 74011K, capacity 76930K, committed 76964K, reserved 1114112K
  class space    used 11201K, capacity 12153K, committed 12160K, reserved 1048576K
}
Event: 8088.411 GC heap before
{Heap before GC invocations=22 (full 0):
 garbage-first heap   total 262144K, used 190767K [0x0000000700c00000, 0x0000000800000000)
  region size 1024K, 153 young (156672K), 7 survivors (7168K)
 Metaspace       used 74056K, capacity 76994K, committed 77220K, reserved 1114112K
  class space    used 11202K, capacity 12153K, committed 12160K, reserved 1048576K
}
Event: 8088.416 GC heap after
{Heap after GC invocations=23 (full 0):
 garbage-first heap   total 262144K, used 41123K [0x0000000700c00000, 0x0000000800000000)
  region size 1024K, 7 young (7168K), 7 survivors (7168K)
 Metaspace       used 74056K, capacity 76994K, committed 77220K, reserved 1114112K
  class space    used 11202K, capacity 12153K, committed 12160K, reserved 1048576K
}
Event: 8592.826 GC heap before
{Heap before GC invocations=23 (full 0):
 garbage-first heap   total 262144K, used 190627K [0x0000000700c00000, 0x0000000800000000)
  region size 1024K, 153 young (156672K), 7 survivors (7168K)
 Metaspace       used 75007K, capacity 78432K, committed 78756K, reserved 1116160K
  class space    used 11453K, capacity 12555K, committed 12672K, reserved 1048576K
}
Event: 8592.832 GC heap after
{Heap after GC invocations=24 (full 0):
 garbage-first heap   total 262144K, used 41206K [0x0000000700c00000, 0x0000000800000000)
  region size 1024K, 7 young (7168K), 7 survivors (7168K)
 Metaspace       used 75007K, capacity 78432K, committed 78756K, reserved 1116160K
  class space    used 11453K, capacity 12555K, committed 12672K, reserved 1048576K
}
Event: 9181.943 GC heap before
{Heap before GC invocations=24 (full 0):
 garbage-first heap   total 262144K, used 190710K [0x0000000700c00000, 0x0000000800000000)
  region size 1024K, 153 young (156672K), 7 survivors (7168K)
 Metaspace       used 75187K, capacity 78683K, committed 78756K, reserved 1116160K
  class space    used 11486K, capacity 12609K, committed 12672K, reserved 1048576K
}
Event: 9181.951 GC heap after
{Heap after GC invocations=25 (full 0):
 garbage-first heap   total 262144K, used 41491K [0x0000000700c00000, 0x0000000800000000)
  region size 1024K, 7 young (7168K), 7 survivors (7168K)
 Metaspace       used 75187K, capacity 78683K, committed 78756K, reserved 1116160K
  class space    used 11486K, capacity 12609K, committed 12672K, reserved 1048576K
}
Event: 9804.160 GC heap before
{Heap before GC invocations=25 (full 0):
 garbage-first heap   total 262144K, used 190995K [0x0000000700c00000, 0x0000000800000000)
  region size 1024K, 153 young (156672K), 7 survivors (7168K)
 Metaspace       used 75214K, capacity 78747K, committed 79012K, reserved 1116160K
  class space    used 11487K, capacity 12609K, committed 12672K, reserved 1048576K
}
Event: 9804.167 GC heap after
{Heap after GC invocations=26 (full 0):
 garbage-first heap   total 262144K, used 41438K [0x0000000700c00000, 0x0000000800000000)
  region size 1024K, 7 young (7168K), 7 survivors (7168K)
 Metaspace       used 75214K, capacity 78747K, committed 79012K, reserved 1116160K
  class space    used 11487K, capacity 12609K, committed 12672K, reserved 1048576K
}
Event: 10385.879 GC heap before
{Heap before GC invocations=26 (full 0):
 garbage-first heap   total 262144K, used 190942K [0x0000000700c00000, 0x0000000800000000)
  region size 1024K, 153 young (156672K), 7 survivors (7168K)
 Metaspace       used 75620K, capacity 79380K, committed 79652K, reserved 1116160K
  class space    used 11597K, capacity 12782K, committed 12800K, reserved 1048576K
}
Event: 10385.885 GC heap after
{Heap after GC invocations=27 (full 0):
 garbage-first heap   total 262144K, used 41791K [0x0000000700c00000, 0x0000000800000000)
  region size 1024K, 5 young (5120K), 5 survivors (5120K)
 Metaspace       used 75620K, capacity 79380K, committed 79652K, reserved 1116160K
  class space    used 11597K, capacity 12782K, committed 12800K, reserved 1048576K
}
Event: 10964.522 GC heap before
{Heap before GC invocations=27 (full 0):
 garbage-first heap   total 262144K, used 193343K [0x0000000700c00000, 0x0000000800000000)
  region size 1024K, 153 young (156672K), 5 survivors (5120K)
 Metaspace       used 76292K, capacity 80359K, committed 80548K, reserved 1116160K
  class space    used 11776K, capacity 13071K, committed 13184K, reserved 1048576K
}
Event: 10964.529 GC heap after
{Heap after GC invocations=28 (full 0):
 garbage-first heap   total 262144K, used 41941K [0x0000000700c00000, 0x0000000800000000)
  region size 1024K, 4 young (4096K), 4 survivors (4096K)
 Metaspace       used 76292K, capacity 80359K, committed 80548K, reserved 1116160K
  class space    used 11776K, capacity 13071K, committed 13184K, reserved 1048576K
}
Event: 11559.489 GC heap before
{Heap before GC invocations=28 (full 0):
 garbage-first heap   total 262144K, used 194517K [0x0000000700c00000, 0x0000000800000000)
  region size 1024K, 153 young (156672K), 4 survivors (4096K)
 Metaspace       used 76600K, capacity 80822K, committed 80932K, reserved 1118208K
  class space    used 11861K, capacity 13206K, committed 13312K, reserved 1048576K
}
Event: 11559.496 GC heap after
{Heap after GC invocations=29 (full 0):
 garbage-first heap   total 262144K, used 41924K [0x0000000700c00000, 0x0000000800000000)
  region size 1024K, 4 young (4096K), 4 survivors (4096K)
 Metaspace       used 76600K, capacity 80822K, committed 80932K, reserved 1118208K
  class space    used 11861K, capacity 13206K, committed 13312K, reserved 1048576K
}

Deoptimization events (20 events):
Event: 11655.218 Thread 0x000001aa9a08a800 DEOPT PACKING pc=0x000001aa808b619c sp=0x0000003dda6fd6b0
Event: 11655.218 Thread 0x000001aa9a08a800 DEOPT UNPACKING pc=0x000001aa8003bb5e sp=0x0000003dda6fcbf0 mode 1
Event: 11655.218 Thread 0x000001aa9a08a800 DEOPT PACKING pc=0x000001aa8089bf64 sp=0x0000003dda6fd5e0
Event: 11655.218 Thread 0x000001aa9a08a800 DEOPT UNPACKING pc=0x000001aa8003bb5e sp=0x0000003dda6fcaf8 mode 1
Event: 11655.218 Thread 0x000001aa9a08a800 DEOPT PACKING pc=0x000001aa808b619c sp=0x0000003dda6fd6b0
Event: 11655.218 Thread 0x000001aa9a08a800 DEOPT UNPACKING pc=0x000001aa8003bb5e sp=0x0000003dda6fcbf0 mode 1
Event: 11655.230 Thread 0x000001aaf1965800 DEOPT PACKING pc=0x000001aa80f001d4 sp=0x0000003dd83ff310
Event: 11655.230 Thread 0x000001aaf1965800 DEOPT UNPACKING pc=0x000001aa8003bb5e sp=0x0000003dd83fe7e8 mode 0
Event: 11658.107 Thread 0x000001aa9a237800 DEOPT PACKING pc=0x000001aa88391844 sp=0x0000003ddd1fef10
Event: 11658.107 Thread 0x000001aa9a237800 DEOPT UNPACKING pc=0x000001aa8003bb5e sp=0x0000003ddd1fe378 mode 0
Event: 11658.108 Thread 0x000001aa9a237800 DEOPT PACKING pc=0x000001aa80f94ff4 sp=0x0000003ddd1ff0f0
Event: 11658.108 Thread 0x000001aa9a237800 DEOPT UNPACKING pc=0x000001aa8003bb5e sp=0x0000003ddd1fe5f0 mode 0
Event: 11669.352 Thread 0x000001aa9d980800 DEOPT PACKING pc=0x000001aa8089bf64 sp=0x0000003dddbfd4b0
Event: 11669.352 Thread 0x000001aa9d980800 DEOPT UNPACKING pc=0x000001aa8003bb5e sp=0x0000003dddbfc9d8 mode 1
Event: 11669.416 Thread 0x000001aa99600000 DEOPT PACKING pc=0x000001aa87db149c sp=0x0000003dd9bff150
Event: 11669.416 Thread 0x000001aa99600000 DEOPT UNPACKING pc=0x000001aa8003bb5e sp=0x0000003dd9bfe4d0 mode 0
Event: 11669.418 Thread 0x000001aa99600000 DEOPT PACKING pc=0x000001aa87d8524c sp=0x0000003dd9bff260
Event: 11669.418 Thread 0x000001aa99600000 DEOPT UNPACKING pc=0x000001aa8003bb5e sp=0x0000003dd9bfe728 mode 0
Event: 11669.418 Thread 0x000001aa99600000 DEOPT PACKING pc=0x000001aa87d55adc sp=0x0000003dd9bff390
Event: 11669.418 Thread 0x000001aa99600000 DEOPT UNPACKING pc=0x000001aa8003bb5e sp=0x0000003dd9bfe818 mode 0

Classes redefined (20 events):
Event: 10406.956 Thread 0x000001aaffa0f800 redefined class name=genspark.assignments.section2.MeanMedian, count=8
Event: 10421.210 Thread 0x000001aaffa0f800 redefined class name=genspark.assignments.section2.MeanMedian, count=9
Event: 10421.303 Thread 0x000001aaffa0f800 redefined class name=genspark.assignments.section2.MeanMedian, count=10
Event: 10857.364 Thread 0x000001aaffa0f800 redefined class name=genspark.assignments.section2.MeanMedian, count=11
Event: 10857.460 Thread 0x000001aaffa0f800 redefined class name=genspark.assignments.section2.MeanMedian, count=12
Event: 10895.004 Thread 0x000001aaffa0f800 redefined class name=genspark.assignments.section2.MeanMedian, count=13
Event: 10895.090 Thread 0x000001aaffa0f800 redefined class name=genspark.assignments.section2.MeanMedian, count=14
Event: 10903.923 Thread 0x000001aaffa0f800 redefined class name=genspark.assignments.section2.MeanMedian, count=15
Event: 10904.031 Thread 0x000001aaffa0f800 redefined class name=genspark.assignments.section2.MeanMedian, count=16
Event: 10929.401 Thread 0x000001aaffa0f800 redefined class name=genspark.assignments.section2.MeanMedian, count=17
Event: 10929.496 Thread 0x000001aaffa0f800 redefined class name=genspark.assignments.section2.MeanMedian, count=18
Event: 10972.631 Thread 0x000001aaffa0f800 redefined class name=genspark.assignments.section2.MeanMedian, count=19
Event: 10972.718 Thread 0x000001aaffa0f800 redefined class name=genspark.assignments.section2.MeanMedian, count=20
Event: 11031.108 Thread 0x000001aaffa0f800 redefined class name=genspark.assignments.section2.MeanMedian, count=21
Event: 11031.193 Thread 0x000001aaffa0f800 redefined class name=genspark.assignments.section2.MeanMedian, count=22
Event: 11043.982 Thread 0x000001aaffa0f800 redefined class name=genspark.assignments.section2.MeanMedian, count=23
Event: 11044.067 Thread 0x000001aaffa0f800 redefined class name=genspark.assignments.section2.MeanMedian, count=24
Event: 11654.969 Thread 0x000001aaffa0f800 redefined class name=genspark.assignments.section2.MeanMedian, count=25
Event: 11655.119 Thread 0x000001aaffa0f800 redefined class name=genspark.assignments.section2.MeanMedian, count=26
Event: 11669.355 Thread 0x000001aaffa0f800 redefined class name=genspark.assignments.section2.MeanMedian, count=27

Internal exceptions (20 events):
Event: 11029.665 Thread 0x000001aa99601000 Exception <a 'sun/nio/fs/WindowsException'{0x000000070fa84e48}> (0x000000070fa84e48) thrown at [./src/hotspot/share/prims/jni.cpp, line 616]
Event: 11031.285 Thread 0x000001aa9a08a800 Exception <a 'java/lang/NoSuchMethodError'{0x000000070f80d5f8}: <clinit>> (0x000000070f80d5f8) thrown at [./src/hotspot/share/prims/jni.cpp, line 1363]
Event: 11042.584 Thread 0x000001aa99601000 Exception <a 'sun/nio/fs/WindowsException'{0x000000070f584370}> (0x000000070f584370) thrown at [./src/hotspot/share/prims/jni.cpp, line 616]
Event: 11042.584 Thread 0x000001aa99601000 Exception <a 'sun/nio/fs/WindowsException'{0x000000070f584768}> (0x000000070f584768) thrown at [./src/hotspot/share/prims/jni.cpp, line 616]
Event: 11042.584 Thread 0x000001aa99601000 Exception <a 'sun/nio/fs/WindowsException'{0x000000070f584d08}> (0x000000070f584d08) thrown at [./src/hotspot/share/prims/jni.cpp, line 616]
Event: 11042.584 Thread 0x000001aa99601000 Exception <a 'sun/nio/fs/WindowsException'{0x000000070f5852e0}> (0x000000070f5852e0) thrown at [./src/hotspot/share/prims/jni.cpp, line 616]
Event: 11042.584 Thread 0x000001aa99601000 Exception <a 'sun/nio/fs/WindowsException'{0x000000070f585708}> (0x000000070f585708) thrown at [./src/hotspot/share/prims/jni.cpp, line 616]
Event: 11044.137 Thread 0x000001aa9a08a800 Exception <a 'java/lang/NoSuchMethodError'{0x000000070f307150}: <clinit>> (0x000000070f307150) thrown at [./src/hotspot/share/prims/jni.cpp, line 1363]
Event: 11637.778 Thread 0x000001aa99601000 Exception <a 'sun/nio/fs/WindowsException'{0x000000070f983480}> (0x000000070f983480) thrown at [./src/hotspot/share/prims/jni.cpp, line 616]
Event: 11637.778 Thread 0x000001aa99601000 Exception <a 'sun/nio/fs/WindowsException'{0x000000070f983878}> (0x000000070f983878) thrown at [./src/hotspot/share/prims/jni.cpp, line 616]
Event: 11637.778 Thread 0x000001aa99601000 Exception <a 'sun/nio/fs/WindowsException'{0x000000070f983e18}> (0x000000070f983e18) thrown at [./src/hotspot/share/prims/jni.cpp, line 616]
Event: 11637.778 Thread 0x000001aa99601000 Exception <a 'sun/nio/fs/WindowsException'{0x000000070f9843f0}> (0x000000070f9843f0) thrown at [./src/hotspot/share/prims/jni.cpp, line 616]
Event: 11637.778 Thread 0x000001aa99601000 Exception <a 'sun/nio/fs/WindowsException'{0x000000070f984818}> (0x000000070f984818) thrown at [./src/hotspot/share/prims/jni.cpp, line 616]
Event: 11655.087 Thread 0x000001aa9a08a800 Exception <a 'java/lang/NoSuchMethodError'{0x000000070f44d2c8}: <clinit>> (0x000000070f44d2c8) thrown at [./src/hotspot/share/prims/jni.cpp, line 1363]
Event: 11655.189 Thread 0x000001aa9a08a800 Exception <a 'java/lang/NoSuchMethodError'{0x000000070f4b2ab8}: <clinit>> (0x000000070f4b2ab8) thrown at [./src/hotspot/share/prims/jni.cpp, line 1363]
Event: 11667.937 Thread 0x000001aa99601000 Exception <a 'sun/nio/fs/WindowsException'{0x000000070f203888}> (0x000000070f203888) thrown at [./src/hotspot/share/prims/jni.cpp, line 616]
Event: 11667.937 Thread 0x000001aa99601000 Exception <a 'sun/nio/fs/WindowsException'{0x000000070f08cca0}> (0x000000070f08cca0) thrown at [./src/hotspot/share/prims/jni.cpp, line 616]
Event: 11667.937 Thread 0x000001aa99601000 Exception <a 'sun/nio/fs/WindowsException'{0x000000070f08d240}> (0x000000070f08d240) thrown at [./src/hotspot/share/prims/jni.cpp, line 616]
Event: 11667.937 Thread 0x000001aa99601000 Exception <a 'sun/nio/fs/WindowsException'{0x000000070f08d818}> (0x000000070f08d818) thrown at [./src/hotspot/share/prims/jni.cpp, line 616]
Event: 11667.937 Thread 0x000001aa99601000 Exception <a 'sun/nio/fs/WindowsException'{0x000000070f08dc40}> (0x000000070f08dc40) thrown at [./src/hotspot/share/prims/jni.cpp, line 616]

Events (20 events):
Event: 11668.383 Thread 0x000001aa99ea8000 Thread added: 0x000001aa99ea8000
Event: 11669.056 Thread 0x000001aa99ea8000 Thread exited: 0x000001aa99ea8000
Event: 11669.232 Thread 0x000001aa99ea6800 Thread added: 0x000001aa99ea6800
Event: 11669.232 Thread 0x000001aa99ea9000 Thread added: 0x000001aa99ea9000
Event: 11669.232 Thread 0x000001aa99ea7800 Thread added: 0x000001aa99ea7800
Event: 11669.233 Thread 0x000001aa99ea8000 Thread added: 0x000001aa99ea8000
Event: 11669.233 Thread 0x000001aa99eaa800 Thread added: 0x000001aa99eaa800
Event: 11669.235 Thread 0x000001aa9d983800 Thread added: 0x000001aa9d983800
Event: 11669.235 Thread 0x000001aa9d986000 Thread added: 0x000001aa9d986000
Event: 11669.239 Executing VM operation: RevokeBias
Event: 11669.239 Executing coalesced safepoint VM operation: BulkRevokeBias
Event: 11669.240 Executing coalesced safepoint VM operation: BulkRevokeBias done
Event: 11669.240 Executing VM operation: RevokeBias done
Event: 11669.240 Thread 0x000001aa99ea9000 Thread exited: 0x000001aa99ea9000
Event: 11669.240 Thread 0x000001aa99ea6800 Thread exited: 0x000001aa99ea6800
Event: 11669.240 Thread 0x000001aa99ea7800 Thread exited: 0x000001aa99ea7800
Event: 11669.344 Thread 0x000001aa9d980800 Thread added: 0x000001aa9d980800
Event: 11669.355 Executing VM operation: RedefineClasses
Event: 11669.416 Executing VM operation: RedefineClasses done
Event: 11669.416 Thread 0x000001aa9d984800 Thread added: 0x000001aa9d984800


Dynamic libraries:
0x00007ff75b8f0000 - 0x00007ff75b8fd000 	C:\Genspark\dcevm-11.0.11+1\bin\java.exe
0x00007ffa89090000 - 0x00007ffa89285000 	C:\Windows\SYSTEM32\ntdll.dll
0x00007ffa88380000 - 0x00007ffa8843e000 	C:\Windows\System32\KERNEL32.DLL
0x00007ffa86830000 - 0x00007ffa86af8000 	C:\Windows\System32\KERNELBASE.dll
0x00007ffa86ba0000 - 0x00007ffa86ca0000 	C:\Windows\System32\ucrtbase.dll
0x00007ffa7aa80000 - 0x00007ffa7aa95000 	C:\Genspark\dcevm-11.0.11+1\bin\VCRUNTIME140.dll
0x00007ffa7aa60000 - 0x00007ffa7aa77000 	C:\Genspark\dcevm-11.0.11+1\bin\jli.dll
0x00007ffa88440000 - 0x00007ffa885e1000 	C:\Windows\System32\USER32.dll
0x00007ffa86ca0000 - 0x00007ffa86cc2000 	C:\Windows\System32\win32u.dll
0x00007ffa872e0000 - 0x00007ffa8730b000 	C:\Windows\System32\GDI32.dll
0x00007ffa86d00000 - 0x00007ffa86e0d000 	C:\Windows\System32\gdi32full.dll
0x00007ffa72440000 - 0x00007ffa726da000 	C:\Windows\WinSxS\amd64_microsoft.windows.common-controls_6595b64144ccf1df_6.0.19041.1110_none_60b5254171f9507e\COMCTL32.dll
0x00007ffa86b00000 - 0x00007ffa86b9d000 	C:\Windows\System32\msvcp_win.dll
0x00007ffa87310000 - 0x00007ffa873ae000 	C:\Windows\System32\msvcrt.dll
0x00007ffa871a0000 - 0x00007ffa871d0000 	C:\Windows\System32\IMM32.DLL
0x00007ffa7a9c0000 - 0x00007ffa7aa5b000 	C:\Genspark\dcevm-11.0.11+1\bin\msvcp140.dll
0x00007ffa308e0000 - 0x00007ffa313c4000 	C:\Genspark\dcevm-11.0.11+1\bin\server\jvm.dll
0x00007ffa871d0000 - 0x00007ffa8727e000 	C:\Windows\System32\ADVAPI32.dll
0x00007ffa87c30000 - 0x00007ffa87ccc000 	C:\Windows\System32\sechost.dll
0x00007ffa88d80000 - 0x00007ffa88ea5000 	C:\Windows\System32\RPCRT4.dll
0x00007ffa87e10000 - 0x00007ffa87e18000 	C:\Windows\System32\PSAPI.DLL
0x00007ffa6a470000 - 0x00007ffa6a479000 	C:\Windows\SYSTEM32\WSOCK32.dll
0x00007ffa886a0000 - 0x00007ffa8870b000 	C:\Windows\System32\WS2_32.dll
0x00007ffa7e7d0000 - 0x00007ffa7e7da000 	C:\Windows\SYSTEM32\VERSION.dll
0x00007ffa7c540000 - 0x00007ffa7c567000 	C:\Windows\SYSTEM32\WINMM.dll
0x00007ffa85040000 - 0x00007ffa85052000 	C:\Windows\SYSTEM32\kernel.appcore.dll
0x00007ffa82290000 - 0x00007ffa822a0000 	C:\Genspark\dcevm-11.0.11+1\bin\verify.dll
0x00007ffa84cc0000 - 0x00007ffa84ea4000 	C:\Windows\SYSTEM32\DBGHELP.DLL
0x00007ffa71140000 - 0x00007ffa7116c000 	C:\Windows\SYSTEM32\dbgcore.DLL
0x00007ffa867a0000 - 0x00007ffa86822000 	C:\Windows\System32\bcryptPrimitives.dll
0x00007ffa7a990000 - 0x00007ffa7a9b8000 	C:\Genspark\dcevm-11.0.11+1\bin\java.dll
0x00007ffa82270000 - 0x00007ffa8227a000 	C:\Genspark\dcevm-11.0.11+1\bin\jimage.dll
0x00007ffa62a00000 - 0x00007ffa62a38000 	C:\Genspark\dcevm-11.0.11+1\bin\jdwp.dll
0x00007ffa7a000000 - 0x00007ffa7a00e000 	C:\Genspark\dcevm-11.0.11+1\bin\instrument.dll
0x00007ffa7a970000 - 0x00007ffa7a987000 	C:\Genspark\dcevm-11.0.11+1\bin\zip.dll
0x00007ffa873b0000 - 0x00007ffa87af4000 	C:\Windows\System32\SHELL32.dll
0x00007ffa84460000 - 0x00007ffa84bf5000 	C:\Windows\SYSTEM32\windows.storage.dll
0x00007ffa88710000 - 0x00007ffa88a65000 	C:\Windows\System32\combase.dll
0x00007ffa861f0000 - 0x00007ffa8621e000 	C:\Windows\SYSTEM32\Wldp.dll
0x00007ffa885f0000 - 0x00007ffa8869d000 	C:\Windows\System32\SHCORE.dll
0x00007ffa88c40000 - 0x00007ffa88c95000 	C:\Windows\System32\shlwapi.dll
0x00007ffa866e0000 - 0x00007ffa866ff000 	C:\Windows\SYSTEM32\profapi.dll
0x00007ffa79450000 - 0x00007ffa7945a000 	C:\Genspark\dcevm-11.0.11+1\bin\dt_socket.dll
0x00007ffa85f50000 - 0x00007ffa85fba000 	C:\Windows\system32\mswsock.dll
0x00007ffa72700000 - 0x00007ffa72719000 	C:\Genspark\dcevm-11.0.11+1\bin\net.dll
0x00007ffa7c9c0000 - 0x00007ffa7cacc000 	C:\Windows\SYSTEM32\WINHTTP.dll
0x00007ffa71920000 - 0x00007ffa71932000 	C:\Genspark\dcevm-11.0.11+1\bin\nio.dll
0x00007ffa85c40000 - 0x00007ffa85d0b000 	C:\Windows\SYSTEM32\DNSAPI.dll
0x00007ffa85bf0000 - 0x00007ffa85c2b000 	C:\Windows\SYSTEM32\IPHLPAPI.DLL
0x00007ffa88c20000 - 0x00007ffa88c28000 	C:\Windows\System32\NSI.dll
0x0000000058080000 - 0x00000000580a6000 	C:\Program Files\Bonjour\mdnsNSP.dll
0x00007ffa79c50000 - 0x00007ffa79c5a000 	C:\Windows\System32\rasadhlp.dll
0x00007ffa79b70000 - 0x00007ffa79bef000 	C:\Windows\System32\fwpuclnt.dll
0x00007ffa86cd0000 - 0x00007ffa86cf7000 	C:\Windows\System32\bcrypt.dll
0x00007ffa86140000 - 0x00007ffa86158000 	C:\Windows\SYSTEM32\CRYPTSP.dll
0x00007ffa85860000 - 0x00007ffa85894000 	C:\Windows\system32\rsaenh.dll
0x00007ffa866a0000 - 0x00007ffa866ce000 	C:\Windows\SYSTEM32\USERENV.dll
0x00007ffa86160000 - 0x00007ffa8616c000 	C:\Windows\SYSTEM32\CRYPTBASE.dll
0x00007ffa7ef80000 - 0x00007ffa7ef97000 	C:\Windows\SYSTEM32\dhcpcsvc6.DLL
0x00007ffa7ef10000 - 0x00007ffa7ef2d000 	C:\Windows\SYSTEM32\dhcpcsvc.DLL
0x00007ffa822a0000 - 0x00007ffa822ae000 	C:\Genspark\dcevm-11.0.11+1\bin\sunmscapi.dll
0x00007ffa86f20000 - 0x00007ffa87076000 	C:\Windows\System32\CRYPT32.dll
0x00007ffa86260000 - 0x00007ffa86287000 	C:\Windows\SYSTEM32\ncrypt.dll
0x00007ffa86220000 - 0x00007ffa8625b000 	C:\Windows\SYSTEM32\NTASN1.dll
0x00007ffa81650000 - 0x00007ffa81675000 	C:\Genspark\dcevm-11.0.11+1\bin\sunec.dll
0x0000000066f40000 - 0x0000000066f6d000 	C:\Users\tywal\AppData\Local\Temp\liblz4-java9849346597678712726.so
0x00007ffa7a950000 - 0x00007ffa7a959000 	C:\Genspark\dcevm-11.0.11+1\bin\management.dll
0x00007ffa7a770000 - 0x00007ffa7a77b000 	C:\Genspark\dcevm-11.0.11+1\bin\management_ext.dll
0x00007ffa813f0000 - 0x00007ffa81649000 	C:\Users\tywal\AppData\Local\Temp\io_grpc_netty_shaded_netty_tcnative_windows_x86_6418286970511770091805.dll
0x00007ffa669b0000 - 0x00007ffa669c7000 	C:\Windows\system32\napinsp.dll
0x00007ffa66760000 - 0x00007ffa6677b000 	C:\Windows\system32\pnrpnsp.dll
0x00007ffa651f0000 - 0x00007ffa65205000 	C:\Windows\system32\wshbth.dll
0x00007ffa82060000 - 0x00007ffa8207d000 	C:\Windows\system32\NLAapi.dll
0x00007ffa66740000 - 0x00007ffa66752000 	C:\Windows\System32\winrnr.dll

dbghelp: loaded successfully - version: 4.0.5 - missing functions: none
symbol engine: initialized successfully - sym options: 0x614 - pdb path: .;C:\Genspark\dcevm-11.0.11+1\bin;C:\Windows\SYSTEM32;C:\Windows\WinSxS\amd64_microsoft.windows.common-controls_6595b64144ccf1df_6.0.19041.1110_none_60b5254171f9507e;C:\Genspark\dcevm-11.0.11+1\bin\server;C:\Program Files\Bonjour;C:\Users\tywal\AppData\Local\Temp

VM Arguments:
jvm_args: -agentlib:jdwp=transport=dt_socket,address=127.0.0.1:63899,suspend=y,server=n -XX:HotswapAgent=core -Xlog:redefine+class*=info:file=src/main/java/reload_system/reload/reload.log -javaagent:C:\Users\tywal\AppData\Local\JetBrains\IdeaIC2021.3\captureAgent\debugger-agent.jar -Dfile.encoding=UTF-8 
java_command: Main
java_class_path (initial): C:\Genspark\genspark-java-core\genspark-java-core\target\classes;C:\Users\tywal\.m2\repository\genspark-backend\genspark-backend\1.4.4\genspark-backend-1.4.4.jar;C:\Users\tywal\.m2\repository\com\cognitect\transit-java\0.8.332\transit-java-0.8.332.jar;C:\Users\tywal\.m2\repository\com\google\cloud\google-cloud-firestore\2.6.1\google-cloud-firestore-2.6.1.jar;C:\Users\tywal\.m2\repository\org\clojure\data.json\0.2.6\data.json-0.2.6.jar;C:\Users\tywal\.m2\repository\org\clojure\clojure\1.11.0-alpha2\clojure-1.11.0-alpha2.jar;C:\Users\tywal\.m2\repository\commons-codec\commons-codec\1.15\commons-codec-1.15.jar;C:\Users\tywal\.m2\repository\org\eclipse\collections\eclipse-collections\11.0.0\eclipse-collections-11.0.0.jar;C:\Users\tywal\.m2\repository\com\google\errorprone\error_prone_annotations\2.7.1\error_prone_annotations-2.7.1.jar;C:\Users\tywal\.m2\repository\org\eclipse\collections\eclipse-collections-forkjoin\11.0.0\eclipse-collections-forkjoin-11.0.0.jar;C:\Users\tywal\.m2\repository\org\clojure\core.specs.alpha\0.2.62\core.specs.alpha-0.2.62.jar;C:\Users\tywal\.m2\repository\com\google\cloud\google-cloud-core-http\1.95.4\google-cloud-core-http-1.95.4.jar;C:\Users\tywal\.m2\repository\javax\annotation\javax.annotation-api\1.3.2\javax.annotation-api-1.3.2.jar;C:\Users\tywal\.m2\repository\com\google\oauth-client\google-oauth-client\1.31.5\google-oauth-client-1.31.5.jar;C:\Users\tywal\.m2\repository\com\google\auto\value\auto-value-annotations\1.8.1\auto-value-annotations-1.8.1.jar;C:\Users\tywal\.m2\repository\io\netty\netty-common\4.1.67.Final\netty-common-4.1.67.Final.jar;C:\Users\tywal\.m2\repository\com\google\auth\google-auth-library-credentials\0.26.0\google-auth-library-credentials-0.26.0.jar;C:\Users\tywal\.m2\repository\org\eclipse\collections\eclipse-collections-api\11.0.0\eclipse-collections-api-11.0.0.jar;C:\Users\tywal\.m2\repository\org\clojure\spec.alpha\0.2.194\spec.alpha-0.2.194.jar;C:\Users\tywal\.m2\repository\com\g
Launcher Type: SUN_STANDARD

[Global flags]
     intx CICompilerCount                          = 12                                        {product} {ergonomic}
     uint ConcGCThreads                            = 3                                         {product} {ergonomic}
     uint G1ConcRefinementThreads                  = 13                                        {product} {ergonomic}
   size_t G1HeapRegionSize                         = 1048576                                   {product} {ergonomic}
    uintx GCDrainStackTargetSize                   = 64                                        {product} {ergonomic}
    ccstr HotswapAgent                             = core                                      {product} {command line}
   size_t InitialHeapSize                          = 268435456                                 {product} {ergonomic}
   size_t MarkStackSize                            = 4194304                                   {product} {ergonomic}
   size_t MaxHeapSize                              = 4282384384                                {product} {ergonomic}
   size_t MaxNewSize                               = 2569011200                                {product} {ergonomic}
   size_t MinHeapDeltaBytes                        = 1048576                                   {product} {ergonomic}
    uintx NonNMethodCodeHeapSize                   = 7594288                                {pd product} {ergonomic}
    uintx NonProfiledCodeHeapSize                  = 122031976                              {pd product} {ergonomic}
    uintx ProfiledCodeHeapSize                     = 122031976                              {pd product} {ergonomic}
    uintx ReservedCodeCacheSize                    = 251658240                              {pd product} {ergonomic}
     bool SegmentedCodeCache                       = true                                      {product} {ergonomic}
     bool UseCompressedClassPointers               = true                                 {lp64_product} {ergonomic}
     bool UseCompressedOops                        = true                                 {lp64_product} {ergonomic}
     bool UseG1GC                                  = true                                      {product} {ergonomic}
     bool UseLargePagesIndividualAllocation        = false                                  {pd product} {ergonomic}

Logging:
Log output configuration:
 #0: stdout all=warning uptime,level,tags
 #1: stderr all=off uptime,level,tags
 #2: file=src/main/java/reload_system/reload/reload.log all=off,redefine*=info uptime,level,tags filecount=5,filesize=20480K

Environment Variables:
PATH=C:\Program Files\Common Files\Oracle\Java\javapath;C:\Program Files (x86)\Razer Chroma SDK\bin;C:\Program Files\Razer Chroma SDK\bin;C:\Program Files (x86)\Razer\ChromaBroadcast\bin;C:\Program Files\Razer\ChromaBroadcast\bin;C:\Program Files (x86)\Common Files\Intel\Shared Libraries\redist\intel64\compiler;C:\Windows\system32;C:\Windows;C:\Windows\System32\Wbem;C:\Windows\System32\WindowsPowerShell\v1.0\;C:\Windows\System32\OpenSSH\;C:\Program Files\NVIDIA Corporation\NVIDIA NvDLISR;C:\Program Files (x86)\NVIDIA Corporation\PhysX\Common;C:\Windows\system32\config\systemprofile\AppData\Local\Microsoft\WindowsApps;C:\Users\tywal\AppData\Local\Microsoft\WindowsApps;C:\Program Files\dotnet\;C:\Program Files\Git\cmd;C:\Program Files\nodejs\;C:\Users\tywal\AppData\Local\Programs\Microsoft VS Code\bin;C:\Program Files\Win7TaskManager";C:\Users\tywal\AppData\Roaming\npm
USERNAME=tywal
OS=Windows_NT
PROCESSOR_IDENTIFIER=AMD64 Family 23 Model 8 Stepping 2, AuthenticAMD



---------------  S Y S T E M  ---------------

OS: Windows 10 , 64 bit Build 19041 (10.0.19041.1466)
OS uptime: 0 days 13:07 hours

CPU:total 16 (initial active 16) (16 cores per cpu, 2 threads per core) family 23 model 8 stepping 2 microcode 0x0, cmov, cx8, fxsr, mmx, sse, sse2, sse3, ssse3, sse4.1, sse4.2, popcnt, avx, avx2, aes, clmul, mmxext, 3dnowpref, lzcnt, sse4a, ht, tsc, tscinvbit, tscinv, bmi1, bmi2, adx, s

Memory: 4k page, system-wide physical 16333M (1317M free)
TotalPageFile size 31181M (AvailPageFile size 7144M)
current process WorkingSet (physical memory assigned to process): 472M, peak: 1068M
current process commit charge ("private bytes"): 667M, peak: 1259M

vm_info: Dynamic Code Evolution 64-Bit Server VM (11.0.11+1-202105021746) for windows-amd64 JRE (11.0.11+1-202105021746), built on May  2 2021 18:05:20 by "" with MS VC++ 15.9 (VS2017)

END.
