#
# A fatal error has been detected by the Java Runtime Environment:
#
#  EXCEPTION_ACCESS_VIOLATION (0xc0000005) at pc=0x00007ff826a4b405, pid=1360, tid=35900
#
# JRE version: OpenJDK Runtime Environment AdoptOpenJDK-dcevm-11.0.11+1-202105021746 (11.0.11+1) (build 11.0.11+1-202105021746)
# Java VM: Dynamic Code Evolution 64-Bit Server VM AdoptOpenJDK-dcevm-11.0.11+1-202105021746 (11.0.11+1-202105021746, mixed mode, tiered, compressed oops, g1 gc, windows-amd64)
# Problematic frame:
# V  [jvm.dll+0x46b405]
#
# No core dump will be written. Minidumps are not enabled by default on client versions of Windows
#
# If you would like to submit a bug report, please visit:
#   https://github.com/AdoptOpenJDK/openjdk-support/issues
#

---------------  S U M M A R Y ------------

Command Line: -agentlib:jdwp=transport=dt_socket,address=127.0.0.1:59697,suspend=y,server=n -XX:HotswapAgent=core -Xlog:redefine+class*=info:file=src/main/java/reload_system/reload/reload.log -javaagent:C:\Users\tywal\AppData\Local\JetBrains\IdeaIC2021.3\captureAgent\debugger-agent.jar -Dfile.encoding=UTF-8 Main

Host: AMD Ryzen 7 2700X Eight-Core Processor         , 16 cores, 15G,  Windows 10 , 64 bit Build 19041 (10.0.19041.1566)
Time: Tue Mar 15 09:19:06 2022 Eastern Daylight Time elapsed time: 1014.248264 seconds (0d 0h 16m 54s)

---------------  T H R E A D  ---------------

Current thread (0x0000020675b51800):  JavaThread "JDWP Transport Listener: dt_socket" daemon [_thread_in_vm, id=35900, stack(0x000000d896f00000,0x000000d897000000)]

Stack: [0x000000d896f00000,0x000000d897000000],  sp=0x000000d896ffec90,  free space=1019k
Native frames: (J=compiled Java code, j=interpreted, Vv=VM code, C=native code)
V  [jvm.dll+0x46b405]
V  [jvm.dll+0x1d3f1f]
V  [jvm.dll+0x46d794]
V  [jvm.dll+0x46cfa4]
V  [jvm.dll+0x7404b7]
V  [jvm.dll+0x4adc27]
V  [jvm.dll+0x4767c2]
C  [jdwp.dll+0xa1c8]


siginfo: EXCEPTION_ACCESS_VIOLATION (0xc0000005), reading address 0x0000000000000000


Register to memory mapping:

RIP=0x00007ff826a4b405 jvm.dll
RAX=0x0 is NULL
RBX=0x0000000800a1e440 is a pointer to class: 
java.util.stream.Collectors$$Lambda$291/0x0000000800a1e440 {0x0000000800a1e448}
RCX=0x000000d896ffed40 is pointing into the stack for thread: 0x0000020675b51800
RDX=0x0 is NULL
RSP=0x000000d896ffec90 is pointing into the stack for thread: 0x0000020675b51800
RBP=0x000000d896ffedf0 is pointing into the stack for thread: 0x0000020675b51800
RSI=0x000000d896ffed40 is pointing into the stack for thread: 0x0000020675b51800
RDI=0x000000d896ffed40 is pointing into the stack for thread: 0x0000020675b51800
R8 =0x0 is NULL
R9 =0x0 is NULL
R10=0x0 is NULL
R11=0x800000000001267c is an unknown value
R12=0x0000000000000589 is an unknown value
R13=0x000000d896fff190 is pointing into the stack for thread: 0x0000020675b51800
R14=0x0000020675b51800 is a thread
R15=0x0 is NULL


Registers:
RAX=0x0000000000000000, RBX=0x0000000800a1e440, RCX=0x000000d896ffed40, RDX=0x0000000000000000
RSP=0x000000d896ffec90, RBP=0x000000d896ffedf0, RSI=0x000000d896ffed40, RDI=0x000000d896ffed40
R8 =0x0000000000000000, R9 =0x0000000000000000, R10=0x0000000000000000, R11=0x800000000001267c
R12=0x0000000000000589, R13=0x000000d896fff190, R14=0x0000020675b51800, R15=0x0000000000000000
RIP=0x00007ff826a4b405, EFLAGS=0x0000000000010246

Top of Stack: (sp=0x000000d896ffec90)
0x000000d896ffec90:   00000206757e99a0 0000000800003dc0
0x000000d896ffeca0:   0000000000000000 0000000000000000
0x000000d896ffecb0:   00000206767588c0 00007ff8267b3f1f
0x000000d896ffecc0:   0000000800a1e440 0000000800a1e440
0x000000d896ffecd0:   000000d896ffedf0 000000070f812178
0x000000d896ffece0:   0000020675b51800 00007ff826a4d794
0x000000d896ffecf0:   0000000000000018 000000d896ffedf0
0x000000d896ffed00:   000000070f812178 0000000000000001
0x000000d896ffed10:   000000d896ffede8 00000000f50803fe
0x000000d896ffed20:   0000000000000000 000002062408f8d4
0x000000d896ffed30:   0000000000000000 0000000002000002
0x000000d896ffed40:   00007ff826e44d38 00000206773a03b0
0x000000d896ffed50:   0000020675cbee30 000000d896ffee80
0x000000d896ffed60:   0000000000800001 0000000000000000
0x000000d896ffed70:   00000206758c5080 00000000000003d8
0x000000d896ffed80:   00000206758c5090 00000206758c5468 

Instructions: (pc=0x00007ff826a4b405)
0x00007ff826a4b305:   48 03 15 c4 09 56 00 eb 04 48 8b 53 08 0f b6 82
0x00007ff826a4b315:   5a 01 00 00 24 03 3c 03 75 3e 48 8b cb e8 49 7c
0x00007ff826a4b325:   f0 ff 48 85 c0 74 31 83 78 08 00 7e 2b 48 8b 88
0x00007ff826a4b335:   d0 00 00 00 48 85 c9 74 1f e8 7d b8 06 00 48 8b
0x00007ff826a4b345:   cd 48 8b d8 e8 72 e8 d0 ff 48 63 d0 4c 8b c3 49
0x00007ff826a4b355:   8b ce ff 15 2b 45 54 00 48 8d 4c 24 28 e8 09 e4
0x00007ff826a4b365:   ec ff 48 8b 5c 24 60 48 8b 6c 24 68 48 8b 74 24
0x00007ff826a4b375:   70 48 83 c4 40 41 5f 41 5e 5f c3 48 89 5c 24 08
0x00007ff826a4b385:   48 89 54 24 10 57 48 83 ec 20 48 83 ba d0 00 00
0x00007ff826a4b395:   00 00 48 8b da 48 8b f9 0f 85 e5 00 00 00 8b 82
0x00007ff826a4b3a5:   d8 00 00 00 c1 e8 05 a8 01 74 09 48 8b 49 08 e9
0x00007ff826a4b3b5:   c5 00 00 00 8b 42 10 83 f8 20 75 07 b8 08 00 00
0x00007ff826a4b3c5:   00 eb 06 83 c0 d0 c1 e8 03 33 d2 44 8b c8 85 c0
0x00007ff826a4b3d5:   74 2a 8b ca 4c 8d 43 30 0f 1f 00 49 8b 00 48 85
0x00007ff826a4b3e5:   c0 74 19 8b 80 d8 00 00 00 c1 e8 05 a8 01 75 53
0x00007ff826a4b3f5:   48 ff c1 49 83 c0 08 49 3b c9 7c df 4c 8b 43 28
0x00007ff826a4b405:   49 63 00 85 c0 7e 7c 4c 8b c8 49 83 c0 08 0f 1f
0x00007ff826a4b415:   40 00 66 0f 1f 84 00 00 00 00 00 49 8b 00 8b 88
0x00007ff826a4b425:   d8 00 00 00 c1 e9 05 f6 c1 01 75 20 48 ff c2 49
0x00007ff826a4b435:   83 c0 08 49 3b d1 7c e3 48 8b 5c 24 30 48 83 c4
0x00007ff826a4b445:   20 5f c3 48 39 15 31 7f 5a 00 eb 08 48 83 3d 27
0x00007ff826a4b455:   7f 5a 00 00 74 18 48 8b 4b 18 e8 bc c5 25 00 48
0x00007ff826a4b465:   8b d0 48 8d 0d d2 98 3f 00 e8 4d e0 dd ff 83 8b
0x00007ff826a4b475:   d8 00 00 00 20 48 8b 4f 08 48 8d 54 24 38 e8 18
0x00007ff826a4b485:   db c5 ff 48 8b 5c 24 30 48 83 c4 20 5f c3 cc cc
0x00007ff826a4b495:   cc cc cc cc cc cc cc cc cc cc cc 40 57 48 81 ec
0x00007ff826a4b4a5:   80 00 00 00 83 7a 08 00 48 8b fa 0f 8e 40 02 00
0x00007ff826a4b4b5:   00 48 8b 51 08 48 8d 4c 24 30 48 89 9c 24 90 00
0x00007ff826a4b4c5:   00 00 e8 54 e3 ec ff 48 8b 97 08 01 00 00 33 db
0x00007ff826a4b4d5:   48 89 54 24 20 48 89 5c 24 28 48 85 d2 74 3e 8b
0x00007ff826a4b4e5:   0d 62 59 5e 00 65 48 8b 04 25 58 00 00 00 41 b8
0x00007ff826a4b4f5:   08 00 00 00 48 89 94 24 a8 00 00 00 48 8d 94 24 


Stack slot to memory mapping:
stack at sp + 0 slots: 0x00000206757e99a0 points into unknown readable memory: 0x0000000079c3c41a | 1a c4 c3 79 00 00 00 00
stack at sp + 1 slots: 0x0000000800003dc0 is a pointer to class: 
java.security.ProtectionDomain {0x0000000800003dc8}
stack at sp + 2 slots: 0x0 is NULL
stack at sp + 3 slots: 0x0 is NULL
stack at sp + 4 slots: 0x00000206767588c0 points into unknown readable memory: 0x000002067ed7abd0 | d0 ab d7 7e 06 02 00 00
stack at sp + 5 slots: 0x00007ff8267b3f1f jvm.dll
stack at sp + 6 slots: 0x0000000800a1e440 is a pointer to class: 
java.util.stream.Collectors$$Lambda$291/0x0000000800a1e440 {0x0000000800a1e448}
stack at sp + 7 slots: 0x0000000800a1e440 is a pointer to class: 
java.util.stream.Collectors$$Lambda$291/0x0000000800a1e440 {0x0000000800a1e448}


---------------  P R O C E S S  ---------------

Threads class SMR info:
_java_thread_list=0x0000020679823920, length=68, elements={
0x00000206506d9000, 0x000002067583b000, 0x0000020675832000, 0x000002067588b000,
0x000002067588c800, 0x000002067588e000, 0x0000020675890000, 0x0000020675893000,
0x0000020675896800, 0x0000020675b38800, 0x0000020675b51800, 0x0000020675cdc800,
0x0000020675cdd800, 0x0000020676366000, 0x0000020676367000, 0x0000020676354000,
0x0000020675cc9800, 0x0000020675cc5800, 0x0000020675cc4800, 0x0000020675cc7000,
0x0000020675cc6800, 0x0000020676f97800, 0x0000020676f97000, 0x0000020676f96000,
0x0000020676f98800, 0x0000020676f99800, 0x0000020676f93800, 0x0000020676f95000,
0x0000020676f9a000, 0x0000020676f94800, 0x0000020676f9b000, 0x0000020676f9f000,
0x0000020676f9d800, 0x0000020676f9e000, 0x0000020676fa1800, 0x0000020676fa2000,
0x000002067a20c000, 0x000002067a20a800, 0x000002067a20d000, 0x000002067a207000,
0x000002067a20b000, 0x000002067a208000, 0x000002067a20d800, 0x000002067a213800,
0x000002067a215000, 0x000002067a209000, 0x000002067a214000, 0x000002067a20e800,
0x000002067a20f800, 0x000002067a209800, 0x000002067a210000, 0x000002067a211000,
0x000002067a211800, 0x000002067a206800, 0x000002067a212800, 0x0000020676f9b800,
0x000002067a035800, 0x000002067a031800, 0x000002067a033000, 0x000002067a02e000,
0x000002067a030800, 0x000002067a034000, 0x000002067a034800, 0x000002067a02f000,
0x000002067a02f800, 0x000002067a038000, 0x000002067a036000, 0x000002067a037000
}

Java Threads: ( => current thread )
  0x00000206506d9000 JavaThread "WebSocketSelector-1" [_thread_in_native, id=37776, stack(0x000000d895d00000,0x000000d895e00000)]
  0x000002067583b000 JavaThread "Reference Handler" daemon [_thread_blocked, id=37780, stack(0x000000d896400000,0x000000d896500000)]
  0x0000020675832000 JavaThread "Finalizer" daemon [_thread_blocked, id=37304, stack(0x000000d896500000,0x000000d896600000)]
  0x000002067588b000 JavaThread "Signal Dispatcher" daemon [_thread_blocked, id=37364, stack(0x000000d896600000,0x000000d896700000)]
  0x000002067588c800 JavaThread "Attach Listener" daemon [_thread_blocked, id=9636, stack(0x000000d896700000,0x000000d896800000)]
  0x000002067588e000 JavaThread "Service Thread" daemon [_thread_blocked, id=30344, stack(0x000000d896800000,0x000000d896900000)]
  0x0000020675890000 JavaThread "C2 CompilerThread0" daemon [_thread_blocked, id=1232, stack(0x000000d896900000,0x000000d896a00000)]
  0x0000020675893000 JavaThread "C1 CompilerThread0" daemon [_thread_blocked, id=36408, stack(0x000000d896a00000,0x000000d896b00000)]
  0x0000020675896800 JavaThread "Sweeper thread" daemon [_thread_blocked, id=35904, stack(0x000000d896b00000,0x000000d896c00000)]
  0x0000020675b38800 JavaThread "Common-Cleaner" daemon [_thread_blocked, id=36432, stack(0x000000d896c00000,0x000000d896d00000)]
=>0x0000020675b51800 JavaThread "JDWP Transport Listener: dt_socket" daemon [_thread_in_vm, id=35900, stack(0x000000d896f00000,0x000000d897000000)]
  0x0000020675cdc800 JavaThread "JDWP Event Helper Thread" daemon [_thread_blocked, id=36848, stack(0x000000d897000000,0x000000d897100000)]
  0x0000020675cdd800 JavaThread "JDWP Command Reader" daemon [_thread_in_native, id=37012, stack(0x000000d897100000,0x000000d897200000)]
  0x0000020676366000 JavaThread "FileSystemWatchService" daemon [_thread_in_native, id=10052, stack(0x000000d897400000,0x000000d897500000)]
  0x0000020676367000 JavaThread "HotSwap Watcher" daemon [_thread_blocked, id=33880, stack(0x000000d897500000,0x000000d897600000)]
  0x0000020676354000 JavaThread "HotSwap Dispatcher" daemon [_thread_blocked, id=37324, stack(0x000000d897600000,0x000000d897700000)]
  0x0000020675cc9800 JavaThread "Thread-2" daemon [_thread_blocked, id=34776, stack(0x000000d897700000,0x000000d897800000)]
  0x0000020675cc5800 JavaThread "Thread-19" [_thread_blocked, id=37528, stack(0x000000d897f00000,0x000000d898000000)]
  0x0000020675cc4800 JavaThread "connectionLostChecker-1" [_thread_blocked, id=25056, stack(0x000000d898000000,0x000000d898100000)]
  0x0000020675cc7000 JavaThread "WebSocketWorker-28" [_thread_blocked, id=6640, stack(0x000000d898100000,0x000000d898200000)]
  0x0000020675cc6800 JavaThread "WebSocketWorker-29" [_thread_blocked, id=23752, stack(0x000000d898200000,0x000000d898300000)]
  0x0000020676f97800 JavaThread "WebSocketWorker-30" [_thread_blocked, id=5080, stack(0x000000d898300000,0x000000d898400000)]
  0x0000020676f97000 JavaThread "WebSocketWorker-31" [_thread_blocked, id=32804, stack(0x000000d898400000,0x000000d898500000)]
  0x0000020676f96000 JavaThread "WebSocketWorker-32" [_thread_blocked, id=10388, stack(0x000000d898500000,0x000000d898600000)]
  0x0000020676f98800 JavaThread "WebSocketWorker-33" [_thread_blocked, id=22648, stack(0x000000d898600000,0x000000d898700000)]
  0x0000020676f99800 JavaThread "WebSocketWorker-34" [_thread_blocked, id=33744, stack(0x000000d898700000,0x000000d898800000)]
  0x0000020676f93800 JavaThread "WebSocketWorker-35" [_thread_blocked, id=33812, stack(0x000000d898800000,0x000000d898900000)]
  0x0000020676f95000 JavaThread "WebSocketWorker-36" [_thread_blocked, id=34880, stack(0x000000d898900000,0x000000d898a00000)]
  0x0000020676f9a000 JavaThread "WebSocketWorker-37" [_thread_blocked, id=37884, stack(0x000000d898a00000,0x000000d898b00000)]
  0x0000020676f94800 JavaThread "WebSocketWorker-38" [_thread_blocked, id=36160, stack(0x000000d898b00000,0x000000d898c00000)]
  0x0000020676f9b000 JavaThread "WebSocketWorker-39" [_thread_blocked, id=32496, stack(0x000000d898c00000,0x000000d898d00000)]
  0x0000020676f9f000 JavaThread "WebSocketWorker-40" [_thread_blocked, id=30112, stack(0x000000d898d00000,0x000000d898e00000)]
  0x0000020676f9d800 JavaThread "WebSocketWorker-41" [_thread_blocked, id=33196, stack(0x000000d898e00000,0x000000d898f00000)]
  0x0000020676f9e000 JavaThread "WebSocketWorker-42" [_thread_blocked, id=37584, stack(0x000000d898f00000,0x000000d899000000)]
  0x0000020676fa1800 JavaThread "WebSocketWorker-43" [_thread_blocked, id=25520, stack(0x000000d899000000,0x000000d899100000)]
  0x0000020676fa2000 JavaThread "Gax-1" daemon [_thread_blocked, id=9884, stack(0x000000d899800000,0x000000d899900000)]
  0x000002067a20c000 JavaThread "grpc-nio-worker-ELG-1-1" daemon [_thread_in_native, id=10556, stack(0x000000d899e00000,0x000000d899f00000)]
  0x000002067a20a800 JavaThread "grpc-nio-worker-ELG-1-2" daemon [_thread_in_native, id=38640, stack(0x000000d89a000000,0x000000d89a100000)]
  0x000002067a20d000 JavaThread "Thread-24" daemon [_thread_in_native, id=17084, stack(0x000000d899700000,0x000000d899800000)]
  0x000002067a207000 JavaThread "Gax-2" daemon [_thread_blocked, id=30436, stack(0x000000d899b00000,0x000000d899c00000)]
  0x000002067a20b000 JavaThread "grpc-nio-worker-ELG-1-3" daemon [_thread_in_native, id=25220, stack(0x000000d899c00000,0x000000d899d00000)]
  0x000002067a208000 JavaThread "Gax-3" daemon [_thread_blocked, id=32572, stack(0x000000d899d00000,0x000000d899e00000)]
  0x000002067a20d800 JavaThread "grpc-nio-worker-ELG-1-4" daemon [_thread_in_native, id=29604, stack(0x000000d899500000,0x000000d899600000)]
  0x000002067a213800 JavaThread "Gax-4" daemon [_thread_blocked, id=19124, stack(0x000000d89a400000,0x000000d89a500000)]
  0x000002067a215000 JavaThread "Gax-5" daemon [_thread_blocked, id=30856, stack(0x000000d89a500000,0x000000d89a600000)]
  0x000002067a209000 JavaThread "Gax-6" daemon [_thread_blocked, id=29428, stack(0x000000d89a300000,0x000000d89a400000)]
  0x000002067a214000 JavaThread "Gax-7" daemon [_thread_blocked, id=30780, stack(0x000000d89a600000,0x000000d89a700000)]
  0x000002067a20e800 JavaThread "Gax-8" daemon [_thread_blocked, id=35068, stack(0x000000d895a00000,0x000000d895b00000)]
  0x000002067a20f800 JavaThread "Gax-9" daemon [_thread_blocked, id=30660, stack(0x000000d89a100000,0x000000d89a200000)]
  0x000002067a209800 JavaThread "Gax-10" daemon [_thread_blocked, id=24216, stack(0x000000d899900000,0x000000d899a00000)]
  0x000002067a210000 JavaThread "Gax-11" daemon [_thread_blocked, id=8384, stack(0x000000d899a00000,0x000000d899b00000)]
  0x000002067a211000 JavaThread "Gax-12" daemon [_thread_blocked, id=35868, stack(0x000000d896d00000,0x000000d896e00000)]
  0x000002067a211800 JavaThread "Gax-13" daemon [_thread_blocked, id=33748, stack(0x000000d89a200000,0x000000d89a300000)]
  0x000002067a206800 JavaThread "Gax-14" daemon [_thread_blocked, id=24880, stack(0x000000d899f00000,0x000000d89a000000)]
  0x000002067a212800 JavaThread "Gax-15" daemon [_thread_blocked, id=38072, stack(0x000000d89a800000,0x000000d89a900000)]
  0x0000020676f9b800 JavaThread "Gax-16" daemon [_thread_blocked, id=24804, stack(0x000000d89a900000,0x000000d89aa00000)]
  0x000002067a035800 JavaThread "clojure-agent-send-off-pool-1" [_thread_blocked, id=10584, stack(0x000000d89b200000,0x000000d89b300000)]
  0x000002067a031800 JavaThread "C2 CompilerThread1" daemon [_thread_blocked, id=23804, stack(0x000000d89a700000,0x000000d89a800000)]
  0x000002067a033000 JavaThread "C2 CompilerThread2" daemon [_thread_blocked, id=10348, stack(0x000000d89aa00000,0x000000d89ab00000)]
  0x000002067a02e000 JavaThread "C2 CompilerThread3" daemon [_thread_blocked, id=2892, stack(0x000000d89ab00000,0x000000d89ac00000)]
  0x000002067a030800 JavaThread "C1 CompilerThread1" daemon [_thread_blocked, id=36216, stack(0x000000d89ac00000,0x000000d89ad00000)]
  0x000002067a034000 JavaThread "C1 CompilerThread2" daemon [_thread_blocked, id=6192, stack(0x000000d89ad00000,0x000000d89ae00000)]
  0x000002067a034800 JavaThread "C1 CompilerThread3" daemon [_thread_blocked, id=21000, stack(0x000000d89ae00000,0x000000d89af00000)]
  0x000002067a02f000 JavaThread "Thread-59" daemon [_thread_blocked, id=33024, stack(0x000000d896e00000,0x000000d896f00000)]
  0x000002067a02f800 JavaThread "C2 CompilerThread4" daemon [_thread_blocked, id=32836, stack(0x000000d899600000,0x000000d899700000)]
  0x000002067a038000 JavaThread "C2 CompilerThread5" daemon [_thread_blocked, id=35608, stack(0x000000d89af00000,0x000000d89b000000)]
  0x000002067a036000 JavaThread "C2 CompilerThread6" daemon [_thread_blocked, id=12296, stack(0x000000d89b000000,0x000000d89b100000)]
  0x000002067a037000 JavaThread "C2 CompilerThread7" daemon [_thread_blocked, id=30872, stack(0x000000d89b100000,0x000000d89b200000)]

Other Threads:
  0x0000020675809000 VMThread "VM Thread" [stack: 0x000000d896300000,0x000000d896400000] [id=19876]
  0x0000020676802000 WatcherThread [stack: 0x000000d897e00000,0x000000d897f00000] [id=288]
  0x00000206506f4000 GCTaskThread "GC Thread#0" [stack: 0x000000d895e00000,0x000000d895f00000] [id=10844]
  0x0000020676bbd000 GCTaskThread "GC Thread#1" [stack: 0x000000d897900000,0x000000d897a00000] [id=6956]
  0x000002067742e800 GCTaskThread "GC Thread#2" [stack: 0x000000d897a00000,0x000000d897b00000] [id=10912]
  0x0000020676efc000 GCTaskThread "GC Thread#3" [stack: 0x000000d897b00000,0x000000d897c00000] [id=37216]
  0x0000020676ef0000 GCTaskThread "GC Thread#4" [stack: 0x000000d897c00000,0x000000d897d00000] [id=24824]
  0x000002067778a000 GCTaskThread "GC Thread#5" [stack: 0x000000d897d00000,0x000000d897e00000] [id=30684]
  0x00000206762db000 GCTaskThread "GC Thread#6" [stack: 0x000000d895b00000,0x000000d895c00000] [id=28360]
  0x0000020676345000 GCTaskThread "GC Thread#7" [stack: 0x000000d895c00000,0x000000d895d00000] [id=16260]
  0x0000020677853800 GCTaskThread "GC Thread#8" [stack: 0x000000d897200000,0x000000d897300000] [id=28520]
  0x0000020677854000 GCTaskThread "GC Thread#9" [stack: 0x000000d897300000,0x000000d897400000] [id=20688]
  0x00000206770d7800 GCTaskThread "GC Thread#10" [stack: 0x000000d897800000,0x000000d897900000] [id=30288]
  0x00000206770d8800 GCTaskThread "GC Thread#11" [stack: 0x000000d899100000,0x000000d899200000] [id=32900]
  0x000002067647c000 GCTaskThread "GC Thread#12" [stack: 0x000000d899200000,0x000000d899300000] [id=37540]
  0x0000020650753800 ConcurrentGCThread "G1 Main Marker" [stack: 0x000000d895f00000,0x000000d896000000] [id=34420]
  0x0000020650756000 ConcurrentGCThread "G1 Conc#0" [stack: 0x000000d896000000,0x000000d896100000] [id=37160]
  0x000002067685f800 ConcurrentGCThread "G1 Conc#1" [stack: 0x000000d899300000,0x000000d899400000] [id=10220]
  0x0000020676f8b800 ConcurrentGCThread "G1 Conc#2" [stack: 0x000000d899400000,0x000000d899500000] [id=31204]
  0x00000206743be000 ConcurrentGCThread "G1 Refine#0" [stack: 0x000000d896100000,0x000000d896200000] [id=37060]
  0x00000206743c1000 ConcurrentGCThread "G1 Young RemSet Sampling" [stack: 0x000000d896200000,0x000000d896300000] [id=38264]

Threads with active compile tasks:
C2 CompilerThread01014274 8327 %     4       sun.nio.cs.UTF_8$Decoder::decodeArrayLoop @ 73 (691 bytes)
C2 CompilerThread11014274 8220       4       java.io.DataInputStream::readFully (63 bytes)
C2 CompilerThread21014274 8330 %     4       java.lang.StringUTF16::compress @ 3 (50 bytes)
C2 CompilerThread31014274 8331       4       java.io.BufferedReader::readLine (6 bytes)
C2 CompilerThread41014274 8333       4       java.util.ArrayList::add (23 bytes)
C2 CompilerThread51014274 8329       4       java.util.ArrayList::add (25 bytes)
C2 CompilerThread61014274 8278 % !   4       java.io.BufferedReader::readLine @ 131 (304 bytes)
C2 CompilerThread71014274 8255       4       jdk.internal.org.objectweb.asm.Item::set (219 bytes)

VM state:synchronizing (normal execution)

VM Mutex/Monitor currently owned by a thread:  ([mutex/lock_event])
[0x00000206506d5050] Threads_lock - owner thread: 0x0000020675809000
[0x00000206506d5b90] EnhancedRedefineClasses_lock - owner thread: 0x0000020675b51800
[0x00000206506d5170] CompiledIC_lock - owner thread: 0x0000020675896800

Heap address: 0x0000000700c00000, size: 4084 MB, Compressed Oops mode: Zero based, Oop shift amount: 3
Narrow klass base: 0x0000000800000000, Narrow klass shift: 0
Compressed class space size: 1073741824 Address: 0x0000000800000000

Heap:
 garbage-first heap   total 262144K, used 58388K [0x0000000700c00000, 0x0000000800000000)
  region size 1024K, 25 young (25600K), 5 survivors (5120K)
 Metaspace       used 67712K, capacity 68565K, committed 68772K, reserved 1107968K
  class space    used 10040K, capacity 10364K, committed 10368K, reserved 1048576K
Heap Regions: E=young(eden), S=young(survivor), O=old, HS=humongous(starts), HC=humongous(continues), CS=collection set, F=free, A=archive, TAMS=top-at-mark-start (previous, next)
|   0|0x0000000700c00000, 0x0000000700d00000, 0x0000000700d00000|100%|HS|  |TAMS 0x0000000700d00000, 0x0000000700c00000| Complete 
|   1|0x0000000700d00000, 0x0000000700e00000, 0x0000000700e00000|100%| O|  |TAMS 0x0000000700e00000, 0x0000000700d00000| Untracked 
|   2|0x0000000700e00000, 0x0000000700f00000, 0x0000000700f00000|100%|HS|  |TAMS 0x0000000700f00000, 0x0000000700e00000| Complete 
|   3|0x0000000700f00000, 0x0000000701000000, 0x0000000701000000|100%|HS|  |TAMS 0x0000000701000000, 0x0000000700f00000| Complete 
|   4|0x0000000701000000, 0x0000000701100000, 0x0000000701100000|100%|HC|  |TAMS 0x0000000701100000, 0x0000000701000000| Complete 
|   5|0x0000000701100000, 0x0000000701200000, 0x0000000701200000|100%| O|  |TAMS 0x0000000701200000, 0x0000000701100000| Untracked 
|   6|0x0000000701200000, 0x0000000701300000, 0x0000000701300000|100%| O|  |TAMS 0x0000000701300000, 0x0000000701200000| Untracked 
|   7|0x0000000701300000, 0x0000000701400000, 0x0000000701400000|100%| O|  |TAMS 0x0000000701400000, 0x0000000701300000| Untracked 
|   8|0x0000000701400000, 0x0000000701500000, 0x0000000701500000|100%| O|  |TAMS 0x0000000701500000, 0x0000000701400000| Untracked 
|   9|0x0000000701500000, 0x0000000701600000, 0x0000000701600000|100%| O|  |TAMS 0x0000000701600000, 0x0000000701500000| Untracked 
|  10|0x0000000701600000, 0x0000000701700000, 0x0000000701700000|100%| O|  |TAMS 0x0000000701700000, 0x0000000701600000| Untracked 
|  11|0x0000000701700000, 0x0000000701800000, 0x0000000701800000|100%| O|  |TAMS 0x0000000701800000, 0x0000000701700000| Untracked 
|  12|0x0000000701800000, 0x0000000701900000, 0x0000000701900000|100%| O|  |TAMS 0x0000000701900000, 0x0000000701800000| Untracked 
|  13|0x0000000701900000, 0x0000000701a00000, 0x0000000701a00000|100%| O|  |TAMS 0x0000000701a00000, 0x0000000701900000| Untracked 
|  14|0x0000000701a00000, 0x0000000701b00000, 0x0000000701b00000|100%| O|  |TAMS 0x0000000701b00000, 0x0000000701a00000| Untracked 
|  15|0x0000000701b00000, 0x0000000701c00000, 0x0000000701c00000|100%| O|  |TAMS 0x0000000701c00000, 0x0000000701b00000| Untracked 
|  16|0x0000000701c00000, 0x0000000701d00000, 0x0000000701d00000|100%| O|  |TAMS 0x0000000701d00000, 0x0000000701c00000| Untracked 
|  17|0x0000000701d00000, 0x0000000701e00000, 0x0000000701e00000|100%| O|  |TAMS 0x0000000701e00000, 0x0000000701d00000| Untracked 
|  18|0x0000000701e00000, 0x0000000701f00000, 0x0000000701f00000|100%| O|  |TAMS 0x0000000701ef6a00, 0x0000000701e00000| Untracked 
|  19|0x0000000701f00000, 0x0000000702000000, 0x0000000702000000|100%| O|  |TAMS 0x0000000701f00000, 0x0000000701f00000| Untracked 
|  20|0x0000000702000000, 0x0000000702100000, 0x0000000702100000|100%| O|  |TAMS 0x0000000702000000, 0x0000000702000000| Untracked 
|  21|0x0000000702100000, 0x0000000702200000, 0x0000000702200000|100%| O|  |TAMS 0x0000000702100000, 0x0000000702100000| Untracked 
|  22|0x0000000702200000, 0x0000000702300000, 0x0000000702300000|100%| O|  |TAMS 0x0000000702200000, 0x0000000702200000| Untracked 
|  23|0x0000000702300000, 0x0000000702400000, 0x0000000702400000|100%| O|  |TAMS 0x0000000702300000, 0x0000000702300000| Untracked 
|  24|0x0000000702400000, 0x0000000702500000, 0x0000000702500000|100%| O|  |TAMS 0x0000000702400000, 0x0000000702400000| Untracked 
|  25|0x0000000702500000, 0x0000000702600000, 0x0000000702600000|100%| O|  |TAMS 0x0000000702500000, 0x0000000702500000| Untracked 
|  26|0x0000000702600000, 0x0000000702700000, 0x0000000702700000|100%| O|  |TAMS 0x0000000702600000, 0x0000000702600000| Untracked 
|  27|0x0000000702700000, 0x0000000702800000, 0x0000000702800000|100%| O|  |TAMS 0x0000000702700000, 0x0000000702700000| Untracked 
|  28|0x0000000702800000, 0x0000000702900000, 0x0000000702900000|100%| O|  |TAMS 0x0000000702800000, 0x0000000702800000| Untracked 
|  29|0x0000000702900000, 0x0000000702a00000, 0x0000000702a00000|100%| O|  |TAMS 0x0000000702900000, 0x0000000702900000| Untracked 
|  30|0x0000000702a00000, 0x0000000702b00000, 0x0000000702b00000|100%| O|  |TAMS 0x0000000702a00000, 0x0000000702a00000| Untracked 
|  31|0x0000000702b00000, 0x0000000702c00000, 0x0000000702c00000|100%| O|  |TAMS 0x0000000702b00000, 0x0000000702b00000| Untracked 
|  32|0x0000000702c00000, 0x0000000702d00000, 0x0000000702d00000|100%| O|  |TAMS 0x0000000702c00000, 0x0000000702c00000| Untracked 
|  33|0x0000000702d00000, 0x0000000702ddaa00, 0x0000000702e00000| 85%| O|  |TAMS 0x0000000702d00000, 0x0000000702d00000| Untracked 
|  34|0x0000000702e00000, 0x0000000702e00000, 0x0000000702f00000|  0%| F|  |TAMS 0x0000000702e00000, 0x0000000702e00000| Untracked 
|  35|0x0000000702f00000, 0x0000000702f00000, 0x0000000703000000|  0%| F|  |TAMS 0x0000000702f00000, 0x0000000702f00000| Untracked 
|  36|0x0000000703000000, 0x0000000703000000, 0x0000000703100000|  0%| F|  |TAMS 0x0000000703000000, 0x0000000703000000| Untracked 
|  37|0x0000000703100000, 0x0000000703100000, 0x0000000703200000|  0%| F|  |TAMS 0x0000000703100000, 0x0000000703100000| Untracked 
|  38|0x0000000703200000, 0x0000000703200000, 0x0000000703300000|  0%| F|  |TAMS 0x0000000703200000, 0x0000000703200000| Untracked 
|  39|0x0000000703300000, 0x0000000703300000, 0x0000000703400000|  0%| F|  |TAMS 0x0000000703300000, 0x0000000703300000| Untracked 
|  40|0x0000000703400000, 0x0000000703400000, 0x0000000703500000|  0%| F|  |TAMS 0x0000000703400000, 0x0000000703400000| Untracked 
|  41|0x0000000703500000, 0x0000000703500000, 0x0000000703600000|  0%| F|  |TAMS 0x0000000703500000, 0x0000000703500000| Untracked 
|  42|0x0000000703600000, 0x0000000703600000, 0x0000000703700000|  0%| F|  |TAMS 0x0000000703600000, 0x0000000703600000| Untracked 
|  43|0x0000000703700000, 0x0000000703700000, 0x0000000703800000|  0%| F|  |TAMS 0x0000000703700000, 0x0000000703700000| Untracked 
|  44|0x0000000703800000, 0x0000000703800000, 0x0000000703900000|  0%| F|  |TAMS 0x0000000703800000, 0x0000000703800000| Untracked 
|  45|0x0000000703900000, 0x0000000703900000, 0x0000000703a00000|  0%| F|  |TAMS 0x0000000703900000, 0x0000000703900000| Untracked 
|  46|0x0000000703a00000, 0x0000000703a00000, 0x0000000703b00000|  0%| F|  |TAMS 0x0000000703a00000, 0x0000000703a00000| Untracked 
|  47|0x0000000703b00000, 0x0000000703b00000, 0x0000000703c00000|  0%| F|  |TAMS 0x0000000703b00000, 0x0000000703b00000| Untracked 
|  48|0x0000000703c00000, 0x0000000703c00000, 0x0000000703d00000|  0%| F|  |TAMS 0x0000000703c00000, 0x0000000703c00000| Untracked 
|  49|0x0000000703d00000, 0x0000000703d00000, 0x0000000703e00000|  0%| F|  |TAMS 0x0000000703d00000, 0x0000000703d00000| Untracked 
|  50|0x0000000703e00000, 0x0000000703e00000, 0x0000000703f00000|  0%| F|  |TAMS 0x0000000703e00000, 0x0000000703e00000| Untracked 
|  51|0x0000000703f00000, 0x0000000703f00000, 0x0000000704000000|  0%| F|  |TAMS 0x0000000703f00000, 0x0000000703f00000| Untracked 
|  52|0x0000000704000000, 0x0000000704000000, 0x0000000704100000|  0%| F|  |TAMS 0x0000000704000000, 0x0000000704000000| Untracked 
|  53|0x0000000704100000, 0x0000000704100000, 0x0000000704200000|  0%| F|  |TAMS 0x0000000704100000, 0x0000000704100000| Untracked 
|  54|0x0000000704200000, 0x0000000704200000, 0x0000000704300000|  0%| F|  |TAMS 0x0000000704200000, 0x0000000704200000| Untracked 
|  55|0x0000000704300000, 0x0000000704300000, 0x0000000704400000|  0%| F|  |TAMS 0x0000000704300000, 0x0000000704300000| Untracked 
|  56|0x0000000704400000, 0x0000000704400000, 0x0000000704500000|  0%| F|  |TAMS 0x0000000704400000, 0x0000000704400000| Untracked 
|  57|0x0000000704500000, 0x0000000704500000, 0x0000000704600000|  0%| F|  |TAMS 0x0000000704500000, 0x0000000704500000| Untracked 
|  58|0x0000000704600000, 0x0000000704600000, 0x0000000704700000|  0%| F|  |TAMS 0x0000000704600000, 0x0000000704600000| Untracked 
|  59|0x0000000704700000, 0x0000000704700000, 0x0000000704800000|  0%| F|  |TAMS 0x0000000704700000, 0x0000000704700000| Untracked 
|  60|0x0000000704800000, 0x0000000704800000, 0x0000000704900000|  0%| F|  |TAMS 0x0000000704800000, 0x0000000704800000| Untracked 
|  61|0x0000000704900000, 0x0000000704900000, 0x0000000704a00000|  0%| F|  |TAMS 0x0000000704900000, 0x0000000704900000| Untracked 
|  62|0x0000000704a00000, 0x0000000704a00000, 0x0000000704b00000|  0%| F|  |TAMS 0x0000000704a00000, 0x0000000704a00000| Untracked 
|  63|0x0000000704b00000, 0x0000000704b00000, 0x0000000704c00000|  0%| F|  |TAMS 0x0000000704b00000, 0x0000000704b00000| Untracked 
|  64|0x0000000704c00000, 0x0000000704c00000, 0x0000000704d00000|  0%| F|  |TAMS 0x0000000704c00000, 0x0000000704c00000| Untracked 
|  65|0x0000000704d00000, 0x0000000704d00000, 0x0000000704e00000|  0%| F|  |TAMS 0x0000000704d00000, 0x0000000704d00000| Untracked 
|  66|0x0000000704e00000, 0x0000000704e00000, 0x0000000704f00000|  0%| F|  |TAMS 0x0000000704e00000, 0x0000000704e00000| Untracked 
|  67|0x0000000704f00000, 0x0000000704f00000, 0x0000000705000000|  0%| F|  |TAMS 0x0000000704f00000, 0x0000000704f00000| Untracked 
|  68|0x0000000705000000, 0x0000000705000000, 0x0000000705100000|  0%| F|  |TAMS 0x0000000705000000, 0x0000000705000000| Untracked 
|  69|0x0000000705100000, 0x0000000705100000, 0x0000000705200000|  0%| F|  |TAMS 0x0000000705100000, 0x0000000705100000| Untracked 
|  70|0x0000000705200000, 0x0000000705200000, 0x0000000705300000|  0%| F|  |TAMS 0x0000000705200000, 0x0000000705200000| Untracked 
|  71|0x0000000705300000, 0x0000000705300000, 0x0000000705400000|  0%| F|  |TAMS 0x0000000705300000, 0x0000000705300000| Untracked 
|  72|0x0000000705400000, 0x0000000705400000, 0x0000000705500000|  0%| F|  |TAMS 0x0000000705400000, 0x0000000705400000| Untracked 
|  73|0x0000000705500000, 0x0000000705500000, 0x0000000705600000|  0%| F|  |TAMS 0x0000000705500000, 0x0000000705500000| Untracked 
|  74|0x0000000705600000, 0x0000000705600000, 0x0000000705700000|  0%| F|  |TAMS 0x0000000705600000, 0x0000000705600000| Untracked 
|  75|0x0000000705700000, 0x0000000705700000, 0x0000000705800000|  0%| F|  |TAMS 0x0000000705700000, 0x0000000705700000| Untracked 
|  76|0x0000000705800000, 0x0000000705800000, 0x0000000705900000|  0%| F|  |TAMS 0x0000000705800000, 0x0000000705800000| Untracked 
|  77|0x0000000705900000, 0x0000000705900000, 0x0000000705a00000|  0%| F|  |TAMS 0x0000000705900000, 0x0000000705900000| Untracked 
|  78|0x0000000705a00000, 0x0000000705a00000, 0x0000000705b00000|  0%| F|  |TAMS 0x0000000705a00000, 0x0000000705a00000| Untracked 
|  79|0x0000000705b00000, 0x0000000705b00000, 0x0000000705c00000|  0%| F|  |TAMS 0x0000000705b00000, 0x0000000705b00000| Untracked 
|  80|0x0000000705c00000, 0x0000000705c00000, 0x0000000705d00000|  0%| F|  |TAMS 0x0000000705c00000, 0x0000000705c00000| Untracked 
|  81|0x0000000705d00000, 0x0000000705d00000, 0x0000000705e00000|  0%| F|  |TAMS 0x0000000705d00000, 0x0000000705d00000| Untracked 
|  82|0x0000000705e00000, 0x0000000705e00000, 0x0000000705f00000|  0%| F|  |TAMS 0x0000000705e00000, 0x0000000705e00000| Untracked 
|  83|0x0000000705f00000, 0x0000000705f00000, 0x0000000706000000|  0%| F|  |TAMS 0x0000000705f00000, 0x0000000705f00000| Untracked 
|  84|0x0000000706000000, 0x0000000706000000, 0x0000000706100000|  0%| F|  |TAMS 0x0000000706000000, 0x0000000706000000| Untracked 
|  85|0x0000000706100000, 0x0000000706100000, 0x0000000706200000|  0%| F|  |TAMS 0x0000000706100000, 0x0000000706100000| Untracked 
|  86|0x0000000706200000, 0x0000000706200000, 0x0000000706300000|  0%| F|  |TAMS 0x0000000706200000, 0x0000000706200000| Untracked 
|  87|0x0000000706300000, 0x0000000706300000, 0x0000000706400000|  0%| F|  |TAMS 0x0000000706300000, 0x0000000706300000| Untracked 
|  88|0x0000000706400000, 0x0000000706400000, 0x0000000706500000|  0%| F|  |TAMS 0x0000000706400000, 0x0000000706400000| Untracked 
|  89|0x0000000706500000, 0x0000000706500000, 0x0000000706600000|  0%| F|  |TAMS 0x0000000706500000, 0x0000000706500000| Untracked 
|  90|0x0000000706600000, 0x0000000706600000, 0x0000000706700000|  0%| F|  |TAMS 0x0000000706600000, 0x0000000706600000| Untracked 
|  91|0x0000000706700000, 0x0000000706700000, 0x0000000706800000|  0%| F|  |TAMS 0x0000000706700000, 0x0000000706700000| Untracked 
|  92|0x0000000706800000, 0x0000000706800000, 0x0000000706900000|  0%| F|  |TAMS 0x0000000706800000, 0x0000000706800000| Untracked 
|  93|0x0000000706900000, 0x0000000706900000, 0x0000000706a00000|  0%| F|  |TAMS 0x0000000706900000, 0x0000000706900000| Untracked 
|  94|0x0000000706a00000, 0x0000000706a00000, 0x0000000706b00000|  0%| F|  |TAMS 0x0000000706a00000, 0x0000000706a00000| Untracked 
|  95|0x0000000706b00000, 0x0000000706b00000, 0x0000000706c00000|  0%| F|  |TAMS 0x0000000706b00000, 0x0000000706b00000| Untracked 
|  96|0x0000000706c00000, 0x0000000706c00000, 0x0000000706d00000|  0%| F|  |TAMS 0x0000000706c00000, 0x0000000706c00000| Untracked 
|  97|0x0000000706d00000, 0x0000000706d00000, 0x0000000706e00000|  0%| F|  |TAMS 0x0000000706d00000, 0x0000000706d00000| Untracked 
|  98|0x0000000706e00000, 0x0000000706e00000, 0x0000000706f00000|  0%| F|  |TAMS 0x0000000706e00000, 0x0000000706e00000| Untracked 
|  99|0x0000000706f00000, 0x0000000706f00000, 0x0000000707000000|  0%| F|  |TAMS 0x0000000706f00000, 0x0000000706f00000| Untracked 
| 100|0x0000000707000000, 0x0000000707000000, 0x0000000707100000|  0%| F|  |TAMS 0x0000000707000000, 0x0000000707000000| Untracked 
| 101|0x0000000707100000, 0x0000000707100000, 0x0000000707200000|  0%| F|  |TAMS 0x0000000707100000, 0x0000000707100000| Untracked 
| 102|0x0000000707200000, 0x0000000707200000, 0x0000000707300000|  0%| F|  |TAMS 0x0000000707200000, 0x0000000707200000| Untracked 
| 103|0x0000000707300000, 0x0000000707300000, 0x0000000707400000|  0%| F|  |TAMS 0x0000000707300000, 0x0000000707300000| Untracked 
| 104|0x0000000707400000, 0x0000000707400000, 0x0000000707500000|  0%| F|  |TAMS 0x0000000707400000, 0x0000000707400000| Untracked 
| 105|0x0000000707500000, 0x0000000707500000, 0x0000000707600000|  0%| F|  |TAMS 0x0000000707500000, 0x0000000707500000| Untracked 
| 106|0x0000000707600000, 0x0000000707600000, 0x0000000707700000|  0%| F|  |TAMS 0x0000000707600000, 0x0000000707600000| Untracked 
| 107|0x0000000707700000, 0x0000000707700000, 0x0000000707800000|  0%| F|  |TAMS 0x0000000707700000, 0x0000000707700000| Untracked 
| 108|0x0000000707800000, 0x0000000707800000, 0x0000000707900000|  0%| F|  |TAMS 0x0000000707800000, 0x0000000707800000| Untracked 
| 109|0x0000000707900000, 0x0000000707900000, 0x0000000707a00000|  0%| F|  |TAMS 0x0000000707900000, 0x0000000707900000| Untracked 
| 110|0x0000000707a00000, 0x0000000707a00000, 0x0000000707b00000|  0%| F|  |TAMS 0x0000000707a00000, 0x0000000707a00000| Untracked 
| 111|0x0000000707b00000, 0x0000000707b00000, 0x0000000707c00000|  0%| F|  |TAMS 0x0000000707b00000, 0x0000000707b00000| Untracked 
| 112|0x0000000707c00000, 0x0000000707c2a9b8, 0x0000000707d00000| 16%| S|CS|TAMS 0x0000000707c00000, 0x0000000707c00000| Complete 
| 113|0x0000000707d00000, 0x0000000707e00000, 0x0000000707e00000|100%| S|CS|TAMS 0x0000000707d00000, 0x0000000707d00000| Complete 
| 114|0x0000000707e00000, 0x0000000707f00000, 0x0000000707f00000|100%| S|CS|TAMS 0x0000000707e00000, 0x0000000707e00000| Complete 
| 115|0x0000000707f00000, 0x0000000708000000, 0x0000000708000000|100%| S|CS|TAMS 0x0000000707f00000, 0x0000000707f00000| Complete 
| 116|0x0000000708000000, 0x0000000708100000, 0x0000000708100000|100%| S|CS|TAMS 0x0000000708000000, 0x0000000708000000| Complete 
| 117|0x0000000708100000, 0x0000000708100000, 0x0000000708200000|  0%| F|  |TAMS 0x0000000708100000, 0x0000000708100000| Untracked 
| 118|0x0000000708200000, 0x0000000708200000, 0x0000000708300000|  0%| F|  |TAMS 0x0000000708200000, 0x0000000708200000| Untracked 
| 119|0x0000000708300000, 0x0000000708300000, 0x0000000708400000|  0%| F|  |TAMS 0x0000000708300000, 0x0000000708300000| Untracked 
| 120|0x0000000708400000, 0x0000000708400000, 0x0000000708500000|  0%| F|  |TAMS 0x0000000708400000, 0x0000000708400000| Untracked 
| 121|0x0000000708500000, 0x0000000708500000, 0x0000000708600000|  0%| F|  |TAMS 0x0000000708500000, 0x0000000708500000| Untracked 
| 122|0x0000000708600000, 0x0000000708600000, 0x0000000708700000|  0%| F|  |TAMS 0x0000000708600000, 0x0000000708600000| Untracked 
| 123|0x0000000708700000, 0x0000000708700000, 0x0000000708800000|  0%| F|  |TAMS 0x0000000708700000, 0x0000000708700000| Untracked 
| 124|0x0000000708800000, 0x0000000708800000, 0x0000000708900000|  0%| F|  |TAMS 0x0000000708800000, 0x0000000708800000| Untracked 
| 125|0x0000000708900000, 0x0000000708900000, 0x0000000708a00000|  0%| F|  |TAMS 0x0000000708900000, 0x0000000708900000| Untracked 
| 126|0x0000000708a00000, 0x0000000708a00000, 0x0000000708b00000|  0%| F|  |TAMS 0x0000000708a00000, 0x0000000708a00000| Untracked 
| 127|0x0000000708b00000, 0x0000000708b00000, 0x0000000708c00000|  0%| F|  |TAMS 0x0000000708b00000, 0x0000000708b00000| Untracked 
| 128|0x0000000708c00000, 0x0000000708c00000, 0x0000000708d00000|  0%| F|  |TAMS 0x0000000708c00000, 0x0000000708c00000| Untracked 
| 129|0x0000000708d00000, 0x0000000708d00000, 0x0000000708e00000|  0%| F|  |TAMS 0x0000000708d00000, 0x0000000708d00000| Untracked 
| 130|0x0000000708e00000, 0x0000000708e00000, 0x0000000708f00000|  0%| F|  |TAMS 0x0000000708e00000, 0x0000000708e00000| Untracked 
| 131|0x0000000708f00000, 0x0000000708f00000, 0x0000000709000000|  0%| F|  |TAMS 0x0000000708f00000, 0x0000000708f00000| Untracked 
| 132|0x0000000709000000, 0x0000000709000000, 0x0000000709100000|  0%| F|  |TAMS 0x0000000709000000, 0x0000000709000000| Untracked 
| 133|0x0000000709100000, 0x0000000709100000, 0x0000000709200000|  0%| F|  |TAMS 0x0000000709100000, 0x0000000709100000| Untracked 
| 134|0x0000000709200000, 0x0000000709200000, 0x0000000709300000|  0%| F|  |TAMS 0x0000000709200000, 0x0000000709200000| Untracked 
| 135|0x0000000709300000, 0x0000000709300000, 0x0000000709400000|  0%| F|  |TAMS 0x0000000709300000, 0x0000000709300000| Untracked 
| 136|0x0000000709400000, 0x0000000709400000, 0x0000000709500000|  0%| F|  |TAMS 0x0000000709400000, 0x0000000709400000| Untracked 
| 137|0x0000000709500000, 0x0000000709500000, 0x0000000709600000|  0%| F|  |TAMS 0x0000000709500000, 0x0000000709500000| Untracked 
| 138|0x0000000709600000, 0x0000000709600000, 0x0000000709700000|  0%| F|  |TAMS 0x0000000709600000, 0x0000000709600000| Untracked 
| 139|0x0000000709700000, 0x0000000709700000, 0x0000000709800000|  0%| F|  |TAMS 0x0000000709700000, 0x0000000709700000| Untracked 
| 140|0x0000000709800000, 0x0000000709800000, 0x0000000709900000|  0%| F|  |TAMS 0x0000000709800000, 0x0000000709800000| Untracked 
| 141|0x0000000709900000, 0x0000000709900000, 0x0000000709a00000|  0%| F|  |TAMS 0x0000000709900000, 0x0000000709900000| Untracked 
| 142|0x0000000709a00000, 0x0000000709a00000, 0x0000000709b00000|  0%| F|  |TAMS 0x0000000709a00000, 0x0000000709a00000| Untracked 
| 143|0x0000000709b00000, 0x0000000709b00000, 0x0000000709c00000|  0%| F|  |TAMS 0x0000000709b00000, 0x0000000709b00000| Untracked 
| 144|0x0000000709c00000, 0x0000000709c00000, 0x0000000709d00000|  0%| F|  |TAMS 0x0000000709c00000, 0x0000000709c00000| Untracked 
| 145|0x0000000709d00000, 0x0000000709d00000, 0x0000000709e00000|  0%| F|  |TAMS 0x0000000709d00000, 0x0000000709d00000| Untracked 
| 146|0x0000000709e00000, 0x0000000709e00000, 0x0000000709f00000|  0%| F|  |TAMS 0x0000000709e00000, 0x0000000709e00000| Untracked 
| 147|0x0000000709f00000, 0x0000000709f00000, 0x000000070a000000|  0%| F|  |TAMS 0x0000000709f00000, 0x0000000709f00000| Untracked 
| 148|0x000000070a000000, 0x000000070a000000, 0x000000070a100000|  0%| F|  |TAMS 0x000000070a000000, 0x000000070a000000| Untracked 
| 149|0x000000070a100000, 0x000000070a100000, 0x000000070a200000|  0%| F|  |TAMS 0x000000070a100000, 0x000000070a100000| Untracked 
| 150|0x000000070a200000, 0x000000070a200000, 0x000000070a300000|  0%| F|  |TAMS 0x000000070a200000, 0x000000070a200000| Untracked 
| 151|0x000000070a300000, 0x000000070a300000, 0x000000070a400000|  0%| F|  |TAMS 0x000000070a300000, 0x000000070a300000| Untracked 
| 152|0x000000070a400000, 0x000000070a400000, 0x000000070a500000|  0%| F|  |TAMS 0x000000070a400000, 0x000000070a400000| Untracked 
| 153|0x000000070a500000, 0x000000070a500000, 0x000000070a600000|  0%| F|  |TAMS 0x000000070a500000, 0x000000070a500000| Untracked 
| 154|0x000000070a600000, 0x000000070a600000, 0x000000070a700000|  0%| F|  |TAMS 0x000000070a600000, 0x000000070a600000| Untracked 
| 155|0x000000070a700000, 0x000000070a700000, 0x000000070a800000|  0%| F|  |TAMS 0x000000070a700000, 0x000000070a700000| Untracked 
| 156|0x000000070a800000, 0x000000070a800000, 0x000000070a900000|  0%| F|  |TAMS 0x000000070a800000, 0x000000070a800000| Untracked 
| 157|0x000000070a900000, 0x000000070a900000, 0x000000070aa00000|  0%| F|  |TAMS 0x000000070a900000, 0x000000070a900000| Untracked 
| 158|0x000000070aa00000, 0x000000070aa00000, 0x000000070ab00000|  0%| F|  |TAMS 0x000000070aa00000, 0x000000070aa00000| Untracked 
| 159|0x000000070ab00000, 0x000000070ab00000, 0x000000070ac00000|  0%| F|  |TAMS 0x000000070ab00000, 0x000000070ab00000| Untracked 
| 160|0x000000070ac00000, 0x000000070ac00000, 0x000000070ad00000|  0%| F|  |TAMS 0x000000070ac00000, 0x000000070ac00000| Untracked 
| 161|0x000000070ad00000, 0x000000070ad00000, 0x000000070ae00000|  0%| F|  |TAMS 0x000000070ad00000, 0x000000070ad00000| Untracked 
| 162|0x000000070ae00000, 0x000000070ae00000, 0x000000070af00000|  0%| F|  |TAMS 0x000000070ae00000, 0x000000070ae00000| Untracked 
| 163|0x000000070af00000, 0x000000070af00000, 0x000000070b000000|  0%| F|  |TAMS 0x000000070af00000, 0x000000070af00000| Untracked 
| 164|0x000000070b000000, 0x000000070b000000, 0x000000070b100000|  0%| F|  |TAMS 0x000000070b000000, 0x000000070b000000| Untracked 
| 165|0x000000070b100000, 0x000000070b100000, 0x000000070b200000|  0%| F|  |TAMS 0x000000070b100000, 0x000000070b100000| Untracked 
| 166|0x000000070b200000, 0x000000070b200000, 0x000000070b300000|  0%| F|  |TAMS 0x000000070b200000, 0x000000070b200000| Untracked 
| 167|0x000000070b300000, 0x000000070b300000, 0x000000070b400000|  0%| F|  |TAMS 0x000000070b300000, 0x000000070b300000| Untracked 
| 168|0x000000070b400000, 0x000000070b400000, 0x000000070b500000|  0%| F|  |TAMS 0x000000070b400000, 0x000000070b400000| Untracked 
| 169|0x000000070b500000, 0x000000070b500000, 0x000000070b600000|  0%| F|  |TAMS 0x000000070b500000, 0x000000070b500000| Untracked 
| 170|0x000000070b600000, 0x000000070b600000, 0x000000070b700000|  0%| F|  |TAMS 0x000000070b600000, 0x000000070b600000| Untracked 
| 171|0x000000070b700000, 0x000000070b700000, 0x000000070b800000|  0%| F|  |TAMS 0x000000070b700000, 0x000000070b700000| Untracked 
| 172|0x000000070b800000, 0x000000070b800000, 0x000000070b900000|  0%| F|  |TAMS 0x000000070b800000, 0x000000070b800000| Untracked 
| 173|0x000000070b900000, 0x000000070b900000, 0x000000070ba00000|  0%| F|  |TAMS 0x000000070b900000, 0x000000070b900000| Untracked 
| 174|0x000000070ba00000, 0x000000070ba00000, 0x000000070bb00000|  0%| F|  |TAMS 0x000000070ba00000, 0x000000070ba00000| Untracked 
| 175|0x000000070bb00000, 0x000000070bb00000, 0x000000070bc00000|  0%| F|  |TAMS 0x000000070bb00000, 0x000000070bb00000| Untracked 
| 176|0x000000070bc00000, 0x000000070bc00000, 0x000000070bd00000|  0%| F|  |TAMS 0x000000070bc00000, 0x000000070bc00000| Untracked 
| 177|0x000000070bd00000, 0x000000070bd00000, 0x000000070be00000|  0%| F|  |TAMS 0x000000070bd00000, 0x000000070bd00000| Untracked 
| 178|0x000000070be00000, 0x000000070be00000, 0x000000070bf00000|  0%| F|  |TAMS 0x000000070be00000, 0x000000070be00000| Untracked 
| 179|0x000000070bf00000, 0x000000070bf00000, 0x000000070c000000|  0%| F|  |TAMS 0x000000070bf00000, 0x000000070bf00000| Untracked 
| 180|0x000000070c000000, 0x000000070c000000, 0x000000070c100000|  0%| F|  |TAMS 0x000000070c000000, 0x000000070c000000| Untracked 
| 181|0x000000070c100000, 0x000000070c100000, 0x000000070c200000|  0%| F|  |TAMS 0x000000070c100000, 0x000000070c100000| Untracked 
| 182|0x000000070c200000, 0x000000070c200000, 0x000000070c300000|  0%| F|  |TAMS 0x000000070c200000, 0x000000070c200000| Untracked 
| 183|0x000000070c300000, 0x000000070c300000, 0x000000070c400000|  0%| F|  |TAMS 0x000000070c300000, 0x000000070c300000| Untracked 
| 184|0x000000070c400000, 0x000000070c400000, 0x000000070c500000|  0%| F|  |TAMS 0x000000070c400000, 0x000000070c400000| Untracked 
| 185|0x000000070c500000, 0x000000070c500000, 0x000000070c600000|  0%| F|  |TAMS 0x000000070c500000, 0x000000070c500000| Untracked 
| 186|0x000000070c600000, 0x000000070c600000, 0x000000070c700000|  0%| F|  |TAMS 0x000000070c600000, 0x000000070c600000| Untracked 
| 187|0x000000070c700000, 0x000000070c700000, 0x000000070c800000|  0%| F|  |TAMS 0x000000070c700000, 0x000000070c700000| Untracked 
| 188|0x000000070c800000, 0x000000070c800000, 0x000000070c900000|  0%| F|  |TAMS 0x000000070c800000, 0x000000070c800000| Untracked 
| 189|0x000000070c900000, 0x000000070c900000, 0x000000070ca00000|  0%| F|  |TAMS 0x000000070c900000, 0x000000070c900000| Untracked 
| 190|0x000000070ca00000, 0x000000070ca00000, 0x000000070cb00000|  0%| F|  |TAMS 0x000000070ca00000, 0x000000070ca00000| Untracked 
| 191|0x000000070cb00000, 0x000000070cb00000, 0x000000070cc00000|  0%| F|  |TAMS 0x000000070cb00000, 0x000000070cb00000| Untracked 
| 192|0x000000070cc00000, 0x000000070cc00000, 0x000000070cd00000|  0%| F|  |TAMS 0x000000070cc00000, 0x000000070cc00000| Untracked 
| 193|0x000000070cd00000, 0x000000070cd00000, 0x000000070ce00000|  0%| F|  |TAMS 0x000000070cd00000, 0x000000070cd00000| Untracked 
| 194|0x000000070ce00000, 0x000000070ce00000, 0x000000070cf00000|  0%| F|  |TAMS 0x000000070ce00000, 0x000000070ce00000| Untracked 
| 195|0x000000070cf00000, 0x000000070cf00000, 0x000000070d000000|  0%| F|  |TAMS 0x000000070cf00000, 0x000000070cf00000| Untracked 
| 196|0x000000070d000000, 0x000000070d000000, 0x000000070d100000|  0%| F|  |TAMS 0x000000070d000000, 0x000000070d000000| Untracked 
| 197|0x000000070d100000, 0x000000070d100000, 0x000000070d200000|  0%| F|  |TAMS 0x000000070d100000, 0x000000070d100000| Untracked 
| 198|0x000000070d200000, 0x000000070d200000, 0x000000070d300000|  0%| F|  |TAMS 0x000000070d200000, 0x000000070d200000| Untracked 
| 199|0x000000070d300000, 0x000000070d300000, 0x000000070d400000|  0%| F|  |TAMS 0x000000070d300000, 0x000000070d300000| Untracked 
| 200|0x000000070d400000, 0x000000070d400000, 0x000000070d500000|  0%| F|  |TAMS 0x000000070d400000, 0x000000070d400000| Untracked 
| 201|0x000000070d500000, 0x000000070d500000, 0x000000070d600000|  0%| F|  |TAMS 0x000000070d500000, 0x000000070d500000| Untracked 
| 202|0x000000070d600000, 0x000000070d600000, 0x000000070d700000|  0%| F|  |TAMS 0x000000070d600000, 0x000000070d600000| Untracked 
| 203|0x000000070d700000, 0x000000070d700000, 0x000000070d800000|  0%| F|  |TAMS 0x000000070d700000, 0x000000070d700000| Untracked 
| 204|0x000000070d800000, 0x000000070d800000, 0x000000070d900000|  0%| F|  |TAMS 0x000000070d800000, 0x000000070d800000| Untracked 
| 205|0x000000070d900000, 0x000000070d900000, 0x000000070da00000|  0%| F|  |TAMS 0x000000070d900000, 0x000000070d900000| Untracked 
| 206|0x000000070da00000, 0x000000070da00000, 0x000000070db00000|  0%| F|  |TAMS 0x000000070da00000, 0x000000070da00000| Untracked 
| 207|0x000000070db00000, 0x000000070db00000, 0x000000070dc00000|  0%| F|  |TAMS 0x000000070db00000, 0x000000070db00000| Untracked 
| 208|0x000000070dc00000, 0x000000070dc00000, 0x000000070dd00000|  0%| F|  |TAMS 0x000000070dc00000, 0x000000070dc00000| Untracked 
| 209|0x000000070dd00000, 0x000000070dd00000, 0x000000070de00000|  0%| F|  |TAMS 0x000000070dd00000, 0x000000070dd00000| Untracked 
| 210|0x000000070de00000, 0x000000070de00000, 0x000000070df00000|  0%| F|  |TAMS 0x000000070de00000, 0x000000070de00000| Untracked 
| 211|0x000000070df00000, 0x000000070df00000, 0x000000070e000000|  0%| F|  |TAMS 0x000000070df00000, 0x000000070df00000| Untracked 
| 212|0x000000070e000000, 0x000000070e000000, 0x000000070e100000|  0%| F|  |TAMS 0x000000070e000000, 0x000000070e000000| Untracked 
| 213|0x000000070e100000, 0x000000070e100000, 0x000000070e200000|  0%| F|  |TAMS 0x000000070e100000, 0x000000070e100000| Untracked 
| 214|0x000000070e200000, 0x000000070e200000, 0x000000070e300000|  0%| F|  |TAMS 0x000000070e200000, 0x000000070e200000| Untracked 
| 215|0x000000070e300000, 0x000000070e300000, 0x000000070e400000|  0%| F|  |TAMS 0x000000070e300000, 0x000000070e300000| Untracked 
| 216|0x000000070e400000, 0x000000070e400000, 0x000000070e500000|  0%| F|  |TAMS 0x000000070e400000, 0x000000070e400000| Untracked 
| 217|0x000000070e500000, 0x000000070e500000, 0x000000070e600000|  0%| F|  |TAMS 0x000000070e500000, 0x000000070e500000| Untracked 
| 218|0x000000070e600000, 0x000000070e600000, 0x000000070e700000|  0%| F|  |TAMS 0x000000070e600000, 0x000000070e600000| Untracked 
| 219|0x000000070e700000, 0x000000070e700000, 0x000000070e800000|  0%| F|  |TAMS 0x000000070e700000, 0x000000070e700000| Untracked 
| 220|0x000000070e800000, 0x000000070e800000, 0x000000070e900000|  0%| F|  |TAMS 0x000000070e800000, 0x000000070e800000| Untracked 
| 221|0x000000070e900000, 0x000000070e900000, 0x000000070ea00000|  0%| F|  |TAMS 0x000000070e900000, 0x000000070e900000| Untracked 
| 222|0x000000070ea00000, 0x000000070ea00000, 0x000000070eb00000|  0%| F|  |TAMS 0x000000070ea00000, 0x000000070ea00000| Untracked 
| 223|0x000000070eb00000, 0x000000070eb00000, 0x000000070ec00000|  0%| F|  |TAMS 0x000000070eb00000, 0x000000070eb00000| Untracked 
| 224|0x000000070ec00000, 0x000000070ec00000, 0x000000070ed00000|  0%| F|  |TAMS 0x000000070ec00000, 0x000000070ec00000| Untracked 
| 225|0x000000070ed00000, 0x000000070ed00000, 0x000000070ee00000|  0%| F|  |TAMS 0x000000070ed00000, 0x000000070ed00000| Untracked 
| 226|0x000000070ee00000, 0x000000070ee00000, 0x000000070ef00000|  0%| F|  |TAMS 0x000000070ee00000, 0x000000070ee00000| Untracked 
| 227|0x000000070ef00000, 0x000000070ef00000, 0x000000070f000000|  0%| F|  |TAMS 0x000000070ef00000, 0x000000070ef00000| Untracked 
| 228|0x000000070f000000, 0x000000070f000000, 0x000000070f100000|  0%| F|  |TAMS 0x000000070f000000, 0x000000070f000000| Untracked 
| 229|0x000000070f100000, 0x000000070f100000, 0x000000070f200000|  0%| F|  |TAMS 0x000000070f100000, 0x000000070f100000| Untracked 
| 230|0x000000070f200000, 0x000000070f200000, 0x000000070f300000|  0%| F|  |TAMS 0x000000070f200000, 0x000000070f200000| Untracked 
| 231|0x000000070f300000, 0x000000070f300000, 0x000000070f400000|  0%| F|  |TAMS 0x000000070f300000, 0x000000070f300000| Untracked 
| 232|0x000000070f400000, 0x000000070f400000, 0x000000070f500000|  0%| F|  |TAMS 0x000000070f400000, 0x000000070f400000| Untracked 
| 233|0x000000070f500000, 0x000000070f500000, 0x000000070f600000|  0%| F|  |TAMS 0x000000070f500000, 0x000000070f500000| Untracked 
| 234|0x000000070f600000, 0x000000070f600000, 0x000000070f700000|  0%| F|  |TAMS 0x000000070f600000, 0x000000070f600000| Untracked 
| 235|0x000000070f700000, 0x000000070f700000, 0x000000070f800000|  0%| F|  |TAMS 0x000000070f700000, 0x000000070f700000| Untracked 
| 236|0x000000070f800000, 0x000000070f8506e0, 0x000000070f900000| 31%| E|  |TAMS 0x000000070f800000, 0x000000070f800000| Complete 
| 237|0x000000070f900000, 0x000000070fa00000, 0x000000070fa00000|100%| E|CS|TAMS 0x000000070f900000, 0x000000070f900000| Complete 
| 238|0x000000070fa00000, 0x000000070fb00000, 0x000000070fb00000|100%| E|CS|TAMS 0x000000070fa00000, 0x000000070fa00000| Complete 
| 239|0x000000070fb00000, 0x000000070fc00000, 0x000000070fc00000|100%| E|CS|TAMS 0x000000070fb00000, 0x000000070fb00000| Complete 
| 240|0x000000070fc00000, 0x000000070fd00000, 0x000000070fd00000|100%| E|CS|TAMS 0x000000070fc00000, 0x000000070fc00000| Complete 
| 241|0x000000070fd00000, 0x000000070fe00000, 0x000000070fe00000|100%| E|CS|TAMS 0x000000070fd00000, 0x000000070fd00000| Complete 
| 242|0x000000070fe00000, 0x000000070ff00000, 0x000000070ff00000|100%| E|CS|TAMS 0x000000070fe00000, 0x000000070fe00000| Complete 
| 243|0x000000070ff00000, 0x0000000710000000, 0x0000000710000000|100%| E|CS|TAMS 0x000000070ff00000, 0x000000070ff00000| Complete 
| 244|0x0000000710000000, 0x0000000710100000, 0x0000000710100000|100%| E|CS|TAMS 0x0000000710000000, 0x0000000710000000| Complete 
| 245|0x0000000710100000, 0x0000000710200000, 0x0000000710200000|100%| E|CS|TAMS 0x0000000710100000, 0x0000000710100000| Complete 
| 246|0x0000000710200000, 0x0000000710300000, 0x0000000710300000|100%| E|CS|TAMS 0x0000000710200000, 0x0000000710200000| Complete 
| 247|0x0000000710300000, 0x0000000710400000, 0x0000000710400000|100%| E|CS|TAMS 0x0000000710300000, 0x0000000710300000| Complete 
| 248|0x0000000710400000, 0x0000000710500000, 0x0000000710500000|100%| E|CS|TAMS 0x0000000710400000, 0x0000000710400000| Complete 
| 249|0x0000000710500000, 0x0000000710600000, 0x0000000710600000|100%| E|CS|TAMS 0x0000000710500000, 0x0000000710500000| Complete 
| 250|0x0000000710600000, 0x0000000710700000, 0x0000000710700000|100%| E|CS|TAMS 0x0000000710600000, 0x0000000710600000| Complete 
| 251|0x0000000710700000, 0x0000000710800000, 0x0000000710800000|100%| E|CS|TAMS 0x0000000710700000, 0x0000000710700000| Complete 
| 252|0x0000000710800000, 0x0000000710900000, 0x0000000710900000|100%| E|CS|TAMS 0x0000000710800000, 0x0000000710800000| Complete 
| 253|0x0000000710900000, 0x0000000710a00000, 0x0000000710a00000|100%| E|CS|TAMS 0x0000000710900000, 0x0000000710900000| Complete 
| 254|0x0000000710a00000, 0x0000000710b00000, 0x0000000710b00000|100%| E|CS|TAMS 0x0000000710a00000, 0x0000000710a00000| Complete 
| 255|0x0000000710b00000, 0x0000000710c00000, 0x0000000710c00000|100%| E|CS|TAMS 0x0000000710b00000, 0x0000000710b00000| Complete 

Card table byte_map: [0x0000020668e50000,0x0000020669650000] _byte_map_base: 0x000002066564a000

Marking Bits (Prev, Next): (CMBitMap*) 0x0000020650742f40, (CMBitMap*) 0x0000020650742f08
 Prev Bits: [0x000002066de20000, 0x0000020671df0000)
 Next Bits: [0x0000020669e50000, 0x000002066de20000)

Polling page: 0x000002064e6c0000

Metaspace:

Usage:
  Non-class:     56.84 MB capacity,    56.32 MB (>99%) used,   407.16 KB ( <1%) free+waste,   121.75 KB ( <1%) overhead. 
      Class:     10.12 MB capacity,     9.81 MB ( 97%) used,   267.87 KB (  3%) free+waste,    55.38 KB ( <1%) overhead. 
       Both:     66.96 MB capacity,    66.13 MB ( 99%) used,   675.02 KB ( <1%) free+waste,   177.13 KB ( <1%) overhead. 

Virtual space:
  Non-class space:       58.00 MB reserved,      57.04 MB ( 98%) committed 
      Class space:        1.00 GB reserved,      10.13 MB ( <1%) committed 
             Both:        1.06 GB reserved,      67.16 MB (  6%) committed 

Chunk freelists:
   Non-Class:  0 bytes
       Class:  0 bytes
        Both:  0 bytes

MaxMetaspaceSize: 17179869184.00 GB
CompressedClassSpaceSize: 1.00 GB

CodeHeap 'non-profiled nmethods': size=119168Kb used=6700Kb max_used=7273Kb free=112467Kb
 bounds [0x0000020660970000, 0x0000020661090000, 0x0000020667dd0000]
CodeHeap 'profiled nmethods': size=119168Kb used=12449Kb max_used=14886Kb free=106718Kb
 bounds [0x0000020659510000, 0x000002065a3a0000, 0x0000020660970000]
CodeHeap 'non-nmethods': size=7424Kb used=3053Kb max_used=3161Kb free=4370Kb
 bounds [0x0000020658dd0000, 0x0000020659140000, 0x0000020659510000]
 total_blobs=8085 nmethods=7432 adapters=567
 compilation: enabled
              stopped_count=0, restarted_count=0
 full_count=0

Compilation events (20 events):
Event: 1014.240 Thread 0x0000020675893000 nmethod 8320 0x0000020659524110 code [0x00000206595242e0, 0x0000020659524568]
Event: 1014.240 Thread 0x0000020675893000 8324       2       java.nio.MappedByteBuffer::position (6 bytes)
Event: 1014.240 Thread 0x000002067a034800 nmethod 8325 0x0000020659523d10 code [0x0000020659523ec0, 0x0000020659524048]
Event: 1014.240 Thread 0x0000020675893000 nmethod 8324 0x0000020659523990 code [0x0000020659523b40, 0x0000020659523c68]
Event: 1014.240 Thread 0x000002067a034800 8328       2       java.lang.String::<init> (14 bytes)
Event: 1014.240 Thread 0x0000020675893000 8321       2       sun.nio.ch.ChannelInputStream::<init> (25 bytes)
Event: 1014.240 Thread 0x0000020675893000 nmethod 8321 0x0000020659523510 code [0x00000206595236c0, 0x00000206595238b8]
Event: 1014.240 Thread 0x000002067a034800 nmethod 8328 0x0000020659523090 code [0x0000020659523260, 0x00000206595233d8]
Event: 1014.240 Thread 0x0000020675893000 8332       2       java.lang.String::checkBoundsOffCount (61 bytes)
Event: 1014.240 Thread 0x000002067a034800 8326       1       java.nio.Buffer::capacity (5 bytes)
Event: 1014.240 Thread 0x000002067a034800 nmethod 8326 0x00000206609ad310 code [0x00000206609ad4c0, 0x00000206609ad578]
Event: 1014.240 Thread 0x000002067a034800 8322       2       java.io.InputStreamReader::<init> (30 bytes)
Event: 1014.241 Thread 0x000002067a034800 nmethod 8322 0x0000020659529490 code [0x0000020659529680, 0x0000020659529ae8]
Event: 1014.241 Thread 0x000002067a034800 8336       2       java.lang.String::<init> (74 bytes)
Event: 1014.241 Thread 0x000002067a034800 nmethod 8336 0x0000020659528c10 code [0x0000020659528e00, 0x0000020659529278]
Event: 1014.241 Thread 0x000002067a034800 8335       2       java.util.Arrays::copyOf (40 bytes)
Event: 1014.241 Thread 0x0000020675893000 nmethod 8332 0x0000020659528190 code [0x00000206595283e0, 0x00000206595288d8]
Event: 1014.241 Thread 0x0000020675893000 8337       2       java.lang.StringUTF16::compress (20 bytes)
Event: 1014.242 Thread 0x000002067a034800 nmethod 8335 0x000002065952c090 code [0x000002065952c280, 0x000002065952c688]
Event: 1014.242 Thread 0x0000020675893000 nmethod 8337 0x0000020659527d10 code [0x0000020659527ec0, 0x00000206595280a8]

GC Heap History (18 events):
Event: 1.207 GC heap before
{Heap before GC invocations=0 (full 0):
 garbage-first heap   total 262144K, used 28672K [0x0000000700c00000, 0x0000000800000000)
  region size 1024K, 24 young (24576K), 0 survivors (0K)
 Metaspace       used 9723K, capacity 9816K, committed 9984K, reserved 1058816K
  class space    used 892K, capacity 947K, committed 1024K, reserved 1048576K
}
Event: 1.213 GC heap after
{Heap after GC invocations=1 (full 0):
 garbage-first heap   total 262144K, used 12448K [0x0000000700c00000, 0x0000000800000000)
  region size 1024K, 3 young (3072K), 3 survivors (3072K)
 Metaspace       used 9723K, capacity 9816K, committed 9984K, reserved 1058816K
  class space    used 892K, capacity 947K, committed 1024K, reserved 1048576K
}
Event: 87.005 GC heap before
{Heap before GC invocations=1 (full 0):
 garbage-first heap   total 262144K, used 84128K [0x0000000700c00000, 0x0000000800000000)
  region size 1024K, 75 young (76800K), 3 survivors (3072K)
 Metaspace       used 20816K, capacity 21019K, committed 21296K, reserved 1067008K
  class space    used 2839K, capacity 2929K, committed 2944K, reserved 1048576K
}
Event: 87.016 GC heap after
{Heap after GC invocations=2 (full 0):
 garbage-first heap   total 262144K, used 15286K [0x0000000700c00000, 0x0000000800000000)
  region size 1024K, 6 young (6144K), 6 survivors (6144K)
 Metaspace       used 20816K, capacity 21019K, committed 21296K, reserved 1067008K
  class space    used 2839K, capacity 2929K, committed 2944K, reserved 1048576K
}
Event: 87.387 GC heap before
{Heap before GC invocations=3 (full 0):
 garbage-first heap   total 262144K, used 36790K [0x0000000700c00000, 0x0000000800000000)
  region size 1024K, 27 young (27648K), 6 survivors (6144K)
 Metaspace       used 23196K, capacity 23525K, committed 23856K, reserved 1069056K
  class space    used 3525K, capacity 3635K, committed 3712K, reserved 1048576K
}
Event: 87.394 GC heap after
{Heap after GC invocations=4 (full 0):
 garbage-first heap   total 262144K, used 16338K [0x0000000700c00000, 0x0000000800000000)
  region size 1024K, 2 young (2048K), 2 survivors (2048K)
 Metaspace       used 23196K, capacity 23525K, committed 23856K, reserved 1069056K
  class space    used 3525K, capacity 3635K, committed 3712K, reserved 1048576K
}
Event: 88.256 GC heap before
{Heap before GC invocations=4 (full 0):
 garbage-first heap   total 262144K, used 96210K [0x0000000700c00000, 0x0000000800000000)
  region size 1024K, 80 young (81920K), 2 survivors (2048K)
 Metaspace       used 31706K, capacity 32052K, committed 32432K, reserved 1077248K
  class space    used 5190K, capacity 5305K, committed 5376K, reserved 1048576K
}
Event: 88.261 GC heap after
{Heap after GC invocations=5 (full 0):
 garbage-first heap   total 262144K, used 19803K [0x0000000700c00000, 0x0000000800000000)
  region size 1024K, 5 young (5120K), 5 survivors (5120K)
 Metaspace       used 31706K, capacity 32052K, committed 32432K, reserved 1077248K
  class space    used 5190K, capacity 5305K, committed 5376K, reserved 1048576K
}
Event: 88.614 GC heap before
{Heap before GC invocations=5 (full 0):
 garbage-first heap   total 262144K, used 42331K [0x0000000700c00000, 0x0000000800000000)
  region size 1024K, 28 young (28672K), 5 survivors (5120K)
 Metaspace       used 35115K, capacity 35447K, committed 35708K, reserved 1079296K
  class space    used 5957K, capacity 6074K, committed 6144K, reserved 1048576K
}
Event: 88.621 GC heap after
{Heap after GC invocations=6 (full 0):
 garbage-first heap   total 262144K, used 20716K [0x0000000700c00000, 0x0000000800000000)
  region size 1024K, 6 young (6144K), 6 survivors (6144K)
 Metaspace       used 35115K, capacity 35447K, committed 35708K, reserved 1079296K
  class space    used 5957K, capacity 6074K, committed 6144K, reserved 1048576K
}
Event: 90.011 GC heap before
{Heap before GC invocations=7 (full 0):
 garbage-first heap   total 262144K, used 149740K [0x0000000700c00000, 0x0000000800000000)
  region size 1024K, 128 young (131072K), 6 survivors (6144K)
 Metaspace       used 50934K, capacity 51401K, committed 51708K, reserved 1093632K
  class space    used 7600K, capacity 7746K, committed 7808K, reserved 1048576K
}
Event: 90.019 GC heap after
{Heap after GC invocations=8 (full 0):
 garbage-first heap   total 262144K, used 26954K [0x0000000700c00000, 0x0000000800000000)
  region size 1024K, 12 young (12288K), 12 survivors (12288K)
 Metaspace       used 50934K, capacity 51401K, committed 51708K, reserved 1093632K
  class space    used 7600K, capacity 7746K, committed 7808K, reserved 1048576K
}
Event: 91.067 GC heap before
{Heap before GC invocations=8 (full 0):
 garbage-first heap   total 262144K, used 127306K [0x0000000700c00000, 0x0000000800000000)
  region size 1024K, 111 young (113664K), 12 survivors (12288K)
 Metaspace       used 59260K, capacity 59799K, committed 59940K, reserved 1099776K
  class space    used 8964K, capacity 9157K, committed 9216K, reserved 1048576K
}
Event: 91.085 GC heap after
{Heap after GC invocations=9 (full 0):
 garbage-first heap   total 262144K, used 34778K [0x0000000700c00000, 0x0000000800000000)
  region size 1024K, 15 young (15360K), 15 survivors (15360K)
 Metaspace       used 59260K, capacity 59799K, committed 59940K, reserved 1099776K
  class space    used 8964K, capacity 9157K, committed 9216K, reserved 1048576K
}
Event: 401.034 GC heap before
{Heap before GC invocations=10 (full 0):
 garbage-first heap   total 262144K, used 168922K [0x0000000700c00000, 0x0000000800000000)
  region size 1024K, 147 young (150528K), 15 survivors (15360K)
 Metaspace       used 67369K, capacity 68155K, committed 68516K, reserved 1107968K
  class space    used 9976K, capacity 10261K, committed 10368K, reserved 1048576K
}
Event: 401.048 GC heap after
{Heap after GC invocations=11 (full 0):
 garbage-first heap   total 262144K, used 38488K [0x0000000700c00000, 0x0000000800000000)
  region size 1024K, 12 young (12288K), 12 survivors (12288K)
 Metaspace       used 67369K, capacity 68155K, committed 68516K, reserved 1107968K
  class space    used 9976K, capacity 10261K, committed 10368K, reserved 1048576K
}
Event: 972.817 GC heap before
{Heap before GC invocations=11 (full 0):
 garbage-first heap   total 262144K, used 180824K [0x0000000700c00000, 0x0000000800000000)
  region size 1024K, 151 young (154624K), 12 survivors (12288K)
 Metaspace       used 67377K, capacity 68155K, committed 68516K, reserved 1107968K
  class space    used 9976K, capacity 10261K, committed 10368K, reserved 1048576K
}
Event: 972.831 GC heap after
{Heap after GC invocations=12 (full 0):
 garbage-first heap   total 262144K, used 38932K [0x0000000700c00000, 0x0000000800000000)
  region size 1024K, 5 young (5120K), 5 survivors (5120K)
 Metaspace       used 67377K, capacity 68155K, committed 68516K, reserved 1107968K
  class space    used 9976K, capacity 10261K, committed 10368K, reserved 1048576K
}

Deoptimization events (20 events):
Event: 990.453 Thread 0x0000020675cc5800 DEOPT PACKING pc=0x000002065a31054c sp=0x000000d897ffc5a0
Event: 990.453 Thread 0x0000020675cc5800 DEOPT UNPACKING pc=0x0000020658e0bb5e sp=0x000000d897ffbae0 mode 1
Event: 990.453 Thread 0x0000020675cc5800 DEOPT PACKING pc=0x000002065a302c3c sp=0x000000d897ffc4d0
Event: 990.453 Thread 0x0000020675cc5800 DEOPT UNPACKING pc=0x0000020658e0bb5e sp=0x000000d897ffb9e8 mode 1
Event: 990.453 Thread 0x0000020675cc5800 DEOPT PACKING pc=0x000002065a31054c sp=0x000000d897ffc5a0
Event: 990.453 Thread 0x0000020675cc5800 DEOPT UNPACKING pc=0x0000020658e0bb5e sp=0x000000d897ffbae0 mode 1
Event: 990.453 Thread 0x0000020675cc5800 DEOPT PACKING pc=0x000002065a302c3c sp=0x000000d897ffc250
Event: 990.453 Thread 0x0000020675cc5800 DEOPT UNPACKING pc=0x0000020658e0bb5e sp=0x000000d897ffb768 mode 1
Event: 990.453 Thread 0x0000020675cc5800 DEOPT PACKING pc=0x000002065a31054c sp=0x000000d897ffc320
Event: 990.453 Thread 0x0000020675cc5800 DEOPT UNPACKING pc=0x0000020658e0bb5e sp=0x000000d897ffb860 mode 1
Event: 990.453 Thread 0x0000020675cc5800 DEOPT PACKING pc=0x000002065a302c3c sp=0x000000d897ffc250
Event: 990.453 Thread 0x0000020675cc5800 DEOPT UNPACKING pc=0x0000020658e0bb5e sp=0x000000d897ffb768 mode 1
Event: 990.453 Thread 0x0000020675cc5800 DEOPT PACKING pc=0x000002065a31054c sp=0x000000d897ffc320
Event: 990.453 Thread 0x0000020675cc5800 DEOPT UNPACKING pc=0x0000020658e0bb5e sp=0x000000d897ffb860 mode 1
Event: 1014.163 Thread 0x000002067a02f000 DEOPT PACKING pc=0x000002065a302c3c sp=0x000000d896efcfe0
Event: 1014.163 Thread 0x000002067a02f000 DEOPT UNPACKING pc=0x0000020658e0bb5e sp=0x000000d896efc508 mode 1
Event: 1014.228 Thread 0x0000020676367000 DEOPT PACKING pc=0x0000020661024dd4 sp=0x000000d8975ff170
Event: 1014.228 Thread 0x0000020676367000 DEOPT UNPACKING pc=0x0000020658e0bb5e sp=0x000000d8975fe3a8 mode 0
Event: 1014.229 Thread 0x0000020676367000 DEOPT PACKING pc=0x000002066102c65c sp=0x000000d8975ff260
Event: 1014.229 Thread 0x0000020676367000 DEOPT UNPACKING pc=0x0000020658e0bb5e sp=0x000000d8975fe6e8 mode 0

Classes redefined (9 events):
Event: 349.476 Thread 0x0000020675809000 redefined class name=genspark.assignments.section8.TotalNumberOfCalls, count=1
Event: 349.593 Thread 0x0000020675809000 redefined class name=genspark.assignments.section8.TotalNumberOfCalls, count=2
Event: 359.761 Thread 0x0000020675809000 redefined class name=genspark.assignments.section8.TotalNumberOfCalls, count=3
Event: 359.850 Thread 0x0000020675809000 redefined class name=genspark.assignments.section8.TotalNumberOfCalls, count=4
Event: 980.554 Thread 0x0000020675809000 redefined class name=genspark.assignments.section8.TotalNumberOfCalls, count=5
Event: 980.651 Thread 0x0000020675809000 redefined class name=genspark.assignments.section8.TotalNumberOfCalls, count=6
Event: 990.158 Thread 0x0000020675809000 redefined class name=genspark.assignments.section8.TotalNumberOfCalls, count=7
Event: 990.255 Thread 0x0000020675809000 redefined class name=genspark.assignments.section8.TotalNumberOfCalls, count=8
Event: 1014.165 Thread 0x0000020675809000 redefined class name=genspark.assignments.section8.TotalNumberOfCalls, count=9

Internal exceptions (20 events):
Event: 357.969 Thread 0x0000020676354000 Exception <a 'sun/nio/fs/WindowsException'{0x0000000708dbb978}> (0x0000000708dbb978) thrown at [./src/hotspot/share/prims/jni.cpp, line 616]
Event: 359.947 Thread 0x0000020675cc5800 Exception <a 'java/lang/NoSuchMethodError'{0x0000000708310558}: <clinit>> (0x0000000708310558) thrown at [./src/hotspot/share/prims/jni.cpp, line 1363]
Event: 978.791 Thread 0x0000020676354000 Exception <a 'sun/nio/fs/WindowsException'{0x0000000710b982b0}> (0x0000000710b982b0) thrown at [./src/hotspot/share/prims/jni.cpp, line 616]
Event: 978.792 Thread 0x0000020676354000 Exception <a 'sun/nio/fs/WindowsException'{0x0000000710b986b8}> (0x0000000710b986b8) thrown at [./src/hotspot/share/prims/jni.cpp, line 616]
Event: 978.792 Thread 0x0000020676354000 Exception <a 'sun/nio/fs/WindowsException'{0x0000000710b98c98}> (0x0000000710b98c98) thrown at [./src/hotspot/share/prims/jni.cpp, line 616]
Event: 978.792 Thread 0x0000020676354000 Exception <a 'sun/nio/fs/WindowsException'{0x0000000710b992b0}> (0x0000000710b992b0) thrown at [./src/hotspot/share/prims/jni.cpp, line 616]
Event: 978.792 Thread 0x0000020676354000 Exception <a 'sun/nio/fs/WindowsException'{0x0000000710b996e8}> (0x0000000710b996e8) thrown at [./src/hotspot/share/prims/jni.cpp, line 616]
Event: 980.748 Thread 0x0000020675cc5800 Exception <a 'java/lang/NoSuchMethodError'{0x00000007106393a8}: <clinit>> (0x00000007106393a8) thrown at [./src/hotspot/share/prims/jni.cpp, line 1363]
Event: 988.397 Thread 0x0000020676354000 Exception <a 'sun/nio/fs/WindowsException'{0x0000000710ba14f0}> (0x0000000710ba14f0) thrown at [./src/hotspot/share/prims/jni.cpp, line 616]
Event: 988.397 Thread 0x0000020676354000 Exception <a 'sun/nio/fs/WindowsException'{0x0000000710ba18f8}> (0x0000000710ba18f8) thrown at [./src/hotspot/share/prims/jni.cpp, line 616]
Event: 988.397 Thread 0x0000020676354000 Exception <a 'sun/nio/fs/WindowsException'{0x0000000710ba1ed8}> (0x0000000710ba1ed8) thrown at [./src/hotspot/share/prims/jni.cpp, line 616]
Event: 988.397 Thread 0x0000020676354000 Exception <a 'sun/nio/fs/WindowsException'{0x0000000710ba24f0}> (0x0000000710ba24f0) thrown at [./src/hotspot/share/prims/jni.cpp, line 616]
Event: 988.398 Thread 0x0000020676354000 Exception <a 'sun/nio/fs/WindowsException'{0x0000000710ba2928}> (0x0000000710ba2928) thrown at [./src/hotspot/share/prims/jni.cpp, line 616]
Event: 990.387 Thread 0x000002067a035800 Exception <a 'java/lang/reflect/InvocationTargetException'{0x000000071005dce8}> (0x000000071005dce8) thrown at [./src/hotspot/share/runtime/reflection.cpp, line 1253]
Event: 990.412 Thread 0x0000020675cc5800 Exception <a 'java/lang/NoSuchMethodError'{0x0000000710272b38}: <clinit>> (0x0000000710272b38) thrown at [./src/hotspot/share/prims/jni.cpp, line 1363]
Event: 1012.542 Thread 0x0000020676354000 Exception <a 'sun/nio/fs/WindowsException'{0x000000070fc1c380}> (0x000000070fc1c380) thrown at [./src/hotspot/share/prims/jni.cpp, line 616]
Event: 1012.543 Thread 0x0000020676354000 Exception <a 'sun/nio/fs/WindowsException'{0x000000070fc1c788}> (0x000000070fc1c788) thrown at [./src/hotspot/share/prims/jni.cpp, line 616]
Event: 1012.543 Thread 0x0000020676354000 Exception <a 'sun/nio/fs/WindowsException'{0x000000070fc1cd68}> (0x000000070fc1cd68) thrown at [./src/hotspot/share/prims/jni.cpp, line 616]
Event: 1012.543 Thread 0x0000020676354000 Exception <a 'sun/nio/fs/WindowsException'{0x000000070fc1d380}> (0x000000070fc1d380) thrown at [./src/hotspot/share/prims/jni.cpp, line 616]
Event: 1012.543 Thread 0x0000020676354000 Exception <a 'sun/nio/fs/WindowsException'{0x000000070fc1d7b8}> (0x000000070fc1d7b8) thrown at [./src/hotspot/share/prims/jni.cpp, line 616]

Events (20 events):
Event: 1014.241 Thread 0x0000020675896800 flushing nmethod 0x0000020659a8b890
Event: 1014.241 Thread 0x0000020675896800 flushing nmethod 0x0000020659a9e110
Event: 1014.241 Thread 0x0000020675896800 flushing nmethod 0x0000020659a9fd90
Event: 1014.241 Thread 0x0000020675896800 flushing nmethod 0x0000020659aa1910
Event: 1014.241 Thread 0x0000020675896800 flushing nmethod 0x0000020659aa2190
Event: 1014.241 Thread 0x0000020675896800 flushing nmethod 0x0000020659aa2590
Event: 1014.241 Thread 0x0000020675896800 flushing nmethod 0x0000020659aa2b90
Event: 1014.241 Thread 0x0000020675896800 flushing nmethod 0x0000020659aa2f90
Event: 1014.241 Thread 0x0000020675896800 flushing nmethod 0x0000020659aa3610
Event: 1014.241 Thread 0x0000020675896800 flushing nmethod 0x0000020659aad210
Event: 1014.241 Thread 0x0000020675896800 flushing nmethod 0x0000020659aaf110
Event: 1014.241 Thread 0x0000020675896800 flushing nmethod 0x0000020659ac4a90
Event: 1014.241 Thread 0x0000020675896800 flushing nmethod 0x0000020659ac6810
Event: 1014.241 Thread 0x0000020675896800 flushing nmethod 0x0000020659ac6c10
Event: 1014.241 Thread 0x0000020675896800 flushing nmethod 0x0000020659ac7610
Event: 1014.241 Thread 0x0000020675896800 flushing nmethod 0x0000020659ad2f90
Event: 1014.241 Thread 0x0000020675896800 flushing nmethod 0x0000020659ad3490
Event: 1014.241 Thread 0x0000020675896800 flushing nmethod 0x0000020659ae4c10
Event: 1014.241 Thread 0x0000020675896800 flushing nmethod 0x0000020659ae8090
Event: 1014.242 Thread 0x0000020675896800 flushing nmethod 0x0000020659af8990


Dynamic libraries:
0x00007ff63cbc0000 - 0x00007ff63cbcd000 	C:\Genspark\dcevm-11.0.11+1\bin\java.exe
0x00007ff89b870000 - 0x00007ff89ba65000 	C:\Windows\SYSTEM32\ntdll.dll
0x00007ff89a010000 - 0x00007ff89a0ce000 	C:\Windows\System32\KERNEL32.DLL
0x00007ff899360000 - 0x00007ff899628000 	C:\Windows\System32\KERNELBASE.dll
0x00007ff899630000 - 0x00007ff899730000 	C:\Windows\System32\ucrtbase.dll
0x00007ff884ad0000 - 0x00007ff884ae7000 	C:\Genspark\dcevm-11.0.11+1\bin\jli.dll
0x00007ff87cc90000 - 0x00007ff87cca5000 	C:\Genspark\dcevm-11.0.11+1\bin\VCRUNTIME140.dll
0x00007ff899b60000 - 0x00007ff899d00000 	C:\Windows\System32\USER32.dll
0x00007ff898f90000 - 0x00007ff898fb2000 	C:\Windows\System32\win32u.dll
0x00007ff89a850000 - 0x00007ff89a87b000 	C:\Windows\System32\GDI32.dll
0x00007ff899730000 - 0x00007ff89983b000 	C:\Windows\System32\gdi32full.dll
0x00007ff8854e0000 - 0x00007ff88577a000 	C:\Windows\WinSxS\amd64_microsoft.windows.common-controls_6595b64144ccf1df_6.0.19041.1110_none_60b5254171f9507e\COMCTL32.dll
0x00007ff899210000 - 0x00007ff8992ad000 	C:\Windows\System32\msvcp_win.dll
0x00007ff899ab0000 - 0x00007ff899b4e000 	C:\Windows\System32\msvcrt.dll
0x00007ff89a220000 - 0x00007ff89a250000 	C:\Windows\System32\IMM32.DLL
0x00007ff8719d0000 - 0x00007ff871a6b000 	C:\Genspark\dcevm-11.0.11+1\bin\msvcp140.dll
0x00007ff8265e0000 - 0x00007ff8270c4000 	C:\Genspark\dcevm-11.0.11+1\bin\server\jvm.dll
0x00007ff8998e0000 - 0x00007ff89998e000 	C:\Windows\System32\ADVAPI32.dll
0x00007ff89a2c0000 - 0x00007ff89a35c000 	C:\Windows\System32\sechost.dll
0x00007ff89b700000 - 0x00007ff89b825000 	C:\Windows\System32\RPCRT4.dll
0x00007ff8998d0000 - 0x00007ff8998d8000 	C:\Windows\System32\PSAPI.DLL
0x00007ff88fb50000 - 0x00007ff88fb5a000 	C:\Windows\SYSTEM32\VERSION.dll
0x00007ff87ddd0000 - 0x00007ff87ddd9000 	C:\Windows\SYSTEM32\WSOCK32.dll
0x00007ff89a0d0000 - 0x00007ff89a13b000 	C:\Windows\System32\WS2_32.dll
0x00007ff88e9d0000 - 0x00007ff88e9f7000 	C:\Windows\SYSTEM32\WINMM.dll
0x00007ff897850000 - 0x00007ff897862000 	C:\Windows\SYSTEM32\kernel.appcore.dll
0x00007ff889060000 - 0x00007ff889070000 	C:\Genspark\dcevm-11.0.11+1\bin\verify.dll
0x00007ff896d20000 - 0x00007ff896f04000 	C:\Windows\SYSTEM32\DBGHELP.DLL
0x00007ff8831c0000 - 0x00007ff8831ec000 	C:\Windows\SYSTEM32\dbgcore.DLL
0x00007ff899840000 - 0x00007ff8998c2000 	C:\Windows\System32\bcryptPrimitives.dll
0x00007ff875830000 - 0x00007ff875858000 	C:\Genspark\dcevm-11.0.11+1\bin\java.dll
0x00007ff881450000 - 0x00007ff88145a000 	C:\Genspark\dcevm-11.0.11+1\bin\jimage.dll
0x00007ff8718e0000 - 0x00007ff871918000 	C:\Genspark\dcevm-11.0.11+1\bin\jdwp.dll
0x00007ff877d10000 - 0x00007ff877d1e000 	C:\Genspark\dcevm-11.0.11+1\bin\instrument.dll
0x00007ff8799e0000 - 0x00007ff8799f7000 	C:\Genspark\dcevm-11.0.11+1\bin\zip.dll
0x00007ff89ae20000 - 0x00007ff89b564000 	C:\Windows\System32\SHELL32.dll
0x00007ff896f10000 - 0x00007ff8976a4000 	C:\Windows\SYSTEM32\windows.storage.dll
0x00007ff89aac0000 - 0x00007ff89ae14000 	C:\Windows\System32\combase.dll
0x00007ff8989f0000 - 0x00007ff898a1c000 	C:\Windows\SYSTEM32\Wldp.dll
0x00007ff899f60000 - 0x00007ff89a00d000 	C:\Windows\System32\SHCORE.dll
0x00007ff89b6a0000 - 0x00007ff89b6f5000 	C:\Windows\System32\shlwapi.dll
0x00007ff898ed0000 - 0x00007ff898eef000 	C:\Windows\SYSTEM32\profapi.dll
0x00007ff877560000 - 0x00007ff87756a000 	C:\Genspark\dcevm-11.0.11+1\bin\dt_socket.dll
0x00007ff898750000 - 0x00007ff8987ba000 	C:\Windows\system32\mswsock.dll
0x00007ff879930000 - 0x00007ff879949000 	C:\Genspark\dcevm-11.0.11+1\bin\net.dll
0x00007ff88f1c0000 - 0x00007ff88f2c9000 	C:\Windows\SYSTEM32\WINHTTP.dll
0x00007ff875810000 - 0x00007ff875822000 	C:\Genspark\dcevm-11.0.11+1\bin\nio.dll
0x00007ff898440000 - 0x00007ff89850a000 	C:\Windows\SYSTEM32\DNSAPI.dll
0x00007ff8983f0000 - 0x00007ff89842b000 	C:\Windows\SYSTEM32\IPHLPAPI.DLL
0x00007ff899b50000 - 0x00007ff899b58000 	C:\Windows\System32\NSI.dll
0x0000000050020000 - 0x0000000050046000 	C:\Program Files\Bonjour\mdnsNSP.dll
0x00007ff88bdc0000 - 0x00007ff88bdca000 	C:\Windows\System32\rasadhlp.dll
0x00007ff88b610000 - 0x00007ff88b68f000 	C:\Windows\System32\fwpuclnt.dll
0x00007ff898fc0000 - 0x00007ff898fe7000 	C:\Windows\System32\bcrypt.dll
0x00007ff898940000 - 0x00007ff898958000 	C:\Windows\SYSTEM32\CRYPTSP.dll
0x00007ff898060000 - 0x00007ff898094000 	C:\Windows\system32\rsaenh.dll
0x00007ff898e90000 - 0x00007ff898ebe000 	C:\Windows\SYSTEM32\USERENV.dll
0x00007ff898960000 - 0x00007ff89896c000 	C:\Windows\SYSTEM32\CRYPTBASE.dll
0x00007ff892b90000 - 0x00007ff892ba7000 	C:\Windows\SYSTEM32\dhcpcsvc6.DLL
0x00007ff892a50000 - 0x00007ff892a6d000 	C:\Windows\SYSTEM32\dhcpcsvc.DLL
0x00007ff875800000 - 0x00007ff87580e000 	C:\Genspark\dcevm-11.0.11+1\bin\sunmscapi.dll
0x00007ff898ff0000 - 0x00007ff899146000 	C:\Windows\System32\CRYPT32.dll
0x00007ff898a60000 - 0x00007ff898a87000 	C:\Windows\SYSTEM32\ncrypt.dll
0x00007ff898a20000 - 0x00007ff898a5b000 	C:\Windows\SYSTEM32\NTASN1.dll
0x00007ff8718b0000 - 0x00007ff8718d5000 	C:\Genspark\dcevm-11.0.11+1\bin\sunec.dll
0x0000000066f40000 - 0x0000000066f6d000 	C:\Users\tywal\AppData\Local\Temp\liblz4-java9643711920316188045.so
0x00007ff879970000 - 0x00007ff879979000 	C:\Genspark\dcevm-11.0.11+1\bin\management.dll
0x00007ff878740000 - 0x00007ff87874b000 	C:\Genspark\dcevm-11.0.11+1\bin\management_ext.dll
0x00007ff858b00000 - 0x00007ff858d59000 	C:\Users\tywal\AppData\Local\Temp\io_grpc_netty_shaded_netty_tcnative_windows_x86_642894391856786618720.dll
0x00007ff878750000 - 0x00007ff878767000 	C:\Windows\system32\napinsp.dll
0x00007ff877570000 - 0x00007ff87758b000 	C:\Windows\system32\pnrpnsp.dll
0x00007ff893660000 - 0x00007ff893675000 	C:\Windows\system32\wshbth.dll
0x00007ff894940000 - 0x00007ff89495d000 	C:\Windows\system32\NLAapi.dll
0x00007ff876c20000 - 0x00007ff876c32000 	C:\Windows\System32\winrnr.dll

dbghelp: loaded successfully - version: 4.0.5 - missing functions: none
symbol engine: initialized successfully - sym options: 0x614 - pdb path: .;C:\Genspark\dcevm-11.0.11+1\bin;C:\Windows\SYSTEM32;C:\Windows\WinSxS\amd64_microsoft.windows.common-controls_6595b64144ccf1df_6.0.19041.1110_none_60b5254171f9507e;C:\Genspark\dcevm-11.0.11+1\bin\server;C:\Program Files\Bonjour;C:\Users\tywal\AppData\Local\Temp

VM Arguments:
jvm_args: -agentlib:jdwp=transport=dt_socket,address=127.0.0.1:59697,suspend=y,server=n -XX:HotswapAgent=core -Xlog:redefine+class*=info:file=src/main/java/reload_system/reload/reload.log -javaagent:C:\Users\tywal\AppData\Local\JetBrains\IdeaIC2021.3\captureAgent\debugger-agent.jar -Dfile.encoding=UTF-8 
java_command: Main
java_class_path (initial): C:\Genspark\genspark-java-core\genspark-java-core\target\classes;C:\Users\tywal\.m2\repository\genspark-backend\genspark-backend\1.4.4\genspark-backend-1.4.4.jar;C:\Users\tywal\.m2\repository\com\cognitect\transit-java\0.8.332\transit-java-0.8.332.jar;C:\Users\tywal\.m2\repository\com\google\cloud\google-cloud-firestore\2.6.1\google-cloud-firestore-2.6.1.jar;C:\Users\tywal\.m2\repository\org\clojure\data.json\0.2.6\data.json-0.2.6.jar;C:\Users\tywal\.m2\repository\org\clojure\clojure\1.11.0-alpha2\clojure-1.11.0-alpha2.jar;C:\Users\tywal\.m2\repository\commons-codec\commons-codec\1.15\commons-codec-1.15.jar;C:\Users\tywal\.m2\repository\org\eclipse\collections\eclipse-collections\11.0.0\eclipse-collections-11.0.0.jar;C:\Users\tywal\.m2\repository\com\google\errorprone\error_prone_annotations\2.7.1\error_prone_annotations-2.7.1.jar;C:\Users\tywal\.m2\repository\org\eclipse\collections\eclipse-collections-forkjoin\11.0.0\eclipse-collections-forkjoin-11.0.0.jar;C:\Users\tywal\.m2\repository\org\clojure\core.specs.alpha\0.2.62\core.specs.alpha-0.2.62.jar;C:\Users\tywal\.m2\repository\com\google\cloud\google-cloud-core-http\1.95.4\google-cloud-core-http-1.95.4.jar;C:\Users\tywal\.m2\repository\javax\annotation\javax.annotation-api\1.3.2\javax.annotation-api-1.3.2.jar;C:\Users\tywal\.m2\repository\com\google\oauth-client\google-oauth-client\1.31.5\google-oauth-client-1.31.5.jar;C:\Users\tywal\.m2\repository\com\google\auto\value\auto-value-annotations\1.8.1\auto-value-annotations-1.8.1.jar;C:\Users\tywal\.m2\repository\io\netty\netty-common\4.1.67.Final\netty-common-4.1.67.Final.jar;C:\Users\tywal\.m2\repository\com\google\auth\google-auth-library-credentials\0.26.0\google-auth-library-credentials-0.26.0.jar;C:\Users\tywal\.m2\repository\org\eclipse\collections\eclipse-collections-api\11.0.0\eclipse-collections-api-11.0.0.jar;C:\Users\tywal\.m2\repository\org\clojure\spec.alpha\0.2.194\spec.alpha-0.2.194.jar;C:\Users\tywal\.m2\repository\com\g
Launcher Type: SUN_STANDARD

[Global flags]
     intx CICompilerCount                          = 12                                        {product} {ergonomic}
     uint ConcGCThreads                            = 3                                         {product} {ergonomic}
     uint G1ConcRefinementThreads                  = 13                                        {product} {ergonomic}
   size_t G1HeapRegionSize                         = 1048576                                   {product} {ergonomic}
    uintx GCDrainStackTargetSize                   = 64                                        {product} {ergonomic}
    ccstr HotswapAgent                             = core                                      {product} {command line}
   size_t InitialHeapSize                          = 268435456                                 {product} {ergonomic}
   size_t MarkStackSize                            = 4194304                                   {product} {ergonomic}
   size_t MaxHeapSize                              = 4282384384                                {product} {ergonomic}
   size_t MaxNewSize                               = 2569011200                                {product} {ergonomic}
   size_t MinHeapDeltaBytes                        = 1048576                                   {product} {ergonomic}
    uintx NonNMethodCodeHeapSize                   = 7594288                                {pd product} {ergonomic}
    uintx NonProfiledCodeHeapSize                  = 122031976                              {pd product} {ergonomic}
    uintx ProfiledCodeHeapSize                     = 122031976                              {pd product} {ergonomic}
    uintx ReservedCodeCacheSize                    = 251658240                              {pd product} {ergonomic}
     bool SegmentedCodeCache                       = true                                      {product} {ergonomic}
     bool UseCompressedClassPointers               = true                                 {lp64_product} {ergonomic}
     bool UseCompressedOops                        = true                                 {lp64_product} {ergonomic}
     bool UseG1GC                                  = true                                      {product} {ergonomic}
     bool UseLargePagesIndividualAllocation        = false                                  {pd product} {ergonomic}

Logging:
Log output configuration:
 #0: stdout all=warning uptime,level,tags
 #1: stderr all=off uptime,level,tags
 #2: file=src/main/java/reload_system/reload/reload.log all=off,redefine*=info uptime,level,tags filecount=5,filesize=20480K

Environment Variables:
PATH=C:\Program Files\Common Files\Oracle\Java\javapath;C:\Program Files (x86)\Razer Chroma SDK\bin;C:\Program Files\Razer Chroma SDK\bin;C:\Program Files (x86)\Razer\ChromaBroadcast\bin;C:\Program Files\Razer\ChromaBroadcast\bin;C:\Program Files (x86)\Common Files\Intel\Shared Libraries\redist\intel64\compiler;C:\Windows\system32;C:\Windows;C:\Windows\System32\Wbem;C:\Windows\System32\WindowsPowerShell\v1.0\;C:\Windows\System32\OpenSSH\;C:\Program Files\NVIDIA Corporation\NVIDIA NvDLISR;C:\Program Files (x86)\NVIDIA Corporation\PhysX\Common;C:\Windows\system32\config\systemprofile\AppData\Local\Microsoft\WindowsApps;C:\Users\tywal\AppData\Local\Microsoft\WindowsApps;C:\Program Files\dotnet\;C:\Program Files\Git\cmd;C:\Program Files\nodejs\;C:\Program Files (x86)\Razer Chroma SDK\bin;C:\Program Files\Razer Chroma SDK\bin;C:\Program Files (x86)\Razer\ChromaBroadcast\bin;C:\Program Files\Razer\ChromaBroadcast\bin;C:\Program Files (x86)\Common Files\Intel\Shared Libraries\redist\intel64\compiler;C:\Windows\system32;C:\Windows;C:\Windows\System32\Wbem;C:\Windows\System32\WindowsPowerShell\v1.0\;C:\Windows\System32\OpenSSH\;C:\Program Files\NVIDIA Corporation\NVIDIA NvDLISR;C:\Program Files (x86)\NVIDIA Corporation\PhysX\Common;C:\Windows\system32\config\systemprofile\AppData\Local\Microsoft\WindowsApps;C:\Users\tywal\AppData\Local\Microsoft\WindowsApps;C:\Program Files\dotnet\;C:\Users\tywal\AppData\Local\Programs\Microsoft VS Code\bin;C:\Program Files\Win7TaskManager";C:\Users\tywal\AppData\Roaming\npm;C:\Users\tywal\AppData\Local\gitkraken\bin
USERNAME=tywal
OS=Windows_NT
PROCESSOR_IDENTIFIER=AMD64 Family 23 Model 8 Stepping 2, AuthenticAMD



---------------  S Y S T E M  ---------------

OS: Windows 10 , 64 bit Build 19041 (10.0.19041.1566)
OS uptime: 0 days 1:56 hours

CPU:total 16 (initial active 16) (16 cores per cpu, 2 threads per core) family 23 model 8 stepping 2 microcode 0x0, cmov, cx8, fxsr, mmx, sse, sse2, sse3, ssse3, sse4.1, sse4.2, popcnt, avx, avx2, aes, clmul, mmxext, 3dnowpref, lzcnt, sse4a, ht, tsc, tscinvbit, tscinv, bmi1, bmi2, adx, s

Memory: 4k page, system-wide physical 16333M (5092M free)
TotalPageFile size 32205M (AvailPageFile size 13860M)
current process WorkingSet (physical memory assigned to process): 403M, peak: 477M
current process commit charge ("private bytes"): 521M, peak: 596M

vm_info: Dynamic Code Evolution 64-Bit Server VM (11.0.11+1-202105021746) for windows-amd64 JRE (11.0.11+1-202105021746), built on May  2 2021 18:05:20 by "" with MS VC++ 15.9 (VS2017)

END.
