#
# A fatal error has been detected by the Java Runtime Environment:
#
#  EXCEPTION_ACCESS_VIOLATION (0xc0000005) at pc=0x0000019e2ae438a8, pid=103768, tid=104680
#
# JRE version: OpenJDK Runtime Environment AdoptOpenJDK-dcevm-11.0.11+1-202105021746 (11.0.11+1) (build 11.0.11+1-202105021746)
# Java VM: Dynamic Code Evolution 64-Bit Server VM AdoptOpenJDK-dcevm-11.0.11+1-202105021746 (11.0.11+1-202105021746, mixed mode, tiered, compressed oops, g1 gc, windows-amd64)
# Problematic frame:
# C  0x0000019e2ae438a8
#
# No core dump will be written. Minidumps are not enabled by default on client versions of Windows
#
# If you would like to submit a bug report, please visit:
#   https://github.com/AdoptOpenJDK/openjdk-support/issues
#

---------------  S U M M A R Y ------------

Command Line: -agentlib:jdwp=transport=dt_socket,address=127.0.0.1:49935,suspend=y,server=n -XX:HotswapAgent=core -Xlog:redefine+class*=info:file=src/main/java/reload_system/reload/reload.log -javaagent:C:\Users\tywal\AppData\Local\JetBrains\IdeaIC2021.3\captureAgent\debugger-agent.jar -Dfile.encoding=UTF-8 Main

Host: AMD Ryzen 7 2700X Eight-Core Processor         , 16 cores, 15G,  Windows 10 , 64 bit Build 19041 (10.0.19041.1503)
Time: Tue Mar  1 11:24:29 2022 Eastern Standard Time elapsed time: 2643.848928 seconds (0d 0h 44m 3s)

---------------  T H R E A D  ---------------

Current thread (0x0000019e2dfbe000):  JavaThread "C1 CompilerThread3" daemon [_thread_in_native, id=104680, stack(0x0000005df0a00000,0x0000005df0b00000)]


Current CompileTask:
C1:2643849 18500       3       sun.reflect.annotation.AnnotationInvocationHandler::memberValueToString (356 bytes)

Stack: [0x0000005df0a00000,0x0000005df0b00000],  sp=0x0000005df0afe548,  free space=1017k
Native frames: (J=compiled Java code, j=interpreted, Vv=VM code, C=native code)
C  0x0000019e2ae438a8


siginfo: EXCEPTION_ACCESS_VIOLATION (0xc0000005), data execution prevention violation at address 0x0000019e2ae438a8


Register to memory mapping:

RIP=0x0000019e2ae438a8 points into unknown readable memory: 0x0000000200000002 | 02 00 00 00 02 00 00 00
RAX=0x0000019e29979c90 points into unknown readable memory: 0x0000000000000001 | 01 00 00 00 00 00 00 00
RBX=0x0000019e3024ea00 points into unknown readable memory: 0x0000000000000000 | 00 00 00 00 00 00 00 00
RCX=0x0000019e34e6b250 points into unknown readable memory: 0x0000019e00000000 | 00 00 00 00 9e 01 00 00
RDX=0x0 is NULL
RSP=0x0000005df0afe548 is pointing into the stack for thread: 0x0000019e2dfbe000
RBP=0x00000000000000b9 is an unknown value
RSI=0x0000005df0afe870 is pointing into the stack for thread: 0x0000019e2dfbe000
RDI=0x0000019e2a1614b0 points into unknown readable memory: 0x00007ff9d4a6a980 | 80 a9 a6 d4 f9 7f 00 00
R8 =0x0000019e34af1110 points into unknown readable memory: 0x0000019e2ba029f0 | f0 29 a0 2b 9e 01 00 00
R9 =0x0000000000000002 is an unknown value
R10=0x0000019e304a0720 points into unknown readable memory: 0x0000001e00000001 | 01 00 00 00 1e 00 00 00
R11=0x0000019e2b21a500 is pointing into metadata
R12=0x0000019e34e6b250 points into unknown readable memory: 0x0000019e00000000 | 00 00 00 00 9e 01 00 00
R13=0x0 is NULL
R14=0x0 is NULL
R15=0x0 is NULL


Registers:
RAX=0x0000019e29979c90, RBX=0x0000019e3024ea00, RCX=0x0000019e34e6b250, RDX=0x0000000000000000
RSP=0x0000005df0afe548, RBP=0x00000000000000b9, RSI=0x0000005df0afe870, RDI=0x0000019e2a1614b0
R8 =0x0000019e34af1110, R9 =0x0000000000000002, R10=0x0000019e304a0720, R11=0x0000019e2b21a500
R12=0x0000019e34e6b250, R13=0x0000000000000000, R14=0x0000000000000000, R15=0x0000000000000000
RIP=0x0000019e2ae438a8, EFLAGS=0x0000000000010246

Top of Stack: (sp=0x0000005df0afe548)
0x0000005df0afe548:   00007ff9d437e24a 0000019e2b21a500
0x0000005df0afe558:   0000019e2dfbe000 0000019e3024ea00
0x0000005df0afe568:   0000005df0afe870 0000005d000000ba
0x0000005df0afe578:   0000000000000000 0000005df0afe870
0x0000005df0afe588:   0000005df0afe870 0000000000000000
0x0000005df0afe598:   0000019e2bdfc5c0 0000019e2bdfc5c0
0x0000005df0afe5a8:   0000019e3024ea60 0000019e2bdfc5c0
0x0000005df0afe5b8:   0000019e2a161590 0000019e2bdfc5c0
0x0000005df0afe5c8:   00007ff9d437bdce 0000000000000000
0x0000005df0afe5d8:   00000000000000b9 0000000000000000
0x0000005df0afe5e8:   0000000000000000 0000000000000000
0x0000005df0afe5f8:   0000005df0afe870 0000005df0afe680
0x0000005df0afe608:   00007ff9d43809c9 0000019e30252801
0x0000005df0afe618:   0000019e302528d9 0000005df0afe600
0x0000005df0afe628:   0000005d00000000 0000019e3024eb10
0x0000005df0afe638:   0000019e3024ea60 0000019e302528d9 

Instructions: (pc=0x0000019e2ae438a8)
0x0000019e2ae437a8:   00 00 00 00 00 00 00 00 a0 ab 8e 2b 9e 01 00 00
0x0000019e2ae437b8:   02 00 00 00 02 00 00 00 00 00 00 00 01 00 00 00
0x0000019e2ae437c8:   00 1e f1 34 9e 01 00 00 40 5c e4 2a 9e 01 00 00
0x0000019e2ae437d8:   06 00 00 00 00 00 00 00 01 c2 bf f0 5d 00 00 00
0x0000019e2ae437e8:   00 00 00 00 02 00 00 00 02 00 00 00 00 00 00 00
0x0000019e2ae437f8:   30 39 e4 2a 9e 01 00 00 b0 ad 8e 2b 9e 01 00 00
0x0000019e2ae43808:   01 00 00 00 01 00 00 00 00 00 00 00 01 00 00 00
0x0000019e2ae43818:   00 1e f1 34 9e 01 00 00 00 00 00 00 00 00 00 00
0x0000019e2ae43828:   00 00 00 00 00 00 00 00 00 00 00 00 00 00 00 00
0x0000019e2ae43838:   00 00 00 00 01 00 00 00 01 00 00 00 00 00 00 00
0x0000019e2ae43848:   40 39 e4 2a 9e 01 00 00 50 af 8e 2b 9e 01 00 00
0x0000019e2ae43858:   01 00 00 00 01 00 00 00 00 00 00 00 01 00 00 00
0x0000019e2ae43868:   40 32 a9 2a 9e 01 00 00 00 00 00 00 00 00 00 00
0x0000019e2ae43878:   00 00 00 00 00 00 00 00 00 00 00 00 00 00 00 00
0x0000019e2ae43888:   00 00 00 00 01 00 00 00 01 00 00 00 00 00 00 00
0x0000019e2ae43898:   50 39 e4 2a 9e 01 00 00 60 b1 8e 2b 9e 01 00 00
0x0000019e2ae438a8:   02 00 00 00 02 00 00 00 00 00 00 00 01 00 00 00
0x0000019e2ae438b8:   00 1e f1 34 9e 01 00 00 00 00 00 00 00 00 00 00
0x0000019e2ae438c8:   00 00 00 00 00 00 00 00 00 02 00 00 08 02 00 00
0x0000019e2ae438d8:   00 00 00 00 00 00 00 00 00 00 00 00 00 00 00 00
0x0000019e2ae438e8:   00 00 00 00 00 00 00 00 20 36 e4 2a 9e 01 00 00
0x0000019e2ae438f8:   b0 37 e4 2a 9e 01 00 00 70 36 e4 2a 9e 01 00 00
0x0000019e2ae43908:   10 37 e4 2a 9e 01 00 00 c0 36 e4 2a 9e 01 00 00
0x0000019e2ae43918:   10 37 e4 2a 9e 01 00 00 60 37 e4 2a 9e 01 00 00
0x0000019e2ae43928:   b0 37 e4 2a 9e 01 00 00 00 38 e4 2a 9e 01 00 00
0x0000019e2ae43938:   50 38 e4 2a 9e 01 00 00 a0 38 e4 2a 9e 01 00 00
0x0000019e2ae43948:   d0 35 e4 2a 9e 01 00 00 a0 38 e4 2a 9e 01 00 00
0x0000019e2ae43958:   28 35 e4 2a 9e 01 00 00 00 00 00 00 02 00 00 00
0x0000019e2ae43968:   00 00 00 00 00 00 00 00 14 00 00 00 f9 7f 00 00
0x0000019e2ae43978:   80 39 e4 2a 9e 01 00 00 48 da f0 34 9e 01 00 00
0x0000019e2ae43988:   d0 e6 f0 34 9e 01 00 00 00 00 00 00 00 00 00 00
0x0000019e2ae43998:   00 00 00 00 00 00 00 00 58 63 a6 d4 f9 7f 00 00 


Stack slot to memory mapping:
stack at sp + 0 slots: 0x00007ff9d437e24a jvm.dll
stack at sp + 1 slots: 0x0000019e2b21a500 is pointing into metadata
stack at sp + 2 slots: 0x0000019e2dfbe000 is a thread
stack at sp + 3 slots: 0x0000019e3024ea00 points into unknown readable memory: 0x0000000000000000 | 00 00 00 00 00 00 00 00
stack at sp + 4 slots: 0x0000005df0afe870 is pointing into the stack for thread: 0x0000019e2dfbe000
stack at sp + 5 slots: 0x0000005d000000ba is an unknown value
stack at sp + 6 slots: 0x0 is NULL
stack at sp + 7 slots: 0x0000005df0afe870 is pointing into the stack for thread: 0x0000019e2dfbe000


---------------  P R O C E S S  ---------------

Threads class SMR info:
_java_thread_list=0x0000019e2a738070, length=65, elements={
0x0000019e04358000, 0x0000019e29496000, 0x0000019e294a0000, 0x0000019e294f0000,
0x0000019e294f1800, 0x0000019e294f4800, 0x0000019e294f9000, 0x0000019e29507800,
0x0000019e29511800, 0x0000019e29797000, 0x0000019e29b37800, 0x0000019e29920800,
0x0000019e29923000, 0x0000019e29797800, 0x0000019e29798800, 0x0000019e29799000,
0x0000019e29796000, 0x0000019e2979a000, 0x0000019e2979b000, 0x0000019e29795000,
0x0000019e2979b800, 0x0000019e2a3ac000, 0x0000019e2a3ad000, 0x0000019e2a3ad800,
0x0000019e2a3ab000, 0x0000019e2a3ae800, 0x0000019e2a3af000, 0x0000019e2a3a9800,
0x0000019e2a3b0000, 0x0000019e2a3aa800, 0x0000019e2a3b1800, 0x0000019e2a3b5000,
0x0000019e2a3b5800, 0x0000019e2a3b4000, 0x0000019e2a3b2800, 0x0000019e2a3b6800,
0x0000019e30446800, 0x0000019e30447000, 0x0000019e30442000, 0x0000019e30443000,
0x0000019e30444000, 0x0000019e30441800, 0x0000019e30444800, 0x0000019e3044c000,
0x0000019e3044f000, 0x0000019e3044d000, 0x0000019e30450000, 0x0000019e3044d800,
0x0000019e30448800, 0x0000019e30448000, 0x0000019e3044b000, 0x0000019e3044e800,
0x0000019e3044a800, 0x0000019e30449800, 0x0000019e30445800, 0x0000019e2a3b1000,
0x0000019e2a3b8000, 0x0000019e2a3b3800, 0x0000019e2a3b7800, 0x0000019e2dfbd000,
0x0000019e2dfbf800, 0x0000019e2dfbb800, 0x0000019e2dfc0800, 0x0000019e2dfbe000,
0x0000019e2dfbf000
}

Java Threads: ( => current thread )
  0x0000019e04358000 JavaThread "WebSocketSelector-1" [_thread_in_native, id=102220, stack(0x0000005deb800000,0x0000005deb900000)]
  0x0000019e29496000 JavaThread "Reference Handler" daemon [_thread_blocked, id=100208, stack(0x0000005debf00000,0x0000005dec000000)]
  0x0000019e294a0000 JavaThread "Finalizer" daemon [_thread_blocked, id=2720, stack(0x0000005dec000000,0x0000005dec100000)]
  0x0000019e294f0000 JavaThread "Signal Dispatcher" daemon [_thread_blocked, id=101480, stack(0x0000005dec100000,0x0000005dec200000)]
  0x0000019e294f1800 JavaThread "Attach Listener" daemon [_thread_blocked, id=102320, stack(0x0000005dec200000,0x0000005dec300000)]
  0x0000019e294f4800 JavaThread "Service Thread" daemon [_thread_blocked, id=97912, stack(0x0000005dec300000,0x0000005dec400000)]
  0x0000019e294f9000 JavaThread "C2 CompilerThread0" daemon [_thread_in_native, id=96820, stack(0x0000005dec400000,0x0000005dec500000)]
  0x0000019e29507800 JavaThread "C1 CompilerThread0" daemon [_thread_blocked, id=99372, stack(0x0000005dec500000,0x0000005dec600000)]
  0x0000019e29511800 JavaThread "Sweeper thread" daemon [_thread_blocked, id=83320, stack(0x0000005dec600000,0x0000005dec700000)]
  0x0000019e29797000 JavaThread "Common-Cleaner" daemon [_thread_blocked, id=32284, stack(0x0000005dec700000,0x0000005dec800000)]
  0x0000019e29b37800 JavaThread "JDWP Transport Listener: dt_socket" daemon [_thread_blocked, id=105064, stack(0x0000005decb00000,0x0000005decc00000)]
  0x0000019e29920800 JavaThread "JDWP Event Helper Thread" daemon [_thread_blocked, id=103440, stack(0x0000005decc00000,0x0000005decd00000)]
  0x0000019e29923000 JavaThread "JDWP Command Reader" daemon [_thread_in_native, id=100300, stack(0x0000005decd00000,0x0000005dece00000)]
  0x0000019e29797800 JavaThread "FileSystemWatchService" daemon [_thread_in_native, id=99920, stack(0x0000005decf00000,0x0000005ded000000)]
  0x0000019e29798800 JavaThread "HotSwap Watcher" daemon [_thread_blocked, id=103168, stack(0x0000005ded000000,0x0000005ded100000)]
  0x0000019e29799000 JavaThread "HotSwap Dispatcher" daemon [_thread_blocked, id=102532, stack(0x0000005ded100000,0x0000005ded200000)]
  0x0000019e29796000 JavaThread "Thread-2" daemon [_thread_blocked, id=95716, stack(0x0000005ded200000,0x0000005ded300000)]
  0x0000019e2979a000 JavaThread "Thread-19" [_thread_blocked, id=98368, stack(0x0000005dedb00000,0x0000005dedc00000)]
  0x0000019e2979b000 JavaThread "connectionLostChecker-1" [_thread_blocked, id=65676, stack(0x0000005dedc00000,0x0000005dedd00000)]
  0x0000019e29795000 JavaThread "WebSocketWorker-28" [_thread_blocked, id=100556, stack(0x0000005dedd00000,0x0000005dede00000)]
  0x0000019e2979b800 JavaThread "WebSocketWorker-29" [_thread_blocked, id=105416, stack(0x0000005dede00000,0x0000005dedf00000)]
  0x0000019e2a3ac000 JavaThread "WebSocketWorker-30" [_thread_blocked, id=66760, stack(0x0000005dedf00000,0x0000005dee000000)]
  0x0000019e2a3ad000 JavaThread "WebSocketWorker-31" [_thread_blocked, id=14600, stack(0x0000005dee000000,0x0000005dee100000)]
  0x0000019e2a3ad800 JavaThread "WebSocketWorker-32" [_thread_blocked, id=89212, stack(0x0000005dee100000,0x0000005dee200000)]
  0x0000019e2a3ab000 JavaThread "WebSocketWorker-33" [_thread_blocked, id=92228, stack(0x0000005dee200000,0x0000005dee300000)]
  0x0000019e2a3ae800 JavaThread "WebSocketWorker-34" [_thread_blocked, id=100480, stack(0x0000005dee300000,0x0000005dee400000)]
  0x0000019e2a3af000 JavaThread "WebSocketWorker-35" [_thread_blocked, id=106076, stack(0x0000005dee400000,0x0000005dee500000)]
  0x0000019e2a3a9800 JavaThread "WebSocketWorker-36" [_thread_blocked, id=100576, stack(0x0000005dee500000,0x0000005dee600000)]
  0x0000019e2a3b0000 JavaThread "WebSocketWorker-37" [_thread_blocked, id=99816, stack(0x0000005dee600000,0x0000005dee700000)]
  0x0000019e2a3aa800 JavaThread "WebSocketWorker-38" [_thread_blocked, id=69412, stack(0x0000005dee700000,0x0000005dee800000)]
  0x0000019e2a3b1800 JavaThread "WebSocketWorker-39" [_thread_blocked, id=46488, stack(0x0000005dee800000,0x0000005dee900000)]
  0x0000019e2a3b5000 JavaThread "WebSocketWorker-40" [_thread_blocked, id=29656, stack(0x0000005dee900000,0x0000005deea00000)]
  0x0000019e2a3b5800 JavaThread "WebSocketWorker-41" [_thread_blocked, id=102616, stack(0x0000005deea00000,0x0000005deeb00000)]
  0x0000019e2a3b4000 JavaThread "WebSocketWorker-42" [_thread_blocked, id=104656, stack(0x0000005deeb00000,0x0000005deec00000)]
  0x0000019e2a3b2800 JavaThread "WebSocketWorker-43" [_thread_blocked, id=103004, stack(0x0000005deec00000,0x0000005deed00000)]
  0x0000019e2a3b6800 JavaThread "Gax-1" daemon [_thread_blocked, id=104588, stack(0x0000005def300000,0x0000005def400000)]
  0x0000019e30446800 JavaThread "grpc-nio-worker-ELG-1-1" daemon [_thread_in_native, id=63540, stack(0x0000005def900000,0x0000005defa00000)]
  0x0000019e30447000 JavaThread "grpc-nio-worker-ELG-1-2" daemon [_thread_in_native, id=70968, stack(0x0000005defb00000,0x0000005defc00000)]
  0x0000019e30442000 JavaThread "Thread-24" daemon [_thread_in_native, id=41316, stack(0x0000005def600000,0x0000005def700000)]
  0x0000019e30443000 JavaThread "Gax-2" daemon [_thread_blocked, id=85896, stack(0x0000005def700000,0x0000005def800000)]
  0x0000019e30444000 JavaThread "grpc-nio-worker-ELG-1-3" daemon [_thread_in_native, id=47300, stack(0x0000005def800000,0x0000005def900000)]
  0x0000019e30441800 JavaThread "Gax-3" daemon [_thread_blocked, id=105320, stack(0x0000005defc00000,0x0000005defd00000)]
  0x0000019e30444800 JavaThread "grpc-nio-worker-ELG-1-4" daemon [_thread_in_native, id=106072, stack(0x0000005def200000,0x0000005def300000)]
  0x0000019e3044c000 JavaThread "Gax-4" daemon [_thread_blocked, id=18484, stack(0x0000005df0100000,0x0000005df0200000)]
  0x0000019e3044f000 JavaThread "Gax-5" daemon [_thread_blocked, id=104996, stack(0x0000005df0200000,0x0000005df0300000)]
  0x0000019e3044d000 JavaThread "Gax-6" daemon [_thread_blocked, id=96876, stack(0x0000005df0400000,0x0000005df0500000)]
  0x0000019e30450000 JavaThread "Gax-7" daemon [_thread_blocked, id=86728, stack(0x0000005df0500000,0x0000005df0600000)]
  0x0000019e3044d800 JavaThread "Gax-8" daemon [_thread_blocked, id=106104, stack(0x0000005deee00000,0x0000005deef00000)]
  0x0000019e30448800 JavaThread "Gax-9" daemon [_thread_blocked, id=49268, stack(0x0000005defd00000,0x0000005defe00000)]
  0x0000019e30448000 JavaThread "Gax-10" daemon [_thread_blocked, id=98788, stack(0x0000005defe00000,0x0000005deff00000)]
  0x0000019e3044b000 JavaThread "Gax-11" daemon [_thread_blocked, id=101764, stack(0x0000005deb500000,0x0000005deb600000)]
  0x0000019e3044e800 JavaThread "Gax-12" daemon [_thread_blocked, id=96800, stack(0x0000005deb600000,0x0000005deb700000)]
  0x0000019e3044a800 JavaThread "Gax-13" daemon [_thread_blocked, id=105584, stack(0x0000005deb700000,0x0000005deb800000)]
  0x0000019e30449800 JavaThread "Gax-14" daemon [_thread_blocked, id=97996, stack(0x0000005defa00000,0x0000005defb00000)]
  0x0000019e30445800 JavaThread "Gax-15" daemon [_thread_blocked, id=15616, stack(0x0000005deff00000,0x0000005df0000000)]
  0x0000019e2a3b1000 JavaThread "Gax-16" daemon [_thread_blocked, id=101436, stack(0x0000005df0000000,0x0000005df0100000)]
  0x0000019e2a3b8000 JavaThread "grpc-nio-worker-ELG-1-5" daemon [_thread_in_native, id=73788, stack(0x0000005deef00000,0x0000005def000000)]
  0x0000019e2a3b3800 JavaThread "grpc-nio-worker-ELG-1-6" daemon [_thread_in_native, id=97412, stack(0x0000005def400000,0x0000005def500000)]
  0x0000019e2a3b7800 JavaThread "C2 CompilerThread1" daemon [_thread_in_native, id=48356, stack(0x0000005def500000,0x0000005def600000)]
  0x0000019e2dfbd000 JavaThread "C2 CompilerThread2" daemon [_thread_in_native, id=55220, stack(0x0000005df0300000,0x0000005df0400000)]
  0x0000019e2dfbf800 JavaThread "C2 CompilerThread3" daemon [_thread_in_native, id=105384, stack(0x0000005df0600000,0x0000005df0700000)]
  0x0000019e2dfbb800 JavaThread "C1 CompilerThread1" daemon [_thread_blocked, id=12280, stack(0x0000005df0700000,0x0000005df0800000)]
  0x0000019e2dfc0800 JavaThread "C1 CompilerThread2" daemon [_thread_blocked, id=99836, stack(0x0000005df0900000,0x0000005df0a00000)]
=>0x0000019e2dfbe000 JavaThread "C1 CompilerThread3" daemon [_thread_in_native, id=104680, stack(0x0000005df0a00000,0x0000005df0b00000)]
  0x0000019e2dfbf000 JavaThread "C2 CompilerThread4" daemon [_thread_in_native, id=79340, stack(0x0000005df0b00000,0x0000005df0c00000)]

Other Threads:
  0x0000019e29473800 VMThread "VM Thread" [stack: 0x0000005debe00000,0x0000005debf00000] [id=100792]
  0x0000019e2a40d800 WatcherThread [stack: 0x0000005deda00000,0x0000005dedb00000] [id=67784]
  0x0000019e04374800 GCTaskThread "GC Thread#0" [stack: 0x0000005deb900000,0x0000005deba00000] [id=105840]
  0x0000019e2a72b000 GCTaskThread "GC Thread#1" [stack: 0x0000005ded500000,0x0000005ded600000] [id=92420]
  0x0000019e2a72b800 GCTaskThread "GC Thread#2" [stack: 0x0000005ded600000,0x0000005ded700000] [id=36412]
  0x0000019e2a72c800 GCTaskThread "GC Thread#3" [stack: 0x0000005ded700000,0x0000005ded800000] [id=102364]
  0x0000019e2a954800 GCTaskThread "GC Thread#4" [stack: 0x0000005ded800000,0x0000005ded900000] [id=52000]
  0x0000019e2b0a4000 GCTaskThread "GC Thread#5" [stack: 0x0000005ded900000,0x0000005deda00000] [id=41012]
  0x0000019e2a6a0800 GCTaskThread "GC Thread#6" [stack: 0x0000005dec800000,0x0000005dec900000] [id=94200]
  0x0000019e29c03000 GCTaskThread "GC Thread#7" [stack: 0x0000005dec900000,0x0000005deca00000] [id=100984]
  0x0000019e2b44e000 GCTaskThread "GC Thread#8" [stack: 0x0000005deca00000,0x0000005decb00000] [id=94108]
  0x0000019e2b44f000 GCTaskThread "GC Thread#9" [stack: 0x0000005dece00000,0x0000005decf00000] [id=100396]
  0x0000019e2a98b800 GCTaskThread "GC Thread#10" [stack: 0x0000005ded300000,0x0000005ded400000] [id=67056]
  0x0000019e2a98c800 GCTaskThread "GC Thread#11" [stack: 0x0000005ded400000,0x0000005ded500000] [id=89036]
  0x0000019e2a8b4800 GCTaskThread "GC Thread#12" [stack: 0x0000005deed00000,0x0000005deee00000] [id=99024]
  0x0000019e043d5000 ConcurrentGCThread "G1 Main Marker" [stack: 0x0000005deba00000,0x0000005debb00000] [id=86852]
  0x0000019e043d6800 ConcurrentGCThread "G1 Conc#0" [stack: 0x0000005debb00000,0x0000005debc00000] [id=99136]
  0x0000019e2a8ba000 ConcurrentGCThread "G1 Conc#1" [stack: 0x0000005def000000,0x0000005def100000] [id=104540]
  0x0000019e2a8b5800 ConcurrentGCThread "G1 Conc#2" [stack: 0x0000005def100000,0x0000005def200000] [id=99932]
  0x0000019e28ad9800 ConcurrentGCThread "G1 Refine#0" [stack: 0x0000005debc00000,0x0000005debd00000] [id=77192]
  0x0000019e28ada800 ConcurrentGCThread "G1 Young RemSet Sampling" [stack: 0x0000005debd00000,0x0000005debe00000] [id=43220]

Threads with active compile tasks:
C2 CompilerThread02643896 18525   !   4       java.util.concurrent.LinkedBlockingDeque::pollFirst (84 bytes)
C2 CompilerThread12643896 18496       4       org.hotswap.agent.javassist.bytecode.NameAndTypeInfo::write (23 bytes)
C2 CompilerThread22643896 18488       4       org.hotswap.agent.javassist.bytecode.ClassInfo::write (15 bytes)
C2 CompilerThread32643896 18489       4       org.hotswap.agent.javassist.bytecode.AttributeInfo::write (34 bytes)
C1 CompilerThread32643896 18500       3       sun.reflect.annotation.AnnotationInvocationHandler::memberValueToString (356 bytes)
C2 CompilerThread42643896 18484       4       org.hotswap.agent.javassist.bytecode.LineNumberAttribute::<init> (8 bytes)

VM state:not at safepoint (normal execution)

VM Mutex/Monitor currently owned by a thread: None

Heap address: 0x0000000700c00000, size: 4084 MB, Compressed Oops mode: Zero based, Oop shift amount: 3
Narrow klass base: 0x0000000800000000, Narrow klass shift: 0
Compressed class space size: 1073741824 Address: 0x0000000800000000

Heap:
 garbage-first heap   total 262144K, used 65519K [0x0000000700c00000, 0x0000000800000000)
  region size 1024K, 33 young (33792K), 8 survivors (8192K)
 Metaspace       used 73641K, capacity 76520K, committed 76876K, reserved 1114112K
  class space    used 11011K, capacity 12561K, committed 12672K, reserved 1048576K
Heap Regions: E=young(eden), S=young(survivor), O=old, HS=humongous(starts), HC=humongous(continues), CS=collection set, F=free, A=archive, TAMS=top-at-mark-start (previous, next)
|   0|0x0000000700c00000, 0x0000000700d00000, 0x0000000700d00000|100%|HS|  |TAMS 0x0000000700d00000, 0x0000000700c00000| Complete 
|   1|0x0000000700d00000, 0x0000000700e00000, 0x0000000700e00000|100%| O|  |TAMS 0x0000000700e00000, 0x0000000700d00000| Untracked 
|   2|0x0000000700e00000, 0x0000000700f00000, 0x0000000700f00000|100%|HS|  |TAMS 0x0000000700f00000, 0x0000000700e00000| Complete 
|   3|0x0000000700f00000, 0x0000000701000000, 0x0000000701000000|100%|HS|  |TAMS 0x0000000701000000, 0x0000000700f00000| Complete 
|   4|0x0000000701000000, 0x0000000701100000, 0x0000000701100000|100%|HC|  |TAMS 0x0000000701100000, 0x0000000701000000| Complete 
|   5|0x0000000701100000, 0x0000000701200000, 0x0000000701200000|100%| O|  |TAMS 0x0000000701200000, 0x0000000701100000| Untracked 
|   6|0x0000000701200000, 0x0000000701300000, 0x0000000701300000|100%| O|  |TAMS 0x0000000701300000, 0x0000000701200000| Untracked 
|   7|0x0000000701300000, 0x0000000701400000, 0x0000000701400000|100%| O|  |TAMS 0x0000000701400000, 0x0000000701300000| Untracked 
|   8|0x0000000701400000, 0x0000000701500000, 0x0000000701500000|100%| O|  |TAMS 0x0000000701500000, 0x0000000701400000| Untracked 
|   9|0x0000000701500000, 0x0000000701600000, 0x0000000701600000|100%| O|  |TAMS 0x0000000701600000, 0x0000000701500000| Untracked 
|  10|0x0000000701600000, 0x0000000701700000, 0x0000000701700000|100%| O|  |TAMS 0x0000000701700000, 0x0000000701600000| Untracked 
|  11|0x0000000701700000, 0x0000000701800000, 0x0000000701800000|100%| O|  |TAMS 0x0000000701800000, 0x0000000701700000| Untracked 
|  12|0x0000000701800000, 0x0000000701900000, 0x0000000701900000|100%| O|  |TAMS 0x0000000701900000, 0x0000000701800000| Untracked 
|  13|0x0000000701900000, 0x0000000701a00000, 0x0000000701a00000|100%| O|  |TAMS 0x0000000701a00000, 0x0000000701900000| Untracked 
|  14|0x0000000701a00000, 0x0000000701b00000, 0x0000000701b00000|100%| O|  |TAMS 0x0000000701b00000, 0x0000000701a00000| Untracked 
|  15|0x0000000701b00000, 0x0000000701c00000, 0x0000000701c00000|100%| O|  |TAMS 0x0000000701c00000, 0x0000000701b00000| Untracked 
|  16|0x0000000701c00000, 0x0000000701d00000, 0x0000000701d00000|100%| O|  |TAMS 0x0000000701d00000, 0x0000000701c00000| Untracked 
|  17|0x0000000701d00000, 0x0000000701e00000, 0x0000000701e00000|100%| O|  |TAMS 0x0000000701e00000, 0x0000000701d00000| Untracked 
|  18|0x0000000701e00000, 0x0000000701f00000, 0x0000000701f00000|100%| O|  |TAMS 0x0000000701f00000, 0x0000000701e00000| Untracked 
|  19|0x0000000701f00000, 0x0000000702000000, 0x0000000702000000|100%| O|  |TAMS 0x0000000702000000, 0x0000000701f00000| Untracked 
|  20|0x0000000702000000, 0x0000000702100000, 0x0000000702100000|100%| O|  |TAMS 0x0000000702100000, 0x0000000702000000| Untracked 
|  21|0x0000000702100000, 0x0000000702200000, 0x0000000702200000|100%| O|  |TAMS 0x0000000702200000, 0x0000000702100000| Untracked 
|  22|0x0000000702200000, 0x0000000702300000, 0x0000000702300000|100%| O|  |TAMS 0x0000000702300000, 0x0000000702200000| Untracked 
|  23|0x0000000702300000, 0x0000000702400000, 0x0000000702400000|100%| O|  |TAMS 0x0000000702400000, 0x0000000702300000| Untracked 
|  24|0x0000000702400000, 0x0000000702500000, 0x0000000702500000|100%| O|  |TAMS 0x0000000702500000, 0x0000000702400000| Untracked 
|  25|0x0000000702500000, 0x0000000702600000, 0x0000000702600000|100%| O|  |TAMS 0x0000000702600000, 0x0000000702500000| Untracked 
|  26|0x0000000702600000, 0x0000000702700000, 0x0000000702700000|100%| O|  |TAMS 0x0000000702700000, 0x0000000702600000| Untracked 
|  27|0x0000000702700000, 0x0000000702800000, 0x0000000702800000|100%| O|  |TAMS 0x0000000702800000, 0x0000000702700000| Untracked 
|  28|0x0000000702800000, 0x0000000702900000, 0x0000000702900000|100%| O|  |TAMS 0x0000000702900000, 0x0000000702800000| Untracked 
|  29|0x0000000702900000, 0x0000000702a00000, 0x0000000702a00000|100%| O|  |TAMS 0x0000000702a00000, 0x0000000702900000| Untracked 
|  30|0x0000000702a00000, 0x0000000702b00000, 0x0000000702b00000|100%| O|  |TAMS 0x0000000702b00000, 0x0000000702a00000| Untracked 
|  31|0x0000000702b00000, 0x0000000702c00000, 0x0000000702c00000|100%| O|  |TAMS 0x0000000702c00000, 0x0000000702b00000| Untracked 
|  32|0x0000000702c00000, 0x0000000702caea00, 0x0000000702d00000| 68%| O|  |TAMS 0x0000000702caea00, 0x0000000702c00000| Untracked 
|  33|0x0000000702d00000, 0x0000000702d00000, 0x0000000702e00000|  0%| F|  |TAMS 0x0000000702d00000, 0x0000000702d00000| Untracked 
|  34|0x0000000702e00000, 0x0000000702e00000, 0x0000000702f00000|  0%| F|  |TAMS 0x0000000702e00000, 0x0000000702e00000| Untracked 
|  35|0x0000000702f00000, 0x0000000702f00000, 0x0000000703000000|  0%| F|  |TAMS 0x0000000702f00000, 0x0000000702f00000| Untracked 
|  36|0x0000000703000000, 0x0000000703000000, 0x0000000703100000|  0%| F|  |TAMS 0x0000000703000000, 0x0000000703000000| Untracked 
|  37|0x0000000703100000, 0x0000000703100000, 0x0000000703200000|  0%| F|  |TAMS 0x0000000703100000, 0x0000000703100000| Untracked 
|  38|0x0000000703200000, 0x0000000703200000, 0x0000000703300000|  0%| F|  |TAMS 0x0000000703200000, 0x0000000703200000| Untracked 
|  39|0x0000000703300000, 0x0000000703300000, 0x0000000703400000|  0%| F|  |TAMS 0x0000000703300000, 0x0000000703300000| Untracked 
|  40|0x0000000703400000, 0x0000000703400000, 0x0000000703500000|  0%| F|  |TAMS 0x0000000703400000, 0x0000000703400000| Untracked 
|  41|0x0000000703500000, 0x0000000703500000, 0x0000000703600000|  0%| F|  |TAMS 0x0000000703500000, 0x0000000703500000| Untracked 
|  42|0x0000000703600000, 0x0000000703600000, 0x0000000703700000|  0%| F|  |TAMS 0x0000000703600000, 0x0000000703600000| Untracked 
|  43|0x0000000703700000, 0x0000000703700000, 0x0000000703800000|  0%| F|  |TAMS 0x0000000703700000, 0x0000000703700000| Untracked 
|  44|0x0000000703800000, 0x0000000703800000, 0x0000000703900000|  0%| F|  |TAMS 0x0000000703800000, 0x0000000703800000| Untracked 
|  45|0x0000000703900000, 0x0000000703900000, 0x0000000703a00000|  0%| F|  |TAMS 0x0000000703900000, 0x0000000703900000| Untracked 
|  46|0x0000000703a00000, 0x0000000703a00000, 0x0000000703b00000|  0%| F|  |TAMS 0x0000000703a00000, 0x0000000703a00000| Untracked 
|  47|0x0000000703b00000, 0x0000000703b00000, 0x0000000703c00000|  0%| F|  |TAMS 0x0000000703b00000, 0x0000000703b00000| Untracked 
|  48|0x0000000703c00000, 0x0000000703c00000, 0x0000000703d00000|  0%| F|  |TAMS 0x0000000703c00000, 0x0000000703c00000| Untracked 
|  49|0x0000000703d00000, 0x0000000703d00000, 0x0000000703e00000|  0%| F|  |TAMS 0x0000000703d00000, 0x0000000703d00000| Untracked 
|  50|0x0000000703e00000, 0x0000000703e00000, 0x0000000703f00000|  0%| F|  |TAMS 0x0000000703e00000, 0x0000000703e00000| Untracked 
|  51|0x0000000703f00000, 0x0000000703f00000, 0x0000000704000000|  0%| F|  |TAMS 0x0000000703f00000, 0x0000000703f00000| Untracked 
|  52|0x0000000704000000, 0x0000000704000000, 0x0000000704100000|  0%| F|  |TAMS 0x0000000704000000, 0x0000000704000000| Untracked 
|  53|0x0000000704100000, 0x0000000704100000, 0x0000000704200000|  0%| F|  |TAMS 0x0000000704100000, 0x0000000704100000| Untracked 
|  54|0x0000000704200000, 0x0000000704200000, 0x0000000704300000|  0%| F|  |TAMS 0x0000000704200000, 0x0000000704200000| Untracked 
|  55|0x0000000704300000, 0x0000000704300000, 0x0000000704400000|  0%| F|  |TAMS 0x0000000704300000, 0x0000000704300000| Untracked 
|  56|0x0000000704400000, 0x0000000704400000, 0x0000000704500000|  0%| F|  |TAMS 0x0000000704400000, 0x0000000704400000| Untracked 
|  57|0x0000000704500000, 0x0000000704500000, 0x0000000704600000|  0%| F|  |TAMS 0x0000000704500000, 0x0000000704500000| Untracked 
|  58|0x0000000704600000, 0x0000000704600000, 0x0000000704700000|  0%| F|  |TAMS 0x0000000704600000, 0x0000000704600000| Untracked 
|  59|0x0000000704700000, 0x0000000704700000, 0x0000000704800000|  0%| F|  |TAMS 0x0000000704700000, 0x0000000704700000| Untracked 
|  60|0x0000000704800000, 0x0000000704800000, 0x0000000704900000|  0%| F|  |TAMS 0x0000000704800000, 0x0000000704800000| Untracked 
|  61|0x0000000704900000, 0x0000000704900000, 0x0000000704a00000|  0%| F|  |TAMS 0x0000000704900000, 0x0000000704900000| Untracked 
|  62|0x0000000704a00000, 0x0000000704a00000, 0x0000000704b00000|  0%| F|  |TAMS 0x0000000704a00000, 0x0000000704a00000| Untracked 
|  63|0x0000000704b00000, 0x0000000704b00000, 0x0000000704c00000|  0%| F|  |TAMS 0x0000000704b00000, 0x0000000704b00000| Untracked 
|  64|0x0000000704c00000, 0x0000000704c00000, 0x0000000704d00000|  0%| F|  |TAMS 0x0000000704c00000, 0x0000000704c00000| Untracked 
|  65|0x0000000704d00000, 0x0000000704d00000, 0x0000000704e00000|  0%| F|  |TAMS 0x0000000704d00000, 0x0000000704d00000| Untracked 
|  66|0x0000000704e00000, 0x0000000704e00000, 0x0000000704f00000|  0%| F|  |TAMS 0x0000000704e00000, 0x0000000704e00000| Untracked 
|  67|0x0000000704f00000, 0x0000000704f00000, 0x0000000705000000|  0%| F|  |TAMS 0x0000000704f00000, 0x0000000704f00000| Untracked 
|  68|0x0000000705000000, 0x0000000705000000, 0x0000000705100000|  0%| F|  |TAMS 0x0000000705000000, 0x0000000705000000| Untracked 
|  69|0x0000000705100000, 0x0000000705100000, 0x0000000705200000|  0%| F|  |TAMS 0x0000000705100000, 0x0000000705100000| Untracked 
|  70|0x0000000705200000, 0x0000000705200000, 0x0000000705300000|  0%| F|  |TAMS 0x0000000705200000, 0x0000000705200000| Untracked 
|  71|0x0000000705300000, 0x0000000705300000, 0x0000000705400000|  0%| F|  |TAMS 0x0000000705300000, 0x0000000705300000| Untracked 
|  72|0x0000000705400000, 0x0000000705400000, 0x0000000705500000|  0%| F|  |TAMS 0x0000000705400000, 0x0000000705400000| Untracked 
|  73|0x0000000705500000, 0x0000000705500000, 0x0000000705600000|  0%| F|  |TAMS 0x0000000705500000, 0x0000000705500000| Untracked 
|  74|0x0000000705600000, 0x0000000705600000, 0x0000000705700000|  0%| F|  |TAMS 0x0000000705600000, 0x0000000705600000| Untracked 
|  75|0x0000000705700000, 0x0000000705700000, 0x0000000705800000|  0%| F|  |TAMS 0x0000000705700000, 0x0000000705700000| Untracked 
|  76|0x0000000705800000, 0x0000000705800000, 0x0000000705900000|  0%| F|  |TAMS 0x0000000705800000, 0x0000000705800000| Untracked 
|  77|0x0000000705900000, 0x0000000705900000, 0x0000000705a00000|  0%| F|  |TAMS 0x0000000705900000, 0x0000000705900000| Untracked 
|  78|0x0000000705a00000, 0x0000000705a00000, 0x0000000705b00000|  0%| F|  |TAMS 0x0000000705a00000, 0x0000000705a00000| Untracked 
|  79|0x0000000705b00000, 0x0000000705b00000, 0x0000000705c00000|  0%| F|  |TAMS 0x0000000705b00000, 0x0000000705b00000| Untracked 
|  80|0x0000000705c00000, 0x0000000705c00000, 0x0000000705d00000|  0%| F|  |TAMS 0x0000000705c00000, 0x0000000705c00000| Untracked 
|  81|0x0000000705d00000, 0x0000000705d00000, 0x0000000705e00000|  0%| F|  |TAMS 0x0000000705d00000, 0x0000000705d00000| Untracked 
|  82|0x0000000705e00000, 0x0000000705e00000, 0x0000000705f00000|  0%| F|  |TAMS 0x0000000705e00000, 0x0000000705e00000| Untracked 
|  83|0x0000000705f00000, 0x0000000705f00000, 0x0000000706000000|  0%| F|  |TAMS 0x0000000705f00000, 0x0000000705f00000| Untracked 
|  84|0x0000000706000000, 0x0000000706000000, 0x0000000706100000|  0%| F|  |TAMS 0x0000000706000000, 0x0000000706000000| Untracked 
|  85|0x0000000706100000, 0x0000000706100000, 0x0000000706200000|  0%| F|  |TAMS 0x0000000706100000, 0x0000000706100000| Untracked 
|  86|0x0000000706200000, 0x0000000706200000, 0x0000000706300000|  0%| F|  |TAMS 0x0000000706200000, 0x0000000706200000| Untracked 
|  87|0x0000000706300000, 0x0000000706300000, 0x0000000706400000|  0%| F|  |TAMS 0x0000000706300000, 0x0000000706300000| Untracked 
|  88|0x0000000706400000, 0x0000000706400000, 0x0000000706500000|  0%| F|  |TAMS 0x0000000706400000, 0x0000000706400000| Untracked 
|  89|0x0000000706500000, 0x0000000706500000, 0x0000000706600000|  0%| F|  |TAMS 0x0000000706500000, 0x0000000706500000| Untracked 
|  90|0x0000000706600000, 0x0000000706600000, 0x0000000706700000|  0%| F|  |TAMS 0x0000000706600000, 0x0000000706600000| Untracked 
|  91|0x0000000706700000, 0x0000000706700000, 0x0000000706800000|  0%| F|  |TAMS 0x0000000706700000, 0x0000000706700000| Untracked 
|  92|0x0000000706800000, 0x0000000706800000, 0x0000000706900000|  0%| F|  |TAMS 0x0000000706800000, 0x0000000706800000| Untracked 
|  93|0x0000000706900000, 0x0000000706900000, 0x0000000706a00000|  0%| F|  |TAMS 0x0000000706900000, 0x0000000706900000| Untracked 
|  94|0x0000000706a00000, 0x0000000706a00000, 0x0000000706b00000|  0%| F|  |TAMS 0x0000000706a00000, 0x0000000706a00000| Untracked 
|  95|0x0000000706b00000, 0x0000000706b4d328, 0x0000000706c00000| 30%| S|CS|TAMS 0x0000000706b00000, 0x0000000706b00000| Complete 
|  96|0x0000000706c00000, 0x0000000706d00000, 0x0000000706d00000|100%| S|CS|TAMS 0x0000000706c00000, 0x0000000706c00000| Complete 
|  97|0x0000000706d00000, 0x0000000706e00000, 0x0000000706e00000|100%| S|CS|TAMS 0x0000000706d00000, 0x0000000706d00000| Complete 
|  98|0x0000000706e00000, 0x0000000706f00000, 0x0000000706f00000|100%| S|CS|TAMS 0x0000000706e00000, 0x0000000706e00000| Complete 
|  99|0x0000000706f00000, 0x0000000706f00000, 0x0000000707000000|  0%| F|  |TAMS 0x0000000706f00000, 0x0000000706f00000| Untracked 
| 100|0x0000000707000000, 0x0000000707000000, 0x0000000707100000|  0%| F|  |TAMS 0x0000000707000000, 0x0000000707000000| Untracked 
| 101|0x0000000707100000, 0x0000000707100000, 0x0000000707200000|  0%| F|  |TAMS 0x0000000707100000, 0x0000000707100000| Untracked 
| 102|0x0000000707200000, 0x0000000707200000, 0x0000000707300000|  0%| F|  |TAMS 0x0000000707200000, 0x0000000707200000| Untracked 
| 103|0x0000000707300000, 0x0000000707300000, 0x0000000707400000|  0%| F|  |TAMS 0x0000000707300000, 0x0000000707300000| Untracked 
| 104|0x0000000707400000, 0x0000000707400000, 0x0000000707500000|  0%| F|  |TAMS 0x0000000707400000, 0x0000000707400000| Untracked 
| 105|0x0000000707500000, 0x0000000707500000, 0x0000000707600000|  0%| F|  |TAMS 0x0000000707500000, 0x0000000707500000| Untracked 
| 106|0x0000000707600000, 0x0000000707700000, 0x0000000707700000|100%| S|CS|TAMS 0x0000000707600000, 0x0000000707600000| Complete 
| 107|0x0000000707700000, 0x0000000707800000, 0x0000000707800000|100%| S|CS|TAMS 0x0000000707700000, 0x0000000707700000| Complete 
| 108|0x0000000707800000, 0x0000000707900000, 0x0000000707900000|100%| S|CS|TAMS 0x0000000707800000, 0x0000000707800000| Complete 
| 109|0x0000000707900000, 0x0000000707a00000, 0x0000000707a00000|100%| S|CS|TAMS 0x0000000707900000, 0x0000000707900000| Complete 
| 110|0x0000000707a00000, 0x0000000707a00000, 0x0000000707b00000|  0%| F|  |TAMS 0x0000000707a00000, 0x0000000707a00000| Untracked 
| 111|0x0000000707b00000, 0x0000000707b00000, 0x0000000707c00000|  0%| F|  |TAMS 0x0000000707b00000, 0x0000000707b00000| Untracked 
| 112|0x0000000707c00000, 0x0000000707c00000, 0x0000000707d00000|  0%| F|  |TAMS 0x0000000707c00000, 0x0000000707c00000| Untracked 
| 113|0x0000000707d00000, 0x0000000707d00000, 0x0000000707e00000|  0%| F|  |TAMS 0x0000000707d00000, 0x0000000707d00000| Untracked 
| 114|0x0000000707e00000, 0x0000000707e00000, 0x0000000707f00000|  0%| F|  |TAMS 0x0000000707e00000, 0x0000000707e00000| Untracked 
| 115|0x0000000707f00000, 0x0000000707f00000, 0x0000000708000000|  0%| F|  |TAMS 0x0000000707f00000, 0x0000000707f00000| Untracked 
| 116|0x0000000708000000, 0x0000000708000000, 0x0000000708100000|  0%| F|  |TAMS 0x0000000708000000, 0x0000000708000000| Untracked 
| 117|0x0000000708100000, 0x0000000708100000, 0x0000000708200000|  0%| F|  |TAMS 0x0000000708100000, 0x0000000708100000| Untracked 
| 118|0x0000000708200000, 0x0000000708200000, 0x0000000708300000|  0%| F|  |TAMS 0x0000000708200000, 0x0000000708200000| Untracked 
| 119|0x0000000708300000, 0x0000000708300000, 0x0000000708400000|  0%| F|  |TAMS 0x0000000708300000, 0x0000000708300000| Untracked 
| 120|0x0000000708400000, 0x0000000708400000, 0x0000000708500000|  0%| F|  |TAMS 0x0000000708400000, 0x0000000708400000| Untracked 
| 121|0x0000000708500000, 0x0000000708500000, 0x0000000708600000|  0%| F|  |TAMS 0x0000000708500000, 0x0000000708500000| Untracked 
| 122|0x0000000708600000, 0x0000000708600000, 0x0000000708700000|  0%| F|  |TAMS 0x0000000708600000, 0x0000000708600000| Untracked 
| 123|0x0000000708700000, 0x0000000708700000, 0x0000000708800000|  0%| F|  |TAMS 0x0000000708700000, 0x0000000708700000| Untracked 
| 124|0x0000000708800000, 0x0000000708800000, 0x0000000708900000|  0%| F|  |TAMS 0x0000000708800000, 0x0000000708800000| Untracked 
| 125|0x0000000708900000, 0x0000000708900000, 0x0000000708a00000|  0%| F|  |TAMS 0x0000000708900000, 0x0000000708900000| Untracked 
| 126|0x0000000708a00000, 0x0000000708a00000, 0x0000000708b00000|  0%| F|  |TAMS 0x0000000708a00000, 0x0000000708a00000| Untracked 
| 127|0x0000000708b00000, 0x0000000708b00000, 0x0000000708c00000|  0%| F|  |TAMS 0x0000000708b00000, 0x0000000708b00000| Untracked 
| 128|0x0000000708c00000, 0x0000000708c00000, 0x0000000708d00000|  0%| F|  |TAMS 0x0000000708c00000, 0x0000000708c00000| Untracked 
| 129|0x0000000708d00000, 0x0000000708d00000, 0x0000000708e00000|  0%| F|  |TAMS 0x0000000708d00000, 0x0000000708d00000| Untracked 
| 130|0x0000000708e00000, 0x0000000708e00000, 0x0000000708f00000|  0%| F|  |TAMS 0x0000000708e00000, 0x0000000708e00000| Untracked 
| 131|0x0000000708f00000, 0x0000000708f00000, 0x0000000709000000|  0%| F|  |TAMS 0x0000000708f00000, 0x0000000708f00000| Untracked 
| 132|0x0000000709000000, 0x0000000709000000, 0x0000000709100000|  0%| F|  |TAMS 0x0000000709000000, 0x0000000709000000| Untracked 
| 133|0x0000000709100000, 0x0000000709100000, 0x0000000709200000|  0%| F|  |TAMS 0x0000000709100000, 0x0000000709100000| Untracked 
| 134|0x0000000709200000, 0x0000000709200000, 0x0000000709300000|  0%| F|  |TAMS 0x0000000709200000, 0x0000000709200000| Untracked 
| 135|0x0000000709300000, 0x0000000709300000, 0x0000000709400000|  0%| F|  |TAMS 0x0000000709300000, 0x0000000709300000| Untracked 
| 136|0x0000000709400000, 0x0000000709400000, 0x0000000709500000|  0%| F|  |TAMS 0x0000000709400000, 0x0000000709400000| Untracked 
| 137|0x0000000709500000, 0x0000000709500000, 0x0000000709600000|  0%| F|  |TAMS 0x0000000709500000, 0x0000000709500000| Untracked 
| 138|0x0000000709600000, 0x0000000709600000, 0x0000000709700000|  0%| F|  |TAMS 0x0000000709600000, 0x0000000709600000| Untracked 
| 139|0x0000000709700000, 0x0000000709700000, 0x0000000709800000|  0%| F|  |TAMS 0x0000000709700000, 0x0000000709700000| Untracked 
| 140|0x0000000709800000, 0x0000000709800000, 0x0000000709900000|  0%| F|  |TAMS 0x0000000709800000, 0x0000000709800000| Untracked 
| 141|0x0000000709900000, 0x0000000709900000, 0x0000000709a00000|  0%| F|  |TAMS 0x0000000709900000, 0x0000000709900000| Untracked 
| 142|0x0000000709a00000, 0x0000000709a00000, 0x0000000709b00000|  0%| F|  |TAMS 0x0000000709a00000, 0x0000000709a00000| Untracked 
| 143|0x0000000709b00000, 0x0000000709b00000, 0x0000000709c00000|  0%| F|  |TAMS 0x0000000709b00000, 0x0000000709b00000| Untracked 
| 144|0x0000000709c00000, 0x0000000709c00000, 0x0000000709d00000|  0%| F|  |TAMS 0x0000000709c00000, 0x0000000709c00000| Untracked 
| 145|0x0000000709d00000, 0x0000000709d00000, 0x0000000709e00000|  0%| F|  |TAMS 0x0000000709d00000, 0x0000000709d00000| Untracked 
| 146|0x0000000709e00000, 0x0000000709e00000, 0x0000000709f00000|  0%| F|  |TAMS 0x0000000709e00000, 0x0000000709e00000| Untracked 
| 147|0x0000000709f00000, 0x0000000709f00000, 0x000000070a000000|  0%| F|  |TAMS 0x0000000709f00000, 0x0000000709f00000| Untracked 
| 148|0x000000070a000000, 0x000000070a000000, 0x000000070a100000|  0%| F|  |TAMS 0x000000070a000000, 0x000000070a000000| Untracked 
| 149|0x000000070a100000, 0x000000070a100000, 0x000000070a200000|  0%| F|  |TAMS 0x000000070a100000, 0x000000070a100000| Untracked 
| 150|0x000000070a200000, 0x000000070a200000, 0x000000070a300000|  0%| F|  |TAMS 0x000000070a200000, 0x000000070a200000| Untracked 
| 151|0x000000070a300000, 0x000000070a300000, 0x000000070a400000|  0%| F|  |TAMS 0x000000070a300000, 0x000000070a300000| Untracked 
| 152|0x000000070a400000, 0x000000070a400000, 0x000000070a500000|  0%| F|  |TAMS 0x000000070a400000, 0x000000070a400000| Untracked 
| 153|0x000000070a500000, 0x000000070a500000, 0x000000070a600000|  0%| F|  |TAMS 0x000000070a500000, 0x000000070a500000| Untracked 
| 154|0x000000070a600000, 0x000000070a600000, 0x000000070a700000|  0%| F|  |TAMS 0x000000070a600000, 0x000000070a600000| Untracked 
| 155|0x000000070a700000, 0x000000070a700000, 0x000000070a800000|  0%| F|  |TAMS 0x000000070a700000, 0x000000070a700000| Untracked 
| 156|0x000000070a800000, 0x000000070a800000, 0x000000070a900000|  0%| F|  |TAMS 0x000000070a800000, 0x000000070a800000| Untracked 
| 157|0x000000070a900000, 0x000000070a900000, 0x000000070aa00000|  0%| F|  |TAMS 0x000000070a900000, 0x000000070a900000| Untracked 
| 158|0x000000070aa00000, 0x000000070aa00000, 0x000000070ab00000|  0%| F|  |TAMS 0x000000070aa00000, 0x000000070aa00000| Untracked 
| 159|0x000000070ab00000, 0x000000070ab00000, 0x000000070ac00000|  0%| F|  |TAMS 0x000000070ab00000, 0x000000070ab00000| Untracked 
| 160|0x000000070ac00000, 0x000000070ac00000, 0x000000070ad00000|  0%| F|  |TAMS 0x000000070ac00000, 0x000000070ac00000| Untracked 
| 161|0x000000070ad00000, 0x000000070ad00000, 0x000000070ae00000|  0%| F|  |TAMS 0x000000070ad00000, 0x000000070ad00000| Untracked 
| 162|0x000000070ae00000, 0x000000070ae00000, 0x000000070af00000|  0%| F|  |TAMS 0x000000070ae00000, 0x000000070ae00000| Untracked 
| 163|0x000000070af00000, 0x000000070af00000, 0x000000070b000000|  0%| F|  |TAMS 0x000000070af00000, 0x000000070af00000| Untracked 
| 164|0x000000070b000000, 0x000000070b000000, 0x000000070b100000|  0%| F|  |TAMS 0x000000070b000000, 0x000000070b000000| Untracked 
| 165|0x000000070b100000, 0x000000070b100000, 0x000000070b200000|  0%| F|  |TAMS 0x000000070b100000, 0x000000070b100000| Untracked 
| 166|0x000000070b200000, 0x000000070b200000, 0x000000070b300000|  0%| F|  |TAMS 0x000000070b200000, 0x000000070b200000| Untracked 
| 167|0x000000070b300000, 0x000000070b300000, 0x000000070b400000|  0%| F|  |TAMS 0x000000070b300000, 0x000000070b300000| Untracked 
| 168|0x000000070b400000, 0x000000070b400000, 0x000000070b500000|  0%| F|  |TAMS 0x000000070b400000, 0x000000070b400000| Untracked 
| 169|0x000000070b500000, 0x000000070b500000, 0x000000070b600000|  0%| F|  |TAMS 0x000000070b500000, 0x000000070b500000| Untracked 
| 170|0x000000070b600000, 0x000000070b600000, 0x000000070b700000|  0%| F|  |TAMS 0x000000070b600000, 0x000000070b600000| Untracked 
| 171|0x000000070b700000, 0x000000070b700000, 0x000000070b800000|  0%| F|  |TAMS 0x000000070b700000, 0x000000070b700000| Untracked 
| 172|0x000000070b800000, 0x000000070b800000, 0x000000070b900000|  0%| F|  |TAMS 0x000000070b800000, 0x000000070b800000| Untracked 
| 173|0x000000070b900000, 0x000000070b900000, 0x000000070ba00000|  0%| F|  |TAMS 0x000000070b900000, 0x000000070b900000| Untracked 
| 174|0x000000070ba00000, 0x000000070ba00000, 0x000000070bb00000|  0%| F|  |TAMS 0x000000070ba00000, 0x000000070ba00000| Untracked 
| 175|0x000000070bb00000, 0x000000070bb00000, 0x000000070bc00000|  0%| F|  |TAMS 0x000000070bb00000, 0x000000070bb00000| Untracked 
| 176|0x000000070bc00000, 0x000000070bc00000, 0x000000070bd00000|  0%| F|  |TAMS 0x000000070bc00000, 0x000000070bc00000| Untracked 
| 177|0x000000070bd00000, 0x000000070bd00000, 0x000000070be00000|  0%| F|  |TAMS 0x000000070bd00000, 0x000000070bd00000| Untracked 
| 178|0x000000070be00000, 0x000000070be00000, 0x000000070bf00000|  0%| F|  |TAMS 0x000000070be00000, 0x000000070be00000| Untracked 
| 179|0x000000070bf00000, 0x000000070bf00000, 0x000000070c000000|  0%| F|  |TAMS 0x000000070bf00000, 0x000000070bf00000| Untracked 
| 180|0x000000070c000000, 0x000000070c000000, 0x000000070c100000|  0%| F|  |TAMS 0x000000070c000000, 0x000000070c000000| Untracked 
| 181|0x000000070c100000, 0x000000070c100000, 0x000000070c200000|  0%| F|  |TAMS 0x000000070c100000, 0x000000070c100000| Untracked 
| 182|0x000000070c200000, 0x000000070c200000, 0x000000070c300000|  0%| F|  |TAMS 0x000000070c200000, 0x000000070c200000| Untracked 
| 183|0x000000070c300000, 0x000000070c300000, 0x000000070c400000|  0%| F|  |TAMS 0x000000070c300000, 0x000000070c300000| Untracked 
| 184|0x000000070c400000, 0x000000070c400000, 0x000000070c500000|  0%| F|  |TAMS 0x000000070c400000, 0x000000070c400000| Untracked 
| 185|0x000000070c500000, 0x000000070c500000, 0x000000070c600000|  0%| F|  |TAMS 0x000000070c500000, 0x000000070c500000| Untracked 
| 186|0x000000070c600000, 0x000000070c600000, 0x000000070c700000|  0%| F|  |TAMS 0x000000070c600000, 0x000000070c600000| Untracked 
| 187|0x000000070c700000, 0x000000070c700000, 0x000000070c800000|  0%| F|  |TAMS 0x000000070c700000, 0x000000070c700000| Untracked 
| 188|0x000000070c800000, 0x000000070c800000, 0x000000070c900000|  0%| F|  |TAMS 0x000000070c800000, 0x000000070c800000| Untracked 
| 189|0x000000070c900000, 0x000000070c900000, 0x000000070ca00000|  0%| F|  |TAMS 0x000000070c900000, 0x000000070c900000| Untracked 
| 190|0x000000070ca00000, 0x000000070ca00000, 0x000000070cb00000|  0%| F|  |TAMS 0x000000070ca00000, 0x000000070ca00000| Untracked 
| 191|0x000000070cb00000, 0x000000070cb00000, 0x000000070cc00000|  0%| F|  |TAMS 0x000000070cb00000, 0x000000070cb00000| Untracked 
| 192|0x000000070cc00000, 0x000000070cc00000, 0x000000070cd00000|  0%| F|  |TAMS 0x000000070cc00000, 0x000000070cc00000| Untracked 
| 193|0x000000070cd00000, 0x000000070cd00000, 0x000000070ce00000|  0%| F|  |TAMS 0x000000070cd00000, 0x000000070cd00000| Untracked 
| 194|0x000000070ce00000, 0x000000070ce00000, 0x000000070cf00000|  0%| F|  |TAMS 0x000000070ce00000, 0x000000070ce00000| Untracked 
| 195|0x000000070cf00000, 0x000000070cf00000, 0x000000070d000000|  0%| F|  |TAMS 0x000000070cf00000, 0x000000070cf00000| Untracked 
| 196|0x000000070d000000, 0x000000070d000000, 0x000000070d100000|  0%| F|  |TAMS 0x000000070d000000, 0x000000070d000000| Untracked 
| 197|0x000000070d100000, 0x000000070d100000, 0x000000070d200000|  0%| F|  |TAMS 0x000000070d100000, 0x000000070d100000| Untracked 
| 198|0x000000070d200000, 0x000000070d200000, 0x000000070d300000|  0%| F|  |TAMS 0x000000070d200000, 0x000000070d200000| Untracked 
| 199|0x000000070d300000, 0x000000070d300000, 0x000000070d400000|  0%| F|  |TAMS 0x000000070d300000, 0x000000070d300000| Untracked 
| 200|0x000000070d400000, 0x000000070d400000, 0x000000070d500000|  0%| F|  |TAMS 0x000000070d400000, 0x000000070d400000| Untracked 
| 201|0x000000070d500000, 0x000000070d500000, 0x000000070d600000|  0%| F|  |TAMS 0x000000070d500000, 0x000000070d500000| Untracked 
| 202|0x000000070d600000, 0x000000070d600000, 0x000000070d700000|  0%| F|  |TAMS 0x000000070d600000, 0x000000070d600000| Untracked 
| 203|0x000000070d700000, 0x000000070d700000, 0x000000070d800000|  0%| F|  |TAMS 0x000000070d700000, 0x000000070d700000| Untracked 
| 204|0x000000070d800000, 0x000000070d800000, 0x000000070d900000|  0%| F|  |TAMS 0x000000070d800000, 0x000000070d800000| Untracked 
| 205|0x000000070d900000, 0x000000070d900000, 0x000000070da00000|  0%| F|  |TAMS 0x000000070d900000, 0x000000070d900000| Untracked 
| 206|0x000000070da00000, 0x000000070da00000, 0x000000070db00000|  0%| F|  |TAMS 0x000000070da00000, 0x000000070da00000| Untracked 
| 207|0x000000070db00000, 0x000000070db00000, 0x000000070dc00000|  0%| F|  |TAMS 0x000000070db00000, 0x000000070db00000| Untracked 
| 208|0x000000070dc00000, 0x000000070dc00000, 0x000000070dd00000|  0%| F|  |TAMS 0x000000070dc00000, 0x000000070dc00000| Untracked 
| 209|0x000000070dd00000, 0x000000070dd00000, 0x000000070de00000|  0%| F|  |TAMS 0x000000070dd00000, 0x000000070dd00000| Untracked 
| 210|0x000000070de00000, 0x000000070de00000, 0x000000070df00000|  0%| F|  |TAMS 0x000000070de00000, 0x000000070de00000| Untracked 
| 211|0x000000070df00000, 0x000000070df00000, 0x000000070e000000|  0%| F|  |TAMS 0x000000070df00000, 0x000000070df00000| Untracked 
| 212|0x000000070e000000, 0x000000070e000000, 0x000000070e100000|  0%| F|  |TAMS 0x000000070e000000, 0x000000070e000000| Untracked 
| 213|0x000000070e100000, 0x000000070e100000, 0x000000070e200000|  0%| F|  |TAMS 0x000000070e100000, 0x000000070e100000| Untracked 
| 214|0x000000070e200000, 0x000000070e200000, 0x000000070e300000|  0%| F|  |TAMS 0x000000070e200000, 0x000000070e200000| Untracked 
| 215|0x000000070e300000, 0x000000070e300000, 0x000000070e400000|  0%| F|  |TAMS 0x000000070e300000, 0x000000070e300000| Untracked 
| 216|0x000000070e400000, 0x000000070e400000, 0x000000070e500000|  0%| F|  |TAMS 0x000000070e400000, 0x000000070e400000| Untracked 
| 217|0x000000070e500000, 0x000000070e500000, 0x000000070e600000|  0%| F|  |TAMS 0x000000070e500000, 0x000000070e500000| Untracked 
| 218|0x000000070e600000, 0x000000070e600000, 0x000000070e700000|  0%| F|  |TAMS 0x000000070e600000, 0x000000070e600000| Untracked 
| 219|0x000000070e700000, 0x000000070e700000, 0x000000070e800000|  0%| F|  |TAMS 0x000000070e700000, 0x000000070e700000| Untracked 
| 220|0x000000070e800000, 0x000000070e800000, 0x000000070e900000|  0%| F|  |TAMS 0x000000070e800000, 0x000000070e800000| Untracked 
| 221|0x000000070e900000, 0x000000070e900000, 0x000000070ea00000|  0%| F|  |TAMS 0x000000070e900000, 0x000000070e900000| Untracked 
| 222|0x000000070ea00000, 0x000000070ea00000, 0x000000070eb00000|  0%| F|  |TAMS 0x000000070ea00000, 0x000000070ea00000| Untracked 
| 223|0x000000070eb00000, 0x000000070eb00000, 0x000000070ec00000|  0%| F|  |TAMS 0x000000070eb00000, 0x000000070eb00000| Untracked 
| 224|0x000000070ec00000, 0x000000070ec00000, 0x000000070ed00000|  0%| F|  |TAMS 0x000000070ec00000, 0x000000070ec00000| Untracked 
| 225|0x000000070ed00000, 0x000000070ed00000, 0x000000070ee00000|  0%| F|  |TAMS 0x000000070ed00000, 0x000000070ed00000| Untracked 
| 226|0x000000070ee00000, 0x000000070ee00000, 0x000000070ef00000|  0%| F|  |TAMS 0x000000070ee00000, 0x000000070ee00000| Untracked 
| 227|0x000000070ef00000, 0x000000070ef00000, 0x000000070f000000|  0%| F|  |TAMS 0x000000070ef00000, 0x000000070ef00000| Untracked 
| 228|0x000000070f000000, 0x000000070f000000, 0x000000070f100000|  0%| F|  |TAMS 0x000000070f000000, 0x000000070f000000| Untracked 
| 229|0x000000070f100000, 0x000000070f100000, 0x000000070f200000|  0%| F|  |TAMS 0x000000070f100000, 0x000000070f100000| Untracked 
| 230|0x000000070f200000, 0x000000070f200000, 0x000000070f300000|  0%| F|  |TAMS 0x000000070f200000, 0x000000070f200000| Untracked 
| 231|0x000000070f300000, 0x000000070f3ba9f8, 0x000000070f400000| 72%| E|  |TAMS 0x000000070f300000, 0x000000070f300000| Complete 
| 232|0x000000070f400000, 0x000000070f500000, 0x000000070f500000|100%| E|CS|TAMS 0x000000070f400000, 0x000000070f400000| Complete 
| 233|0x000000070f500000, 0x000000070f600000, 0x000000070f600000|100%| E|CS|TAMS 0x000000070f500000, 0x000000070f500000| Complete 
| 234|0x000000070f600000, 0x000000070f700000, 0x000000070f700000|100%| E|CS|TAMS 0x000000070f600000, 0x000000070f600000| Complete 
| 235|0x000000070f700000, 0x000000070f800000, 0x000000070f800000|100%| E|CS|TAMS 0x000000070f700000, 0x000000070f700000| Complete 
| 236|0x000000070f800000, 0x000000070f900000, 0x000000070f900000|100%| E|CS|TAMS 0x000000070f800000, 0x000000070f800000| Complete 
| 237|0x000000070f900000, 0x000000070fa00000, 0x000000070fa00000|100%| E|CS|TAMS 0x000000070f900000, 0x000000070f900000| Complete 
| 238|0x000000070fa00000, 0x000000070fb00000, 0x000000070fb00000|100%| E|CS|TAMS 0x000000070fa00000, 0x000000070fa00000| Complete 
| 239|0x000000070fb00000, 0x000000070fc00000, 0x000000070fc00000|100%| E|CS|TAMS 0x000000070fb00000, 0x000000070fb00000| Complete 
| 240|0x000000070fc00000, 0x000000070fd00000, 0x000000070fd00000|100%| E|CS|TAMS 0x000000070fc00000, 0x000000070fc00000| Complete 
| 241|0x000000070fd00000, 0x000000070fe00000, 0x000000070fe00000|100%| E|CS|TAMS 0x000000070fd00000, 0x000000070fd00000| Complete 
| 242|0x000000070fe00000, 0x000000070ff00000, 0x000000070ff00000|100%| E|CS|TAMS 0x000000070fe00000, 0x000000070fe00000| Complete 
| 243|0x000000070ff00000, 0x0000000710000000, 0x0000000710000000|100%| E|CS|TAMS 0x000000070ff00000, 0x000000070ff00000| Complete 
| 244|0x0000000710000000, 0x0000000710100000, 0x0000000710100000|100%| E|CS|TAMS 0x0000000710000000, 0x0000000710000000| Complete 
| 245|0x0000000710100000, 0x0000000710200000, 0x0000000710200000|100%| E|CS|TAMS 0x0000000710100000, 0x0000000710100000| Complete 
| 246|0x0000000710200000, 0x0000000710300000, 0x0000000710300000|100%| E|CS|TAMS 0x0000000710200000, 0x0000000710200000| Complete 
| 247|0x0000000710300000, 0x0000000710400000, 0x0000000710400000|100%| E|CS|TAMS 0x0000000710300000, 0x0000000710300000| Complete 
| 248|0x0000000710400000, 0x0000000710500000, 0x0000000710500000|100%| E|CS|TAMS 0x0000000710400000, 0x0000000710400000| Complete 
| 249|0x0000000710500000, 0x0000000710600000, 0x0000000710600000|100%| E|CS|TAMS 0x0000000710500000, 0x0000000710500000| Complete 
| 250|0x0000000710600000, 0x0000000710700000, 0x0000000710700000|100%| E|CS|TAMS 0x0000000710600000, 0x0000000710600000| Complete 
| 251|0x0000000710700000, 0x0000000710800000, 0x0000000710800000|100%| E|CS|TAMS 0x0000000710700000, 0x0000000710700000| Complete 
| 252|0x0000000710800000, 0x0000000710900000, 0x0000000710900000|100%| E|CS|TAMS 0x0000000710800000, 0x0000000710800000| Complete 
| 253|0x0000000710900000, 0x0000000710a00000, 0x0000000710a00000|100%| E|CS|TAMS 0x0000000710900000, 0x0000000710900000| Complete 
| 254|0x0000000710a00000, 0x0000000710b00000, 0x0000000710b00000|100%| E|CS|TAMS 0x0000000710a00000, 0x0000000710a00000| Complete 
| 255|0x0000000710b00000, 0x0000000710c00000, 0x0000000710c00000|100%| E|CS|TAMS 0x0000000710b00000, 0x0000000710b00000| Complete 

Card table byte_map: [0x0000019e1cad0000,0x0000019e1d2d0000] _byte_map_base: 0x0000019e192ca000

Marking Bits (Prev, Next): (CMBitMap*) 0x0000019e043c4790, (CMBitMap*) 0x0000019e043c4758
 Prev Bits: [0x0000019e21aa0000, 0x0000019e25a70000)
 Next Bits: [0x0000019e1dad0000, 0x0000019e21aa0000)

Polling page: 0x0000019e02330000

Metaspace:

Usage:
  Non-class:     62.46 MB capacity,    61.16 MB ( 98%) used,     1.13 MB (  2%) free+waste,   172.81 KB ( <1%) overhead. 
      Class:     12.27 MB capacity,    10.75 MB ( 88%) used,     1.43 MB ( 12%) free+waste,    86.75 KB ( <1%) overhead. 
       Both:     74.73 MB capacity,    71.92 MB ( 96%) used,     2.56 MB (  3%) free+waste,   259.56 KB ( <1%) overhead. 

Virtual space:
  Non-class space:       64.00 MB reserved,      62.70 MB ( 98%) committed 
      Class space:        1.00 GB reserved,      12.38 MB (  1%) committed 
             Both:        1.06 GB reserved,      75.07 MB (  7%) committed 

Chunk freelists:
   Non-Class:  0 bytes
       Class:  0 bytes
        Both:  0 bytes

MaxMetaspaceSize: 17179869184.00 GB
CompressedClassSpaceSize: 1.00 GB

CodeHeap 'non-profiled nmethods': size=119168Kb used=8558Kb max_used=9298Kb free=110609Kb
 bounds [0x0000019e145f0000, 0x0000019e14f10000, 0x0000019e1ba50000]
CodeHeap 'profiled nmethods': size=119168Kb used=6471Kb max_used=15987Kb free=112696Kb
 bounds [0x0000019e0d190000, 0x0000019e0e140000, 0x0000019e145f0000]
CodeHeap 'non-nmethods': size=7424Kb used=3042Kb max_used=3201Kb free=4381Kb
 bounds [0x0000019e0ca50000, 0x0000019e0cdd0000, 0x0000019e0d190000]
 total_blobs=6025 nmethods=5368 adapters=573
 compilation: enabled
              stopped_count=0, restarted_count=0
 full_count=0

Compilation events (20 events):
Event: 2643.835 Thread 0x0000019e2a3b7800 nmethod 18513 0x0000019e14762890 code [0x0000019e14762a20, 0x0000019e14762af8]
Event: 2643.835 Thread 0x0000019e2a3b7800 18516       4       java.lang.invoke.MethodType::hashCode (53 bytes)
Event: 2643.835 Thread 0x0000019e2dfc0800 nmethod 18517 0x0000019e0d321210 code [0x0000019e0d321420, 0x0000019e0d3218e8]
Event: 2643.835 Thread 0x0000019e29507800 18520       2       java.lang.invoke.VarHandleGuards::guard_LI_V (103 bytes)
Event: 2643.835 Thread 0x0000019e2dfc0800 18521       2       java.lang.invoke.VarHandleInts$FieldInstanceReadWrite::set (23 bytes)
Event: 2643.836 Thread 0x0000019e2dfbb800 nmethod 18505 0x0000019e0d32ef90 code [0x0000019e0d32f360, 0x0000019e0d330818]
Event: 2643.837 Thread 0x0000019e294f9000 nmethod 18502% 0x0000019e14761f10 code [0x0000019e147620c0, 0x0000019e14762258]
Event: 2643.837 Thread 0x0000019e2dfbd000 nmethod 18475 0x0000019e14761890 code [0x0000019e14761a40, 0x0000019e14761bd8]
Event: 2643.837 Thread 0x0000019e2dfc0800 nmethod 18521 0x0000019e0d317290 code [0x0000019e0d317480, 0x0000019e0d317788]
Event: 2643.837 Thread 0x0000019e2dfbd000 18515       4       java.lang.invoke.MethodType::parameterType (7 bytes)
Event: 2643.837 Thread 0x0000019e294f9000 18519   !   4       java.lang.ref.ReferenceQueue::poll (28 bytes)
Event: 2643.837 Thread 0x0000019e2dfbb800 18523   !   2       java.util.concurrent.locks.AbstractQueuedSynchronizer::fullyRelease (31 bytes)
Event: 2643.837 Thread 0x0000019e2dfbb800 nmethod 18523 0x0000019e0d320a90 code [0x0000019e0d320c80, 0x0000019e0d320f68]
Event: 2643.838 Thread 0x0000019e2dfbd000 nmethod 18515 0x0000019e14764710 code [0x0000019e147648a0, 0x0000019e14764978]
Event: 2643.838 Thread 0x0000019e2dfbd000 18492       4       org.hotswap.agent.javassist.bytecode.ConstPool::getUtf8Info (14 bytes)
Event: 2643.838 Thread 0x0000019e2dfbf800 nmethod 18494 0x0000019e14763f10 code [0x0000019e147640c0, 0x0000019e14764478]
Event: 2643.838 Thread 0x0000019e29507800 nmethod 18520 0x0000019e0d32d810 code [0x0000019e0d32dae0, 0x0000019e0d32e728]
Event: 2643.838 Thread 0x0000019e2dfbf800 18489       4       org.hotswap.agent.javassist.bytecode.AttributeInfo::write (34 bytes)
Event: 2643.839 Thread 0x0000019e2a3b7800 nmethod 18516 0x0000019e14763910 code [0x0000019e14763ac0, 0x0000019e14763d18]
Event: 2643.839 Thread 0x0000019e2a3b7800 18496       4       org.hotswap.agent.javassist.bytecode.NameAndTypeInfo::write (23 bytes)

GC Heap History (20 events):
Event: 19.003 GC heap before
{Heap before GC invocations=5 (full 0):
 garbage-first heap   total 262144K, used 104104K [0x0000000700c00000, 0x0000000800000000)
  region size 1024K, 90 young (92160K), 6 survivors (6144K)
 Metaspace       used 35319K, capacity 35677K, committed 35840K, reserved 1079296K
  class space    used 5995K, capacity 6108K, committed 6144K, reserved 1048576K
}
Event: 19.013 GC heap after
{Heap after GC invocations=6 (full 0):
 garbage-first heap   total 262144K, used 22070K [0x0000000700c00000, 0x0000000800000000)
  region size 1024K, 9 young (9216K), 9 survivors (9216K)
 Metaspace       used 35319K, capacity 35677K, committed 35840K, reserved 1079296K
  class space    used 5995K, capacity 6108K, committed 6144K, reserved 1048576K
}
Event: 19.034 GC heap before
{Heap before GC invocations=6 (full 0):
 garbage-first heap   total 262144K, used 36406K [0x0000000700c00000, 0x0000000800000000)
  region size 1024K, 24 young (24576K), 9 survivors (9216K)
 Metaspace       used 35345K, capacity 35677K, committed 35840K, reserved 1079296K
  class space    used 5996K, capacity 6108K, committed 6144K, reserved 1048576K
}
Event: 19.049 GC heap after
{Heap after GC invocations=7 (full 0):
 garbage-first heap   total 262144K, used 23928K [0x0000000700c00000, 0x0000000800000000)
  region size 1024K, 10 young (10240K), 10 survivors (10240K)
 Metaspace       used 35345K, capacity 35677K, committed 35840K, reserved 1079296K
  class space    used 5996K, capacity 6108K, committed 6144K, reserved 1048576K
}
Event: 20.495 GC heap before
{Heap before GC invocations=8 (full 0):
 garbage-first heap   total 262144K, used 172408K [0x0000000700c00000, 0x0000000800000000)
  region size 1024K, 153 young (156672K), 10 survivors (10240K)
 Metaspace       used 56334K, capacity 56763K, committed 56960K, reserved 1097728K
  class space    used 8573K, capacity 8717K, committed 8832K, reserved 1048576K
}
Event: 20.516 GC heap after
{Heap after GC invocations=9 (full 0):
 garbage-first heap   total 262144K, used 35575K [0x0000000700c00000, 0x0000000800000000)
  region size 1024K, 20 young (20480K), 20 survivors (20480K)
 Metaspace       used 56334K, capacity 56763K, committed 56960K, reserved 1097728K
  class space    used 8573K, capacity 8717K, committed 8832K, reserved 1048576K
}
Event: 20.912 GC heap before
{Heap before GC invocations=9 (full 0):
 garbage-first heap   total 262144K, used 86775K [0x0000000700c00000, 0x0000000800000000)
  region size 1024K, 71 young (72704K), 20 survivors (20480K)
 Metaspace       used 59615K, capacity 60152K, committed 60160K, reserved 1099776K
  class space    used 9024K, capacity 9212K, committed 9216K, reserved 1048576K
}
Event: 20.930 GC heap after
{Heap after GC invocations=10 (full 0):
 garbage-first heap   total 262144K, used 38854K [0x0000000700c00000, 0x0000000800000000)
  region size 1024K, 6 young (6144K), 6 survivors (6144K)
 Metaspace       used 59615K, capacity 60152K, committed 60160K, reserved 1099776K
  class space    used 9024K, capacity 9212K, committed 9216K, reserved 1048576K
}
Event: 302.807 GC heap before
{Heap before GC invocations=11 (full 0):
 garbage-first heap   total 262144K, used 151494K [0x0000000700c00000, 0x0000000800000000)
  region size 1024K, 117 young (119808K), 6 survivors (6144K)
 Metaspace       used 66467K, capacity 67156K, committed 67532K, reserved 1105920K
  class space    used 9858K, capacity 10113K, committed 10240K, reserved 1048576K
}
Event: 302.815 GC heap after
{Heap after GC invocations=12 (full 0):
 garbage-first heap   total 262144K, used 39610K [0x0000000700c00000, 0x0000000800000000)
  region size 1024K, 6 young (6144K), 6 survivors (6144K)
 Metaspace       used 66467K, capacity 67156K, committed 67532K, reserved 1105920K
  class space    used 9858K, capacity 10113K, committed 10240K, reserved 1048576K
}
Event: 798.054 GC heap before
{Heap before GC invocations=12 (full 0):
 garbage-first heap   total 262144K, used 163514K [0x0000000700c00000, 0x0000000800000000)
  region size 1024K, 127 young (130048K), 6 survivors (6144K)
 Metaspace       used 66471K, capacity 67156K, committed 67532K, reserved 1105920K
  class space    used 9858K, capacity 10113K, committed 10240K, reserved 1048576K
}
Event: 798.063 GC heap after
{Heap after GC invocations=13 (full 0):
 garbage-first heap   total 262144K, used 39787K [0x0000000700c00000, 0x0000000800000000)
  region size 1024K, 7 young (7168K), 7 survivors (7168K)
 Metaspace       used 66471K, capacity 67156K, committed 67532K, reserved 1105920K
  class space    used 9858K, capacity 10113K, committed 10240K, reserved 1048576K
}
Event: 1193.976 GC heap before
{Heap before GC invocations=13 (full 0):
 garbage-first heap   total 262144K, used 170859K [0x0000000700c00000, 0x0000000800000000)
  region size 1024K, 136 young (139264K), 7 survivors (7168K)
 Metaspace       used 69239K, capacity 70510K, committed 70860K, reserved 1110016K
  class space    used 10259K, capacity 10888K, committed 11008K, reserved 1048576K
}
Event: 1193.988 GC heap after
{Heap after GC invocations=14 (full 0):
 garbage-first heap   total 262144K, used 40475K [0x0000000700c00000, 0x0000000800000000)
  region size 1024K, 7 young (7168K), 7 survivors (7168K)
 Metaspace       used 69239K, capacity 70510K, committed 70860K, reserved 1110016K
  class space    used 10259K, capacity 10888K, committed 11008K, reserved 1048576K
}
Event: 1554.676 GC heap before
{Heap before GC invocations=14 (full 0):
 garbage-first heap   total 262144K, used 179739K [0x0000000700c00000, 0x0000000800000000)
  region size 1024K, 143 young (146432K), 7 survivors (7168K)
 Metaspace       used 71720K, capacity 73947K, committed 74060K, reserved 1112064K
  class space    used 10659K, capacity 11881K, committed 11904K, reserved 1048576K
}
Event: 1554.685 GC heap after
{Heap after GC invocations=15 (full 0):
 garbage-first heap   total 262144K, used 40634K [0x0000000700c00000, 0x0000000800000000)
  region size 1024K, 7 young (7168K), 7 survivors (7168K)
 Metaspace       used 71720K, capacity 73947K, committed 74060K, reserved 1112064K
  class space    used 10659K, capacity 11881K, committed 11904K, reserved 1048576K
}
Event: 2097.558 GC heap before
{Heap before GC invocations=15 (full 0):
 garbage-first heap   total 262144K, used 186042K [0x0000000700c00000, 0x0000000800000000)
  region size 1024K, 149 young (152576K), 7 survivors (7168K)
 Metaspace       used 72313K, capacity 74659K, committed 74828K, reserved 1112064K
  class space    used 10771K, capacity 12090K, committed 12160K, reserved 1048576K
}
Event: 2097.568 GC heap after
{Heap after GC invocations=16 (full 0):
 garbage-first heap   total 262144K, used 40929K [0x0000000700c00000, 0x0000000800000000)
  region size 1024K, 8 young (8192K), 8 survivors (8192K)
 Metaspace       used 72313K, capacity 74659K, committed 74828K, reserved 1112064K
  class space    used 10771K, capacity 12090K, committed 12160K, reserved 1048576K
}
Event: 2600.022 GC heap before
{Heap before GC invocations=16 (full 0):
 garbage-first heap   total 262144K, used 189409K [0x0000000700c00000, 0x0000000800000000)
  region size 1024K, 153 young (156672K), 8 survivors (8192K)
 Metaspace       used 73311K, capacity 76062K, committed 76236K, reserved 1114112K
  class space    used 10926K, capacity 12430K, committed 12544K, reserved 1048576K
}
Event: 2600.033 GC heap after
{Heap after GC invocations=17 (full 0):
 garbage-first heap   total 262144K, used 40943K [0x0000000700c00000, 0x0000000800000000)
  region size 1024K, 8 young (8192K), 8 survivors (8192K)
 Metaspace       used 73311K, capacity 76062K, committed 76236K, reserved 1114112K
  class space    used 10926K, capacity 12430K, committed 12544K, reserved 1048576K
}

Deoptimization events (20 events):
Event: 2642.999 Thread 0x0000019e2979a000 DEOPT PACKING pc=0x0000019e0d29ef44 sp=0x0000005dedbff4b0
Event: 2642.999 Thread 0x0000019e2979a000 DEOPT UNPACKING pc=0x0000019e0ca8bb5e sp=0x0000005dedbfe9e8 mode 1
Event: 2643.108 Thread 0x0000019e2979a000 DEOPT PACKING pc=0x0000019e0d29ef44 sp=0x0000005dedbff4b0
Event: 2643.108 Thread 0x0000019e2979a000 DEOPT UNPACKING pc=0x0000019e0ca8bb5e sp=0x0000005dedbfe9e8 mode 1
Event: 2643.217 Thread 0x0000019e2979a000 DEOPT PACKING pc=0x0000019e0d29ef44 sp=0x0000005dedbff4b0
Event: 2643.217 Thread 0x0000019e2979a000 DEOPT UNPACKING pc=0x0000019e0ca8bb5e sp=0x0000005dedbfe9e8 mode 1
Event: 2643.325 Thread 0x0000019e2979a000 DEOPT PACKING pc=0x0000019e0d29ef44 sp=0x0000005dedbff4b0
Event: 2643.325 Thread 0x0000019e2979a000 DEOPT UNPACKING pc=0x0000019e0ca8bb5e sp=0x0000005dedbfe9e8 mode 1
Event: 2643.433 Thread 0x0000019e2979a000 DEOPT PACKING pc=0x0000019e0d29ef44 sp=0x0000005dedbff4b0
Event: 2643.433 Thread 0x0000019e2979a000 DEOPT UNPACKING pc=0x0000019e0ca8bb5e sp=0x0000005dedbfe9e8 mode 1
Event: 2643.542 Thread 0x0000019e2979a000 DEOPT PACKING pc=0x0000019e0d29ef44 sp=0x0000005dedbff4b0
Event: 2643.542 Thread 0x0000019e2979a000 DEOPT UNPACKING pc=0x0000019e0ca8bb5e sp=0x0000005dedbfe9e8 mode 1
Event: 2643.651 Thread 0x0000019e2979a000 DEOPT PACKING pc=0x0000019e0d29ef44 sp=0x0000005dedbff4b0
Event: 2643.651 Thread 0x0000019e2979a000 DEOPT UNPACKING pc=0x0000019e0ca8bb5e sp=0x0000005dedbfe9e8 mode 1
Event: 2643.759 Thread 0x0000019e2979a000 DEOPT PACKING pc=0x0000019e0d29ef44 sp=0x0000005dedbff4b0
Event: 2643.759 Thread 0x0000019e2979a000 DEOPT UNPACKING pc=0x0000019e0ca8bb5e sp=0x0000005dedbfe9e8 mode 1
Event: 2643.833 Thread 0x0000019e29798800 DEOPT PACKING pc=0x0000019e146f42fc sp=0x0000005ded0fed20
Event: 2643.833 Thread 0x0000019e29798800 DEOPT UNPACKING pc=0x0000019e0ca8bb5e sp=0x0000005ded0fdf78 mode 0
Event: 2643.834 Thread 0x0000019e29798800 DEOPT PACKING pc=0x0000019e146a355c sp=0x0000005ded0fee30
Event: 2643.835 Thread 0x0000019e29798800 DEOPT UNPACKING pc=0x0000019e0ca8bb5e sp=0x0000005ded0fe2b8 mode 0

Classes redefined (20 events):
Event: 1920.204 Thread 0x0000019e29473800 redefined class name=genspark.assignments.section6.Zombie, count=2
Event: 2147.737 Thread 0x0000019e29473800 redefined class name=genspark.assignments.section6.Zombie, count=3
Event: 2147.875 Thread 0x0000019e29473800 redefined class name=genspark.assignments.section6.Zombie, count=4
Event: 2527.178 Thread 0x0000019e29473800 redefined class name=reload_system.watch_for_reloads.ObjectRefs, count=1
Event: 2527.178 Thread 0x0000019e29473800 redefined class name=reload_system.watch_for_reloads.ObjectRefs$1, count=1
Event: 2527.319 Thread 0x0000019e29473800 redefined class name=reload_system.watch_for_reloads.ObjectRefs, count=2
Event: 2527.319 Thread 0x0000019e29473800 redefined class name=reload_system.watch_for_reloads.ObjectRefs$1, count=2
Event: 2531.440 Thread 0x0000019e29473800 redefined class name=genspark.assignments.section6.Zombie, count=5
Event: 2531.608 Thread 0x0000019e29473800 redefined class name=genspark.assignments.section6.Zombie, count=6
Event: 2579.423 Thread 0x0000019e29473800 redefined class name=genspark.assignments.section6.Zombie, count=7
Event: 2579.575 Thread 0x0000019e29473800 redefined class name=genspark.assignments.section6.Zombie, count=8
Event: 2607.503 Thread 0x0000019e29473800 redefined class name=genspark.assignments.section6.Zombie, count=9
Event: 2607.609 Thread 0x0000019e29473800 redefined class name=genspark.assignments.section6.Zombie, count=10
Event: 2613.230 Thread 0x0000019e29473800 redefined class name=genspark.assignments.section6.Zombie, count=11
Event: 2613.342 Thread 0x0000019e29473800 redefined class name=genspark.assignments.section6.Zombie, count=12
Event: 2616.814 Thread 0x0000019e29473800 redefined class name=genspark.assignments.section6.Zombie, count=13
Event: 2616.914 Thread 0x0000019e29473800 redefined class name=genspark.assignments.section6.Zombie, count=14
Event: 2636.003 Thread 0x0000019e29473800 redefined class name=genspark.assignments.section6.Zombie, count=15
Event: 2636.089 Thread 0x0000019e29473800 redefined class name=genspark.assignments.section6.Zombie, count=16
Event: 2643.762 Thread 0x0000019e29473800 redefined class name=genspark.assignments.section6.Zombie, count=17

Internal exceptions (20 events):
Event: 2610.841 Thread 0x0000019e29799000 Exception <a 'sun/nio/fs/WindowsException'{0x00000007108e4b50}> (0x00000007108e4b50) thrown at [./src/hotspot/share/prims/jni.cpp, line 616]
Event: 2610.841 Thread 0x0000019e29799000 Exception <a 'sun/nio/fs/WindowsException'{0x00000007108e4f40}> (0x00000007108e4f40) thrown at [./src/hotspot/share/prims/jni.cpp, line 616]
Event: 2610.842 Thread 0x0000019e29799000 Exception <a 'sun/nio/fs/WindowsException'{0x00000007108e54d8}> (0x00000007108e54d8) thrown at [./src/hotspot/share/prims/jni.cpp, line 616]
Event: 2610.842 Thread 0x0000019e29799000 Exception <a 'sun/nio/fs/WindowsException'{0x00000007108e5aa8}> (0x00000007108e5aa8) thrown at [./src/hotspot/share/prims/jni.cpp, line 616]
Event: 2610.842 Thread 0x0000019e29799000 Exception <a 'sun/nio/fs/WindowsException'{0x00000007108e5ec8}> (0x00000007108e5ec8) thrown at [./src/hotspot/share/prims/jni.cpp, line 616]
Event: 2615.139 Thread 0x0000019e29799000 Exception <a 'sun/nio/fs/WindowsException'{0x00000007103811b0}> (0x00000007103811b0) thrown at [./src/hotspot/share/prims/jni.cpp, line 616]
Event: 2615.139 Thread 0x0000019e29799000 Exception <a 'sun/nio/fs/WindowsException'{0x00000007103815a0}> (0x00000007103815a0) thrown at [./src/hotspot/share/prims/jni.cpp, line 616]
Event: 2615.139 Thread 0x0000019e29799000 Exception <a 'sun/nio/fs/WindowsException'{0x0000000710381b38}> (0x0000000710381b38) thrown at [./src/hotspot/share/prims/jni.cpp, line 616]
Event: 2615.139 Thread 0x0000019e29799000 Exception <a 'sun/nio/fs/WindowsException'{0x0000000710382108}> (0x0000000710382108) thrown at [./src/hotspot/share/prims/jni.cpp, line 616]
Event: 2615.139 Thread 0x0000019e29799000 Exception <a 'sun/nio/fs/WindowsException'{0x0000000710382528}> (0x0000000710382528) thrown at [./src/hotspot/share/prims/jni.cpp, line 616]
Event: 2634.207 Thread 0x0000019e29799000 Exception <a 'sun/nio/fs/WindowsException'{0x000000070fd89a40}> (0x000000070fd89a40) thrown at [./src/hotspot/share/prims/jni.cpp, line 616]
Event: 2634.207 Thread 0x0000019e29799000 Exception <a 'sun/nio/fs/WindowsException'{0x000000070fd89e30}> (0x000000070fd89e30) thrown at [./src/hotspot/share/prims/jni.cpp, line 616]
Event: 2634.208 Thread 0x0000019e29799000 Exception <a 'sun/nio/fs/WindowsException'{0x000000070fd8a3c8}> (0x000000070fd8a3c8) thrown at [./src/hotspot/share/prims/jni.cpp, line 616]
Event: 2634.208 Thread 0x0000019e29799000 Exception <a 'sun/nio/fs/WindowsException'{0x000000070fd8a998}> (0x000000070fd8a998) thrown at [./src/hotspot/share/prims/jni.cpp, line 616]
Event: 2634.208 Thread 0x0000019e29799000 Exception <a 'sun/nio/fs/WindowsException'{0x000000070fd8adb8}> (0x000000070fd8adb8) thrown at [./src/hotspot/share/prims/jni.cpp, line 616]
Event: 2641.913 Thread 0x0000019e29799000 Exception <a 'sun/nio/fs/WindowsException'{0x000000070f8f47b8}> (0x000000070f8f47b8) thrown at [./src/hotspot/share/prims/jni.cpp, line 616]
Event: 2641.913 Thread 0x0000019e29799000 Exception <a 'sun/nio/fs/WindowsException'{0x000000070f8f4ba8}> (0x000000070f8f4ba8) thrown at [./src/hotspot/share/prims/jni.cpp, line 616]
Event: 2641.913 Thread 0x0000019e29799000 Exception <a 'sun/nio/fs/WindowsException'{0x000000070f8f5140}> (0x000000070f8f5140) thrown at [./src/hotspot/share/prims/jni.cpp, line 616]
Event: 2641.914 Thread 0x0000019e29799000 Exception <a 'sun/nio/fs/WindowsException'{0x000000070f8f5710}> (0x000000070f8f5710) thrown at [./src/hotspot/share/prims/jni.cpp, line 616]
Event: 2641.914 Thread 0x0000019e29799000 Exception <a 'sun/nio/fs/WindowsException'{0x000000070f8f5b30}> (0x000000070f8f5b30) thrown at [./src/hotspot/share/prims/jni.cpp, line 616]

Events (20 events):
Event: 2643.640 Thread 0x0000019e2dfbb800 Thread added: 0x0000019e2dfbb800
Event: 2643.641 Thread 0x0000019e2dfc0800 Thread added: 0x0000019e2dfc0800
Event: 2643.641 Thread 0x0000019e2dfbe000 Thread added: 0x0000019e2dfbe000
Event: 2643.641 Executing VM operation: RevokeBias done
Event: 2643.641 Thread 0x0000019e2dfbf000 Thread exited: 0x0000019e2dfbf000
Event: 2643.743 Thread 0x0000019e2dfba800 Thread added: 0x0000019e2dfba800
Event: 2643.761 Executing VM operation: RedefineClasses
Event: 2643.833 Executing VM operation: RedefineClasses done
Event: 2643.833 Thread 0x0000019e2dfbf000 Thread added: 0x0000019e2dfbf000
Event: 2643.834 Executing VM operation: GetFrameCount
Event: 2643.834 Executing VM operation: GetFrameCount done
Event: 2643.834 Executing VM operation: GetFrameCount
Event: 2643.834 Executing VM operation: GetFrameCount done
Event: 2643.834 Executing VM operation: GetStackTrace
Event: 2643.834 Executing VM operation: GetStackTrace done
Event: 2643.835 Executing VM operation: GetOrSetLocal
Event: 2643.835 Executing VM operation: GetOrSetLocal done
Event: 2643.837 Executing VM operation: RevokeBias
Event: 2643.837 Executing VM operation: RevokeBias done
Event: 2643.837 Thread 0x0000019e2dfba800 Thread exited: 0x0000019e2dfba800


Dynamic libraries:
0x00007ff647470000 - 0x00007ff64747d000 	C:\Genspark\dcevm-11.0.11+1\bin\java.exe
0x00007ffa74a50000 - 0x00007ffa74c45000 	C:\Windows\SYSTEM32\ntdll.dll
0x00007ffa741d0000 - 0x00007ffa7428e000 	C:\Windows\System32\KERNEL32.DLL
0x00007ffa72420000 - 0x00007ffa726e8000 	C:\Windows\System32\KERNELBASE.dll
0x00007ffa72850000 - 0x00007ffa72950000 	C:\Windows\System32\ucrtbase.dll
0x00007ffa6cbd0000 - 0x00007ffa6cbe7000 	C:\Genspark\dcevm-11.0.11+1\bin\jli.dll
0x00007ffa6cd30000 - 0x00007ffa6cd45000 	C:\Genspark\dcevm-11.0.11+1\bin\VCRUNTIME140.dll
0x00007ffa73bf0000 - 0x00007ffa73d90000 	C:\Windows\System32\USER32.dll
0x00007ffa72290000 - 0x00007ffa722b2000 	C:\Windows\System32\win32u.dll
0x00007ffa739d0000 - 0x00007ffa739fb000 	C:\Windows\System32\GDI32.dll
0x00007ffa72310000 - 0x00007ffa7241d000 	C:\Windows\System32\gdi32full.dll
0x00007ffa72160000 - 0x00007ffa721fd000 	C:\Windows\System32\msvcp_win.dll
0x00007ffa5e530000 - 0x00007ffa5e7ca000 	C:\Windows\WinSxS\amd64_microsoft.windows.common-controls_6595b64144ccf1df_6.0.19041.1110_none_60b5254171f9507e\COMCTL32.dll
0x00007ffa74130000 - 0x00007ffa741ce000 	C:\Windows\System32\msvcrt.dll
0x00007ffa749e0000 - 0x00007ffa74a10000 	C:\Windows\System32\IMM32.DLL
0x00007ffa41f80000 - 0x00007ffa4201b000 	C:\Genspark\dcevm-11.0.11+1\bin\msvcp140.dll
0x00007ff9d4250000 - 0x00007ff9d4d34000 	C:\Genspark\dcevm-11.0.11+1\bin\server\jvm.dll
0x00007ffa73d90000 - 0x00007ffa73e3e000 	C:\Windows\System32\ADVAPI32.dll
0x00007ffa72b10000 - 0x00007ffa72bac000 	C:\Windows\System32\sechost.dll
0x00007ffa73750000 - 0x00007ffa73875000 	C:\Windows\System32\RPCRT4.dll
0x00007ffa73e40000 - 0x00007ffa73e48000 	C:\Windows\System32\PSAPI.DLL
0x00007ffa55e20000 - 0x00007ffa55e29000 	C:\Windows\SYSTEM32\WSOCK32.dll
0x00007ffa6a3f0000 - 0x00007ffa6a3fa000 	C:\Windows\SYSTEM32\VERSION.dll
0x00007ffa68650000 - 0x00007ffa68677000 	C:\Windows\SYSTEM32\WINMM.dll
0x00007ffa73a00000 - 0x00007ffa73a6b000 	C:\Windows\System32\WS2_32.dll
0x00007ffa70a30000 - 0x00007ffa70a42000 	C:\Windows\SYSTEM32\kernel.appcore.dll
0x00007ffa6c370000 - 0x00007ffa6c380000 	C:\Genspark\dcevm-11.0.11+1\bin\verify.dll
0x00007ffa70670000 - 0x00007ffa70854000 	C:\Windows\SYSTEM32\DBGHELP.DLL
0x00007ffa5d590000 - 0x00007ffa5d5bc000 	C:\Windows\SYSTEM32\dbgcore.DLL
0x00007ffa72200000 - 0x00007ffa72282000 	C:\Windows\System32\bcryptPrimitives.dll
0x00007ffa6bc00000 - 0x00007ffa6bc28000 	C:\Genspark\dcevm-11.0.11+1\bin\java.dll
0x00007ffa6bdc0000 - 0x00007ffa6bdca000 	C:\Genspark\dcevm-11.0.11+1\bin\jimage.dll
0x00007ffa530f0000 - 0x00007ffa53128000 	C:\Genspark\dcevm-11.0.11+1\bin\jdwp.dll
0x00007ffa6bdb0000 - 0x00007ffa6bdbe000 	C:\Genspark\dcevm-11.0.11+1\bin\instrument.dll
0x00007ffa5def0000 - 0x00007ffa5df07000 	C:\Genspark\dcevm-11.0.11+1\bin\zip.dll
0x00007ffa74290000 - 0x00007ffa749d4000 	C:\Windows\System32\SHELL32.dll
0x00007ffa6fe10000 - 0x00007ffa705a4000 	C:\Windows\SYSTEM32\windows.storage.dll
0x00007ffa72bb0000 - 0x00007ffa72f05000 	C:\Windows\System32\combase.dll
0x00007ffa71bb0000 - 0x00007ffa71bde000 	C:\Windows\SYSTEM32\Wldp.dll
0x00007ffa736a0000 - 0x00007ffa7374d000 	C:\Windows\System32\SHCORE.dll
0x00007ffa73390000 - 0x00007ffa733e5000 	C:\Windows\System32\shlwapi.dll
0x00007ffa720a0000 - 0x00007ffa720bf000 	C:\Windows\SYSTEM32\profapi.dll
0x00007ffa68230000 - 0x00007ffa6823a000 	C:\Genspark\dcevm-11.0.11+1\bin\dt_socket.dll
0x00007ffa71910000 - 0x00007ffa7197a000 	C:\Windows\system32\mswsock.dll
0x00007ffa5ded0000 - 0x00007ffa5dee9000 	C:\Genspark\dcevm-11.0.11+1\bin\net.dll
0x00007ffa69bc0000 - 0x00007ffa69ccc000 	C:\Windows\SYSTEM32\WINHTTP.dll
0x00007ffa5deb0000 - 0x00007ffa5dec2000 	C:\Genspark\dcevm-11.0.11+1\bin\nio.dll
0x00007ffa71600000 - 0x00007ffa716cb000 	C:\Windows\SYSTEM32\DNSAPI.dll
0x00007ffa715b0000 - 0x00007ffa715eb000 	C:\Windows\SYSTEM32\IPHLPAPI.DLL
0x00007ffa72aa0000 - 0x00007ffa72aa8000 	C:\Windows\System32\NSI.dll
0x00000000656f0000 - 0x0000000065716000 	C:\Program Files\Bonjour\mdnsNSP.dll
0x00007ffa6b390000 - 0x00007ffa6b39a000 	C:\Windows\System32\rasadhlp.dll
0x00007ffa68990000 - 0x00007ffa68a0f000 	C:\Windows\System32\fwpuclnt.dll
0x00007ffa72950000 - 0x00007ffa72977000 	C:\Windows\System32\bcrypt.dll
0x00007ffa71b00000 - 0x00007ffa71b18000 	C:\Windows\SYSTEM32\CRYPTSP.dll
0x00007ffa71220000 - 0x00007ffa71254000 	C:\Windows\system32\rsaenh.dll
0x00007ffa72060000 - 0x00007ffa7208e000 	C:\Windows\SYSTEM32\USERENV.dll
0x00007ffa71b20000 - 0x00007ffa71b2c000 	C:\Windows\SYSTEM32\CRYPTBASE.dll
0x00007ffa6b640000 - 0x00007ffa6b657000 	C:\Windows\SYSTEM32\dhcpcsvc6.DLL
0x00007ffa6b5d0000 - 0x00007ffa6b5ed000 	C:\Windows\SYSTEM32\dhcpcsvc.DLL
0x00007ffa4fed0000 - 0x00007ffa4fef5000 	C:\Genspark\dcevm-11.0.11+1\bin\sunec.dll
0x0000000066f40000 - 0x0000000066f6d000 	C:\Users\tywal\AppData\Local\Temp\liblz4-java7951807813164859466.so
0x00007ffa6ae60000 - 0x00007ffa6ae69000 	C:\Genspark\dcevm-11.0.11+1\bin\management.dll
0x00007ffa68970000 - 0x00007ffa6897b000 	C:\Genspark\dcevm-11.0.11+1\bin\management_ext.dll
0x00007ffa31f80000 - 0x00007ffa321d9000 	C:\Users\tywal\AppData\Local\Temp\io_grpc_netty_shaded_netty_tcnative_windows_x86_645721157431670343828.dll
0x00007ffa5d180000 - 0x00007ffa5d197000 	C:\Windows\system32\napinsp.dll
0x00007ffa5cc70000 - 0x00007ffa5cc8b000 	C:\Windows\system32\pnrpnsp.dll
0x00007ffa6c870000 - 0x00007ffa6c885000 	C:\Windows\system32\wshbth.dll
0x00007ffa6daf0000 - 0x00007ffa6db0d000 	C:\Windows\system32\NLAapi.dll
0x00007ffa56170000 - 0x00007ffa56182000 	C:\Windows\System32\winrnr.dll
0x00007ffa67c30000 - 0x00007ffa67c3e000 	C:\Genspark\dcevm-11.0.11+1\bin\sunmscapi.dll
0x00007ffa726f0000 - 0x00007ffa72846000 	C:\Windows\System32\CRYPT32.dll
0x00007ffa71c20000 - 0x00007ffa71c47000 	C:\Windows\SYSTEM32\ncrypt.dll
0x00007ffa71be0000 - 0x00007ffa71c1b000 	C:\Windows\SYSTEM32\NTASN1.dll

dbghelp: loaded successfully - version: 4.0.5 - missing functions: none
symbol engine: initialized successfully - sym options: 0x614 - pdb path: .;C:\Genspark\dcevm-11.0.11+1\bin;C:\Windows\SYSTEM32;C:\Windows\WinSxS\amd64_microsoft.windows.common-controls_6595b64144ccf1df_6.0.19041.1110_none_60b5254171f9507e;C:\Genspark\dcevm-11.0.11+1\bin\server;C:\Program Files\Bonjour;C:\Users\tywal\AppData\Local\Temp

VM Arguments:
jvm_args: -agentlib:jdwp=transport=dt_socket,address=127.0.0.1:49935,suspend=y,server=n -XX:HotswapAgent=core -Xlog:redefine+class*=info:file=src/main/java/reload_system/reload/reload.log -javaagent:C:\Users\tywal\AppData\Local\JetBrains\IdeaIC2021.3\captureAgent\debugger-agent.jar -Dfile.encoding=UTF-8 
java_command: Main
java_class_path (initial): C:\Genspark\genspark-java-core\genspark-java-core\target\classes;C:\Users\tywal\.m2\repository\genspark-backend\genspark-backend\1.4.4\genspark-backend-1.4.4.jar;C:\Users\tywal\.m2\repository\com\cognitect\transit-java\0.8.332\transit-java-0.8.332.jar;C:\Users\tywal\.m2\repository\com\google\cloud\google-cloud-firestore\2.6.1\google-cloud-firestore-2.6.1.jar;C:\Users\tywal\.m2\repository\org\clojure\data.json\0.2.6\data.json-0.2.6.jar;C:\Users\tywal\.m2\repository\org\clojure\clojure\1.11.0-alpha2\clojure-1.11.0-alpha2.jar;C:\Users\tywal\.m2\repository\commons-codec\commons-codec\1.15\commons-codec-1.15.jar;C:\Users\tywal\.m2\repository\org\eclipse\collections\eclipse-collections\11.0.0\eclipse-collections-11.0.0.jar;C:\Users\tywal\.m2\repository\com\google\errorprone\error_prone_annotations\2.7.1\error_prone_annotations-2.7.1.jar;C:\Users\tywal\.m2\repository\org\eclipse\collections\eclipse-collections-forkjoin\11.0.0\eclipse-collections-forkjoin-11.0.0.jar;C:\Users\tywal\.m2\repository\org\clojure\core.specs.alpha\0.2.62\core.specs.alpha-0.2.62.jar;C:\Users\tywal\.m2\repository\com\google\cloud\google-cloud-core-http\1.95.4\google-cloud-core-http-1.95.4.jar;C:\Users\tywal\.m2\repository\javax\annotation\javax.annotation-api\1.3.2\javax.annotation-api-1.3.2.jar;C:\Users\tywal\.m2\repository\com\google\oauth-client\google-oauth-client\1.31.5\google-oauth-client-1.31.5.jar;C:\Users\tywal\.m2\repository\com\google\auto\value\auto-value-annotations\1.8.1\auto-value-annotations-1.8.1.jar;C:\Users\tywal\.m2\repository\io\netty\netty-common\4.1.67.Final\netty-common-4.1.67.Final.jar;C:\Users\tywal\.m2\repository\com\google\auth\google-auth-library-credentials\0.26.0\google-auth-library-credentials-0.26.0.jar;C:\Users\tywal\.m2\repository\org\eclipse\collections\eclipse-collections-api\11.0.0\eclipse-collections-api-11.0.0.jar;C:\Users\tywal\.m2\repository\org\clojure\spec.alpha\0.2.194\spec.alpha-0.2.194.jar;C:\Users\tywal\.m2\repository\com\g
Launcher Type: SUN_STANDARD

[Global flags]
     intx CICompilerCount                          = 12                                        {product} {ergonomic}
     uint ConcGCThreads                            = 3                                         {product} {ergonomic}
     uint G1ConcRefinementThreads                  = 13                                        {product} {ergonomic}
   size_t G1HeapRegionSize                         = 1048576                                   {product} {ergonomic}
    uintx GCDrainStackTargetSize                   = 64                                        {product} {ergonomic}
    ccstr HotswapAgent                             = core                                      {product} {command line}
   size_t InitialHeapSize                          = 268435456                                 {product} {ergonomic}
   size_t MarkStackSize                            = 4194304                                   {product} {ergonomic}
   size_t MaxHeapSize                              = 4282384384                                {product} {ergonomic}
   size_t MaxNewSize                               = 2569011200                                {product} {ergonomic}
   size_t MinHeapDeltaBytes                        = 1048576                                   {product} {ergonomic}
    uintx NonNMethodCodeHeapSize                   = 7594288                                {pd product} {ergonomic}
    uintx NonProfiledCodeHeapSize                  = 122031976                              {pd product} {ergonomic}
    uintx ProfiledCodeHeapSize                     = 122031976                              {pd product} {ergonomic}
    uintx ReservedCodeCacheSize                    = 251658240                              {pd product} {ergonomic}
     bool SegmentedCodeCache                       = true                                      {product} {ergonomic}
     bool UseCompressedClassPointers               = true                                 {lp64_product} {ergonomic}
     bool UseCompressedOops                        = true                                 {lp64_product} {ergonomic}
     bool UseG1GC                                  = true                                      {product} {ergonomic}
     bool UseLargePagesIndividualAllocation        = false                                  {pd product} {ergonomic}

Logging:
Log output configuration:
 #0: stdout all=warning uptime,level,tags
 #1: stderr all=off uptime,level,tags
 #2: file=src/main/java/reload_system/reload/reload.log all=off,redefine*=info uptime,level,tags filecount=5,filesize=20480K

Environment Variables:
PATH=C:\Program Files\Common Files\Oracle\Java\javapath;C:\Program Files (x86)\Razer Chroma SDK\bin;C:\Program Files\Razer Chroma SDK\bin;C:\Program Files (x86)\Razer\ChromaBroadcast\bin;C:\Program Files\Razer\ChromaBroadcast\bin;C:\Program Files (x86)\Common Files\Intel\Shared Libraries\redist\intel64\compiler;C:\Windows\system32;C:\Windows;C:\Windows\System32\Wbem;C:\Windows\System32\WindowsPowerShell\v1.0\;C:\Windows\System32\OpenSSH\;C:\Program Files\NVIDIA Corporation\NVIDIA NvDLISR;C:\Program Files (x86)\NVIDIA Corporation\PhysX\Common;C:\Windows\system32\config\systemprofile\AppData\Local\Microsoft\WindowsApps;C:\Users\tywal\AppData\Local\Microsoft\WindowsApps;C:\Program Files\dotnet\;C:\Program Files\Git\cmd;C:\Program Files\nodejs\;C:\Program Files (x86)\Razer Chroma SDK\bin;C:\Program Files\Razer Chroma SDK\bin;C:\Program Files (x86)\Razer\ChromaBroadcast\bin;C:\Program Files\Razer\ChromaBroadcast\bin;C:\Program Files (x86)\Common Files\Intel\Shared Libraries\redist\intel64\compiler;C:\Windows\system32;C:\Windows;C:\Windows\System32\Wbem;C:\Windows\System32\WindowsPowerShell\v1.0\;C:\Windows\System32\OpenSSH\;C:\Program Files\NVIDIA Corporation\NVIDIA NvDLISR;C:\Program Files (x86)\NVIDIA Corporation\PhysX\Common;C:\Windows\system32\config\systemprofile\AppData\Local\Microsoft\WindowsApps;C:\Users\tywal\AppData\Local\Microsoft\WindowsApps;C:\Program Files\dotnet\;C:\Users\tywal\AppData\Local\Programs\Microsoft VS Code\bin;C:\Program Files\Win7TaskManager";C:\Users\tywal\AppData\Roaming\npm;C:\Users\tywal\AppData\Local\gitkraken\bin
USERNAME=tywal
OS=Windows_NT
PROCESSOR_IDENTIFIER=AMD64 Family 23 Model 8 Stepping 2, AuthenticAMD



---------------  S Y S T E M  ---------------

OS: Windows 10 , 64 bit Build 19041 (10.0.19041.1503)
OS uptime: 6 days 4:48 hours

CPU:total 16 (initial active 16) (16 cores per cpu, 2 threads per core) family 23 model 8 stepping 2 microcode 0x0, cmov, cx8, fxsr, mmx, sse, sse2, sse3, ssse3, sse4.1, sse4.2, popcnt, avx, avx2, aes, clmul, mmxext, 3dnowpref, lzcnt, sse4a, ht, tsc, tscinvbit, tscinv, bmi1, bmi2, adx, s

Memory: 4k page, system-wide physical 16333M (1150M free)
TotalPageFile size 34765M (AvailPageFile size 7505M)
current process WorkingSet (physical memory assigned to process): 427M, peak: 557M
current process commit charge ("private bytes"): 601M, peak: 737M

vm_info: Dynamic Code Evolution 64-Bit Server VM (11.0.11+1-202105021746) for windows-amd64 JRE (11.0.11+1-202105021746), built on May  2 2021 18:05:20 by "" with MS VC++ 15.9 (VS2017)

END.
