#
# A fatal error has been detected by the Java Runtime Environment:
#
#  EXCEPTION_ACCESS_VIOLATION (0xc0000005) at pc=0x00007fffee15b405, pid=13768, tid=29880
#
# JRE version: OpenJDK Runtime Environment AdoptOpenJDK-dcevm-11.0.11+1-202105021746 (11.0.11+1) (build 11.0.11+1-202105021746)
# Java VM: Dynamic Code Evolution 64-Bit Server VM AdoptOpenJDK-dcevm-11.0.11+1-202105021746 (11.0.11+1-202105021746, mixed mode, tiered, compressed oops, g1 gc, windows-amd64)
# Problematic frame:
# V  [jvm.dll+0x46b405]
#
# No core dump will be written. Minidumps are not enabled by default on client versions of Windows
#
# If you would like to submit a bug report, please visit:
#   https://github.com/AdoptOpenJDK/openjdk-support/issues
#

---------------  S U M M A R Y ------------

Command Line: -agentlib:jdwp=transport=dt_socket,address=127.0.0.1:63109,suspend=y,server=n -XX:HotswapAgent=core -Xlog:redefine+class*=info:file=src/main/java/reload_system/reload/reload.log -javaagent:C:\Users\tywal\AppData\Local\JetBrains\IdeaIC2021.3\captureAgent\debugger-agent.jar -Dfile.encoding=UTF-8 Main

Host: AMD Ryzen 7 2700X Eight-Core Processor         , 16 cores, 15G,  Windows 10 , 64 bit Build 19041 (10.0.19041.1503)
Time: Mon Feb 21 19:31:20 2022 Eastern Standard Time elapsed time: 37604.307203 seconds (0d 10h 26m 44s)

---------------  T H R E A D  ---------------

Current thread (0x0000024572995000):  JavaThread "JDWP Transport Listener: dt_socket" daemon [_thread_in_vm, id=29880, stack(0x000000c4f4a00000,0x000000c4f4b00000)]

Stack: [0x000000c4f4a00000,0x000000c4f4b00000],  sp=0x000000c4f4afee90,  free space=1019k
Native frames: (J=compiled Java code, j=interpreted, Vv=VM code, C=native code)
V  [jvm.dll+0x46b405]
V  [jvm.dll+0x1d3f1f]
V  [jvm.dll+0x46d794]
V  [jvm.dll+0x46cfa4]
V  [jvm.dll+0x7404b7]
V  [jvm.dll+0x4adc27]
V  [jvm.dll+0x4767c2]
C  [jdwp.dll+0xa1c8]


siginfo: EXCEPTION_ACCESS_VIOLATION (0xc0000005), reading address 0x0000000000000000


Register to memory mapping:

RIP=0x00007fffee15b405 jvm.dll
RAX=0x0 is NULL
RBX=0x0000000800e1c440 is a pointer to class: 
java.util.stream.Collectors$$Lambda$3340/0x0000000800e1c440 {0x0000000800e1c448}
RCX=0x000000c4f4afef40 is pointing into the stack for thread: 0x0000024572995000
RDX=0x0 is NULL
RSP=0x000000c4f4afee90 is pointing into the stack for thread: 0x0000024572995000
RBP=0x000000c4f4afeff0 is pointing into the stack for thread: 0x0000024572995000
RSI=0x000000c4f4afef40 is pointing into the stack for thread: 0x0000024572995000
RDI=0x000000c4f4afef40 is pointing into the stack for thread: 0x0000024572995000
R8 =0x0 is NULL
R9 =0x0 is NULL
R10=0x0 is NULL
R11=0x1331ee0000000000 is an unknown value
R12=0x0000000000000649 is an unknown value
R13=0x000000c4f4aff390 is pointing into the stack for thread: 0x0000024572995000
R14=0x0000024572995000 is a thread
R15=0x0 is NULL


Registers:
RAX=0x0000000000000000, RBX=0x0000000800e1c440, RCX=0x000000c4f4afef40, RDX=0x0000000000000000
RSP=0x000000c4f4afee90, RBP=0x000000c4f4afeff0, RSI=0x000000c4f4afef40, RDI=0x000000c4f4afef40
R8 =0x0000000000000000, R9 =0x0000000000000000, R10=0x0000000000000000, R11=0x1331ee0000000000
R12=0x0000000000000649, R13=0x000000c4f4aff390, R14=0x0000024572995000, R15=0x0000000000000000
RIP=0x00007fffee15b405, EFLAGS=0x0000000000010246

Top of Stack: (sp=0x000000c4f4afee90)
0x000000c4f4afee90:   00000245723700d0 0000000800028b00
0x000000c4f4afeea0:   0000000000000000 0000000000000000
0x000000c4f4afeeb0:   0000024576d97350 00007fffedec3f1f
0x000000c4f4afeec0:   0000000800e1c440 0000000800e1c440
0x000000c4f4afeed0:   000000c4f4afeff0 000000070db9e680
0x000000c4f4afeee0:   0000024572995000 00007fffee15d794
0x000000c4f4afeef0:   0000000000000018 000000c4f4afeff0
0x000000c4f4afef00:   000000070db9e680 0000000000000001
0x000000c4f4afef10:   000000c4f4afefe8 0000000000000001
0x000000c4f4afef20:   0000000000000000 0000024572829060
0x000000c4f4afef30:   0000000000000000 0000000000000000
0x000000c4f4afef40:   00007fffee554d38 00000245746e9cb0
0x000000c4f4afef50:   00000245729da600 000000c4f4aff080
0x000000c4f4afef60:   0000000000000000 0000000000000000
0x000000c4f4afef70:   00000245723e9fe0 00000000000003d8
0x000000c4f4afef80:   00000245723e9ff0 00000245723ea3c8 

Instructions: (pc=0x00007fffee15b405)
0x00007fffee15b305:   48 03 15 c4 09 56 00 eb 04 48 8b 53 08 0f b6 82
0x00007fffee15b315:   5a 01 00 00 24 03 3c 03 75 3e 48 8b cb e8 49 7c
0x00007fffee15b325:   f0 ff 48 85 c0 74 31 83 78 08 00 7e 2b 48 8b 88
0x00007fffee15b335:   d0 00 00 00 48 85 c9 74 1f e8 7d b8 06 00 48 8b
0x00007fffee15b345:   cd 48 8b d8 e8 72 e8 d0 ff 48 63 d0 4c 8b c3 49
0x00007fffee15b355:   8b ce ff 15 2b 45 54 00 48 8d 4c 24 28 e8 09 e4
0x00007fffee15b365:   ec ff 48 8b 5c 24 60 48 8b 6c 24 68 48 8b 74 24
0x00007fffee15b375:   70 48 83 c4 40 41 5f 41 5e 5f c3 48 89 5c 24 08
0x00007fffee15b385:   48 89 54 24 10 57 48 83 ec 20 48 83 ba d0 00 00
0x00007fffee15b395:   00 00 48 8b da 48 8b f9 0f 85 e5 00 00 00 8b 82
0x00007fffee15b3a5:   d8 00 00 00 c1 e8 05 a8 01 74 09 48 8b 49 08 e9
0x00007fffee15b3b5:   c5 00 00 00 8b 42 10 83 f8 20 75 07 b8 08 00 00
0x00007fffee15b3c5:   00 eb 06 83 c0 d0 c1 e8 03 33 d2 44 8b c8 85 c0
0x00007fffee15b3d5:   74 2a 8b ca 4c 8d 43 30 0f 1f 00 49 8b 00 48 85
0x00007fffee15b3e5:   c0 74 19 8b 80 d8 00 00 00 c1 e8 05 a8 01 75 53
0x00007fffee15b3f5:   48 ff c1 49 83 c0 08 49 3b c9 7c df 4c 8b 43 28
0x00007fffee15b405:   49 63 00 85 c0 7e 7c 4c 8b c8 49 83 c0 08 0f 1f
0x00007fffee15b415:   40 00 66 0f 1f 84 00 00 00 00 00 49 8b 00 8b 88
0x00007fffee15b425:   d8 00 00 00 c1 e9 05 f6 c1 01 75 20 48 ff c2 49
0x00007fffee15b435:   83 c0 08 49 3b d1 7c e3 48 8b 5c 24 30 48 83 c4
0x00007fffee15b445:   20 5f c3 48 39 15 31 7f 5a 00 eb 08 48 83 3d 27
0x00007fffee15b455:   7f 5a 00 00 74 18 48 8b 4b 18 e8 bc c5 25 00 48
0x00007fffee15b465:   8b d0 48 8d 0d d2 98 3f 00 e8 4d e0 dd ff 83 8b
0x00007fffee15b475:   d8 00 00 00 20 48 8b 4f 08 48 8d 54 24 38 e8 18
0x00007fffee15b485:   db c5 ff 48 8b 5c 24 30 48 83 c4 20 5f c3 cc cc
0x00007fffee15b495:   cc cc cc cc cc cc cc cc cc cc cc 40 57 48 81 ec
0x00007fffee15b4a5:   80 00 00 00 83 7a 08 00 48 8b fa 0f 8e 40 02 00
0x00007fffee15b4b5:   00 48 8b 51 08 48 8d 4c 24 30 48 89 9c 24 90 00
0x00007fffee15b4c5:   00 00 e8 54 e3 ec ff 48 8b 97 08 01 00 00 33 db
0x00007fffee15b4d5:   48 89 54 24 20 48 89 5c 24 28 48 85 d2 74 3e 8b
0x00007fffee15b4e5:   0d 62 59 5e 00 65 48 8b 04 25 58 00 00 00 41 b8
0x00007fffee15b4f5:   08 00 00 00 48 89 94 24 a8 00 00 00 48 8d 94 24 


Stack slot to memory mapping:
stack at sp + 0 slots: 0x00000245723700d0 points into unknown readable memory: 0x000000000dd74f0e | 0e 4f d7 0d 00 00 00 00
stack at sp + 1 slots: 0x0000000800028b00 is a pointer to class: 
java.nio.charset.CharsetEncoder {0x0000000800028b08}
stack at sp + 2 slots: 0x0 is NULL
stack at sp + 3 slots: 0x0 is NULL
stack at sp + 4 slots: 0x0000024576d97350 points into unknown readable memory: 0x0000024574af93e0 | e0 93 af 74 45 02 00 00
stack at sp + 5 slots: 0x00007fffedec3f1f jvm.dll
stack at sp + 6 slots: 0x0000000800e1c440 is a pointer to class: 
java.util.stream.Collectors$$Lambda$3340/0x0000000800e1c440 {0x0000000800e1c448}
stack at sp + 7 slots: 0x0000000800e1c440 is a pointer to class: 
java.util.stream.Collectors$$Lambda$3340/0x0000000800e1c440 {0x0000000800e1c448}


---------------  P R O C E S S  ---------------

Threads class SMR info:
_java_thread_list=0x000002457af91940, length=81, elements={
0x000002454b2c7000, 0x0000024572365000, 0x000002457236e800, 0x000002457235d800,
0x000002457235e800, 0x0000024572363000, 0x00000245723b4800, 0x00000245723c3000,
0x00000245723c6000, 0x0000024572661000, 0x0000024572995000, 0x000002457284e800,
0x000002457284f800, 0x0000024572ded000, 0x0000024572dee000, 0x0000024572df0800,
0x0000024572df4000, 0x00000245732a6800, 0x0000024573817000, 0x0000024574355000,
0x00000245737a0800, 0x00000245737a1800, 0x0000024573665000, 0x0000024573662800,
0x0000024573665800, 0x0000024573664000, 0x0000024573663000, 0x0000024573666800,
0x0000024573661000, 0x0000024573667800, 0x0000024573661800, 0x000002457347e800,
0x000002457347f800, 0x0000024573480000, 0x0000024573482800, 0x0000024573481000,
0x0000024573482000, 0x000002457347d800, 0x0000024573486000, 0x0000024573489000,
0x000002457348a000, 0x0000024573485000, 0x0000024573484000, 0x000002457348b000,
0x000002457348b800, 0x0000024573486800, 0x0000024573487800, 0x000002457348c800,
0x0000024573488800, 0x0000024572971000, 0x000002457296d000, 0x000002457296f800,
0x000002457296e000, 0x0000024572970800, 0x000002457296e800, 0x0000024572972000,
0x00000245738d7800, 0x00000245738d8000, 0x00000245738ce800, 0x00000245738cf000,
0x00000245738d0000, 0x00000245738d6000, 0x00000245738dc800, 0x00000245738d2800,
0x00000245738da800, 0x0000024573483800, 0x0000024576673800, 0x0000024576670800,
0x0000024576671000, 0x000002457666f800, 0x00000245738d1800, 0x00000245738d6800,
0x00000245738d5000, 0x00000245738db800, 0x00000245738dd000, 0x00000245738da000,
0x00000245738d9000, 0x0000024576672000, 0x0000024576673000, 0x0000024576674800,
0x0000024576675800
}

Java Threads: ( => current thread )
  0x000002454b2c7000 JavaThread "WebSocketSelector-1" [_thread_in_native, id=12432, stack(0x000000c4f3700000,0x000000c4f3800000)]
  0x0000024572365000 JavaThread "Reference Handler" daemon [_thread_blocked, id=21792, stack(0x000000c4f3e00000,0x000000c4f3f00000)]
  0x000002457236e800 JavaThread "Finalizer" daemon [_thread_blocked, id=20072, stack(0x000000c4f3f00000,0x000000c4f4000000)]
  0x000002457235d800 JavaThread "Signal Dispatcher" daemon [_thread_blocked, id=32964, stack(0x000000c4f4000000,0x000000c4f4100000)]
  0x000002457235e800 JavaThread "Attach Listener" daemon [_thread_blocked, id=33900, stack(0x000000c4f4100000,0x000000c4f4200000)]
  0x0000024572363000 JavaThread "Service Thread" daemon [_thread_blocked, id=19908, stack(0x000000c4f4200000,0x000000c4f4300000)]
  0x00000245723b4800 JavaThread "C2 CompilerThread0" daemon [_thread_blocked, id=33008, stack(0x000000c4f4300000,0x000000c4f4400000)]
  0x00000245723c3000 JavaThread "C1 CompilerThread0" daemon [_thread_blocked, id=12580, stack(0x000000c4f4400000,0x000000c4f4500000)]
  0x00000245723c6000 JavaThread "Sweeper thread" daemon [_thread_blocked, id=34444, stack(0x000000c4f4500000,0x000000c4f4600000)]
  0x0000024572661000 JavaThread "Common-Cleaner" daemon [_thread_blocked, id=308, stack(0x000000c4f4600000,0x000000c4f4700000)]
=>0x0000024572995000 JavaThread "JDWP Transport Listener: dt_socket" daemon [_thread_in_vm, id=29880, stack(0x000000c4f4a00000,0x000000c4f4b00000)]
  0x000002457284e800 JavaThread "JDWP Event Helper Thread" daemon [_thread_blocked, id=28112, stack(0x000000c4f4b00000,0x000000c4f4c00000)]
  0x000002457284f800 JavaThread "JDWP Command Reader" daemon [_thread_in_native, id=31612, stack(0x000000c4f4c00000,0x000000c4f4d00000)]
  0x0000024572ded000 JavaThread "FileSystemWatchService" daemon [_thread_in_native, id=3848, stack(0x000000c4f4e00000,0x000000c4f4f00000)]
  0x0000024572dee000 JavaThread "HotSwap Watcher" daemon [_thread_blocked, id=27152, stack(0x000000c4f4f00000,0x000000c4f5000000)]
  0x0000024572df0800 JavaThread "HotSwap Dispatcher" daemon [_thread_blocked, id=29052, stack(0x000000c4f5000000,0x000000c4f5100000)]
  0x0000024572df4000 JavaThread "Thread-2" daemon [_thread_blocked, id=24288, stack(0x000000c4f5100000,0x000000c4f5200000)]
  0x00000245732a6800 JavaThread "Thread-19" [_thread_blocked, id=10392, stack(0x000000c4f5a00000,0x000000c4f5b00000)]
  0x0000024573817000 JavaThread "connectionLostChecker-1" [_thread_blocked, id=28296, stack(0x000000c4f5b00000,0x000000c4f5c00000)]
  0x0000024574355000 JavaThread "WebSocketWorker-28" [_thread_blocked, id=5524, stack(0x000000c4f5c00000,0x000000c4f5d00000)]
  0x00000245737a0800 JavaThread "WebSocketWorker-29" [_thread_blocked, id=34204, stack(0x000000c4f5d00000,0x000000c4f5e00000)]
  0x00000245737a1800 JavaThread "WebSocketWorker-30" [_thread_blocked, id=22812, stack(0x000000c4f5e00000,0x000000c4f5f00000)]
  0x0000024573665000 JavaThread "WebSocketWorker-31" [_thread_blocked, id=10484, stack(0x000000c4f5f00000,0x000000c4f6000000)]
  0x0000024573662800 JavaThread "WebSocketWorker-32" [_thread_blocked, id=11112, stack(0x000000c4f6000000,0x000000c4f6100000)]
  0x0000024573665800 JavaThread "WebSocketWorker-33" [_thread_blocked, id=23252, stack(0x000000c4f6100000,0x000000c4f6200000)]
  0x0000024573664000 JavaThread "WebSocketWorker-34" [_thread_blocked, id=7948, stack(0x000000c4f6200000,0x000000c4f6300000)]
  0x0000024573663000 JavaThread "WebSocketWorker-35" [_thread_blocked, id=25156, stack(0x000000c4f6300000,0x000000c4f6400000)]
  0x0000024573666800 JavaThread "WebSocketWorker-36" [_thread_blocked, id=24168, stack(0x000000c4f6400000,0x000000c4f6500000)]
  0x0000024573661000 JavaThread "WebSocketWorker-37" [_thread_blocked, id=21192, stack(0x000000c4f6500000,0x000000c4f6600000)]
  0x0000024573667800 JavaThread "WebSocketWorker-38" [_thread_blocked, id=31748, stack(0x000000c4f6600000,0x000000c4f6700000)]
  0x0000024573661800 JavaThread "WebSocketWorker-39" [_thread_blocked, id=20276, stack(0x000000c4f6700000,0x000000c4f6800000)]
  0x000002457347e800 JavaThread "WebSocketWorker-40" [_thread_blocked, id=11948, stack(0x000000c4f6800000,0x000000c4f6900000)]
  0x000002457347f800 JavaThread "WebSocketWorker-41" [_thread_blocked, id=22284, stack(0x000000c4f6900000,0x000000c4f6a00000)]
  0x0000024573480000 JavaThread "WebSocketWorker-42" [_thread_blocked, id=1604, stack(0x000000c4f6a00000,0x000000c4f6b00000)]
  0x0000024573482800 JavaThread "WebSocketWorker-43" [_thread_blocked, id=12064, stack(0x000000c4f6b00000,0x000000c4f6c00000)]
  0x0000024573481000 JavaThread "Gax-1" daemon [_thread_blocked, id=16440, stack(0x000000c4f7100000,0x000000c4f7200000)]
  0x0000024573482000 JavaThread "grpc-nio-worker-ELG-1-1" daemon [_thread_in_native, id=33972, stack(0x000000c4f7500000,0x000000c4f7600000)]
  0x000002457347d800 JavaThread "grpc-nio-worker-ELG-1-2" daemon [_thread_in_native, id=13344, stack(0x000000c4f7700000,0x000000c4f7800000)]
  0x0000024573486000 JavaThread "Thread-24" daemon [_thread_in_native, id=34460, stack(0x000000c4f7400000,0x000000c4f7500000)]
  0x0000024573489000 JavaThread "Gax-2" daemon [_thread_blocked, id=21244, stack(0x000000c4f7800000,0x000000c4f7900000)]
  0x000002457348a000 JavaThread "grpc-nio-worker-ELG-1-3" daemon [_thread_in_native, id=33252, stack(0x000000c4f7900000,0x000000c4f7a00000)]
  0x0000024573485000 JavaThread "Gax-3" daemon [_thread_blocked, id=16544, stack(0x000000c4f7a00000,0x000000c4f7b00000)]
  0x0000024573484000 JavaThread "grpc-nio-worker-ELG-1-4" daemon [_thread_in_native, id=16484, stack(0x000000c4f7000000,0x000000c4f7100000)]
  0x000002457348b000 JavaThread "Gax-4" daemon [_thread_blocked, id=20736, stack(0x000000c4f7d00000,0x000000c4f7e00000)]
  0x000002457348b800 JavaThread "Gax-5" daemon [_thread_blocked, id=8268, stack(0x000000c4f7e00000,0x000000c4f7f00000)]
  0x0000024573486800 JavaThread "Gax-6" daemon [_thread_blocked, id=20704, stack(0x000000c4f7f00000,0x000000c4f8000000)]
  0x0000024573487800 JavaThread "Gax-7" daemon [_thread_blocked, id=16396, stack(0x000000c4f8000000,0x000000c4f8100000)]
  0x000002457348c800 JavaThread "Gax-8" daemon [_thread_blocked, id=32136, stack(0x000000c4f4700000,0x000000c4f4800000)]
  0x0000024573488800 JavaThread "Gax-9" daemon [_thread_blocked, id=16220, stack(0x000000c4f7c00000,0x000000c4f7d00000)]
  0x0000024572971000 JavaThread "Gax-10" daemon [_thread_blocked, id=20912, stack(0x000000c4f8100000,0x000000c4f8200000)]
  0x000002457296d000 JavaThread "Gax-11" daemon [_thread_blocked, id=14620, stack(0x000000c4f8200000,0x000000c4f8300000)]
  0x000002457296f800 JavaThread "Gax-12" daemon [_thread_blocked, id=11048, stack(0x000000c4f3400000,0x000000c4f3500000)]
  0x000002457296e000 JavaThread "Gax-13" daemon [_thread_blocked, id=21260, stack(0x000000c4f3500000,0x000000c4f3600000)]
  0x0000024572970800 JavaThread "Gax-14" daemon [_thread_blocked, id=34316, stack(0x000000c4f3600000,0x000000c4f3700000)]
  0x000002457296e800 JavaThread "Gax-15" daemon [_thread_blocked, id=21600, stack(0x000000c4f7600000,0x000000c4f7700000)]
  0x0000024572972000 JavaThread "Gax-16" daemon [_thread_blocked, id=24116, stack(0x000000c4f8300000,0x000000c4f8400000)]
  0x00000245738d7800 JavaThread "grpc-nio-worker-ELG-1-5" daemon [_thread_in_native, id=12392, stack(0x000000c4f7300000,0x000000c4f7400000)]
  0x00000245738d8000 JavaThread "grpc-nio-worker-ELG-1-6" daemon [_thread_in_native, id=23212, stack(0x000000c4f8d00000,0x000000c4f8e00000)]
  0x00000245738ce800 JavaThread "grpc-nio-worker-ELG-1-7" daemon [_thread_in_native, id=11696, stack(0x000000c4f7200000,0x000000c4f7300000)]
  0x00000245738cf000 JavaThread "grpc-nio-worker-ELG-1-8" daemon [_thread_in_native, id=5884, stack(0x000000c4f8900000,0x000000c4f8a00000)]
  0x00000245738d0000 JavaThread "grpc-nio-worker-ELG-1-9" daemon [_thread_in_native, id=38468, stack(0x000000c4f7b00000,0x000000c4f7c00000)]
  0x00000245738d6000 JavaThread "grpc-nio-worker-ELG-1-10" daemon [_thread_in_native, id=27212, stack(0x000000c4f8500000,0x000000c4f8600000)]
  0x00000245738dc800 JavaThread "grpc-nio-worker-ELG-1-11" daemon [_thread_in_native, id=33148, stack(0x000000c4f9300000,0x000000c4f9400000)]
  0x00000245738d2800 JavaThread "grpc-nio-worker-ELG-1-12" daemon [_thread_in_native, id=5816, stack(0x000000c4f8400000,0x000000c4f8500000)]
  0x00000245738da800 JavaThread "grpc-nio-worker-ELG-1-13" daemon [_thread_in_native, id=30108, stack(0x000000c4f8f00000,0x000000c4f9000000)]
  0x0000024573483800 JavaThread "grpc-nio-worker-ELG-1-14" daemon [_thread_in_native, id=39904, stack(0x000000c4f8700000,0x000000c4f8800000)]
  0x0000024576673800 JavaThread "grpc-nio-worker-ELG-1-15" daemon [_thread_in_native, id=39612, stack(0x000000c4f9700000,0x000000c4f9800000)]
  0x0000024576670800 JavaThread "grpc-nio-worker-ELG-1-16" daemon [_thread_in_native, id=30332, stack(0x000000c4f9800000,0x000000c4f9900000)]
  0x0000024576671000 JavaThread "Java2D Disposer" daemon [_thread_blocked, id=16992, stack(0x000000c4f9600000,0x000000c4f9700000)]
  0x000002457666f800 JavaThread "AWT-Windows" daemon [_thread_in_native, id=9064, stack(0x000000c4f9a00000,0x000000c4f9b00000)]
  0x00000245738d1800 JavaThread "C2 CompilerThread1" daemon [_thread_blocked, id=40440, stack(0x000000c4f8600000,0x000000c4f8700000)]
  0x00000245738d6800 JavaThread "C2 CompilerThread2" daemon [_thread_blocked, id=40184, stack(0x000000c4f8800000,0x000000c4f8900000)]
  0x00000245738d5000 JavaThread "C2 CompilerThread3" daemon [_thread_in_native, id=20772, stack(0x000000c4f8e00000,0x000000c4f8f00000)]
  0x00000245738db800 JavaThread "C2 CompilerThread4" daemon [_thread_blocked, id=42372, stack(0x000000c4f9000000,0x000000c4f9100000)]
  0x00000245738dd000 JavaThread "C2 CompilerThread5" daemon [_thread_blocked, id=46016, stack(0x000000c4f9100000,0x000000c4f9200000)]
  0x00000245738da000 JavaThread "C2 CompilerThread6" daemon [_thread_blocked, id=40296, stack(0x000000c4f9200000,0x000000c4f9300000)]
  0x00000245738d9000 JavaThread "C1 CompilerThread1" daemon [_thread_blocked, id=38740, stack(0x000000c4f9400000,0x000000c4f9500000)]
  0x0000024576672000 JavaThread "C1 CompilerThread2" daemon [_thread_blocked, id=41124, stack(0x000000c4f9900000,0x000000c4f9a00000)]
  0x0000024576673000 JavaThread "Thread-346" daemon [_thread_blocked, id=35028, stack(0x000000c4f8a00000,0x000000c4f8b00000)]
  0x0000024576674800 JavaThread "C2 CompilerThread7" daemon [_thread_blocked, id=44916, stack(0x000000c4f8b00000,0x000000c4f8c00000)]
  0x0000024576675800 JavaThread "clojure-agent-send-off-pool-31" [_thread_blocked, id=2248, stack(0x000000c4f8c00000,0x000000c4f8d00000)]

Other Threads:
  0x0000024572352800 VMThread "VM Thread" [stack: 0x000000c4f3d00000,0x000000c4f3e00000] [id=30532]
  0x0000024572fd2800 WatcherThread [stack: 0x000000c4f5900000,0x000000c4f5a00000] [id=30048]
  0x000002454b2e3800 GCTaskThread "GC Thread#0" [stack: 0x000000c4f3800000,0x000000c4f3900000] [id=29828]
  0x0000024573ad4800 GCTaskThread "GC Thread#1" [stack: 0x000000c4f5400000,0x000000c4f5500000] [id=9420]
  0x0000024574530800 GCTaskThread "GC Thread#2" [stack: 0x000000c4f5500000,0x000000c4f5600000] [id=24948]
  0x00000245730f3000 GCTaskThread "GC Thread#3" [stack: 0x000000c4f5600000,0x000000c4f5700000] [id=10996]
  0x0000024573e78800 GCTaskThread "GC Thread#4" [stack: 0x000000c4f5700000,0x000000c4f5800000] [id=34676]
  0x00000245742cb000 GCTaskThread "GC Thread#5" [stack: 0x000000c4f5800000,0x000000c4f5900000] [id=16360]
  0x0000024574343800 GCTaskThread "GC Thread#6" [stack: 0x000000c4f4800000,0x000000c4f4900000] [id=17976]
  0x00000245738a9000 GCTaskThread "GC Thread#7" [stack: 0x000000c4f4900000,0x000000c4f4a00000] [id=8724]
  0x00000245738a9800 GCTaskThread "GC Thread#8" [stack: 0x000000c4f4d00000,0x000000c4f4e00000] [id=3024]
  0x00000245743ca000 GCTaskThread "GC Thread#9" [stack: 0x000000c4f5200000,0x000000c4f5300000] [id=3496]
  0x00000245743ca800 GCTaskThread "GC Thread#10" [stack: 0x000000c4f5300000,0x000000c4f5400000] [id=31440]
  0x000002457361e800 GCTaskThread "GC Thread#11" [stack: 0x000000c4f6c00000,0x000000c4f6d00000] [id=16120]
  0x000002457361f000 GCTaskThread "GC Thread#12" [stack: 0x000000c4f6d00000,0x000000c4f6e00000] [id=2412]
  0x000002454b345800 ConcurrentGCThread "G1 Main Marker" [stack: 0x000000c4f3900000,0x000000c4f3a00000] [id=12476]
  0x000002454b348000 ConcurrentGCThread "G1 Conc#0" [stack: 0x000000c4f3a00000,0x000000c4f3b00000] [id=16492]
  0x000002457245d800 ConcurrentGCThread "G1 Conc#1" [stack: 0x000000c4f6e00000,0x000000c4f6f00000] [id=16500]
  0x0000024573eeb000 ConcurrentGCThread "G1 Conc#2" [stack: 0x000000c4f6f00000,0x000000c4f7000000] [id=16688]
  0x0000024571118000 ConcurrentGCThread "G1 Refine#0" [stack: 0x000000c4f3b00000,0x000000c4f3c00000] [id=25780]
  0x000002457111b000 ConcurrentGCThread "G1 Young RemSet Sampling" [stack: 0x000000c4f3c00000,0x000000c4f3d00000] [id=33416]

Threads with active compile tasks:
C2 CompilerThread037604345 103503  s    4       java.util.Hashtable::put (104 bytes)
C1 CompilerThread037604345 103636       2       java.lang.invoke.MethodHandles::identity (87 bytes)
C2 CompilerThread137604345 103515       4       java.util.Objects::requireNonNull (14 bytes)
C2 CompilerThread237604345 103606       4       jdk.internal.org.objectweb.asm.ByteVector::putUTF8 (142 bytes)
C2 CompilerThread337604345 103471       4       jdk.internal.org.objectweb.asm.ClassWriter::visitMethod (20 bytes)
C2 CompilerThread437604345 103614       4       jdk.internal.org.objectweb.asm.Item::isEqualTo (354 bytes)
C2 CompilerThread537604345 103608       4       java.lang.StringLatin1::replace (196 bytes)
C2 CompilerThread637604345 103616       4       jdk.internal.org.objectweb.asm.ByteVector::put12 (64 bytes)
C1 CompilerThread137604346 103637       2       java.util.regex.Matcher::start (65 bytes)
C1 CompilerThread237604346 103635       2       java.lang.invoke.MethodHandles::constant (87 bytes)
C2 CompilerThread737604346 103615       4       java.lang.StringBuilder::append (8 bytes)

VM state:synchronizing (normal execution)

VM Mutex/Monitor currently owned by a thread:  ([mutex/lock_event])
[0x000002454b2c38a0] Threads_lock - owner thread: 0x0000024572352800
[0x000002454b2c3a50] EnhancedRedefineClasses_lock - owner thread: 0x0000024572995000
[0x000002454b2c3ed0] CompiledIC_lock - owner thread: 0x00000245723c6000

Heap address: 0x0000000700c00000, size: 4084 MB, Compressed Oops mode: Zero based, Oop shift amount: 3
Narrow klass base: 0x0000000800000000, Narrow klass shift: 0
Compressed class space size: 1073741824 Address: 0x0000000800000000

Heap:
 garbage-first heap   total 262144K, used 93206K [0x0000000700c00000, 0x0000000800000000)
  region size 1024K, 53 young (54272K), 3 survivors (3072K)
 Metaspace       used 80990K, capacity 86656K, committed 86912K, reserved 1122304K
  class space    used 12689K, capacity 14460K, committed 14464K, reserved 1048576K
Heap Regions: E=young(eden), S=young(survivor), O=old, HS=humongous(starts), HC=humongous(continues), CS=collection set, F=free, A=archive, TAMS=top-at-mark-start (previous, next)
|   0|0x0000000700c00000, 0x0000000700d00000, 0x0000000700d00000|100%|HS|  |TAMS 0x0000000700d00000, 0x0000000700c00000| Complete 
|   1|0x0000000700d00000, 0x0000000700e00000, 0x0000000700e00000|100%| O|  |TAMS 0x0000000700e00000, 0x0000000700d00000| Untracked 
|   2|0x0000000700e00000, 0x0000000700f00000, 0x0000000700f00000|100%|HS|  |TAMS 0x0000000700f00000, 0x0000000700e00000| Complete 
|   3|0x0000000700f00000, 0x0000000701000000, 0x0000000701000000|100%|HS|  |TAMS 0x0000000701000000, 0x0000000700f00000| Complete 
|   4|0x0000000701000000, 0x0000000701100000, 0x0000000701100000|100%|HC|  |TAMS 0x0000000701100000, 0x0000000701000000| Complete 
|   5|0x0000000701100000, 0x0000000701200000, 0x0000000701200000|100%| O|  |TAMS 0x0000000701200000, 0x0000000701100000| Untracked 
|   6|0x0000000701200000, 0x0000000701300000, 0x0000000701300000|100%| O|  |TAMS 0x0000000701300000, 0x0000000701200000| Untracked 
|   7|0x0000000701300000, 0x0000000701400000, 0x0000000701400000|100%| O|  |TAMS 0x0000000701400000, 0x0000000701300000| Untracked 
|   8|0x0000000701400000, 0x0000000701500000, 0x0000000701500000|100%| O|  |TAMS 0x0000000701500000, 0x0000000701400000| Untracked 
|   9|0x0000000701500000, 0x0000000701600000, 0x0000000701600000|100%| O|  |TAMS 0x0000000701600000, 0x0000000701500000| Untracked 
|  10|0x0000000701600000, 0x0000000701700000, 0x0000000701700000|100%| O|  |TAMS 0x0000000701700000, 0x0000000701600000| Untracked 
|  11|0x0000000701700000, 0x0000000701800000, 0x0000000701800000|100%| O|  |TAMS 0x0000000701800000, 0x0000000701700000| Untracked 
|  12|0x0000000701800000, 0x0000000701900000, 0x0000000701900000|100%| O|  |TAMS 0x0000000701900000, 0x0000000701800000| Untracked 
|  13|0x0000000701900000, 0x0000000701a00000, 0x0000000701a00000|100%| O|  |TAMS 0x0000000701a00000, 0x0000000701900000| Untracked 
|  14|0x0000000701a00000, 0x0000000701b00000, 0x0000000701b00000|100%| O|  |TAMS 0x0000000701b00000, 0x0000000701a00000| Untracked 
|  15|0x0000000701b00000, 0x0000000701c00000, 0x0000000701c00000|100%| O|  |TAMS 0x0000000701c00000, 0x0000000701b00000| Untracked 
|  16|0x0000000701c00000, 0x0000000701d00000, 0x0000000701d00000|100%| O|  |TAMS 0x0000000701d00000, 0x0000000701c00000| Untracked 
|  17|0x0000000701d00000, 0x0000000701e00000, 0x0000000701e00000|100%| O|  |TAMS 0x0000000701e00000, 0x0000000701d00000| Untracked 
|  18|0x0000000701e00000, 0x0000000701f00000, 0x0000000701f00000|100%| O|  |TAMS 0x0000000701e9a600, 0x0000000701e00000| Untracked 
|  19|0x0000000701f00000, 0x0000000702000000, 0x0000000702000000|100%| O|  |TAMS 0x0000000701f00000, 0x0000000701f00000| Untracked 
|  20|0x0000000702000000, 0x0000000702100000, 0x0000000702100000|100%| O|  |TAMS 0x0000000702000000, 0x0000000702000000| Untracked 
|  21|0x0000000702100000, 0x0000000702200000, 0x0000000702200000|100%| O|  |TAMS 0x0000000702100000, 0x0000000702100000| Untracked 
|  22|0x0000000702200000, 0x0000000702300000, 0x0000000702300000|100%| O|  |TAMS 0x0000000702200000, 0x0000000702200000| Untracked 
|  23|0x0000000702300000, 0x0000000702400000, 0x0000000702400000|100%| O|  |TAMS 0x0000000702300000, 0x0000000702300000| Untracked 
|  24|0x0000000702400000, 0x0000000702500000, 0x0000000702500000|100%| O|  |TAMS 0x0000000702400000, 0x0000000702400000| Untracked 
|  25|0x0000000702500000, 0x0000000702600000, 0x0000000702600000|100%| O|  |TAMS 0x0000000702500000, 0x0000000702500000| Untracked 
|  26|0x0000000702600000, 0x0000000702700000, 0x0000000702700000|100%| O|  |TAMS 0x0000000702600000, 0x0000000702600000| Untracked 
|  27|0x0000000702700000, 0x0000000702800000, 0x0000000702800000|100%| O|  |TAMS 0x0000000702700000, 0x0000000702700000| Untracked 
|  28|0x0000000702800000, 0x0000000702900000, 0x0000000702900000|100%| O|  |TAMS 0x0000000702800000, 0x0000000702800000| Untracked 
|  29|0x0000000702900000, 0x0000000702a00000, 0x0000000702a00000|100%| O|  |TAMS 0x0000000702900000, 0x0000000702900000| Untracked 
|  30|0x0000000702a00000, 0x0000000702b00000, 0x0000000702b00000|100%| O|  |TAMS 0x0000000702a00000, 0x0000000702a00000| Untracked 
|  31|0x0000000702b00000, 0x0000000702c00000, 0x0000000702c00000|100%| O|  |TAMS 0x0000000702b00000, 0x0000000702b00000| Untracked 
|  32|0x0000000702c00000, 0x0000000702d00000, 0x0000000702d00000|100%| O|  |TAMS 0x0000000702c00000, 0x0000000702c00000| Untracked 
|  33|0x0000000702d00000, 0x0000000702e00000, 0x0000000702e00000|100%| O|  |TAMS 0x0000000702d00000, 0x0000000702d00000| Untracked 
|  34|0x0000000702e00000, 0x0000000702f00000, 0x0000000702f00000|100%| O|  |TAMS 0x0000000702e00000, 0x0000000702e00000| Untracked 
|  35|0x0000000702f00000, 0x0000000703000000, 0x0000000703000000|100%| O|  |TAMS 0x0000000702f00000, 0x0000000702f00000| Untracked 
|  36|0x0000000703000000, 0x0000000703100000, 0x0000000703100000|100%| O|  |TAMS 0x0000000703000000, 0x0000000703000000| Untracked 
|  37|0x0000000703100000, 0x0000000703200000, 0x0000000703200000|100%| O|  |TAMS 0x0000000703100000, 0x0000000703100000| Untracked 
|  38|0x0000000703200000, 0x0000000703300000, 0x0000000703300000|100%| O|  |TAMS 0x0000000703200000, 0x0000000703200000| Untracked 
|  39|0x0000000703300000, 0x000000070332f600, 0x0000000703400000| 18%| O|  |TAMS 0x0000000703300000, 0x0000000703300000| Untracked 
|  40|0x0000000703400000, 0x0000000703400000, 0x0000000703500000|  0%| F|  |TAMS 0x0000000703400000, 0x0000000703400000| Untracked 
|  41|0x0000000703500000, 0x0000000703500000, 0x0000000703600000|  0%| F|  |TAMS 0x0000000703500000, 0x0000000703500000| Untracked 
|  42|0x0000000703600000, 0x0000000703600000, 0x0000000703700000|  0%| F|  |TAMS 0x0000000703600000, 0x0000000703600000| Untracked 
|  43|0x0000000703700000, 0x0000000703700000, 0x0000000703800000|  0%| F|  |TAMS 0x0000000703700000, 0x0000000703700000| Untracked 
|  44|0x0000000703800000, 0x0000000703800000, 0x0000000703900000|  0%| F|  |TAMS 0x0000000703800000, 0x0000000703800000| Untracked 
|  45|0x0000000703900000, 0x0000000703900000, 0x0000000703a00000|  0%| F|  |TAMS 0x0000000703900000, 0x0000000703900000| Untracked 
|  46|0x0000000703a00000, 0x0000000703a00000, 0x0000000703b00000|  0%| F|  |TAMS 0x0000000703a00000, 0x0000000703a00000| Untracked 
|  47|0x0000000703b00000, 0x0000000703b00000, 0x0000000703c00000|  0%| F|  |TAMS 0x0000000703b00000, 0x0000000703b00000| Untracked 
|  48|0x0000000703c00000, 0x0000000703c00000, 0x0000000703d00000|  0%| F|  |TAMS 0x0000000703c00000, 0x0000000703c00000| Untracked 
|  49|0x0000000703d00000, 0x0000000703d00000, 0x0000000703e00000|  0%| F|  |TAMS 0x0000000703d00000, 0x0000000703d00000| Untracked 
|  50|0x0000000703e00000, 0x0000000703e00000, 0x0000000703f00000|  0%| F|  |TAMS 0x0000000703e00000, 0x0000000703e00000| Untracked 
|  51|0x0000000703f00000, 0x0000000703f00000, 0x0000000704000000|  0%| F|  |TAMS 0x0000000703f00000, 0x0000000703f00000| Untracked 
|  52|0x0000000704000000, 0x0000000704000000, 0x0000000704100000|  0%| F|  |TAMS 0x0000000704000000, 0x0000000704000000| Untracked 
|  53|0x0000000704100000, 0x0000000704100000, 0x0000000704200000|  0%| F|  |TAMS 0x0000000704100000, 0x0000000704100000| Untracked 
|  54|0x0000000704200000, 0x0000000704200000, 0x0000000704300000|  0%| F|  |TAMS 0x0000000704200000, 0x0000000704200000| Untracked 
|  55|0x0000000704300000, 0x0000000704300000, 0x0000000704400000|  0%| F|  |TAMS 0x0000000704300000, 0x0000000704300000| Untracked 
|  56|0x0000000704400000, 0x0000000704400000, 0x0000000704500000|  0%| F|  |TAMS 0x0000000704400000, 0x0000000704400000| Untracked 
|  57|0x0000000704500000, 0x0000000704500000, 0x0000000704600000|  0%| F|  |TAMS 0x0000000704500000, 0x0000000704500000| Untracked 
|  58|0x0000000704600000, 0x0000000704600000, 0x0000000704700000|  0%| F|  |TAMS 0x0000000704600000, 0x0000000704600000| Untracked 
|  59|0x0000000704700000, 0x0000000704700000, 0x0000000704800000|  0%| F|  |TAMS 0x0000000704700000, 0x0000000704700000| Untracked 
|  60|0x0000000704800000, 0x0000000704800000, 0x0000000704900000|  0%| F|  |TAMS 0x0000000704800000, 0x0000000704800000| Untracked 
|  61|0x0000000704900000, 0x0000000704900000, 0x0000000704a00000|  0%| F|  |TAMS 0x0000000704900000, 0x0000000704900000| Untracked 
|  62|0x0000000704a00000, 0x0000000704a00000, 0x0000000704b00000|  0%| F|  |TAMS 0x0000000704a00000, 0x0000000704a00000| Untracked 
|  63|0x0000000704b00000, 0x0000000704b00000, 0x0000000704c00000|  0%| F|  |TAMS 0x0000000704b00000, 0x0000000704b00000| Untracked 
|  64|0x0000000704c00000, 0x0000000704c00000, 0x0000000704d00000|  0%| F|  |TAMS 0x0000000704c00000, 0x0000000704c00000| Untracked 
|  65|0x0000000704d00000, 0x0000000704d00000, 0x0000000704e00000|  0%| F|  |TAMS 0x0000000704d00000, 0x0000000704d00000| Untracked 
|  66|0x0000000704e00000, 0x0000000704e00000, 0x0000000704f00000|  0%| F|  |TAMS 0x0000000704e00000, 0x0000000704e00000| Untracked 
|  67|0x0000000704f00000, 0x0000000704f00000, 0x0000000705000000|  0%| F|  |TAMS 0x0000000704f00000, 0x0000000704f00000| Untracked 
|  68|0x0000000705000000, 0x0000000705000000, 0x0000000705100000|  0%| F|  |TAMS 0x0000000705000000, 0x0000000705000000| Untracked 
|  69|0x0000000705100000, 0x0000000705100000, 0x0000000705200000|  0%| F|  |TAMS 0x0000000705100000, 0x0000000705100000| Untracked 
|  70|0x0000000705200000, 0x0000000705200000, 0x0000000705300000|  0%| F|  |TAMS 0x0000000705200000, 0x0000000705200000| Untracked 
|  71|0x0000000705300000, 0x0000000705300000, 0x0000000705400000|  0%| F|  |TAMS 0x0000000705300000, 0x0000000705300000| Untracked 
|  72|0x0000000705400000, 0x0000000705400000, 0x0000000705500000|  0%| F|  |TAMS 0x0000000705400000, 0x0000000705400000| Untracked 
|  73|0x0000000705500000, 0x0000000705500000, 0x0000000705600000|  0%| F|  |TAMS 0x0000000705500000, 0x0000000705500000| Untracked 
|  74|0x0000000705600000, 0x0000000705600000, 0x0000000705700000|  0%| F|  |TAMS 0x0000000705600000, 0x0000000705600000| Untracked 
|  75|0x0000000705700000, 0x0000000705700000, 0x0000000705800000|  0%| F|  |TAMS 0x0000000705700000, 0x0000000705700000| Untracked 
|  76|0x0000000705800000, 0x0000000705800000, 0x0000000705900000|  0%| F|  |TAMS 0x0000000705800000, 0x0000000705800000| Untracked 
|  77|0x0000000705900000, 0x0000000705900000, 0x0000000705a00000|  0%| F|  |TAMS 0x0000000705900000, 0x0000000705900000| Untracked 
|  78|0x0000000705a00000, 0x0000000705a00000, 0x0000000705b00000|  0%| F|  |TAMS 0x0000000705a00000, 0x0000000705a00000| Untracked 
|  79|0x0000000705b00000, 0x0000000705b00000, 0x0000000705c00000|  0%| F|  |TAMS 0x0000000705b00000, 0x0000000705b00000| Untracked 
|  80|0x0000000705c00000, 0x0000000705c00000, 0x0000000705d00000|  0%| F|  |TAMS 0x0000000705c00000, 0x0000000705c00000| Untracked 
|  81|0x0000000705d00000, 0x0000000705d00000, 0x0000000705e00000|  0%| F|  |TAMS 0x0000000705d00000, 0x0000000705d00000| Untracked 
|  82|0x0000000705e00000, 0x0000000705e00000, 0x0000000705f00000|  0%| F|  |TAMS 0x0000000705e00000, 0x0000000705e00000| Untracked 
|  83|0x0000000705f00000, 0x0000000705f00000, 0x0000000706000000|  0%| F|  |TAMS 0x0000000705f00000, 0x0000000705f00000| Untracked 
|  84|0x0000000706000000, 0x0000000706000000, 0x0000000706100000|  0%| F|  |TAMS 0x0000000706000000, 0x0000000706000000| Untracked 
|  85|0x0000000706100000, 0x0000000706100000, 0x0000000706200000|  0%| F|  |TAMS 0x0000000706100000, 0x0000000706100000| Untracked 
|  86|0x0000000706200000, 0x0000000706200000, 0x0000000706300000|  0%| F|  |TAMS 0x0000000706200000, 0x0000000706200000| Untracked 
|  87|0x0000000706300000, 0x0000000706300000, 0x0000000706400000|  0%| F|  |TAMS 0x0000000706300000, 0x0000000706300000| Untracked 
|  88|0x0000000706400000, 0x0000000706400000, 0x0000000706500000|  0%| F|  |TAMS 0x0000000706400000, 0x0000000706400000| Untracked 
|  89|0x0000000706500000, 0x0000000706500000, 0x0000000706600000|  0%| F|  |TAMS 0x0000000706500000, 0x0000000706500000| Untracked 
|  90|0x0000000706600000, 0x0000000706600000, 0x0000000706700000|  0%| F|  |TAMS 0x0000000706600000, 0x0000000706600000| Untracked 
|  91|0x0000000706700000, 0x0000000706700000, 0x0000000706800000|  0%| F|  |TAMS 0x0000000706700000, 0x0000000706700000| Untracked 
|  92|0x0000000706800000, 0x0000000706800000, 0x0000000706900000|  0%| F|  |TAMS 0x0000000706800000, 0x0000000706800000| Untracked 
|  93|0x0000000706900000, 0x0000000706900000, 0x0000000706a00000|  0%| F|  |TAMS 0x0000000706900000, 0x0000000706900000| Untracked 
|  94|0x0000000706a00000, 0x0000000706a00000, 0x0000000706b00000|  0%| F|  |TAMS 0x0000000706a00000, 0x0000000706a00000| Untracked 
|  95|0x0000000706b00000, 0x0000000706b00000, 0x0000000706c00000|  0%| F|  |TAMS 0x0000000706b00000, 0x0000000706b00000| Untracked 
|  96|0x0000000706c00000, 0x0000000706c00000, 0x0000000706d00000|  0%| F|  |TAMS 0x0000000706c00000, 0x0000000706c00000| Untracked 
|  97|0x0000000706d00000, 0x0000000706d00000, 0x0000000706e00000|  0%| F|  |TAMS 0x0000000706d00000, 0x0000000706d00000| Untracked 
|  98|0x0000000706e00000, 0x0000000706e00000, 0x0000000706f00000|  0%| F|  |TAMS 0x0000000706e00000, 0x0000000706e00000| Untracked 
|  99|0x0000000706f00000, 0x0000000706f00000, 0x0000000707000000|  0%| F|  |TAMS 0x0000000706f00000, 0x0000000706f00000| Untracked 
| 100|0x0000000707000000, 0x0000000707000000, 0x0000000707100000|  0%| F|  |TAMS 0x0000000707000000, 0x0000000707000000| Untracked 
| 101|0x0000000707100000, 0x0000000707100000, 0x0000000707200000|  0%| F|  |TAMS 0x0000000707100000, 0x0000000707100000| Untracked 
| 102|0x0000000707200000, 0x0000000707200000, 0x0000000707300000|  0%| F|  |TAMS 0x0000000707200000, 0x0000000707200000| Untracked 
| 103|0x0000000707300000, 0x00000007073d6540, 0x0000000707400000| 83%| S|CS|TAMS 0x0000000707300000, 0x0000000707300000| Complete 
| 104|0x0000000707400000, 0x0000000707500000, 0x0000000707500000|100%| S|CS|TAMS 0x0000000707400000, 0x0000000707400000| Complete 
| 105|0x0000000707500000, 0x0000000707600000, 0x0000000707600000|100%| S|CS|TAMS 0x0000000707500000, 0x0000000707500000| Complete 
| 106|0x0000000707600000, 0x0000000707600000, 0x0000000707700000|  0%| F|  |TAMS 0x0000000707600000, 0x0000000707600000| Untracked 
| 107|0x0000000707700000, 0x0000000707700000, 0x0000000707800000|  0%| F|  |TAMS 0x0000000707700000, 0x0000000707700000| Untracked 
| 108|0x0000000707800000, 0x0000000707800000, 0x0000000707900000|  0%| F|  |TAMS 0x0000000707800000, 0x0000000707800000| Untracked 
| 109|0x0000000707900000, 0x0000000707900000, 0x0000000707a00000|  0%| F|  |TAMS 0x0000000707900000, 0x0000000707900000| Untracked 
| 110|0x0000000707a00000, 0x0000000707a00000, 0x0000000707b00000|  0%| F|  |TAMS 0x0000000707a00000, 0x0000000707a00000| Untracked 
| 111|0x0000000707b00000, 0x0000000707b00000, 0x0000000707c00000|  0%| F|  |TAMS 0x0000000707b00000, 0x0000000707b00000| Untracked 
| 112|0x0000000707c00000, 0x0000000707c00000, 0x0000000707d00000|  0%| F|  |TAMS 0x0000000707c00000, 0x0000000707c00000| Untracked 
| 113|0x0000000707d00000, 0x0000000707d00000, 0x0000000707e00000|  0%| F|  |TAMS 0x0000000707d00000, 0x0000000707d00000| Untracked 
| 114|0x0000000707e00000, 0x0000000707e00000, 0x0000000707f00000|  0%| F|  |TAMS 0x0000000707e00000, 0x0000000707e00000| Untracked 
| 115|0x0000000707f00000, 0x0000000707f00000, 0x0000000708000000|  0%| F|  |TAMS 0x0000000707f00000, 0x0000000707f00000| Untracked 
| 116|0x0000000708000000, 0x0000000708000000, 0x0000000708100000|  0%| F|  |TAMS 0x0000000708000000, 0x0000000708000000| Untracked 
| 117|0x0000000708100000, 0x0000000708100000, 0x0000000708200000|  0%| F|  |TAMS 0x0000000708100000, 0x0000000708100000| Untracked 
| 118|0x0000000708200000, 0x0000000708200000, 0x0000000708300000|  0%| F|  |TAMS 0x0000000708200000, 0x0000000708200000| Untracked 
| 119|0x0000000708300000, 0x0000000708300000, 0x0000000708400000|  0%| F|  |TAMS 0x0000000708300000, 0x0000000708300000| Untracked 
| 120|0x0000000708400000, 0x0000000708400000, 0x0000000708500000|  0%| F|  |TAMS 0x0000000708400000, 0x0000000708400000| Untracked 
| 121|0x0000000708500000, 0x0000000708500000, 0x0000000708600000|  0%| F|  |TAMS 0x0000000708500000, 0x0000000708500000| Untracked 
| 122|0x0000000708600000, 0x0000000708600000, 0x0000000708700000|  0%| F|  |TAMS 0x0000000708600000, 0x0000000708600000| Untracked 
| 123|0x0000000708700000, 0x0000000708700000, 0x0000000708800000|  0%| F|  |TAMS 0x0000000708700000, 0x0000000708700000| Untracked 
| 124|0x0000000708800000, 0x0000000708800000, 0x0000000708900000|  0%| F|  |TAMS 0x0000000708800000, 0x0000000708800000| Untracked 
| 125|0x0000000708900000, 0x0000000708900000, 0x0000000708a00000|  0%| F|  |TAMS 0x0000000708900000, 0x0000000708900000| Untracked 
| 126|0x0000000708a00000, 0x0000000708a00000, 0x0000000708b00000|  0%| F|  |TAMS 0x0000000708a00000, 0x0000000708a00000| Untracked 
| 127|0x0000000708b00000, 0x0000000708b00000, 0x0000000708c00000|  0%| F|  |TAMS 0x0000000708b00000, 0x0000000708b00000| Untracked 
| 128|0x0000000708c00000, 0x0000000708c00000, 0x0000000708d00000|  0%| F|  |TAMS 0x0000000708c00000, 0x0000000708c00000| Untracked 
| 129|0x0000000708d00000, 0x0000000708d00000, 0x0000000708e00000|  0%| F|  |TAMS 0x0000000708d00000, 0x0000000708d00000| Untracked 
| 130|0x0000000708e00000, 0x0000000708e00000, 0x0000000708f00000|  0%| F|  |TAMS 0x0000000708e00000, 0x0000000708e00000| Untracked 
| 131|0x0000000708f00000, 0x0000000708f00000, 0x0000000709000000|  0%| F|  |TAMS 0x0000000708f00000, 0x0000000708f00000| Untracked 
| 132|0x0000000709000000, 0x0000000709000000, 0x0000000709100000|  0%| F|  |TAMS 0x0000000709000000, 0x0000000709000000| Untracked 
| 133|0x0000000709100000, 0x0000000709100000, 0x0000000709200000|  0%| F|  |TAMS 0x0000000709100000, 0x0000000709100000| Untracked 
| 134|0x0000000709200000, 0x0000000709200000, 0x0000000709300000|  0%| F|  |TAMS 0x0000000709200000, 0x0000000709200000| Untracked 
| 135|0x0000000709300000, 0x0000000709300000, 0x0000000709400000|  0%| F|  |TAMS 0x0000000709300000, 0x0000000709300000| Untracked 
| 136|0x0000000709400000, 0x0000000709400000, 0x0000000709500000|  0%| F|  |TAMS 0x0000000709400000, 0x0000000709400000| Untracked 
| 137|0x0000000709500000, 0x0000000709500000, 0x0000000709600000|  0%| F|  |TAMS 0x0000000709500000, 0x0000000709500000| Untracked 
| 138|0x0000000709600000, 0x0000000709600000, 0x0000000709700000|  0%| F|  |TAMS 0x0000000709600000, 0x0000000709600000| Untracked 
| 139|0x0000000709700000, 0x0000000709700000, 0x0000000709800000|  0%| F|  |TAMS 0x0000000709700000, 0x0000000709700000| Untracked 
| 140|0x0000000709800000, 0x0000000709800000, 0x0000000709900000|  0%| F|  |TAMS 0x0000000709800000, 0x0000000709800000| Untracked 
| 141|0x0000000709900000, 0x0000000709900000, 0x0000000709a00000|  0%| F|  |TAMS 0x0000000709900000, 0x0000000709900000| Untracked 
| 142|0x0000000709a00000, 0x0000000709a00000, 0x0000000709b00000|  0%| F|  |TAMS 0x0000000709a00000, 0x0000000709a00000| Untracked 
| 143|0x0000000709b00000, 0x0000000709b00000, 0x0000000709c00000|  0%| F|  |TAMS 0x0000000709b00000, 0x0000000709b00000| Untracked 
| 144|0x0000000709c00000, 0x0000000709c00000, 0x0000000709d00000|  0%| F|  |TAMS 0x0000000709c00000, 0x0000000709c00000| Untracked 
| 145|0x0000000709d00000, 0x0000000709d00000, 0x0000000709e00000|  0%| F|  |TAMS 0x0000000709d00000, 0x0000000709d00000| Untracked 
| 146|0x0000000709e00000, 0x0000000709e00000, 0x0000000709f00000|  0%| F|  |TAMS 0x0000000709e00000, 0x0000000709e00000| Untracked 
| 147|0x0000000709f00000, 0x0000000709f00000, 0x000000070a000000|  0%| F|  |TAMS 0x0000000709f00000, 0x0000000709f00000| Untracked 
| 148|0x000000070a000000, 0x000000070a000000, 0x000000070a100000|  0%| F|  |TAMS 0x000000070a000000, 0x000000070a000000| Untracked 
| 149|0x000000070a100000, 0x000000070a100000, 0x000000070a200000|  0%| F|  |TAMS 0x000000070a100000, 0x000000070a100000| Untracked 
| 150|0x000000070a200000, 0x000000070a200000, 0x000000070a300000|  0%| F|  |TAMS 0x000000070a200000, 0x000000070a200000| Untracked 
| 151|0x000000070a300000, 0x000000070a300000, 0x000000070a400000|  0%| F|  |TAMS 0x000000070a300000, 0x000000070a300000| Untracked 
| 152|0x000000070a400000, 0x000000070a400000, 0x000000070a500000|  0%| F|  |TAMS 0x000000070a400000, 0x000000070a400000| Untracked 
| 153|0x000000070a500000, 0x000000070a500000, 0x000000070a600000|  0%| F|  |TAMS 0x000000070a500000, 0x000000070a500000| Untracked 
| 154|0x000000070a600000, 0x000000070a600000, 0x000000070a700000|  0%| F|  |TAMS 0x000000070a600000, 0x000000070a600000| Untracked 
| 155|0x000000070a700000, 0x000000070a700000, 0x000000070a800000|  0%| F|  |TAMS 0x000000070a700000, 0x000000070a700000| Untracked 
| 156|0x000000070a800000, 0x000000070a800000, 0x000000070a900000|  0%| F|  |TAMS 0x000000070a800000, 0x000000070a800000| Untracked 
| 157|0x000000070a900000, 0x000000070a900000, 0x000000070aa00000|  0%| F|  |TAMS 0x000000070a900000, 0x000000070a900000| Untracked 
| 158|0x000000070aa00000, 0x000000070aa00000, 0x000000070ab00000|  0%| F|  |TAMS 0x000000070aa00000, 0x000000070aa00000| Untracked 
| 159|0x000000070ab00000, 0x000000070ab00000, 0x000000070ac00000|  0%| F|  |TAMS 0x000000070ab00000, 0x000000070ab00000| Untracked 
| 160|0x000000070ac00000, 0x000000070ac00000, 0x000000070ad00000|  0%| F|  |TAMS 0x000000070ac00000, 0x000000070ac00000| Untracked 
| 161|0x000000070ad00000, 0x000000070ad00000, 0x000000070ae00000|  0%| F|  |TAMS 0x000000070ad00000, 0x000000070ad00000| Untracked 
| 162|0x000000070ae00000, 0x000000070ae00000, 0x000000070af00000|  0%| F|  |TAMS 0x000000070ae00000, 0x000000070ae00000| Untracked 
| 163|0x000000070af00000, 0x000000070af00000, 0x000000070b000000|  0%| F|  |TAMS 0x000000070af00000, 0x000000070af00000| Untracked 
| 164|0x000000070b000000, 0x000000070b000000, 0x000000070b100000|  0%| F|  |TAMS 0x000000070b000000, 0x000000070b000000| Untracked 
| 165|0x000000070b100000, 0x000000070b100000, 0x000000070b200000|  0%| F|  |TAMS 0x000000070b100000, 0x000000070b100000| Untracked 
| 166|0x000000070b200000, 0x000000070b200000, 0x000000070b300000|  0%| F|  |TAMS 0x000000070b200000, 0x000000070b200000| Untracked 
| 167|0x000000070b300000, 0x000000070b300000, 0x000000070b400000|  0%| F|  |TAMS 0x000000070b300000, 0x000000070b300000| Untracked 
| 168|0x000000070b400000, 0x000000070b400000, 0x000000070b500000|  0%| F|  |TAMS 0x000000070b400000, 0x000000070b400000| Untracked 
| 169|0x000000070b500000, 0x000000070b500000, 0x000000070b600000|  0%| F|  |TAMS 0x000000070b500000, 0x000000070b500000| Untracked 
| 170|0x000000070b600000, 0x000000070b600000, 0x000000070b700000|  0%| F|  |TAMS 0x000000070b600000, 0x000000070b600000| Untracked 
| 171|0x000000070b700000, 0x000000070b700000, 0x000000070b800000|  0%| F|  |TAMS 0x000000070b700000, 0x000000070b700000| Untracked 
| 172|0x000000070b800000, 0x000000070b800000, 0x000000070b900000|  0%| F|  |TAMS 0x000000070b800000, 0x000000070b800000| Untracked 
| 173|0x000000070b900000, 0x000000070b900000, 0x000000070ba00000|  0%| F|  |TAMS 0x000000070b900000, 0x000000070b900000| Untracked 
| 174|0x000000070ba00000, 0x000000070ba00000, 0x000000070bb00000|  0%| F|  |TAMS 0x000000070ba00000, 0x000000070ba00000| Untracked 
| 175|0x000000070bb00000, 0x000000070bb00000, 0x000000070bc00000|  0%| F|  |TAMS 0x000000070bb00000, 0x000000070bb00000| Untracked 
| 176|0x000000070bc00000, 0x000000070bc00000, 0x000000070bd00000|  0%| F|  |TAMS 0x000000070bc00000, 0x000000070bc00000| Untracked 
| 177|0x000000070bd00000, 0x000000070bd00000, 0x000000070be00000|  0%| F|  |TAMS 0x000000070bd00000, 0x000000070bd00000| Untracked 
| 178|0x000000070be00000, 0x000000070be00000, 0x000000070bf00000|  0%| F|  |TAMS 0x000000070be00000, 0x000000070be00000| Untracked 
| 179|0x000000070bf00000, 0x000000070bf00000, 0x000000070c000000|  0%| F|  |TAMS 0x000000070bf00000, 0x000000070bf00000| Untracked 
| 180|0x000000070c000000, 0x000000070c000000, 0x000000070c100000|  0%| F|  |TAMS 0x000000070c000000, 0x000000070c000000| Untracked 
| 181|0x000000070c100000, 0x000000070c100000, 0x000000070c200000|  0%| F|  |TAMS 0x000000070c100000, 0x000000070c100000| Untracked 
| 182|0x000000070c200000, 0x000000070c200000, 0x000000070c300000|  0%| F|  |TAMS 0x000000070c200000, 0x000000070c200000| Untracked 
| 183|0x000000070c300000, 0x000000070c300000, 0x000000070c400000|  0%| F|  |TAMS 0x000000070c300000, 0x000000070c300000| Untracked 
| 184|0x000000070c400000, 0x000000070c400000, 0x000000070c500000|  0%| F|  |TAMS 0x000000070c400000, 0x000000070c400000| Untracked 
| 185|0x000000070c500000, 0x000000070c500000, 0x000000070c600000|  0%| F|  |TAMS 0x000000070c500000, 0x000000070c500000| Untracked 
| 186|0x000000070c600000, 0x000000070c600000, 0x000000070c700000|  0%| F|  |TAMS 0x000000070c600000, 0x000000070c600000| Untracked 
| 187|0x000000070c700000, 0x000000070c700000, 0x000000070c800000|  0%| F|  |TAMS 0x000000070c700000, 0x000000070c700000| Untracked 
| 188|0x000000070c800000, 0x000000070c800000, 0x000000070c900000|  0%| F|  |TAMS 0x000000070c800000, 0x000000070c800000| Untracked 
| 189|0x000000070c900000, 0x000000070c900000, 0x000000070ca00000|  0%| F|  |TAMS 0x000000070c900000, 0x000000070c900000| Untracked 
| 190|0x000000070ca00000, 0x000000070ca00000, 0x000000070cb00000|  0%| F|  |TAMS 0x000000070ca00000, 0x000000070ca00000| Untracked 
| 191|0x000000070cb00000, 0x000000070cb00000, 0x000000070cc00000|  0%| F|  |TAMS 0x000000070cb00000, 0x000000070cb00000| Untracked 
| 192|0x000000070cc00000, 0x000000070cc00000, 0x000000070cd00000|  0%| F|  |TAMS 0x000000070cc00000, 0x000000070cc00000| Untracked 
| 193|0x000000070cd00000, 0x000000070cd00000, 0x000000070ce00000|  0%| F|  |TAMS 0x000000070cd00000, 0x000000070cd00000| Untracked 
| 194|0x000000070ce00000, 0x000000070ce00000, 0x000000070cf00000|  0%| F|  |TAMS 0x000000070ce00000, 0x000000070ce00000| Untracked 
| 195|0x000000070cf00000, 0x000000070cf00000, 0x000000070d000000|  0%| F|  |TAMS 0x000000070cf00000, 0x000000070cf00000| Untracked 
| 196|0x000000070d000000, 0x000000070d000000, 0x000000070d100000|  0%| F|  |TAMS 0x000000070d000000, 0x000000070d000000| Untracked 
| 197|0x000000070d100000, 0x000000070d100000, 0x000000070d200000|  0%| F|  |TAMS 0x000000070d100000, 0x000000070d100000| Untracked 
| 198|0x000000070d200000, 0x000000070d200000, 0x000000070d300000|  0%| F|  |TAMS 0x000000070d200000, 0x000000070d200000| Untracked 
| 199|0x000000070d300000, 0x000000070d300000, 0x000000070d400000|  0%| F|  |TAMS 0x000000070d300000, 0x000000070d300000| Untracked 
| 200|0x000000070d400000, 0x000000070d400000, 0x000000070d500000|  0%| F|  |TAMS 0x000000070d400000, 0x000000070d400000| Untracked 
| 201|0x000000070d500000, 0x000000070d500000, 0x000000070d600000|  0%| F|  |TAMS 0x000000070d500000, 0x000000070d500000| Untracked 
| 202|0x000000070d600000, 0x000000070d600000, 0x000000070d700000|  0%| F|  |TAMS 0x000000070d600000, 0x000000070d600000| Untracked 
| 203|0x000000070d700000, 0x000000070d700000, 0x000000070d800000|  0%| F|  |TAMS 0x000000070d700000, 0x000000070d700000| Untracked 
| 204|0x000000070d800000, 0x000000070d800000, 0x000000070d900000|  0%| F|  |TAMS 0x000000070d800000, 0x000000070d800000| Untracked 
| 205|0x000000070d900000, 0x000000070d900000, 0x000000070da00000|  0%| F|  |TAMS 0x000000070d900000, 0x000000070d900000| Untracked 
| 206|0x000000070da00000, 0x000000070da1cf70, 0x000000070db00000| 11%| E|  |TAMS 0x000000070da00000, 0x000000070da00000| Complete 
| 207|0x000000070db00000, 0x000000070dc00000, 0x000000070dc00000|100%| E|CS|TAMS 0x000000070db00000, 0x000000070db00000| Complete 
| 208|0x000000070dc00000, 0x000000070dd00000, 0x000000070dd00000|100%| E|CS|TAMS 0x000000070dc00000, 0x000000070dc00000| Complete 
| 209|0x000000070dd00000, 0x000000070de00000, 0x000000070de00000|100%| E|CS|TAMS 0x000000070dd00000, 0x000000070dd00000| Complete 
| 210|0x000000070de00000, 0x000000070df00000, 0x000000070df00000|100%| E|CS|TAMS 0x000000070de00000, 0x000000070de00000| Complete 
| 211|0x000000070df00000, 0x000000070e000000, 0x000000070e000000|100%| E|CS|TAMS 0x000000070df00000, 0x000000070df00000| Complete 
| 212|0x000000070e000000, 0x000000070e100000, 0x000000070e100000|100%| E|CS|TAMS 0x000000070e000000, 0x000000070e000000| Complete 
| 213|0x000000070e100000, 0x000000070e200000, 0x000000070e200000|100%| E|CS|TAMS 0x000000070e100000, 0x000000070e100000| Complete 
| 214|0x000000070e200000, 0x000000070e300000, 0x000000070e300000|100%| E|CS|TAMS 0x000000070e200000, 0x000000070e200000| Complete 
| 215|0x000000070e300000, 0x000000070e400000, 0x000000070e400000|100%| E|CS|TAMS 0x000000070e300000, 0x000000070e300000| Complete 
| 216|0x000000070e400000, 0x000000070e500000, 0x000000070e500000|100%| E|CS|TAMS 0x000000070e400000, 0x000000070e400000| Complete 
| 217|0x000000070e500000, 0x000000070e600000, 0x000000070e600000|100%| E|CS|TAMS 0x000000070e500000, 0x000000070e500000| Complete 
| 218|0x000000070e600000, 0x000000070e700000, 0x000000070e700000|100%| E|CS|TAMS 0x000000070e600000, 0x000000070e600000| Complete 
| 219|0x000000070e700000, 0x000000070e800000, 0x000000070e800000|100%| E|CS|TAMS 0x000000070e700000, 0x000000070e700000| Complete 
| 220|0x000000070e800000, 0x000000070e900000, 0x000000070e900000|100%| E|CS|TAMS 0x000000070e800000, 0x000000070e800000| Complete 
| 221|0x000000070e900000, 0x000000070ea00000, 0x000000070ea00000|100%| E|CS|TAMS 0x000000070e900000, 0x000000070e900000| Complete 
| 222|0x000000070ea00000, 0x000000070eb00000, 0x000000070eb00000|100%| E|CS|TAMS 0x000000070ea00000, 0x000000070ea00000| Complete 
| 223|0x000000070eb00000, 0x000000070ec00000, 0x000000070ec00000|100%| E|CS|TAMS 0x000000070eb00000, 0x000000070eb00000| Complete 
| 224|0x000000070ec00000, 0x000000070ed00000, 0x000000070ed00000|100%| E|CS|TAMS 0x000000070ec00000, 0x000000070ec00000| Complete 
| 225|0x000000070ed00000, 0x000000070ee00000, 0x000000070ee00000|100%| E|CS|TAMS 0x000000070ed00000, 0x000000070ed00000| Complete 
| 226|0x000000070ee00000, 0x000000070ef00000, 0x000000070ef00000|100%| E|CS|TAMS 0x000000070ee00000, 0x000000070ee00000| Complete 
| 227|0x000000070ef00000, 0x000000070f000000, 0x000000070f000000|100%| E|CS|TAMS 0x000000070ef00000, 0x000000070ef00000| Complete 
| 228|0x000000070f000000, 0x000000070f100000, 0x000000070f100000|100%| E|CS|TAMS 0x000000070f000000, 0x000000070f000000| Complete 
| 229|0x000000070f100000, 0x000000070f200000, 0x000000070f200000|100%| E|CS|TAMS 0x000000070f100000, 0x000000070f100000| Complete 
| 230|0x000000070f200000, 0x000000070f300000, 0x000000070f300000|100%| E|CS|TAMS 0x000000070f200000, 0x000000070f200000| Complete 
| 231|0x000000070f300000, 0x000000070f400000, 0x000000070f400000|100%| E|CS|TAMS 0x000000070f300000, 0x000000070f300000| Complete 
| 232|0x000000070f400000, 0x000000070f500000, 0x000000070f500000|100%| E|CS|TAMS 0x000000070f400000, 0x000000070f400000| Complete 
| 233|0x000000070f500000, 0x000000070f600000, 0x000000070f600000|100%| E|CS|TAMS 0x000000070f500000, 0x000000070f500000| Complete 
| 234|0x000000070f600000, 0x000000070f700000, 0x000000070f700000|100%| E|CS|TAMS 0x000000070f600000, 0x000000070f600000| Complete 
| 235|0x000000070f700000, 0x000000070f800000, 0x000000070f800000|100%| E|CS|TAMS 0x000000070f700000, 0x000000070f700000| Complete 
| 236|0x000000070f800000, 0x000000070f900000, 0x000000070f900000|100%| E|CS|TAMS 0x000000070f800000, 0x000000070f800000| Complete 
| 237|0x000000070f900000, 0x000000070fa00000, 0x000000070fa00000|100%| E|CS|TAMS 0x000000070f900000, 0x000000070f900000| Complete 
| 238|0x000000070fa00000, 0x000000070fb00000, 0x000000070fb00000|100%| E|CS|TAMS 0x000000070fa00000, 0x000000070fa00000| Complete 
| 239|0x000000070fb00000, 0x000000070fc00000, 0x000000070fc00000|100%| E|CS|TAMS 0x000000070fb00000, 0x000000070fb00000| Complete 
| 240|0x000000070fc00000, 0x000000070fd00000, 0x000000070fd00000|100%| E|CS|TAMS 0x000000070fc00000, 0x000000070fc00000| Complete 
| 241|0x000000070fd00000, 0x000000070fe00000, 0x000000070fe00000|100%| E|CS|TAMS 0x000000070fd00000, 0x000000070fd00000| Complete 
| 242|0x000000070fe00000, 0x000000070ff00000, 0x000000070ff00000|100%| E|CS|TAMS 0x000000070fe00000, 0x000000070fe00000| Complete 
| 243|0x000000070ff00000, 0x0000000710000000, 0x0000000710000000|100%| E|CS|TAMS 0x000000070ff00000, 0x000000070ff00000| Complete 
| 244|0x0000000710000000, 0x0000000710100000, 0x0000000710100000|100%| E|CS|TAMS 0x0000000710000000, 0x0000000710000000| Complete 
| 245|0x0000000710100000, 0x0000000710200000, 0x0000000710200000|100%| E|CS|TAMS 0x0000000710100000, 0x0000000710100000| Complete 
| 246|0x0000000710200000, 0x0000000710300000, 0x0000000710300000|100%| E|CS|TAMS 0x0000000710200000, 0x0000000710200000| Complete 
| 247|0x0000000710300000, 0x0000000710400000, 0x0000000710400000|100%| E|CS|TAMS 0x0000000710300000, 0x0000000710300000| Complete 
| 248|0x0000000710400000, 0x0000000710500000, 0x0000000710500000|100%| E|CS|TAMS 0x0000000710400000, 0x0000000710400000| Complete 
| 249|0x0000000710500000, 0x0000000710600000, 0x0000000710600000|100%| E|CS|TAMS 0x0000000710500000, 0x0000000710500000| Complete 
| 250|0x0000000710600000, 0x0000000710700000, 0x0000000710700000|100%| E|CS|TAMS 0x0000000710600000, 0x0000000710600000| Complete 
| 251|0x0000000710700000, 0x0000000710800000, 0x0000000710800000|100%| E|CS|TAMS 0x0000000710700000, 0x0000000710700000| Complete 
| 252|0x0000000710800000, 0x0000000710900000, 0x0000000710900000|100%| E|CS|TAMS 0x0000000710800000, 0x0000000710800000| Complete 
| 253|0x0000000710900000, 0x0000000710a00000, 0x0000000710a00000|100%| E|CS|TAMS 0x0000000710900000, 0x0000000710900000| Complete 
| 254|0x0000000710a00000, 0x0000000710b00000, 0x0000000710b00000|100%| E|CS|TAMS 0x0000000710a00000, 0x0000000710a00000| Complete 
| 255|0x0000000710b00000, 0x0000000710c00000, 0x0000000710c00000|100%| E|CS|TAMS 0x0000000710b00000, 0x0000000710b00000| Complete 

Card table byte_map: [0x0000024565960000,0x0000024566160000] _byte_map_base: 0x000002456215a000

Marking Bits (Prev, Next): (CMBitMap*) 0x000002454b334f70, (CMBitMap*) 0x000002454b334f38
 Prev Bits: [0x000002456a930000, 0x000002456e900000)
 Next Bits: [0x0000024566960000, 0x000002456a930000)

Polling page: 0x000002454b390000

Metaspace:

Usage:
  Non-class:     70.50 MB capacity,    66.70 MB ( 95%) used,     3.23 MB (  5%) free+waste,   585.44 KB ( <1%) overhead. 
      Class:     14.12 MB capacity,    12.39 MB ( 88%) used,     1.45 MB ( 10%) free+waste,   282.31 KB (  2%) overhead. 
       Both:     84.63 MB capacity,    79.09 MB ( 93%) used,     4.69 MB (  6%) free+waste,   867.75 KB (  1%) overhead. 

Virtual space:
  Non-class space:       72.00 MB reserved,      70.75 MB ( 98%) committed 
      Class space:        1.00 GB reserved,      14.13 MB (  1%) committed 
             Both:        1.07 GB reserved,      84.88 MB (  8%) committed 

Chunk freelists:
   Non-Class:  0 bytes
       Class:  0 bytes
        Both:  0 bytes

MaxMetaspaceSize: 17179869184.00 GB
CompressedClassSpaceSize: 1.00 GB

CodeHeap 'non-profiled nmethods': size=119168Kb used=8964Kb max_used=14373Kb free=110203Kb
 bounds [0x000002455cd50000, 0x000002455db70000, 0x00000245641b0000]
CodeHeap 'profiled nmethods': size=119168Kb used=6838Kb max_used=15295Kb free=112329Kb
 bounds [0x00000245558f0000, 0x00000245567f0000, 0x000002455cd50000]
CodeHeap 'non-nmethods': size=7424Kb used=2509Kb max_used=3240Kb free=4915Kb
 bounds [0x00000245551b0000, 0x0000024555520000, 0x00000245558f0000]
 total_blobs=6597 nmethods=5896 adapters=618
 compilation: enabled
              stopped_count=0, restarted_count=0
 full_count=0

Compilation events (20 events):
Event: 37604.294 Thread 0x00000245723c3000 103586       2       java.lang.invoke.MethodType::equals (31 bytes)
Event: 37604.294 Thread 0x0000024576672000 103587       2       java.lang.Module::allows (60 bytes)
Event: 37604.295 Thread 0x00000245738db800 nmethod 103556% 0x000002455cd69610 code [0x000002455cd697c0, 0x000002455cd69a58]
Event: 37604.295 Thread 0x00000245723c3000 nmethod 103586 0x00000245562f4c10 code [0x00000245562f4dc0, 0x00000245562f4f28]
Event: 37604.295 Thread 0x00000245738db800 103578       4       java.util.regex.Pattern$$Lambda$25/0x00000008000ae440::is (13 bytes)
Event: 37604.295 Thread 0x00000245738d9000 103588       2       java.lang.invoke.BootstrapMethodInvoker::maybeReBox (28 bytes)
Event: 37604.295 Thread 0x0000024576672000 nmethod 103587 0x00000245562f4690 code [0x00000245562f4880, 0x00000245562f4ac8]
Event: 37604.295 Thread 0x00000245738d9000 nmethod 103588 0x00000245562f4110 code [0x00000245562f42c0, 0x00000245562f44f8]
Event: 37604.295 Thread 0x00000245738db800 nmethod 103578 0x000002455cd61c10 code [0x000002455cd61da0, 0x000002455cd61e18]
Event: 37604.295 Thread 0x00000245738db800 103579       4       java.util.regex.Pattern::lambda$Range$11 (7 bytes)
Event: 37604.296 Thread 0x00000245738db800 nmethod 103579 0x000002455cd67110 code [0x000002455cd672a0, 0x000002455cd672f8]
Event: 37604.296 Thread 0x00000245738db800 103580       4       java.util.regex.Pattern::inRange (16 bytes)
Event: 37604.296 Thread 0x00000245738db800 nmethod 103580 0x000002455cd69390 code [0x000002455cd69520, 0x000002455cd69578]
Event: 37604.296 Thread 0x00000245738db800 103577       4       java.util.regex.Pattern$BmpCharPredicate::lambda$union$2 (26 bytes)
Event: 37604.296 Thread 0x00000245738d6800 nmethod 103531% 0x000002455cd6c110 code [0x000002455cd6c2c0, 0x000002455cd6c818]
Event: 37604.296 Thread 0x00000245738d9000 103595 %     2       java.lang.Class::copyMethods @ 12 (36 bytes)
Event: 37604.296 Thread 0x00000245738d6800 103582       4       java.lang.String::equals (65 bytes)
Event: 37604.296 Thread 0x0000024576674800 nmethod 103561 0x000002455cd6bc90 code [0x000002455cd6be20, 0x000002455cd6bff8]
Event: 37604.297 Thread 0x0000024576674800 103590       4       jdk.internal.org.objectweb.asm.ByteVector::putByte (39 bytes)
Event: 37604.297 Thread 0x00000245738d9000 nmethod 103595% 0x00000245558fdc90 code [0x00000245558fdea0, 0x00000245558fe4b8]

GC Heap History (20 events):
Event: 32101.685 GC heap before
{Heap before GC invocations=65 (full 0):
 garbage-first heap   total 262144K, used 194274K [0x0000000700c00000, 0x0000000800000000)
  region size 1024K, 153 young (156672K), 5 survivors (5120K)
 Metaspace       used 80061K, capacity 85176K, committed 85376K, reserved 1120256K
  class space    used 12451K, capacity 14083K, committed 14208K, reserved 1048576K
}
Event: 32101.692 GC heap after
{Heap after GC invocations=66 (full 0):
 garbage-first heap   total 262144K, used 42735K [0x0000000700c00000, 0x0000000800000000)
  region size 1024K, 5 young (5120K), 5 survivors (5120K)
 Metaspace       used 80061K, capacity 85176K, committed 85376K, reserved 1120256K
  class space    used 12451K, capacity 14083K, committed 14208K, reserved 1048576K
}
Event: 32722.771 GC heap before
{Heap before GC invocations=66 (full 0):
 garbage-first heap   total 262144K, used 194287K [0x0000000700c00000, 0x0000000800000000)
  region size 1024K, 153 young (156672K), 5 survivors (5120K)
 Metaspace       used 80061K, capacity 85176K, committed 85376K, reserved 1120256K
  class space    used 12451K, capacity 14083K, committed 14208K, reserved 1048576K
}
Event: 32722.777 GC heap after
{Heap after GC invocations=67 (full 0):
 garbage-first heap   total 262144K, used 42829K [0x0000000700c00000, 0x0000000800000000)
  region size 1024K, 5 young (5120K), 5 survivors (5120K)
 Metaspace       used 80061K, capacity 85176K, committed 85376K, reserved 1120256K
  class space    used 12451K, capacity 14083K, committed 14208K, reserved 1048576K
}
Event: 33327.993 GC heap before
{Heap before GC invocations=67 (full 0):
 garbage-first heap   total 262144K, used 194381K [0x0000000700c00000, 0x0000000800000000)
  region size 1024K, 153 young (156672K), 5 survivors (5120K)
 Metaspace       used 80061K, capacity 85176K, committed 85376K, reserved 1120256K
  class space    used 12451K, capacity 14083K, committed 14208K, reserved 1048576K
}
Event: 33327.999 GC heap after
{Heap after GC invocations=68 (full 0):
 garbage-first heap   total 262144K, used 42798K [0x0000000700c00000, 0x0000000800000000)
  region size 1024K, 4 young (4096K), 4 survivors (4096K)
 Metaspace       used 80061K, capacity 85176K, committed 85376K, reserved 1120256K
  class space    used 12451K, capacity 14083K, committed 14208K, reserved 1048576K
}
Event: 33953.640 GC heap before
{Heap before GC invocations=68 (full 0):
 garbage-first heap   total 262144K, used 195374K [0x0000000700c00000, 0x0000000800000000)
  region size 1024K, 153 young (156672K), 4 survivors (4096K)
 Metaspace       used 80061K, capacity 85176K, committed 85376K, reserved 1120256K
  class space    used 12451K, capacity 14083K, committed 14208K, reserved 1048576K
}
Event: 33953.647 GC heap after
{Heap after GC invocations=69 (full 0):
 garbage-first heap   total 262144K, used 42833K [0x0000000700c00000, 0x0000000800000000)
  region size 1024K, 4 young (4096K), 4 survivors (4096K)
 Metaspace       used 80061K, capacity 85176K, committed 85376K, reserved 1120256K
  class space    used 12451K, capacity 14083K, committed 14208K, reserved 1048576K
}
Event: 34578.296 GC heap before
{Heap before GC invocations=69 (full 0):
 garbage-first heap   total 262144K, used 195409K [0x0000000700c00000, 0x0000000800000000)
  region size 1024K, 153 young (156672K), 4 survivors (4096K)
 Metaspace       used 80061K, capacity 85176K, committed 85376K, reserved 1120256K
  class space    used 12451K, capacity 14083K, committed 14208K, reserved 1048576K
}
Event: 34578.303 GC heap after
{Heap after GC invocations=70 (full 0):
 garbage-first heap   total 262144K, used 42775K [0x0000000700c00000, 0x0000000800000000)
  region size 1024K, 4 young (4096K), 4 survivors (4096K)
 Metaspace       used 80061K, capacity 85176K, committed 85376K, reserved 1120256K
  class space    used 12451K, capacity 14083K, committed 14208K, reserved 1048576K
}
Event: 35203.271 GC heap before
{Heap before GC invocations=70 (full 0):
 garbage-first heap   total 262144K, used 195351K [0x0000000700c00000, 0x0000000800000000)
  region size 1024K, 153 young (156672K), 4 survivors (4096K)
 Metaspace       used 80061K, capacity 85176K, committed 85376K, reserved 1120256K
  class space    used 12451K, capacity 14083K, committed 14208K, reserved 1048576K
}
Event: 35203.277 GC heap after
{Heap after GC invocations=71 (full 0):
 garbage-first heap   total 262144K, used 42684K [0x0000000700c00000, 0x0000000800000000)
  region size 1024K, 4 young (4096K), 4 survivors (4096K)
 Metaspace       used 80061K, capacity 85176K, committed 85376K, reserved 1120256K
  class space    used 12451K, capacity 14083K, committed 14208K, reserved 1048576K
}
Event: 35769.663 GC heap before
{Heap before GC invocations=71 (full 0):
 garbage-first heap   total 262144K, used 195260K [0x0000000700c00000, 0x0000000800000000)
  region size 1024K, 153 young (156672K), 4 survivors (4096K)
 Metaspace       used 80173K, capacity 85324K, committed 85632K, reserved 1120256K
  class space    used 12482K, capacity 14126K, committed 14208K, reserved 1048576K
}
Event: 35769.669 GC heap after
{Heap after GC invocations=72 (full 0):
 garbage-first heap   total 262144K, used 42584K [0x0000000700c00000, 0x0000000800000000)
  region size 1024K, 4 young (4096K), 4 survivors (4096K)
 Metaspace       used 80173K, capacity 85324K, committed 85632K, reserved 1120256K
  class space    used 12482K, capacity 14126K, committed 14208K, reserved 1048576K
}
Event: 36379.015 GC heap before
{Heap before GC invocations=72 (full 0):
 garbage-first heap   total 262144K, used 195160K [0x0000000700c00000, 0x0000000800000000)
  region size 1024K, 153 young (156672K), 4 survivors (4096K)
 Metaspace       used 80173K, capacity 85324K, committed 85632K, reserved 1120256K
  class space    used 12482K, capacity 14126K, committed 14208K, reserved 1048576K
}
Event: 36379.022 GC heap after
{Heap after GC invocations=73 (full 0):
 garbage-first heap   total 262144K, used 42764K [0x0000000700c00000, 0x0000000800000000)
  region size 1024K, 3 young (3072K), 3 survivors (3072K)
 Metaspace       used 80173K, capacity 85324K, committed 85632K, reserved 1120256K
  class space    used 12482K, capacity 14126K, committed 14208K, reserved 1048576K
}
Event: 36881.937 GC heap before
{Heap before GC invocations=73 (full 0):
 garbage-first heap   total 262144K, used 195340K [0x0000000700c00000, 0x0000000800000000)
  region size 1024K, 153 young (156672K), 3 survivors (3072K)
 Metaspace       used 80368K, capacity 85667K, committed 85888K, reserved 1120256K
  class space    used 12520K, capacity 14189K, committed 14208K, reserved 1048576K
}
Event: 36881.944 GC heap after
{Heap after GC invocations=74 (full 0):
 garbage-first heap   total 262144K, used 42899K [0x0000000700c00000, 0x0000000800000000)
  region size 1024K, 3 young (3072K), 3 survivors (3072K)
 Metaspace       used 80368K, capacity 85667K, committed 85888K, reserved 1120256K
  class space    used 12520K, capacity 14189K, committed 14208K, reserved 1048576K
}
Event: 37419.526 GC heap before
{Heap before GC invocations=74 (full 0):
 garbage-first heap   total 262144K, used 196499K [0x0000000700c00000, 0x0000000800000000)
  region size 1024K, 153 young (156672K), 3 survivors (3072K)
 Metaspace       used 80946K, capacity 86587K, committed 86656K, reserved 1122304K
  class space    used 12674K, capacity 14437K, committed 14464K, reserved 1048576K
}
Event: 37419.534 GC heap after
{Heap after GC invocations=75 (full 0):
 garbage-first heap   total 262144K, used 43030K [0x0000000700c00000, 0x0000000800000000)
  region size 1024K, 3 young (3072K), 3 survivors (3072K)
 Metaspace       used 80946K, capacity 86587K, committed 86656K, reserved 1122304K
  class space    used 12674K, capacity 14437K, committed 14464K, reserved 1048576K
}

Deoptimization events (20 events):
Event: 37396.662 Thread 0x0000024573482000 DEOPT PACKING pc=0x0000024556124c0c sp=0x000000c4f75feff0
Event: 37396.662 Thread 0x0000024573482000 DEOPT UNPACKING pc=0x00000245551ebb5e sp=0x000000c4f75fe4f8 mode 0
Event: 37396.662 Thread 0x0000024573482000 DEOPT PACKING pc=0x000002455612b594 sp=0x000000c4f75ff0c0
Event: 37396.662 Thread 0x0000024573482000 DEOPT UNPACKING pc=0x00000245551ebb5e sp=0x000000c4f75fe5a8 mode 0
Event: 37479.622 Thread 0x0000024572661000 Uncommon trap: trap_request=0xffffff4d fr.pc=0x000002455d6fac08 relative=0x0000000000000c28
Event: 37479.622 Thread 0x0000024572661000 Uncommon trap: reason=unstable_if action=reinterpret pc=0x000002455d6fac08 method=java.lang.ref.ReferenceQueue.remove(J)Ljava/lang/ref/Reference; @ 104 c2
Event: 37479.622 Thread 0x0000024572661000 DEOPT PACKING pc=0x000002455d6fac08 sp=0x000000c4f46ff360
Event: 37479.622 Thread 0x0000024572661000 DEOPT UNPACKING pc=0x00000245551eb3af sp=0x000000c4f46ff2f0 mode 2
Event: 37604.193 Thread 0x0000024576673000 DEOPT PACKING pc=0x0000024555e78064 sp=0x000000c4f8afcf70
Event: 37604.193 Thread 0x0000024576673000 DEOPT UNPACKING pc=0x00000245551ebb5e sp=0x000000c4f8afc498 mode 1
Event: 37604.285 Thread 0x0000024572df4000 DEOPT PACKING pc=0x000002455d71709c sp=0x000000c4f51ff320
Event: 37604.285 Thread 0x0000024572df4000 DEOPT UNPACKING pc=0x00000245551ebb5e sp=0x000000c4f51fe7d0 mode 0
Event: 37604.285 Thread 0x0000024572df0800 DEOPT PACKING pc=0x000002455d7134a0 sp=0x000000c4f50ff210
Event: 37604.285 Thread 0x0000024572dee000 DEOPT PACKING pc=0x000002455d7a7714 sp=0x000000c4f4fff330
Event: 37604.285 Thread 0x0000024572df0800 DEOPT UNPACKING pc=0x00000245551ebb5e sp=0x000000c4f50fe718 mode 0
Event: 37604.285 Thread 0x0000024572dee000 DEOPT UNPACKING pc=0x00000245551ebb5e sp=0x000000c4f4ffe780 mode 0
Event: 37604.288 Thread 0x0000024572dee000 DEOPT PACKING pc=0x000002455d7a0618 sp=0x000000c4f4fff3f0
Event: 37604.288 Thread 0x0000024572dee000 DEOPT UNPACKING pc=0x00000245551ebb5e sp=0x000000c4f4ffe768 mode 0
Event: 37604.288 Thread 0x0000024572dee000 DEOPT PACKING pc=0x000002455d717a50 sp=0x000000c4f4fff4f0
Event: 37604.288 Thread 0x0000024572dee000 DEOPT UNPACKING pc=0x00000245551ebb5e sp=0x000000c4f4ffe940 mode 0

Classes redefined (20 events):
Event: 30990.910 Thread 0x0000024572352800 redefined class name=genspark.assignments.section5.AddOneToArrayList, count=22
Event: 31024.645 Thread 0x0000024572352800 redefined class name=genspark.assignments.section5.AddOneToArrayList, count=23
Event: 31024.734 Thread 0x0000024572352800 redefined class name=genspark.assignments.section5.AddOneToArrayList, count=24
Event: 31039.228 Thread 0x0000024572352800 redefined class name=genspark.assignments.section5.AddOneToArrayList, count=25
Event: 31039.320 Thread 0x0000024572352800 redefined class name=genspark.assignments.section5.AddOneToArrayList, count=26
Event: 35736.282 Thread 0x0000024572352800 redefined class name=genspark.assignments.section4.RetrieveRandomElmFromArrList, count=1
Event: 35736.479 Thread 0x0000024572352800 redefined class name=genspark.assignments.section4.RetrieveRandomElmFromArrList, count=2
Event: 36607.300 Thread 0x0000024572352800 redefined class name=genspark.assignments.section5.OrganizeTheStack, count=5
Event: 36607.415 Thread 0x0000024572352800 redefined class name=genspark.assignments.section5.OrganizeTheStack, count=6
Event: 37199.091 Thread 0x0000024572352800 redefined class name=genspark.assignments.section4.RetrieveRandomElmFromArrList, count=3
Event: 37199.711 Thread 0x0000024572352800 redefined class name=genspark.assignments.section4.RetrieveRandomElmFromArrList, count=4
Event: 37224.591 Thread 0x0000024572352800 redefined class name=genspark.assignments.section4.RetrieveRandomElmFromArrList, count=5
Event: 37224.692 Thread 0x0000024572352800 redefined class name=genspark.assignments.section4.RetrieveRandomElmFromArrList, count=6
Event: 37229.990 Thread 0x0000024572352800 redefined class name=genspark.assignments.section4.RetrieveRandomElmFromArrList, count=7
Event: 37230.085 Thread 0x0000024572352800 redefined class name=genspark.assignments.section4.RetrieveRandomElmFromArrList, count=8
Event: 37239.220 Thread 0x0000024572352800 redefined class name=genspark.assignments.section4.RetrieveRandomElmFromArrList, count=9
Event: 37239.359 Thread 0x0000024572352800 redefined class name=genspark.assignments.section4.RetrieveRandomElmFromArrList, count=10
Event: 37271.945 Thread 0x0000024572352800 redefined class name=genspark.assignments.section4.RetrieveRandomElmFromArrList, count=11
Event: 37272.040 Thread 0x0000024572352800 redefined class name=genspark.assignments.section4.RetrieveRandomElmFromArrList, count=12
Event: 37604.202 Thread 0x0000024572352800 redefined class name=genspark.assignments.section4.RetrieveRandomElmFromArrList, count=13

Internal exceptions (20 events):
Event: 37228.362 Thread 0x0000024572df0800 Exception <a 'sun/nio/fs/WindowsException'{0x000000070ac86768}> (0x000000070ac86768) thrown at [./src/hotspot/share/prims/jni.cpp, line 616]
Event: 37228.362 Thread 0x0000024572df0800 Exception <a 'sun/nio/fs/WindowsException'{0x000000070ac86bb8}> (0x000000070ac86bb8) thrown at [./src/hotspot/share/prims/jni.cpp, line 616]
Event: 37230.171 Thread 0x00000245732a6800 Exception <a 'java/lang/NoSuchMethodError'{0x000000070abfefa0}: <clinit>> (0x000000070abfefa0) thrown at [./src/hotspot/share/prims/jni.cpp, line 1363]
Event: 37237.535 Thread 0x0000024572df0800 Exception <a 'sun/nio/fs/WindowsException'{0x000000070a587398}> (0x000000070a587398) thrown at [./src/hotspot/share/prims/jni.cpp, line 616]
Event: 37237.535 Thread 0x0000024572df0800 Exception <a 'sun/nio/fs/WindowsException'{0x000000070a5877b8}> (0x000000070a5877b8) thrown at [./src/hotspot/share/prims/jni.cpp, line 616]
Event: 37237.535 Thread 0x0000024572df0800 Exception <a 'sun/nio/fs/WindowsException'{0x000000070a587e10}> (0x000000070a587e10) thrown at [./src/hotspot/share/prims/jni.cpp, line 616]
Event: 37237.535 Thread 0x0000024572df0800 Exception <a 'sun/nio/fs/WindowsException'{0x000000070a5884a0}> (0x000000070a5884a0) thrown at [./src/hotspot/share/prims/jni.cpp, line 616]
Event: 37237.536 Thread 0x0000024572df0800 Exception <a 'sun/nio/fs/WindowsException'{0x000000070a5888f0}> (0x000000070a5888f0) thrown at [./src/hotspot/share/prims/jni.cpp, line 616]
Event: 37239.471 Thread 0x00000245732a6800 Exception <a 'java/lang/NoSuchMethodError'{0x000000070a307f58}: <clinit>> (0x000000070a307f58) thrown at [./src/hotspot/share/prims/jni.cpp, line 1363]
Event: 37270.257 Thread 0x0000024572df0800 Exception <a 'sun/nio/fs/WindowsException'{0x0000000709c02230}> (0x0000000709c02230) thrown at [./src/hotspot/share/prims/jni.cpp, line 616]
Event: 37270.257 Thread 0x0000024572df0800 Exception <a 'sun/nio/fs/WindowsException'{0x0000000709c02650}> (0x0000000709c02650) thrown at [./src/hotspot/share/prims/jni.cpp, line 616]
Event: 37270.257 Thread 0x0000024572df0800 Exception <a 'sun/nio/fs/WindowsException'{0x0000000709c02ca8}> (0x0000000709c02ca8) thrown at [./src/hotspot/share/prims/jni.cpp, line 616]
Event: 37270.257 Thread 0x0000024572df0800 Exception <a 'sun/nio/fs/WindowsException'{0x0000000709c03338}> (0x0000000709c03338) thrown at [./src/hotspot/share/prims/jni.cpp, line 616]
Event: 37270.257 Thread 0x0000024572df0800 Exception <a 'sun/nio/fs/WindowsException'{0x0000000709b84268}> (0x0000000709b84268) thrown at [./src/hotspot/share/prims/jni.cpp, line 616]
Event: 37272.144 Thread 0x00000245732a6800 Exception <a 'java/lang/NoSuchMethodError'{0x0000000709bd7cd8}: <clinit>> (0x0000000709bd7cd8) thrown at [./src/hotspot/share/prims/jni.cpp, line 1363]
Event: 37589.399 Thread 0x0000024572df0800 Exception <a 'sun/nio/fs/WindowsException'{0x000000070e183230}> (0x000000070e183230) thrown at [./src/hotspot/share/prims/jni.cpp, line 616]
Event: 37589.399 Thread 0x0000024572df0800 Exception <a 'sun/nio/fs/WindowsException'{0x000000070e183650}> (0x000000070e183650) thrown at [./src/hotspot/share/prims/jni.cpp, line 616]
Event: 37589.400 Thread 0x0000024572df0800 Exception <a 'sun/nio/fs/WindowsException'{0x000000070df88c40}> (0x000000070df88c40) thrown at [./src/hotspot/share/prims/jni.cpp, line 616]
Event: 37589.400 Thread 0x0000024572df0800 Exception <a 'sun/nio/fs/WindowsException'{0x000000070df89310}> (0x000000070df89310) thrown at [./src/hotspot/share/prims/jni.cpp, line 616]
Event: 37589.400 Thread 0x0000024572df0800 Exception <a 'sun/nio/fs/WindowsException'{0x000000070df89760}> (0x000000070df89760) thrown at [./src/hotspot/share/prims/jni.cpp, line 616]

Events (20 events):
Event: 37604.297 Thread 0x00000245723c6000 flushing nmethod 0x0000024555927390
Event: 37604.297 Thread 0x00000245723c6000 flushing nmethod 0x0000024555927690
Event: 37604.297 Thread 0x00000245723c6000 flushing nmethod 0x0000024555928110
Event: 37604.297 Thread 0x00000245723c6000 flushing nmethod 0x000002455592b590
Event: 37604.297 Thread 0x00000245723c6000 flushing nmethod 0x000002455592c910
Event: 37604.297 Thread 0x00000245723c6000 flushing nmethod 0x000002455592cd90
Event: 37604.297 Thread 0x00000245723c6000 flushing nmethod 0x000002455592e090
Event: 37604.297 Thread 0x00000245723c6000 flushing nmethod 0x000002455592fb90
Event: 37604.297 Thread 0x00000245723c6000 flushing nmethod 0x0000024555931c10
Event: 37604.297 Thread 0x00000245723c6000 flushing nmethod 0x0000024555931f10
Event: 37604.297 Thread 0x00000245723c6000 flushing nmethod 0x0000024555932c90
Event: 37604.297 Thread 0x00000245723c6000 flushing nmethod 0x0000024555933910
Event: 37604.297 Thread 0x00000245723c6000 flushing nmethod 0x0000024555934410
Event: 37604.297 Thread 0x00000245723c6000 flushing nmethod 0x0000024555934f10
Event: 37604.297 Thread 0x00000245723c6000 flushing nmethod 0x0000024555936590
Event: 37604.297 Thread 0x00000245723c6000 flushing nmethod 0x0000024555936f10
Event: 37604.297 Thread 0x00000245723c6000 flushing nmethod 0x0000024555937f90
Event: 37604.297 Thread 0x00000245723c6000 flushing nmethod 0x0000024555938f10
Event: 37604.297 Thread 0x00000245723c6000 flushing nmethod 0x0000024555939310
Event: 37604.297 Thread 0x00000245723c6000 flushing nmethod 0x000002455593d390


Dynamic libraries:
0x00007ff78f470000 - 0x00007ff78f47d000 	C:\Genspark\dcevm-11.0.11+1\bin\java.exe
0x00007ff873490000 - 0x00007ff873685000 	C:\Windows\SYSTEM32\ntdll.dll
0x00007ff871c30000 - 0x00007ff871cee000 	C:\Windows\System32\KERNEL32.DLL
0x00007ff871210000 - 0x00007ff8714d8000 	C:\Windows\System32\KERNELBASE.dll
0x00007ff8710e0000 - 0x00007ff8711e0000 	C:\Windows\System32\ucrtbase.dll
0x00007ff8643a0000 - 0x00007ff8643b5000 	C:\Genspark\dcevm-11.0.11+1\bin\VCRUNTIME140.dll
0x00007ff863b20000 - 0x00007ff863b37000 	C:\Genspark\dcevm-11.0.11+1\bin\jli.dll
0x00007ff871de0000 - 0x00007ff871f80000 	C:\Windows\System32\USER32.dll
0x00007ff870e60000 - 0x00007ff870e82000 	C:\Windows\System32\win32u.dll
0x00007ff872ef0000 - 0x00007ff872f1b000 	C:\Windows\System32\GDI32.dll
0x00007ff870ba0000 - 0x00007ff870cad000 	C:\Windows\System32\gdi32full.dll
0x00007ff870fd0000 - 0x00007ff87106d000 	C:\Windows\System32\msvcp_win.dll
0x00007ff85d3b0000 - 0x00007ff85d64a000 	C:\Windows\WinSxS\amd64_microsoft.windows.common-controls_6595b64144ccf1df_6.0.19041.1110_none_60b5254171f9507e\COMCTL32.dll
0x00007ff872e50000 - 0x00007ff872eee000 	C:\Windows\System32\msvcrt.dll
0x00007ff872750000 - 0x00007ff872780000 	C:\Windows\System32\IMM32.DLL
0x00007ff845950000 - 0x00007ff8459eb000 	C:\Genspark\dcevm-11.0.11+1\bin\msvcp140.dll
0x00007fffedcf0000 - 0x00007fffee7d4000 	C:\Genspark\dcevm-11.0.11+1\bin\server\jvm.dll
0x00007ff873070000 - 0x00007ff87311e000 	C:\Windows\System32\ADVAPI32.dll
0x00007ff8733b0000 - 0x00007ff87344c000 	C:\Windows\System32\sechost.dll
0x00007ff8724f0000 - 0x00007ff872615000 	C:\Windows\System32\RPCRT4.dll
0x00007ff872ce0000 - 0x00007ff872ce8000 	C:\Windows\System32\PSAPI.DLL
0x00007ff854980000 - 0x00007ff854989000 	C:\Windows\SYSTEM32\WSOCK32.dll
0x00007ff868de0000 - 0x00007ff868dea000 	C:\Windows\SYSTEM32\VERSION.dll
0x00007ff872f80000 - 0x00007ff872feb000 	C:\Windows\System32\WS2_32.dll
0x00007ff8674f0000 - 0x00007ff867517000 	C:\Windows\SYSTEM32\WINMM.dll
0x00007ff86f440000 - 0x00007ff86f452000 	C:\Windows\SYSTEM32\kernel.appcore.dll
0x00007ff86b9c0000 - 0x00007ff86b9d0000 	C:\Genspark\dcevm-11.0.11+1\bin\verify.dll
0x00007ff86e910000 - 0x00007ff86eaf4000 	C:\Windows\SYSTEM32\DBGHELP.DLL
0x00007ff85b410000 - 0x00007ff85b43c000 	C:\Windows\SYSTEM32\dbgcore.DLL
0x00007ff870e90000 - 0x00007ff870f12000 	C:\Windows\System32\bcryptPrimitives.dll
0x00007ff863af0000 - 0x00007ff863b18000 	C:\Genspark\dcevm-11.0.11+1\bin\java.dll
0x00007ff86a2a0000 - 0x00007ff86a2aa000 	C:\Genspark\dcevm-11.0.11+1\bin\jimage.dll
0x00007ff863200000 - 0x00007ff863238000 	C:\Genspark\dcevm-11.0.11+1\bin\jdwp.dll
0x00007ff863a70000 - 0x00007ff863a7e000 	C:\Genspark\dcevm-11.0.11+1\bin\instrument.dll
0x00007ff863ad0000 - 0x00007ff863ae7000 	C:\Genspark\dcevm-11.0.11+1\bin\zip.dll
0x00007ff8714e0000 - 0x00007ff871c24000 	C:\Windows\System32\SHELL32.dll
0x00007ff86ec20000 - 0x00007ff86f3b4000 	C:\Windows\SYSTEM32\windows.storage.dll
0x00007ff872780000 - 0x00007ff872ad5000 	C:\Windows\System32\combase.dll
0x00007ff8705f0000 - 0x00007ff87061e000 	C:\Windows\SYSTEM32\Wldp.dll
0x00007ff872cf0000 - 0x00007ff872d9d000 	C:\Windows\System32\SHCORE.dll
0x00007ff872f20000 - 0x00007ff872f75000 	C:\Windows\System32\shlwapi.dll
0x00007ff870ae0000 - 0x00007ff870aff000 	C:\Windows\SYSTEM32\profapi.dll
0x00007ff861ff0000 - 0x00007ff861ffa000 	C:\Genspark\dcevm-11.0.11+1\bin\dt_socket.dll
0x00007ff870350000 - 0x00007ff8703ba000 	C:\Windows\system32\mswsock.dll
0x00007ff863340000 - 0x00007ff863359000 	C:\Genspark\dcevm-11.0.11+1\bin\net.dll
0x00007ff8670c0000 - 0x00007ff8671cc000 	C:\Windows\SYSTEM32\WINHTTP.dll
0x00007ff863240000 - 0x00007ff863252000 	C:\Genspark\dcevm-11.0.11+1\bin\nio.dll
0x00007ff870040000 - 0x00007ff87010b000 	C:\Windows\SYSTEM32\DNSAPI.dll
0x00007ff86fff0000 - 0x00007ff87002b000 	C:\Windows\SYSTEM32\IPHLPAPI.DLL
0x00007ff872cd0000 - 0x00007ff872cd8000 	C:\Windows\System32\NSI.dll
0x0000000053910000 - 0x0000000053936000 	C:\Program Files\Bonjour\mdnsNSP.dll
0x00007ff863d20000 - 0x00007ff863d2a000 	C:\Windows\System32\rasadhlp.dll
0x00007ff8638b0000 - 0x00007ff86392f000 	C:\Windows\System32\fwpuclnt.dll
0x00007ff8711e0000 - 0x00007ff871207000 	C:\Windows\System32\bcrypt.dll
0x00007ff870540000 - 0x00007ff870558000 	C:\Windows\SYSTEM32\CRYPTSP.dll
0x00007ff86fc60000 - 0x00007ff86fc94000 	C:\Windows\system32\rsaenh.dll
0x00007ff870aa0000 - 0x00007ff870ace000 	C:\Windows\SYSTEM32\USERENV.dll
0x00007ff870560000 - 0x00007ff87056c000 	C:\Windows\SYSTEM32\CRYPTBASE.dll
0x00007ff8698c0000 - 0x00007ff8698d7000 	C:\Windows\SYSTEM32\dhcpcsvc6.DLL
0x00007ff8698a0000 - 0x00007ff8698bd000 	C:\Windows\SYSTEM32\dhcpcsvc.DLL
0x00007ff861ee0000 - 0x00007ff861f05000 	C:\Genspark\dcevm-11.0.11+1\bin\sunec.dll
0x0000000066f40000 - 0x0000000066f6d000 	C:\Users\tywal\AppData\Local\Temp\liblz4-java13900936310673278643.so
0x00007ff8669c0000 - 0x00007ff8669c9000 	C:\Genspark\dcevm-11.0.11+1\bin\management.dll
0x00007ff863ac0000 - 0x00007ff863acb000 	C:\Genspark\dcevm-11.0.11+1\bin\management_ext.dll
0x00007fffeff10000 - 0x00007ffff0169000 	C:\Users\tywal\AppData\Local\Temp\io_grpc_netty_shaded_netty_tcnative_windows_x86_643522578969993135293.dll
0x00007ff84c410000 - 0x00007ff84c427000 	C:\Windows\system32\napinsp.dll
0x00007ff84c3f0000 - 0x00007ff84c40b000 	C:\Windows\system32\pnrpnsp.dll
0x00007ff84f590000 - 0x00007ff84f5a5000 	C:\Windows\system32\wshbth.dll
0x00007ff86c530000 - 0x00007ff86c54d000 	C:\Windows\system32\NLAapi.dll
0x00007ff84c330000 - 0x00007ff84c342000 	C:\Windows\System32\winrnr.dll
0x00007ff861ed0000 - 0x00007ff861ede000 	C:\Genspark\dcevm-11.0.11+1\bin\sunmscapi.dll
0x00007ff870d00000 - 0x00007ff870e56000 	C:\Windows\System32\CRYPT32.dll
0x00007ff870660000 - 0x00007ff870687000 	C:\Windows\SYSTEM32\ncrypt.dll
0x00007ff870620000 - 0x00007ff87065b000 	C:\Windows\SYSTEM32\NTASN1.dll
0x00007ffff16d0000 - 0x00007ffff1869000 	C:\Genspark\dcevm-11.0.11+1\bin\awt.dll
0x00007ff872ae0000 - 0x00007ff872bad000 	C:\Windows\System32\OLEAUT32.dll
0x00007ff86dfb0000 - 0x00007ff86e040000 	C:\Windows\SYSTEM32\apphelp.dll
0x00007ff86e0f0000 - 0x00007ff86e18e000 	C:\Windows\system32\uxtheme.dll
0x00007ffff53e0000 - 0x00007ffff54ee000 	C:\Program Files (x86)\Razer\Razer Cortex\x64\k_fps64.dll
0x00007ffff6f60000 - 0x00007ffff6fdf000 	C:\Program Files (x86)\Razer\Razer Cortex\x64\d3dx10_43.dll
0x00007ff800020000 - 0x00007ff800077000 	C:\Program Files (x86)\Razer\Razer Cortex\x64\EasyHook64.dll
0x00007ffff5170000 - 0x00007ffff53df000 	C:\Program Files (x86)\Razer\Razer Cortex\x64\D3DCOMPILER_43.dll
0x00007ff8411f0000 - 0x00007ff841315000 	C:\Windows\SYSTEM32\OPENGL32.dll
0x00007ff872620000 - 0x00007ff87274a000 	C:\Windows\System32\ole32.dll
0x00007ffff4f00000 - 0x00007ffff5163000 	C:\Program Files (x86)\Razer\Razer Cortex\x64\d3dx9_43.dll
0x00007ff851e50000 - 0x00007ff851e7c000 	C:\Windows\SYSTEM32\GLU32.dll
0x00007ff872bb0000 - 0x00007ff872cc6000 	C:\Windows\System32\MSCTF.dll
0x00007ff86bb90000 - 0x00007ff86bba4000 	C:\Windows\system32\Wtsapi32.dll
0x00007ff86f900000 - 0x00007ff86f95a000 	C:\Windows\SYSTEM32\WINSTA.dll
0x00007ff86bcf0000 - 0x00007ff86bde6000 	C:\Windows\SYSTEM32\PROPSYS.dll
0x00007ff866760000 - 0x00007ff86694b000 	C:\Windows\SYSTEM32\urlmon.dll
0x00007ff870030000 - 0x00007ff87003c000 	C:\Windows\SYSTEM32\netutils.dll
0x00007ff866730000 - 0x00007ff866758000 	C:\Windows\SYSTEM32\srvcli.dll
0x00007ff860b00000 - 0x00007ff860db1000 	C:\Windows\SYSTEM32\iertutil.dll
0x00007ff872da0000 - 0x00007ff872e49000 	C:\Windows\System32\clbcatq.dll
0x00007ff869e80000 - 0x00007ff869e9d000 	C:\Windows\System32\Windows.Shell.ServiceHostBuilder.dll
0x00007ff867e10000 - 0x00007ff8685a8000 	C:\Windows\System32\OneCoreUAPCommonProxyStub.dll
0x00007ff85aaf0000 - 0x00007ff85ac36000 	C:\Windows\System32\Windows.StateRepositoryPS.dll
0x00007ff86cb10000 - 0x00007ff86cc64000 	C:\Windows\System32\WinTypes.dll
0x00007ff84c350000 - 0x00007ff84c374000 	C:\Windows\SYSTEM32\edputil.dll
0x00007ff859ac0000 - 0x00007ff859acc000 	C:\Windows\SYSTEM32\Secur32.dll
0x00007ff870a60000 - 0x00007ff870a91000 	C:\Windows\SYSTEM32\SSPICLI.DLL
0x00007ff847410000 - 0x00007ff847452000 	C:\Windows\SYSTEM32\MLANG.dll
0x00007ff859fe0000 - 0x00007ff85a4b8000 	C:\Windows\SYSTEM32\WININET.dll
0x00007ff86bf50000 - 0x00007ff86bf9c000 	C:\Windows\System32\Windows.UI.AppDefaults.dll
0x00007ff86ace0000 - 0x00007ff86ad80000 	C:\Windows\SYSTEM32\policymanager.dll
0x00007ff86fcf0000 - 0x00007ff86fd7a000 	C:\Windows\SYSTEM32\msvcp110_win.dll
0x00007ff870cb0000 - 0x00007ff870cfe000 	C:\Windows\System32\CFGMGR32.dll
0x00007ff85c3e0000 - 0x00007ff85c45d000 	C:\Windows\System32\OneCoreCommonProxyStub.dll

dbghelp: loaded successfully - version: 4.0.5 - missing functions: none
symbol engine: initialized successfully - sym options: 0x614 - pdb path: .;C:\Genspark\dcevm-11.0.11+1\bin;C:\Windows\SYSTEM32;C:\Windows\WinSxS\amd64_microsoft.windows.common-controls_6595b64144ccf1df_6.0.19041.1110_none_60b5254171f9507e;C:\Genspark\dcevm-11.0.11+1\bin\server;C:\Program Files\Bonjour;C:\Users\tywal\AppData\Local\Temp;C:\Program Files (x86)\Razer\Razer Cortex\x64

VM Arguments:
jvm_args: -agentlib:jdwp=transport=dt_socket,address=127.0.0.1:63109,suspend=y,server=n -XX:HotswapAgent=core -Xlog:redefine+class*=info:file=src/main/java/reload_system/reload/reload.log -javaagent:C:\Users\tywal\AppData\Local\JetBrains\IdeaIC2021.3\captureAgent\debugger-agent.jar -Dfile.encoding=UTF-8 
java_command: Main
java_class_path (initial): C:\Genspark\genspark-java-core\genspark-java-core\target\classes;C:\Users\tywal\.m2\repository\genspark-backend\genspark-backend\1.4.4\genspark-backend-1.4.4.jar;C:\Users\tywal\.m2\repository\com\cognitect\transit-java\0.8.332\transit-java-0.8.332.jar;C:\Users\tywal\.m2\repository\com\google\cloud\google-cloud-firestore\2.6.1\google-cloud-firestore-2.6.1.jar;C:\Users\tywal\.m2\repository\org\clojure\data.json\0.2.6\data.json-0.2.6.jar;C:\Users\tywal\.m2\repository\org\clojure\clojure\1.11.0-alpha2\clojure-1.11.0-alpha2.jar;C:\Users\tywal\.m2\repository\commons-codec\commons-codec\1.15\commons-codec-1.15.jar;C:\Users\tywal\.m2\repository\org\eclipse\collections\eclipse-collections\11.0.0\eclipse-collections-11.0.0.jar;C:\Users\tywal\.m2\repository\com\google\errorprone\error_prone_annotations\2.7.1\error_prone_annotations-2.7.1.jar;C:\Users\tywal\.m2\repository\org\eclipse\collections\eclipse-collections-forkjoin\11.0.0\eclipse-collections-forkjoin-11.0.0.jar;C:\Users\tywal\.m2\repository\org\clojure\core.specs.alpha\0.2.62\core.specs.alpha-0.2.62.jar;C:\Users\tywal\.m2\repository\com\google\cloud\google-cloud-core-http\1.95.4\google-cloud-core-http-1.95.4.jar;C:\Users\tywal\.m2\repository\javax\annotation\javax.annotation-api\1.3.2\javax.annotation-api-1.3.2.jar;C:\Users\tywal\.m2\repository\com\google\oauth-client\google-oauth-client\1.31.5\google-oauth-client-1.31.5.jar;C:\Users\tywal\.m2\repository\com\google\auto\value\auto-value-annotations\1.8.1\auto-value-annotations-1.8.1.jar;C:\Users\tywal\.m2\repository\io\netty\netty-common\4.1.67.Final\netty-common-4.1.67.Final.jar;C:\Users\tywal\.m2\repository\com\google\auth\google-auth-library-credentials\0.26.0\google-auth-library-credentials-0.26.0.jar;C:\Users\tywal\.m2\repository\org\eclipse\collections\eclipse-collections-api\11.0.0\eclipse-collections-api-11.0.0.jar;C:\Users\tywal\.m2\repository\org\clojure\spec.alpha\0.2.194\spec.alpha-0.2.194.jar;C:\Users\tywal\.m2\repository\com\g
Launcher Type: SUN_STANDARD

[Global flags]
     intx CICompilerCount                          = 12                                        {product} {ergonomic}
     uint ConcGCThreads                            = 3                                         {product} {ergonomic}
     uint G1ConcRefinementThreads                  = 13                                        {product} {ergonomic}
   size_t G1HeapRegionSize                         = 1048576                                   {product} {ergonomic}
    uintx GCDrainStackTargetSize                   = 64                                        {product} {ergonomic}
    ccstr HotswapAgent                             = core                                      {product} {command line}
   size_t InitialHeapSize                          = 268435456                                 {product} {ergonomic}
   size_t MarkStackSize                            = 4194304                                   {product} {ergonomic}
   size_t MaxHeapSize                              = 4282384384                                {product} {ergonomic}
   size_t MaxNewSize                               = 2569011200                                {product} {ergonomic}
   size_t MinHeapDeltaBytes                        = 1048576                                   {product} {ergonomic}
    uintx NonNMethodCodeHeapSize                   = 7594288                                {pd product} {ergonomic}
    uintx NonProfiledCodeHeapSize                  = 122031976                              {pd product} {ergonomic}
    uintx ProfiledCodeHeapSize                     = 122031976                              {pd product} {ergonomic}
    uintx ReservedCodeCacheSize                    = 251658240                              {pd product} {ergonomic}
     bool SegmentedCodeCache                       = true                                      {product} {ergonomic}
     bool UseCompressedClassPointers               = true                                 {lp64_product} {ergonomic}
     bool UseCompressedOops                        = true                                 {lp64_product} {ergonomic}
     bool UseG1GC                                  = true                                      {product} {ergonomic}
     bool UseLargePagesIndividualAllocation        = false                                  {pd product} {ergonomic}

Logging:
Log output configuration:
 #0: stdout all=warning uptime,level,tags
 #1: stderr all=off uptime,level,tags
 #2: file=src/main/java/reload_system/reload/reload.log all=off,redefine*=info uptime,level,tags filecount=5,filesize=20480K

Environment Variables:
PATH=C:\Program Files\Common Files\Oracle\Java\javapath;C:\Program Files (x86)\Razer Chroma SDK\bin;C:\Program Files\Razer Chroma SDK\bin;C:\Program Files (x86)\Razer\ChromaBroadcast\bin;C:\Program Files\Razer\ChromaBroadcast\bin;C:\Program Files (x86)\Common Files\Intel\Shared Libraries\redist\intel64\compiler;C:\Windows\system32;C:\Windows;C:\Windows\System32\Wbem;C:\Windows\System32\WindowsPowerShell\v1.0\;C:\Windows\System32\OpenSSH\;C:\Program Files\NVIDIA Corporation\NVIDIA NvDLISR;C:\Program Files (x86)\NVIDIA Corporation\PhysX\Common;C:\Windows\system32\config\systemprofile\AppData\Local\Microsoft\WindowsApps;C:\Users\tywal\AppData\Local\Microsoft\WindowsApps;C:\Program Files\dotnet\;C:\Program Files\Git\cmd;C:\Program Files\nodejs\;C:\Program Files (x86)\Razer Chroma SDK\bin;C:\Program Files\Razer Chroma SDK\bin;C:\Program Files (x86)\Razer\ChromaBroadcast\bin;C:\Program Files\Razer\ChromaBroadcast\bin;C:\Program Files (x86)\Common Files\Intel\Shared Libraries\redist\intel64\compiler;C:\Windows\system32;C:\Windows;C:\Windows\System32\Wbem;C:\Windows\System32\WindowsPowerShell\v1.0\;C:\Windows\System32\OpenSSH\;C:\Program Files\NVIDIA Corporation\NVIDIA NvDLISR;C:\Program Files (x86)\NVIDIA Corporation\PhysX\Common;C:\Windows\system32\config\systemprofile\AppData\Local\Microsoft\WindowsApps;C:\Users\tywal\AppData\Local\Microsoft\WindowsApps;C:\Program Files\dotnet\;C:\Users\tywal\AppData\Local\Programs\Microsoft VS Code\bin;C:\Program Files\Win7TaskManager";C:\Users\tywal\AppData\Roaming\npm;C:\Users\tywal\AppData\Local\gitkraken\bin
USERNAME=tywal
OS=Windows_NT
PROCESSOR_IDENTIFIER=AMD64 Family 23 Model 8 Stepping 2, AuthenticAMD



---------------  S Y S T E M  ---------------

OS: Windows 10 , 64 bit Build 19041 (10.0.19041.1503)
OS uptime: 0 days 21:54 hours

CPU:total 16 (initial active 16) (16 cores per cpu, 2 threads per core) family 23 model 8 stepping 2 microcode 0x0, cmov, cx8, fxsr, mmx, sse, sse2, sse3, ssse3, sse4.1, sse4.2, popcnt, avx, avx2, aes, clmul, mmxext, 3dnowpref, lzcnt, sse4a, ht, tsc, tscinvbit, tscinv, bmi1, bmi2, adx, s

Memory: 4k page, system-wide physical 16333M (2695M free)
TotalPageFile size 34765M (AvailPageFile size 9626M)
current process WorkingSet (physical memory assigned to process): 479M, peak: 578M
current process commit charge ("private bytes"): 668M, peak: 769M

vm_info: Dynamic Code Evolution 64-Bit Server VM (11.0.11+1-202105021746) for windows-amd64 JRE (11.0.11+1-202105021746), built on May  2 2021 18:05:20 by "" with MS VC++ 15.9 (VS2017)

END.
